[2026-01-18T18:00:01.707+0000] {taskinstance.py:1956} INFO - Dependencies all met for dep_context=non-requeueable deps ti=<TaskInstance: arsenal_auto_match_scraper.scrape_new_matches scheduled__2026-01-18T16:00:00+00:00 [queued]>
[2026-01-18T18:00:01.722+0000] {taskinstance.py:1956} INFO - Dependencies all met for dep_context=requeueable deps ti=<TaskInstance: arsenal_auto_match_scraper.scrape_new_matches scheduled__2026-01-18T16:00:00+00:00 [queued]>
[2026-01-18T18:00:01.723+0000] {taskinstance.py:2170} INFO - Starting attempt 1 of 3
[2026-01-18T18:00:01.764+0000] {taskinstance.py:2191} INFO - Executing <Task(PythonOperator): scrape_new_matches> on 2026-01-18 16:00:00+00:00
[2026-01-18T18:00:01.776+0000] {standard_task_runner.py:60} INFO - Started process 31616 to run task
[2026-01-18T18:00:01.781+0000] {standard_task_runner.py:87} INFO - Running: ['***', 'tasks', 'run', 'arsenal_auto_match_scraper', 'scrape_new_matches', 'scheduled__2026-01-18T16:00:00+00:00', '--job-id', '448', '--raw', '--subdir', 'DAGS_FOLDER/arsenal_auto_match_scraper.py', '--cfg-path', '/tmp/tmp_lmrkj60']
[2026-01-18T18:00:01.785+0000] {standard_task_runner.py:88} INFO - Job 448: Subtask scrape_new_matches
[2026-01-18T18:00:02.025+0000] {task_command.py:423} INFO - Running <TaskInstance: arsenal_auto_match_scraper.scrape_new_matches scheduled__2026-01-18T16:00:00+00:00 [running]> on host dd03882071e2
[2026-01-18T18:00:02.216+0000] {taskinstance.py:2480} INFO - Exporting env vars: AIRFLOW_CTX_DAG_OWNER='arsenal_analytics' AIRFLOW_CTX_DAG_ID='arsenal_auto_match_scraper' AIRFLOW_CTX_TASK_ID='scrape_new_matches' AIRFLOW_CTX_EXECUTION_DATE='2026-01-18T16:00:00+00:00' AIRFLOW_CTX_TRY_NUMBER='1' AIRFLOW_CTX_DAG_RUN_ID='scheduled__2026-01-18T16:00:00+00:00'
[2026-01-18T18:00:02.217+0000] {arsenal_auto_match_scraper.py:48} INFO - Checking for new Arsenal matches in 2025-2026 season
[2026-01-18T18:00:02.218+0000] {playwright_scraper.py:87} INFO - Scraping Understat fixtures for Arsenal: https://understat.com/team/Arsenal/2025
[2026-01-18T18:00:10.967+0000] {playwright_scraper.py:118} INFO - Scraped 38 fixtures from Understat
[2026-01-18T18:00:11.148+0000] {arsenal_auto_match_scraper.py:54} INFO - Found 22 played matches in 2025-2026
[2026-01-18T18:00:11.160+0000] {arsenal_auto_match_scraper.py:66} INFO - Found 151 existing matches in database
[2026-01-18T18:00:11.161+0000] {arsenal_auto_match_scraper.py:75} INFO - Found 1 new matches to scrape
[2026-01-18T18:00:11.161+0000] {arsenal_auto_match_scraper.py:85} INFO - Scraping 2026-01-17: Nottingham Forest vs Arsenal
[2026-01-18T18:00:11.161+0000] {playwright_scraper.py:140} INFO - Scraping match shots: https://understat.com/match/28994
[2026-01-18T18:00:21.892+0000] {arsenal_auto_match_scraper.py:106} ERROR - Error scraping https://understat.com/match/28994: Error scraping match shots: 'NoneType' object has no attribute 'lower'
[2026-01-18T18:00:21.893+0000] {arsenal_auto_match_scraper.py:109} INFO - Scraping complete: 0/1 matches scraped
[2026-01-18T18:00:21.893+0000] {python.py:201} INFO - Done. Returned value was: {'new_matches': 1, 'scraped': 0, 'season': '2025-2026'}
[2026-01-18T18:00:21.950+0000] {taskinstance.py:1138} INFO - Marking task as SUCCESS. dag_id=arsenal_auto_match_scraper, task_id=scrape_new_matches, execution_date=20260118T160000, start_date=20260118T180001, end_date=20260118T180021
[2026-01-18T18:00:21.997+0000] {local_task_job_runner.py:234} INFO - Task exited with return code 0
[2026-01-18T18:00:22.038+0000] {taskinstance.py:3280} INFO - 1 downstream tasks scheduled from follow-on schedule check
