[2026-03-09T17:30:01.352+0000] {taskinstance.py:1956} INFO - Dependencies all met for dep_context=non-requeueable deps ti=<TaskInstance: epl_timed_match_scraper.check_recent_matches scheduled__2026-03-09T00:30:00+00:00 [queued]>
[2026-03-09T17:30:01.356+0000] {taskinstance.py:1956} INFO - Dependencies all met for dep_context=requeueable deps ti=<TaskInstance: epl_timed_match_scraper.check_recent_matches scheduled__2026-03-09T00:30:00+00:00 [queued]>
[2026-03-09T17:30:01.357+0000] {taskinstance.py:2170} INFO - Starting attempt 1 of 2
[2026-03-09T17:30:01.374+0000] {taskinstance.py:2191} INFO - Executing <Task(BranchPythonOperator): check_recent_matches> on 2026-03-09 00:30:00+00:00
[2026-03-09T17:30:01.378+0000] {standard_task_runner.py:60} INFO - Started process 10956 to run task
[2026-03-09T17:30:01.380+0000] {standard_task_runner.py:87} INFO - Running: ['***', 'tasks', 'run', 'epl_timed_match_scraper', 'check_recent_matches', 'scheduled__2026-03-09T00:30:00+00:00', '--job-id', '695', '--raw', '--subdir', 'DAGS_FOLDER/epl_timed_scraper.py', '--cfg-path', '/tmp/tmpc9im_uq6']
[2026-03-09T17:30:01.381+0000] {standard_task_runner.py:88} INFO - Job 695: Subtask check_recent_matches
[2026-03-09T17:30:01.427+0000] {task_command.py:423} INFO - Running <TaskInstance: epl_timed_match_scraper.check_recent_matches scheduled__2026-03-09T00:30:00+00:00 [running]> on host 13250c608584
[2026-03-09T17:30:01.524+0000] {taskinstance.py:2480} INFO - Exporting env vars: AIRFLOW_CTX_DAG_OWNER='epl_analytics' AIRFLOW_CTX_DAG_ID='epl_timed_match_scraper' AIRFLOW_CTX_TASK_ID='check_recent_matches' AIRFLOW_CTX_EXECUTION_DATE='2026-03-09T00:30:00+00:00' AIRFLOW_CTX_TRY_NUMBER='1' AIRFLOW_CTX_DAG_RUN_ID='scheduled__2026-03-09T00:30:00+00:00'
[2026-03-09T17:30:01.525+0000] {epl_timed_scraper.py:53} INFO - Checking Arsenal for recent completed matches
[2026-03-09T17:30:01.526+0000] {playwright_scraper.py:87} INFO - Scraping Understat fixtures for Arsenal: https://understat.com/team/Arsenal/2025
[2026-03-09T17:30:11.757+0000] {playwright_scraper.py:118} INFO - Scraped 38 fixtures from Understat
[2026-03-09T17:30:11.801+0000] {epl_timed_scraper.py:74} INFO - Found new match: Arsenal vs Manchester United
[2026-03-09T17:30:11.801+0000] {epl_timed_scraper.py:74} INFO - Found new match: Arsenal vs Sunderland
[2026-03-09T17:30:11.801+0000] {epl_timed_scraper.py:74} INFO - Found new match: Tottenham vs Arsenal
[2026-03-09T17:30:11.801+0000] {epl_timed_scraper.py:74} INFO - Found new match: Arsenal vs Chelsea
[2026-03-09T17:30:11.802+0000] {epl_timed_scraper.py:53} INFO - Checking Manchester United for recent completed matches
[2026-03-09T17:30:13.797+0000] {playwright_scraper.py:87} INFO - Scraping Understat fixtures for Manchester_United: https://understat.com/team/Manchester_United/2025
[2026-03-09T17:30:21.187+0000] {playwright_scraper.py:118} INFO - Scraped 38 fixtures from Understat
[2026-03-09T17:30:21.232+0000] {epl_timed_scraper.py:74} INFO - Found new match: Everton vs Manchester United
[2026-03-09T17:30:21.232+0000] {epl_timed_scraper.py:74} INFO - Found new match: Manchester United vs Crystal Palace
[2026-03-09T17:30:21.232+0000] {epl_timed_scraper.py:74} INFO - Found new match: Newcastle United vs Manchester United
[2026-03-09T17:30:21.256+0000] {python.py:201} INFO - Done. Returned value was: scrape_matches
[2026-03-09T17:30:21.256+0000] {branch.py:35} INFO - Branch into scrape_matches
[2026-03-09T17:30:21.256+0000] {skipmixin.py:178} INFO - Following branch scrape_matches
[2026-03-09T17:30:21.268+0000] {skipmixin.py:244} INFO - Skipping tasks [('skip_scraping', -1)]
[2026-03-09T17:30:21.360+0000] {taskinstance.py:1138} INFO - Marking task as SUCCESS. dag_id=epl_timed_match_scraper, task_id=check_recent_matches, execution_date=20260309T003000, start_date=20260309T173001, end_date=20260309T173021
[2026-03-09T17:30:21.408+0000] {local_task_job_runner.py:234} INFO - Task exited with return code 0
[2026-03-09T17:30:21.426+0000] {taskinstance.py:3280} INFO - 1 downstream tasks scheduled from follow-on schedule check
