[2026-03-09T22:00:02.748+0000] {taskinstance.py:1956} INFO - Dependencies all met for dep_context=non-requeueable deps ti=<TaskInstance: epl_smart_match_scraper.scrape_manchester_united scheduled__2026-03-09T20:00:00+00:00 [queued]>
[2026-03-09T22:00:02.778+0000] {taskinstance.py:1956} INFO - Dependencies all met for dep_context=requeueable deps ti=<TaskInstance: epl_smart_match_scraper.scrape_manchester_united scheduled__2026-03-09T20:00:00+00:00 [queued]>
[2026-03-09T22:00:02.780+0000] {taskinstance.py:2170} INFO - Starting attempt 1 of 3
[2026-03-09T22:00:02.852+0000] {taskinstance.py:2191} INFO - Executing <Task(PythonOperator): scrape_manchester_united> on 2026-03-09 20:00:00+00:00
[2026-03-09T22:00:02.867+0000] {standard_task_runner.py:60} INFO - Started process 68397 to run task
[2026-03-09T22:00:02.873+0000] {standard_task_runner.py:87} INFO - Running: ['***', 'tasks', 'run', 'epl_smart_match_scraper', 'scrape_manchester_united', 'scheduled__2026-03-09T20:00:00+00:00', '--job-id', '767', '--raw', '--subdir', 'DAGS_FOLDER/epl_smart_match_scraper.py', '--cfg-path', '/tmp/tmpmf4mm9lh']
[2026-03-09T22:00:02.877+0000] {standard_task_runner.py:88} INFO - Job 767: Subtask scrape_manchester_united
[2026-03-09T22:00:03.056+0000] {task_command.py:423} INFO - Running <TaskInstance: epl_smart_match_scraper.scrape_manchester_united scheduled__2026-03-09T20:00:00+00:00 [running]> on host 13250c608584
[2026-03-09T22:00:03.440+0000] {taskinstance.py:2480} INFO - Exporting env vars: AIRFLOW_CTX_DAG_OWNER='epl_analytics' AIRFLOW_CTX_DAG_ID='epl_smart_match_scraper' AIRFLOW_CTX_TASK_ID='scrape_manchester_united' AIRFLOW_CTX_EXECUTION_DATE='2026-03-09T20:00:00+00:00' AIRFLOW_CTX_TRY_NUMBER='1' AIRFLOW_CTX_DAG_RUN_ID='scheduled__2026-03-09T20:00:00+00:00'
[2026-03-09T22:00:03.442+0000] {epl_smart_match_scraper.py:42} INFO - Checking Manchester United matches for 2025-26
[2026-03-09T22:00:03.443+0000] {playwright_scraper.py:87} INFO - Scraping Understat fixtures for Manchester_United: https://understat.com/team/Manchester_United/2025
[2026-03-09T22:00:15.579+0000] {playwright_scraper.py:118} INFO - Scraped 38 fixtures from Understat
[2026-03-09T22:00:16.908+0000] {playwright_scraper.py:140} INFO - Scraping match shots: https://understat.com/match/28999
[2026-03-09T22:00:29.565+0000] {playwright_scraper.py:213} INFO - Scraped 26 shots for Arsenal vs Manchester United
[2026-03-09T22:00:29.792+0000] {db_loader.py:196} INFO - Created scrape run: epl_smart_Manchester_United_ae04f75f
[2026-03-09T22:00:29.888+0000] {db_loader.py:359} INFO - Saved match reference for Arsenal vs Manchester United (Team: Manchester United)
[2026-03-09T22:00:29.920+0000] {db_loader.py:150} INFO - Saved Understat data for match 20260125_arsenal_vs_manchester_united (ID: 326, Team: Manchester United)
[2026-03-09T22:00:31.343+0000] {db_loader.py:242} INFO - Updated scrape run epl_smart_Manchester_United_ae04f75f: success
[2026-03-09T22:00:31.346+0000] {epl_smart_match_scraper.py:83} INFO - ✓ Arsenal vs Manchester United: 26 shots
[2026-03-09T22:00:31.347+0000] {python.py:201} INFO - Done. Returned value was: {'team': 'Manchester United', 'status': 'success', 'scraped': 1}
[2026-03-09T22:00:31.463+0000] {taskinstance.py:1138} INFO - Marking task as SUCCESS. dag_id=epl_smart_match_scraper, task_id=scrape_manchester_united, execution_date=20260309T200000, start_date=20260309T220002, end_date=20260309T220031
[2026-03-09T22:00:31.572+0000] {local_task_job_runner.py:234} INFO - Task exited with return code 0
[2026-03-09T22:00:31.654+0000] {taskinstance.py:3280} INFO - 0 downstream tasks scheduled from follow-on schedule check
