[2026-03-09T23:57:45.667+0000] {taskinstance.py:1956} INFO - Dependencies all met for dep_context=non-requeueable deps ti=<TaskInstance: epl_smart_match_scraper.scrape_liverpool manual__2026-03-09T23:52:05+00:00 [queued]>
[2026-03-09T23:57:45.680+0000] {taskinstance.py:1956} INFO - Dependencies all met for dep_context=requeueable deps ti=<TaskInstance: epl_smart_match_scraper.scrape_liverpool manual__2026-03-09T23:52:05+00:00 [queued]>
[2026-03-09T23:57:45.681+0000] {taskinstance.py:2170} INFO - Starting attempt 1 of 3
[2026-03-09T23:57:45.990+0000] {taskinstance.py:2191} INFO - Executing <Task(PythonOperator): scrape_liverpool> on 2026-03-09 23:52:05+00:00
[2026-03-09T23:57:46.007+0000] {standard_task_runner.py:60} INFO - Started process 11645 to run task
[2026-03-09T23:57:46.012+0000] {standard_task_runner.py:87} INFO - Running: ['***', 'tasks', 'run', 'epl_smart_match_scraper', 'scrape_liverpool', 'manual__2026-03-09T23:52:05+00:00', '--job-id', '791', '--raw', '--subdir', 'DAGS_FOLDER/epl_smart_match_scraper.py', '--cfg-path', '/tmp/tmp6i0apk84']
[2026-03-09T23:57:46.015+0000] {standard_task_runner.py:88} INFO - Job 791: Subtask scrape_liverpool
[2026-03-09T23:57:46.231+0000] {task_command.py:423} INFO - Running <TaskInstance: epl_smart_match_scraper.scrape_liverpool manual__2026-03-09T23:52:05+00:00 [running]> on host 13250c608584
[2026-03-09T23:57:46.660+0000] {taskinstance.py:2480} INFO - Exporting env vars: AIRFLOW_CTX_DAG_OWNER='epl_analytics' AIRFLOW_CTX_DAG_ID='epl_smart_match_scraper' AIRFLOW_CTX_TASK_ID='scrape_liverpool' AIRFLOW_CTX_EXECUTION_DATE='2026-03-09T23:52:05+00:00' AIRFLOW_CTX_TRY_NUMBER='1' AIRFLOW_CTX_DAG_RUN_ID='manual__2026-03-09T23:52:05+00:00'
[2026-03-09T23:57:46.662+0000] {epl_smart_match_scraper.py:42} INFO - Checking Liverpool matches for 2025-26
[2026-03-09T23:57:46.662+0000] {playwright_scraper.py:87} INFO - Scraping Understat fixtures for Liverpool: https://understat.com/team/Liverpool/2025
[2026-03-09T23:58:24.159+0000] {playwright_scraper.py:118} INFO - Scraped 38 fixtures from Understat
[2026-03-09T23:58:33.971+0000] {playwright_scraper.py:140} INFO - Scraping match shots: https://understat.com/match/28852
[2026-03-09T23:58:49.538+0000] {playwright_scraper.py:213} INFO - Scraped 31 shots for Liverpool vs Manchester United
[2026-03-09T23:58:53.592+0000] {db_loader.py:196} INFO - Created scrape run: epl_smart_Liverpool_a9c4bb75
[2026-03-09T23:58:53.739+0000] {db_loader.py:359} INFO - Saved match reference for Liverpool vs Manchester United (Team: Liverpool)
[2026-03-09T23:58:53.774+0000] {db_loader.py:150} INFO - Saved Understat data for match 20251019_liverpool_vs_manchester_united (ID: 434, Team: Liverpool)
[2026-03-09T23:58:54.431+0000] {db_loader.py:242} INFO - Updated scrape run epl_smart_Liverpool_a9c4bb75: success
[2026-03-09T23:58:54.431+0000] {epl_smart_match_scraper.py:83} INFO - ✓ Liverpool vs Manchester United: 31 shots
[2026-03-09T23:58:55.344+0000] {playwright_scraper.py:140} INFO - Scraping match shots: https://understat.com/match/28980
[2026-03-10T00:00:56.927+0000] {epl_smart_match_scraper.py:86} ERROR - Error: Timeout loading https://understat.com/match/28980: Timeout 120000ms exceeded.
[2026-03-10T00:00:56.927+0000] {python.py:201} INFO - Done. Returned value was: {'team': 'Liverpool', 'status': 'success', 'scraped': 1}
[2026-03-10T00:00:57.221+0000] {taskinstance.py:1138} INFO - Marking task as SUCCESS. dag_id=epl_smart_match_scraper, task_id=scrape_liverpool, execution_date=20260309T235205, start_date=20260309T235745, end_date=20260310T000057
[2026-03-10T00:01:39.405+0000] {local_task_job_runner.py:234} INFO - Task exited with return code 0
[2026-03-10T00:01:39.440+0000] {taskinstance.py:3280} INFO - 0 downstream tasks scheduled from follow-on schedule check
