[2026-03-10T19:43:20.161+0000] {taskinstance.py:1956} INFO - Dependencies all met for dep_context=non-requeueable deps ti=<TaskInstance: epl_timed_match_scraper.scrape_matches scheduled__2026-03-10T17:30:00+00:00 [queued]>
[2026-03-10T19:43:20.167+0000] {taskinstance.py:1956} INFO - Dependencies all met for dep_context=requeueable deps ti=<TaskInstance: epl_timed_match_scraper.scrape_matches scheduled__2026-03-10T17:30:00+00:00 [queued]>
[2026-03-10T19:43:20.168+0000] {taskinstance.py:2170} INFO - Starting attempt 1 of 2
[2026-03-10T19:43:20.193+0000] {taskinstance.py:2191} INFO - Executing <Task(PythonOperator): scrape_matches> on 2026-03-10 17:30:00+00:00
[2026-03-10T19:43:20.199+0000] {standard_task_runner.py:60} INFO - Started process 836 to run task
[2026-03-10T19:43:20.201+0000] {standard_task_runner.py:87} INFO - Running: ['***', 'tasks', 'run', 'epl_timed_match_scraper', 'scrape_matches', 'scheduled__2026-03-10T17:30:00+00:00', '--job-id', '852', '--raw', '--subdir', 'DAGS_FOLDER/epl_timed_match_scraper.py', '--cfg-path', '/tmp/tmpjs08752c']
[2026-03-10T19:43:20.203+0000] {standard_task_runner.py:88} INFO - Job 852: Subtask scrape_matches
[2026-03-10T19:43:20.270+0000] {task_command.py:423} INFO - Running <TaskInstance: epl_timed_match_scraper.scrape_matches scheduled__2026-03-10T17:30:00+00:00 [running]> on host 13250c608584
[2026-03-10T19:43:20.371+0000] {taskinstance.py:2480} INFO - Exporting env vars: AIRFLOW_CTX_DAG_OWNER='epl_analytics' AIRFLOW_CTX_DAG_ID='epl_timed_match_scraper' AIRFLOW_CTX_TASK_ID='scrape_matches' AIRFLOW_CTX_EXECUTION_DATE='2026-03-10T17:30:00+00:00' AIRFLOW_CTX_TRY_NUMBER='1' AIRFLOW_CTX_DAG_RUN_ID='scheduled__2026-03-10T17:30:00+00:00'
[2026-03-10T19:43:20.381+0000] {epl_timed_match_scraper.py:111} INFO - Scraping: Arsenal vs Liverpool on 2026-01-08 (Arsenal)
[2026-03-10T19:43:20.381+0000] {playwright_scraper.py:140} INFO - Scraping match shots: https://understat.com/match/28980
[2026-03-10T19:43:30.399+0000] {playwright_scraper.py:213} INFO - Scraped 17 shots for Arsenal vs Liverpool
[2026-03-10T19:43:31.734+0000] {db_loader.py:196} INFO - Created scrape run: epl_timed_Arsenal_c326352e
[2026-03-10T19:43:31.908+0000] {db_loader.py:359} INFO - Saved match reference for Arsenal vs Liverpool (Team: Arsenal)
[2026-03-10T19:43:31.987+0000] {db_loader.py:150} INFO - Saved Understat data for match 20260108_arsenal_vs_liverpool (ID: 433, Team: Arsenal)
[2026-03-10T19:43:32.065+0000] {db_loader.py:242} INFO - Updated scrape run epl_timed_Arsenal_c326352e: success
[2026-03-10T19:43:32.065+0000] {epl_timed_match_scraper.py:129} INFO - ✓ Arsenal vs Liverpool: 17 shots, xG 0.70-0.32
[2026-03-10T19:43:32.066+0000] {epl_timed_match_scraper.py:136} INFO - Completed: 1 matches scraped, 0 errors
[2026-03-10T19:43:32.066+0000] {python.py:201} INFO - Done. Returned value was: {'scraped': 1, 'errors': 0}
[2026-03-10T19:43:32.123+0000] {taskinstance.py:1138} INFO - Marking task as SUCCESS. dag_id=epl_timed_match_scraper, task_id=scrape_matches, execution_date=20260310T173000, start_date=20260310T194320, end_date=20260310T194332
[2026-03-10T19:43:32.184+0000] {local_task_job_runner.py:234} INFO - Task exited with return code 0
[2026-03-10T19:43:32.215+0000] {taskinstance.py:3280} INFO - 0 downstream tasks scheduled from follow-on schedule check
