[2026-03-09T18:00:02.760+0000] {taskinstance.py:1956} INFO - Dependencies all met for dep_context=non-requeueable deps ti=<TaskInstance: epl_smart_match_scraper.scrape_manchester_united scheduled__2026-03-09T16:00:00+00:00 [queued]>
[2026-03-09T18:00:02.776+0000] {taskinstance.py:1956} INFO - Dependencies all met for dep_context=requeueable deps ti=<TaskInstance: epl_smart_match_scraper.scrape_manchester_united scheduled__2026-03-09T16:00:00+00:00 [queued]>
[2026-03-09T18:00:02.776+0000] {taskinstance.py:2170} INFO - Starting attempt 1 of 3
[2026-03-09T18:00:02.837+0000] {taskinstance.py:2191} INFO - Executing <Task(PythonOperator): scrape_manchester_united> on 2026-03-09 16:00:00+00:00
[2026-03-09T18:00:02.847+0000] {standard_task_runner.py:60} INFO - Started process 14299 to run task
[2026-03-09T18:00:02.852+0000] {standard_task_runner.py:87} INFO - Running: ['***', 'tasks', 'run', 'epl_smart_match_scraper', 'scrape_manchester_united', 'scheduled__2026-03-09T16:00:00+00:00', '--job-id', '702', '--raw', '--subdir', 'DAGS_FOLDER/epl_smart_match_scraper.py', '--cfg-path', '/tmp/tmp9t3tl9d1']
[2026-03-09T18:00:02.856+0000] {standard_task_runner.py:88} INFO - Job 702: Subtask scrape_manchester_united
[2026-03-09T18:00:02.984+0000] {task_command.py:423} INFO - Running <TaskInstance: epl_smart_match_scraper.scrape_manchester_united scheduled__2026-03-09T16:00:00+00:00 [running]> on host 13250c608584
[2026-03-09T18:00:03.477+0000] {taskinstance.py:2480} INFO - Exporting env vars: AIRFLOW_CTX_DAG_OWNER='epl_analytics' AIRFLOW_CTX_DAG_ID='epl_smart_match_scraper' AIRFLOW_CTX_TASK_ID='scrape_manchester_united' AIRFLOW_CTX_EXECUTION_DATE='2026-03-09T16:00:00+00:00' AIRFLOW_CTX_TRY_NUMBER='1' AIRFLOW_CTX_DAG_RUN_ID='scheduled__2026-03-09T16:00:00+00:00'
[2026-03-09T18:00:03.486+0000] {epl_smart_match_scraper.py:42} INFO - Checking Manchester United matches for 2025-26
[2026-03-09T18:00:03.488+0000] {playwright_scraper.py:87} INFO - Scraping Understat fixtures for Manchester_United: https://understat.com/team/Manchester_United/2025
[2026-03-09T18:00:13.733+0000] {playwright_scraper.py:118} INFO - Scraped 38 fixtures from Understat
[2026-03-09T18:00:18.884+0000] {playwright_scraper.py:140} INFO - Scraping match shots: https://understat.com/match/28999
[2026-03-09T18:00:29.656+0000] {playwright_scraper.py:213} INFO - Scraped 26 shots for Arsenal vs Manchester United
[2026-03-09T18:00:29.839+0000] {db_loader.py:196} INFO - Created scrape run: epl_smart_Manchester_United_d2581db8
[2026-03-09T18:00:29.852+0000] {db_loader.py:42} ERROR - Database error: column "id" does not exist
LINE 8:                         RETURNING id
                                          ^

[2026-03-09T18:00:29.853+0000] {db_loader.py:362} ERROR - Failed to save match reference: column "id" does not exist
LINE 8:                         RETURNING id
                                          ^

[2026-03-09T18:00:29.884+0000] {db_loader.py:150} INFO - Saved Understat data for match 20260125_arsenal_vs_manchester_united (ID: 326, Team: Manchester United)
[2026-03-09T18:00:29.940+0000] {db_loader.py:242} INFO - Updated scrape run epl_smart_Manchester_United_d2581db8: success
[2026-03-09T18:00:29.940+0000] {epl_smart_match_scraper.py:83} INFO - ✓ Arsenal vs Manchester United: 26 shots
[2026-03-09T18:00:31.778+0000] {playwright_scraper.py:140} INFO - Scraping match shots: https://understat.com/match/29055
[2026-03-09T18:00:43.442+0000] {playwright_scraper.py:213} INFO - Scraped 28 shots for Manchester United vs Crystal Palace
[2026-03-09T18:00:43.782+0000] {db_loader.py:196} INFO - Created scrape run: epl_smart_Manchester_United_2727d930
[2026-03-09T18:00:43.798+0000] {db_loader.py:42} ERROR - Database error: column "id" does not exist
LINE 8:                         RETURNING id
                                          ^

[2026-03-09T18:00:43.799+0000] {db_loader.py:362} ERROR - Failed to save match reference: column "id" does not exist
LINE 8:                         RETURNING id
                                          ^

[2026-03-09T18:00:43.817+0000] {db_loader.py:150} INFO - Saved Understat data for match 20260301_manchester_united_vs_crystal_palace (ID: 343, Team: Manchester United)
[2026-03-09T18:00:43.927+0000] {db_loader.py:242} INFO - Updated scrape run epl_smart_Manchester_United_2727d930: success
[2026-03-09T18:00:43.927+0000] {epl_smart_match_scraper.py:83} INFO - ✓ Manchester United vs Crystal Palace: 28 shots
[2026-03-09T18:00:45.547+0000] {playwright_scraper.py:140} INFO - Scraping match shots: https://understat.com/match/29065
[2026-03-09T18:01:46.453+0000] {epl_smart_match_scraper.py:86} ERROR - Error: Timeout loading https://understat.com/match/29065: Timeout 60000ms exceeded.
[2026-03-09T18:01:46.454+0000] {python.py:201} INFO - Done. Returned value was: {'team': 'Manchester United', 'status': 'success', 'scraped': 2}
[2026-03-09T18:01:47.405+0000] {taskinstance.py:1138} INFO - Marking task as SUCCESS. dag_id=epl_smart_match_scraper, task_id=scrape_manchester_united, execution_date=20260309T160000, start_date=20260309T180002, end_date=20260309T180147
[2026-03-09T18:01:47.497+0000] {local_task_job_runner.py:234} INFO - Task exited with return code 0
[2026-03-09T18:01:47.530+0000] {taskinstance.py:3280} INFO - 1 downstream tasks scheduled from follow-on schedule check
