[2026-01-18T18:32:48.144+0000] {processor.py:161} INFO - Started process (PID=41482) to work on /opt/airflow/dags/epl_smart_match_scraper.py
[2026-01-18T18:32:48.145+0000] {processor.py:830} INFO - Processing file /opt/airflow/dags/epl_smart_match_scraper.py for tasks to queue
[2026-01-18T18:32:48.146+0000] {logging_mixin.py:188} INFO - [2026-01-18T18:32:48.145+0000] {dagbag.py:538} INFO - Filling up the DagBag from /opt/airflow/dags/epl_smart_match_scraper.py
[2026-01-18T18:32:48.237+0000] {processor.py:840} INFO - DAG(s) 'epl_smart_match_scraper' retrieved from /opt/airflow/dags/epl_smart_match_scraper.py
[2026-01-18T18:32:48.408+0000] {logging_mixin.py:188} INFO - [2026-01-18T18:32:48.408+0000] {dag.py:3036} INFO - Sync 1 DAGs
[2026-01-18T18:32:48.447+0000] {logging_mixin.py:188} INFO - [2026-01-18T18:32:48.446+0000] {dag.py:3823} INFO - Setting next_dagrun for epl_smart_match_scraper to 2026-01-18 18:00:00+00:00, run_after=2026-01-18 20:00:00+00:00
[2026-01-18T18:32:48.498+0000] {processor.py:183} INFO - Processing /opt/airflow/dags/epl_smart_match_scraper.py took 0.360 seconds
[2026-01-18T18:33:19.011+0000] {processor.py:161} INFO - Started process (PID=41508) to work on /opt/airflow/dags/epl_smart_match_scraper.py
[2026-01-18T18:33:19.013+0000] {processor.py:830} INFO - Processing file /opt/airflow/dags/epl_smart_match_scraper.py for tasks to queue
[2026-01-18T18:33:19.014+0000] {logging_mixin.py:188} INFO - [2026-01-18T18:33:19.013+0000] {dagbag.py:538} INFO - Filling up the DagBag from /opt/airflow/dags/epl_smart_match_scraper.py
[2026-01-18T18:33:19.103+0000] {processor.py:840} INFO - DAG(s) 'epl_smart_match_scraper' retrieved from /opt/airflow/dags/epl_smart_match_scraper.py
[2026-01-18T18:33:19.157+0000] {logging_mixin.py:188} INFO - [2026-01-18T18:33:19.156+0000] {dag.py:3036} INFO - Sync 1 DAGs
[2026-01-18T18:33:19.206+0000] {logging_mixin.py:188} INFO - [2026-01-18T18:33:19.205+0000] {dag.py:3823} INFO - Setting next_dagrun for epl_smart_match_scraper to 2026-01-18 18:00:00+00:00, run_after=2026-01-18 20:00:00+00:00
[2026-01-18T18:33:19.263+0000] {processor.py:183} INFO - Processing /opt/airflow/dags/epl_smart_match_scraper.py took 0.258 seconds
[2026-01-18T18:33:49.904+0000] {processor.py:161} INFO - Started process (PID=42141) to work on /opt/airflow/dags/epl_smart_match_scraper.py
[2026-01-18T18:33:50.286+0000] {processor.py:830} INFO - Processing file /opt/airflow/dags/epl_smart_match_scraper.py for tasks to queue
[2026-01-18T18:33:50.288+0000] {logging_mixin.py:188} INFO - [2026-01-18T18:33:50.287+0000] {dagbag.py:538} INFO - Filling up the DagBag from /opt/airflow/dags/epl_smart_match_scraper.py
[2026-01-18T18:33:50.396+0000] {processor.py:840} INFO - DAG(s) 'epl_smart_match_scraper' retrieved from /opt/airflow/dags/epl_smart_match_scraper.py
[2026-01-18T18:33:50.418+0000] {logging_mixin.py:188} INFO - [2026-01-18T18:33:50.418+0000] {dag.py:3036} INFO - Sync 1 DAGs
[2026-01-18T18:33:50.469+0000] {logging_mixin.py:188} INFO - [2026-01-18T18:33:50.468+0000] {dag.py:3823} INFO - Setting next_dagrun for epl_smart_match_scraper to 2026-01-18 18:00:00+00:00, run_after=2026-01-18 20:00:00+00:00
[2026-01-18T18:33:50.611+0000] {processor.py:183} INFO - Processing /opt/airflow/dags/epl_smart_match_scraper.py took 0.714 seconds
[2026-01-18T18:34:21.515+0000] {processor.py:161} INFO - Started process (PID=42183) to work on /opt/airflow/dags/epl_smart_match_scraper.py
[2026-01-18T18:34:21.516+0000] {processor.py:830} INFO - Processing file /opt/airflow/dags/epl_smart_match_scraper.py for tasks to queue
[2026-01-18T18:34:21.517+0000] {logging_mixin.py:188} INFO - [2026-01-18T18:34:21.517+0000] {dagbag.py:538} INFO - Filling up the DagBag from /opt/airflow/dags/epl_smart_match_scraper.py
[2026-01-18T18:34:21.604+0000] {processor.py:840} INFO - DAG(s) 'epl_smart_match_scraper' retrieved from /opt/airflow/dags/epl_smart_match_scraper.py
[2026-01-18T18:34:21.774+0000] {logging_mixin.py:188} INFO - [2026-01-18T18:34:21.774+0000] {dag.py:3036} INFO - Sync 1 DAGs
[2026-01-18T18:34:21.810+0000] {logging_mixin.py:188} INFO - [2026-01-18T18:34:21.809+0000] {dag.py:3823} INFO - Setting next_dagrun for epl_smart_match_scraper to 2026-01-18 18:00:00+00:00, run_after=2026-01-18 20:00:00+00:00
[2026-01-18T18:34:21.855+0000] {processor.py:183} INFO - Processing /opt/airflow/dags/epl_smart_match_scraper.py took 0.345 seconds
[2026-01-18T18:34:51.986+0000] {processor.py:161} INFO - Started process (PID=42215) to work on /opt/airflow/dags/epl_smart_match_scraper.py
[2026-01-18T18:34:51.997+0000] {processor.py:830} INFO - Processing file /opt/airflow/dags/epl_smart_match_scraper.py for tasks to queue
[2026-01-18T18:34:51.999+0000] {logging_mixin.py:188} INFO - [2026-01-18T18:34:51.998+0000] {dagbag.py:538} INFO - Filling up the DagBag from /opt/airflow/dags/epl_smart_match_scraper.py
[2026-01-18T18:34:52.093+0000] {processor.py:840} INFO - DAG(s) 'epl_smart_match_scraper' retrieved from /opt/airflow/dags/epl_smart_match_scraper.py
[2026-01-18T18:34:52.137+0000] {logging_mixin.py:188} INFO - [2026-01-18T18:34:52.137+0000] {dag.py:3036} INFO - Sync 1 DAGs
[2026-01-18T18:34:52.182+0000] {logging_mixin.py:188} INFO - [2026-01-18T18:34:52.181+0000] {dag.py:3823} INFO - Setting next_dagrun for epl_smart_match_scraper to 2026-01-18 18:00:00+00:00, run_after=2026-01-18 20:00:00+00:00
[2026-01-18T18:34:52.222+0000] {processor.py:183} INFO - Processing /opt/airflow/dags/epl_smart_match_scraper.py took 0.242 seconds
[2026-01-18T18:35:22.693+0000] {processor.py:161} INFO - Started process (PID=42825) to work on /opt/airflow/dags/epl_smart_match_scraper.py
[2026-01-18T18:35:22.694+0000] {processor.py:830} INFO - Processing file /opt/airflow/dags/epl_smart_match_scraper.py for tasks to queue
[2026-01-18T18:35:22.696+0000] {logging_mixin.py:188} INFO - [2026-01-18T18:35:22.696+0000] {dagbag.py:538} INFO - Filling up the DagBag from /opt/airflow/dags/epl_smart_match_scraper.py
[2026-01-18T18:35:22.799+0000] {processor.py:840} INFO - DAG(s) 'epl_smart_match_scraper' retrieved from /opt/airflow/dags/epl_smart_match_scraper.py
[2026-01-18T18:35:22.846+0000] {logging_mixin.py:188} INFO - [2026-01-18T18:35:22.845+0000] {dag.py:3036} INFO - Sync 1 DAGs
[2026-01-18T18:35:22.892+0000] {logging_mixin.py:188} INFO - [2026-01-18T18:35:22.892+0000] {dag.py:3823} INFO - Setting next_dagrun for epl_smart_match_scraper to 2026-01-18 18:00:00+00:00, run_after=2026-01-18 20:00:00+00:00
[2026-01-18T18:35:22.947+0000] {processor.py:183} INFO - Processing /opt/airflow/dags/epl_smart_match_scraper.py took 0.258 seconds
[2026-01-18T18:35:53.651+0000] {processor.py:161} INFO - Started process (PID=43152) to work on /opt/airflow/dags/epl_smart_match_scraper.py
[2026-01-18T18:35:53.660+0000] {processor.py:830} INFO - Processing file /opt/airflow/dags/epl_smart_match_scraper.py for tasks to queue
[2026-01-18T18:35:53.662+0000] {logging_mixin.py:188} INFO - [2026-01-18T18:35:53.661+0000] {dagbag.py:538} INFO - Filling up the DagBag from /opt/airflow/dags/epl_smart_match_scraper.py
[2026-01-18T18:35:53.762+0000] {processor.py:840} INFO - DAG(s) 'epl_smart_match_scraper' retrieved from /opt/airflow/dags/epl_smart_match_scraper.py
[2026-01-18T18:35:53.811+0000] {logging_mixin.py:188} INFO - [2026-01-18T18:35:53.811+0000] {dag.py:3036} INFO - Sync 1 DAGs
[2026-01-18T18:35:53.854+0000] {logging_mixin.py:188} INFO - [2026-01-18T18:35:53.854+0000] {dag.py:3823} INFO - Setting next_dagrun for epl_smart_match_scraper to 2026-01-18 18:00:00+00:00, run_after=2026-01-18 20:00:00+00:00
[2026-01-18T18:35:53.988+0000] {processor.py:183} INFO - Processing /opt/airflow/dags/epl_smart_match_scraper.py took 0.342 seconds
[2026-01-18T18:36:24.300+0000] {processor.py:161} INFO - Started process (PID=43191) to work on /opt/airflow/dags/epl_smart_match_scraper.py
[2026-01-18T18:36:24.301+0000] {processor.py:830} INFO - Processing file /opt/airflow/dags/epl_smart_match_scraper.py for tasks to queue
[2026-01-18T18:36:24.302+0000] {logging_mixin.py:188} INFO - [2026-01-18T18:36:24.302+0000] {dagbag.py:538} INFO - Filling up the DagBag from /opt/airflow/dags/epl_smart_match_scraper.py
[2026-01-18T18:36:24.399+0000] {processor.py:840} INFO - DAG(s) 'epl_smart_match_scraper' retrieved from /opt/airflow/dags/epl_smart_match_scraper.py
[2026-01-18T18:36:24.424+0000] {logging_mixin.py:188} INFO - [2026-01-18T18:36:24.424+0000] {dag.py:3036} INFO - Sync 1 DAGs
[2026-01-18T18:36:24.469+0000] {logging_mixin.py:188} INFO - [2026-01-18T18:36:24.469+0000] {dag.py:3823} INFO - Setting next_dagrun for epl_smart_match_scraper to 2026-01-18 18:00:00+00:00, run_after=2026-01-18 20:00:00+00:00
[2026-01-18T18:36:24.512+0000] {processor.py:183} INFO - Processing /opt/airflow/dags/epl_smart_match_scraper.py took 0.218 seconds
[2026-01-18T18:36:54.903+0000] {processor.py:161} INFO - Started process (PID=43518) to work on /opt/airflow/dags/epl_smart_match_scraper.py
[2026-01-18T18:36:54.911+0000] {processor.py:830} INFO - Processing file /opt/airflow/dags/epl_smart_match_scraper.py for tasks to queue
[2026-01-18T18:36:54.912+0000] {logging_mixin.py:188} INFO - [2026-01-18T18:36:54.911+0000] {dagbag.py:538} INFO - Filling up the DagBag from /opt/airflow/dags/epl_smart_match_scraper.py
[2026-01-18T18:36:54.971+0000] {processor.py:840} INFO - DAG(s) 'epl_smart_match_scraper' retrieved from /opt/airflow/dags/epl_smart_match_scraper.py
[2026-01-18T18:36:55.079+0000] {logging_mixin.py:188} INFO - [2026-01-18T18:36:55.079+0000] {dag.py:3036} INFO - Sync 1 DAGs
[2026-01-18T18:36:55.101+0000] {logging_mixin.py:188} INFO - [2026-01-18T18:36:55.100+0000] {dag.py:3823} INFO - Setting next_dagrun for epl_smart_match_scraper to 2026-01-18 18:00:00+00:00, run_after=2026-01-18 20:00:00+00:00
[2026-01-18T18:36:56.610+0000] {processor.py:183} INFO - Processing /opt/airflow/dags/epl_smart_match_scraper.py took 1.710 seconds
[2026-01-18T18:37:26.706+0000] {processor.py:161} INFO - Started process (PID=43544) to work on /opt/airflow/dags/epl_smart_match_scraper.py
[2026-01-18T18:37:26.708+0000] {processor.py:830} INFO - Processing file /opt/airflow/dags/epl_smart_match_scraper.py for tasks to queue
[2026-01-18T18:37:26.709+0000] {logging_mixin.py:188} INFO - [2026-01-18T18:37:26.709+0000] {dagbag.py:538} INFO - Filling up the DagBag from /opt/airflow/dags/epl_smart_match_scraper.py
[2026-01-18T18:37:26.756+0000] {processor.py:840} INFO - DAG(s) 'epl_smart_match_scraper' retrieved from /opt/airflow/dags/epl_smart_match_scraper.py
[2026-01-18T18:37:26.782+0000] {logging_mixin.py:188} INFO - [2026-01-18T18:37:26.781+0000] {dag.py:3036} INFO - Sync 1 DAGs
[2026-01-18T18:37:26.806+0000] {logging_mixin.py:188} INFO - [2026-01-18T18:37:26.806+0000] {dag.py:3823} INFO - Setting next_dagrun for epl_smart_match_scraper to 2026-01-18 18:00:00+00:00, run_after=2026-01-18 20:00:00+00:00
[2026-01-18T18:37:26.879+0000] {processor.py:183} INFO - Processing /opt/airflow/dags/epl_smart_match_scraper.py took 0.178 seconds
[2026-01-18T18:37:56.981+0000] {processor.py:161} INFO - Started process (PID=43580) to work on /opt/airflow/dags/epl_smart_match_scraper.py
[2026-01-18T18:37:56.985+0000] {processor.py:830} INFO - Processing file /opt/airflow/dags/epl_smart_match_scraper.py for tasks to queue
[2026-01-18T18:37:56.986+0000] {logging_mixin.py:188} INFO - [2026-01-18T18:37:56.985+0000] {dagbag.py:538} INFO - Filling up the DagBag from /opt/airflow/dags/epl_smart_match_scraper.py
[2026-01-18T18:37:57.033+0000] {processor.py:840} INFO - DAG(s) 'epl_smart_match_scraper' retrieved from /opt/airflow/dags/epl_smart_match_scraper.py
[2026-01-18T18:37:57.058+0000] {logging_mixin.py:188} INFO - [2026-01-18T18:37:57.058+0000] {dag.py:3036} INFO - Sync 1 DAGs
[2026-01-18T18:37:57.083+0000] {logging_mixin.py:188} INFO - [2026-01-18T18:37:57.083+0000] {dag.py:3823} INFO - Setting next_dagrun for epl_smart_match_scraper to 2026-01-18 18:00:00+00:00, run_after=2026-01-18 20:00:00+00:00
[2026-01-18T18:37:58.237+0000] {processor.py:183} INFO - Processing /opt/airflow/dags/epl_smart_match_scraper.py took 1.262 seconds
[2026-01-18T18:38:28.499+0000] {processor.py:161} INFO - Started process (PID=43617) to work on /opt/airflow/dags/epl_smart_match_scraper.py
[2026-01-18T18:38:28.501+0000] {processor.py:830} INFO - Processing file /opt/airflow/dags/epl_smart_match_scraper.py for tasks to queue
[2026-01-18T18:38:28.503+0000] {logging_mixin.py:188} INFO - [2026-01-18T18:38:28.502+0000] {dagbag.py:538} INFO - Filling up the DagBag from /opt/airflow/dags/epl_smart_match_scraper.py
[2026-01-18T18:38:28.623+0000] {processor.py:840} INFO - DAG(s) 'epl_smart_match_scraper' retrieved from /opt/airflow/dags/epl_smart_match_scraper.py
[2026-01-18T18:38:28.668+0000] {logging_mixin.py:188} INFO - [2026-01-18T18:38:28.668+0000] {dag.py:3036} INFO - Sync 1 DAGs
[2026-01-18T18:38:28.706+0000] {logging_mixin.py:188} INFO - [2026-01-18T18:38:28.706+0000] {dag.py:3823} INFO - Setting next_dagrun for epl_smart_match_scraper to 2026-01-18 18:00:00+00:00, run_after=2026-01-18 20:00:00+00:00
[2026-01-18T18:38:28.752+0000] {processor.py:183} INFO - Processing /opt/airflow/dags/epl_smart_match_scraper.py took 0.259 seconds
[2026-01-18T18:38:59.261+0000] {processor.py:161} INFO - Started process (PID=43653) to work on /opt/airflow/dags/epl_smart_match_scraper.py
[2026-01-18T18:38:59.273+0000] {processor.py:830} INFO - Processing file /opt/airflow/dags/epl_smart_match_scraper.py for tasks to queue
[2026-01-18T18:38:59.274+0000] {logging_mixin.py:188} INFO - [2026-01-18T18:38:59.273+0000] {dagbag.py:538} INFO - Filling up the DagBag from /opt/airflow/dags/epl_smart_match_scraper.py
[2026-01-18T18:38:59.332+0000] {processor.py:840} INFO - DAG(s) 'epl_smart_match_scraper' retrieved from /opt/airflow/dags/epl_smart_match_scraper.py
[2026-01-18T18:38:59.361+0000] {logging_mixin.py:188} INFO - [2026-01-18T18:38:59.360+0000] {dag.py:3036} INFO - Sync 1 DAGs
[2026-01-18T18:38:59.385+0000] {logging_mixin.py:188} INFO - [2026-01-18T18:38:59.385+0000] {dag.py:3823} INFO - Setting next_dagrun for epl_smart_match_scraper to 2026-01-18 18:00:00+00:00, run_after=2026-01-18 20:00:00+00:00
[2026-01-18T18:38:59.425+0000] {processor.py:183} INFO - Processing /opt/airflow/dags/epl_smart_match_scraper.py took 0.167 seconds
[2026-01-18T18:39:29.978+0000] {processor.py:161} INFO - Started process (PID=43689) to work on /opt/airflow/dags/epl_smart_match_scraper.py
[2026-01-18T18:39:29.979+0000] {processor.py:830} INFO - Processing file /opt/airflow/dags/epl_smart_match_scraper.py for tasks to queue
[2026-01-18T18:39:29.981+0000] {logging_mixin.py:188} INFO - [2026-01-18T18:39:29.980+0000] {dagbag.py:538} INFO - Filling up the DagBag from /opt/airflow/dags/epl_smart_match_scraper.py
[2026-01-18T18:39:30.029+0000] {processor.py:840} INFO - DAG(s) 'epl_smart_match_scraper' retrieved from /opt/airflow/dags/epl_smart_match_scraper.py
[2026-01-18T18:39:30.055+0000] {logging_mixin.py:188} INFO - [2026-01-18T18:39:30.054+0000] {dag.py:3036} INFO - Sync 1 DAGs
[2026-01-18T18:39:30.078+0000] {logging_mixin.py:188} INFO - [2026-01-18T18:39:30.078+0000] {dag.py:3823} INFO - Setting next_dagrun for epl_smart_match_scraper to 2026-01-18 18:00:00+00:00, run_after=2026-01-18 20:00:00+00:00
[2026-01-18T18:39:30.115+0000] {processor.py:183} INFO - Processing /opt/airflow/dags/epl_smart_match_scraper.py took 0.142 seconds
[2026-01-18T18:40:00.567+0000] {processor.py:161} INFO - Started process (PID=43729) to work on /opt/airflow/dags/epl_smart_match_scraper.py
[2026-01-18T18:40:00.575+0000] {processor.py:830} INFO - Processing file /opt/airflow/dags/epl_smart_match_scraper.py for tasks to queue
[2026-01-18T18:40:00.577+0000] {logging_mixin.py:188} INFO - [2026-01-18T18:40:00.576+0000] {dagbag.py:538} INFO - Filling up the DagBag from /opt/airflow/dags/epl_smart_match_scraper.py
[2026-01-18T18:40:00.626+0000] {processor.py:840} INFO - DAG(s) 'epl_smart_match_scraper' retrieved from /opt/airflow/dags/epl_smart_match_scraper.py
[2026-01-18T18:40:00.662+0000] {logging_mixin.py:188} INFO - [2026-01-18T18:40:00.661+0000] {dag.py:3036} INFO - Sync 1 DAGs
[2026-01-18T18:40:00.685+0000] {logging_mixin.py:188} INFO - [2026-01-18T18:40:00.685+0000] {dag.py:3823} INFO - Setting next_dagrun for epl_smart_match_scraper to 2026-01-18 18:00:00+00:00, run_after=2026-01-18 20:00:00+00:00
[2026-01-18T18:40:00.717+0000] {processor.py:183} INFO - Processing /opt/airflow/dags/epl_smart_match_scraper.py took 0.156 seconds
[2026-01-18T18:40:31.257+0000] {processor.py:161} INFO - Started process (PID=43767) to work on /opt/airflow/dags/epl_smart_match_scraper.py
[2026-01-18T18:40:31.258+0000] {processor.py:830} INFO - Processing file /opt/airflow/dags/epl_smart_match_scraper.py for tasks to queue
[2026-01-18T18:40:31.259+0000] {logging_mixin.py:188} INFO - [2026-01-18T18:40:31.259+0000] {dagbag.py:538} INFO - Filling up the DagBag from /opt/airflow/dags/epl_smart_match_scraper.py
[2026-01-18T18:40:31.315+0000] {processor.py:840} INFO - DAG(s) 'epl_smart_match_scraper' retrieved from /opt/airflow/dags/epl_smart_match_scraper.py
[2026-01-18T18:40:31.345+0000] {logging_mixin.py:188} INFO - [2026-01-18T18:40:31.345+0000] {dag.py:3036} INFO - Sync 1 DAGs
[2026-01-18T18:40:31.369+0000] {logging_mixin.py:188} INFO - [2026-01-18T18:40:31.368+0000] {dag.py:3823} INFO - Setting next_dagrun for epl_smart_match_scraper to 2026-01-18 18:00:00+00:00, run_after=2026-01-18 20:00:00+00:00
[2026-01-18T18:40:31.624+0000] {processor.py:183} INFO - Processing /opt/airflow/dags/epl_smart_match_scraper.py took 0.371 seconds
[2026-01-18T18:41:02.507+0000] {processor.py:161} INFO - Started process (PID=43803) to work on /opt/airflow/dags/epl_smart_match_scraper.py
[2026-01-18T18:41:02.566+0000] {processor.py:830} INFO - Processing file /opt/airflow/dags/epl_smart_match_scraper.py for tasks to queue
[2026-01-18T18:41:02.568+0000] {logging_mixin.py:188} INFO - [2026-01-18T18:41:02.567+0000] {dagbag.py:538} INFO - Filling up the DagBag from /opt/airflow/dags/epl_smart_match_scraper.py
[2026-01-18T18:41:02.621+0000] {processor.py:840} INFO - DAG(s) 'epl_smart_match_scraper' retrieved from /opt/airflow/dags/epl_smart_match_scraper.py
[2026-01-18T18:41:02.655+0000] {logging_mixin.py:188} INFO - [2026-01-18T18:41:02.655+0000] {dag.py:3036} INFO - Sync 1 DAGs
[2026-01-18T18:41:02.687+0000] {logging_mixin.py:188} INFO - [2026-01-18T18:41:02.687+0000] {dag.py:3823} INFO - Setting next_dagrun for epl_smart_match_scraper to 2026-01-18 18:00:00+00:00, run_after=2026-01-18 20:00:00+00:00
[2026-01-18T18:41:02.730+0000] {processor.py:183} INFO - Processing /opt/airflow/dags/epl_smart_match_scraper.py took 0.229 seconds
[2026-01-18T18:41:32.830+0000] {processor.py:161} INFO - Started process (PID=43839) to work on /opt/airflow/dags/epl_smart_match_scraper.py
[2026-01-18T18:41:32.831+0000] {processor.py:830} INFO - Processing file /opt/airflow/dags/epl_smart_match_scraper.py for tasks to queue
[2026-01-18T18:41:32.833+0000] {logging_mixin.py:188} INFO - [2026-01-18T18:41:32.832+0000] {dagbag.py:538} INFO - Filling up the DagBag from /opt/airflow/dags/epl_smart_match_scraper.py
[2026-01-18T18:41:32.884+0000] {processor.py:840} INFO - DAG(s) 'epl_smart_match_scraper' retrieved from /opt/airflow/dags/epl_smart_match_scraper.py
[2026-01-18T18:41:32.919+0000] {logging_mixin.py:188} INFO - [2026-01-18T18:41:32.918+0000] {dag.py:3036} INFO - Sync 1 DAGs
[2026-01-18T18:41:32.943+0000] {logging_mixin.py:188} INFO - [2026-01-18T18:41:32.942+0000] {dag.py:3823} INFO - Setting next_dagrun for epl_smart_match_scraper to 2026-01-18 18:00:00+00:00, run_after=2026-01-18 20:00:00+00:00
[2026-01-18T18:41:32.996+0000] {processor.py:183} INFO - Processing /opt/airflow/dags/epl_smart_match_scraper.py took 0.171 seconds
[2026-01-18T18:42:03.407+0000] {processor.py:161} INFO - Started process (PID=43875) to work on /opt/airflow/dags/epl_smart_match_scraper.py
[2026-01-18T18:42:03.420+0000] {processor.py:830} INFO - Processing file /opt/airflow/dags/epl_smart_match_scraper.py for tasks to queue
[2026-01-18T18:42:03.422+0000] {logging_mixin.py:188} INFO - [2026-01-18T18:42:03.421+0000] {dagbag.py:538} INFO - Filling up the DagBag from /opt/airflow/dags/epl_smart_match_scraper.py
[2026-01-18T18:42:03.472+0000] {processor.py:840} INFO - DAG(s) 'epl_smart_match_scraper' retrieved from /opt/airflow/dags/epl_smart_match_scraper.py
[2026-01-18T18:42:03.500+0000] {logging_mixin.py:188} INFO - [2026-01-18T18:42:03.500+0000] {dag.py:3036} INFO - Sync 1 DAGs
[2026-01-18T18:42:03.522+0000] {logging_mixin.py:188} INFO - [2026-01-18T18:42:03.522+0000] {dag.py:3823} INFO - Setting next_dagrun for epl_smart_match_scraper to 2026-01-18 18:00:00+00:00, run_after=2026-01-18 20:00:00+00:00
[2026-01-18T18:42:03.555+0000] {processor.py:183} INFO - Processing /opt/airflow/dags/epl_smart_match_scraper.py took 0.152 seconds
[2026-01-18T18:42:34.118+0000] {processor.py:161} INFO - Started process (PID=43912) to work on /opt/airflow/dags/epl_smart_match_scraper.py
[2026-01-18T18:42:34.119+0000] {processor.py:830} INFO - Processing file /opt/airflow/dags/epl_smart_match_scraper.py for tasks to queue
[2026-01-18T18:42:34.120+0000] {logging_mixin.py:188} INFO - [2026-01-18T18:42:34.120+0000] {dagbag.py:538} INFO - Filling up the DagBag from /opt/airflow/dags/epl_smart_match_scraper.py
[2026-01-18T18:42:34.186+0000] {processor.py:840} INFO - DAG(s) 'epl_smart_match_scraper' retrieved from /opt/airflow/dags/epl_smart_match_scraper.py
[2026-01-18T18:42:34.215+0000] {logging_mixin.py:188} INFO - [2026-01-18T18:42:34.214+0000] {dag.py:3036} INFO - Sync 1 DAGs
[2026-01-18T18:42:34.236+0000] {logging_mixin.py:188} INFO - [2026-01-18T18:42:34.236+0000] {dag.py:3823} INFO - Setting next_dagrun for epl_smart_match_scraper to 2026-01-18 18:00:00+00:00, run_after=2026-01-18 20:00:00+00:00
[2026-01-18T18:42:34.277+0000] {processor.py:183} INFO - Processing /opt/airflow/dags/epl_smart_match_scraper.py took 0.162 seconds
[2026-01-18T18:43:05.058+0000] {processor.py:161} INFO - Started process (PID=43948) to work on /opt/airflow/dags/epl_smart_match_scraper.py
[2026-01-18T18:43:05.066+0000] {processor.py:830} INFO - Processing file /opt/airflow/dags/epl_smart_match_scraper.py for tasks to queue
[2026-01-18T18:43:05.068+0000] {logging_mixin.py:188} INFO - [2026-01-18T18:43:05.067+0000] {dagbag.py:538} INFO - Filling up the DagBag from /opt/airflow/dags/epl_smart_match_scraper.py
[2026-01-18T18:43:05.117+0000] {processor.py:840} INFO - DAG(s) 'epl_smart_match_scraper' retrieved from /opt/airflow/dags/epl_smart_match_scraper.py
[2026-01-18T18:43:05.142+0000] {logging_mixin.py:188} INFO - [2026-01-18T18:43:05.142+0000] {dag.py:3036} INFO - Sync 1 DAGs
[2026-01-18T18:43:05.173+0000] {logging_mixin.py:188} INFO - [2026-01-18T18:43:05.172+0000] {dag.py:3823} INFO - Setting next_dagrun for epl_smart_match_scraper to 2026-01-18 18:00:00+00:00, run_after=2026-01-18 20:00:00+00:00
[2026-01-18T18:43:05.216+0000] {processor.py:183} INFO - Processing /opt/airflow/dags/epl_smart_match_scraper.py took 0.164 seconds
[2026-01-18T18:43:35.607+0000] {processor.py:161} INFO - Started process (PID=43984) to work on /opt/airflow/dags/epl_smart_match_scraper.py
[2026-01-18T18:43:35.608+0000] {processor.py:830} INFO - Processing file /opt/airflow/dags/epl_smart_match_scraper.py for tasks to queue
[2026-01-18T18:43:35.609+0000] {logging_mixin.py:188} INFO - [2026-01-18T18:43:35.609+0000] {dagbag.py:538} INFO - Filling up the DagBag from /opt/airflow/dags/epl_smart_match_scraper.py
[2026-01-18T18:43:35.664+0000] {processor.py:840} INFO - DAG(s) 'epl_smart_match_scraper' retrieved from /opt/airflow/dags/epl_smart_match_scraper.py
[2026-01-18T18:43:35.692+0000] {logging_mixin.py:188} INFO - [2026-01-18T18:43:35.692+0000] {dag.py:3036} INFO - Sync 1 DAGs
[2026-01-18T18:43:35.716+0000] {logging_mixin.py:188} INFO - [2026-01-18T18:43:35.716+0000] {dag.py:3823} INFO - Setting next_dagrun for epl_smart_match_scraper to 2026-01-18 18:00:00+00:00, run_after=2026-01-18 20:00:00+00:00
[2026-01-18T18:43:35.754+0000] {processor.py:183} INFO - Processing /opt/airflow/dags/epl_smart_match_scraper.py took 0.153 seconds
[2026-01-18T18:44:06.172+0000] {processor.py:161} INFO - Started process (PID=44020) to work on /opt/airflow/dags/epl_smart_match_scraper.py
[2026-01-18T18:44:06.179+0000] {processor.py:830} INFO - Processing file /opt/airflow/dags/epl_smart_match_scraper.py for tasks to queue
[2026-01-18T18:44:06.180+0000] {logging_mixin.py:188} INFO - [2026-01-18T18:44:06.180+0000] {dagbag.py:538} INFO - Filling up the DagBag from /opt/airflow/dags/epl_smart_match_scraper.py
[2026-01-18T18:44:06.229+0000] {processor.py:840} INFO - DAG(s) 'epl_smart_match_scraper' retrieved from /opt/airflow/dags/epl_smart_match_scraper.py
[2026-01-18T18:44:06.256+0000] {logging_mixin.py:188} INFO - [2026-01-18T18:44:06.256+0000] {dag.py:3036} INFO - Sync 1 DAGs
[2026-01-18T18:44:06.280+0000] {logging_mixin.py:188} INFO - [2026-01-18T18:44:06.280+0000] {dag.py:3823} INFO - Setting next_dagrun for epl_smart_match_scraper to 2026-01-18 18:00:00+00:00, run_after=2026-01-18 20:00:00+00:00
[2026-01-18T18:44:06.314+0000] {processor.py:183} INFO - Processing /opt/airflow/dags/epl_smart_match_scraper.py took 0.148 seconds
[2026-01-18T18:44:36.870+0000] {processor.py:161} INFO - Started process (PID=44056) to work on /opt/airflow/dags/epl_smart_match_scraper.py
[2026-01-18T18:44:36.871+0000] {processor.py:830} INFO - Processing file /opt/airflow/dags/epl_smart_match_scraper.py for tasks to queue
[2026-01-18T18:44:36.872+0000] {logging_mixin.py:188} INFO - [2026-01-18T18:44:36.871+0000] {dagbag.py:538} INFO - Filling up the DagBag from /opt/airflow/dags/epl_smart_match_scraper.py
[2026-01-18T18:44:36.920+0000] {processor.py:840} INFO - DAG(s) 'epl_smart_match_scraper' retrieved from /opt/airflow/dags/epl_smart_match_scraper.py
[2026-01-18T18:44:36.946+0000] {logging_mixin.py:188} INFO - [2026-01-18T18:44:36.946+0000] {dag.py:3036} INFO - Sync 1 DAGs
[2026-01-18T18:44:36.969+0000] {logging_mixin.py:188} INFO - [2026-01-18T18:44:36.968+0000] {dag.py:3823} INFO - Setting next_dagrun for epl_smart_match_scraper to 2026-01-18 18:00:00+00:00, run_after=2026-01-18 20:00:00+00:00
[2026-01-18T18:44:38.225+0000] {processor.py:183} INFO - Processing /opt/airflow/dags/epl_smart_match_scraper.py took 1.358 seconds
[2026-01-18T18:45:08.730+0000] {processor.py:161} INFO - Started process (PID=44092) to work on /opt/airflow/dags/epl_smart_match_scraper.py
[2026-01-18T18:45:08.731+0000] {processor.py:830} INFO - Processing file /opt/airflow/dags/epl_smart_match_scraper.py for tasks to queue
[2026-01-18T18:45:08.733+0000] {logging_mixin.py:188} INFO - [2026-01-18T18:45:08.732+0000] {dagbag.py:538} INFO - Filling up the DagBag from /opt/airflow/dags/epl_smart_match_scraper.py
[2026-01-18T18:45:08.777+0000] {processor.py:840} INFO - DAG(s) 'epl_smart_match_scraper' retrieved from /opt/airflow/dags/epl_smart_match_scraper.py
[2026-01-18T18:45:08.804+0000] {logging_mixin.py:188} INFO - [2026-01-18T18:45:08.803+0000] {dag.py:3036} INFO - Sync 1 DAGs
[2026-01-18T18:45:08.829+0000] {logging_mixin.py:188} INFO - [2026-01-18T18:45:08.829+0000] {dag.py:3823} INFO - Setting next_dagrun for epl_smart_match_scraper to 2026-01-18 18:00:00+00:00, run_after=2026-01-18 20:00:00+00:00
[2026-01-18T18:45:09.538+0000] {processor.py:183} INFO - Processing /opt/airflow/dags/epl_smart_match_scraper.py took 0.813 seconds
[2026-01-18T18:45:39.963+0000] {processor.py:161} INFO - Started process (PID=44128) to work on /opt/airflow/dags/epl_smart_match_scraper.py
[2026-01-18T18:45:41.129+0000] {processor.py:830} INFO - Processing file /opt/airflow/dags/epl_smart_match_scraper.py for tasks to queue
[2026-01-18T18:45:41.131+0000] {logging_mixin.py:188} INFO - [2026-01-18T18:45:41.130+0000] {dagbag.py:538} INFO - Filling up the DagBag from /opt/airflow/dags/epl_smart_match_scraper.py
[2026-01-18T18:45:41.195+0000] {processor.py:840} INFO - DAG(s) 'epl_smart_match_scraper' retrieved from /opt/airflow/dags/epl_smart_match_scraper.py
[2026-01-18T18:45:41.223+0000] {logging_mixin.py:188} INFO - [2026-01-18T18:45:41.222+0000] {dag.py:3036} INFO - Sync 1 DAGs
[2026-01-18T18:45:41.246+0000] {logging_mixin.py:188} INFO - [2026-01-18T18:45:41.246+0000] {dag.py:3823} INFO - Setting next_dagrun for epl_smart_match_scraper to 2026-01-18 18:00:00+00:00, run_after=2026-01-18 20:00:00+00:00
[2026-01-18T18:45:41.286+0000] {processor.py:183} INFO - Processing /opt/airflow/dags/epl_smart_match_scraper.py took 1.327 seconds
[2026-01-18T18:46:11.667+0000] {processor.py:161} INFO - Started process (PID=44164) to work on /opt/airflow/dags/epl_smart_match_scraper.py
[2026-01-18T18:46:11.668+0000] {processor.py:830} INFO - Processing file /opt/airflow/dags/epl_smart_match_scraper.py for tasks to queue
[2026-01-18T18:46:11.669+0000] {logging_mixin.py:188} INFO - [2026-01-18T18:46:11.669+0000] {dagbag.py:538} INFO - Filling up the DagBag from /opt/airflow/dags/epl_smart_match_scraper.py
[2026-01-18T18:46:11.715+0000] {processor.py:840} INFO - DAG(s) 'epl_smart_match_scraper' retrieved from /opt/airflow/dags/epl_smart_match_scraper.py
[2026-01-18T18:46:11.743+0000] {logging_mixin.py:188} INFO - [2026-01-18T18:46:11.743+0000] {dag.py:3036} INFO - Sync 1 DAGs
[2026-01-18T18:46:11.771+0000] {logging_mixin.py:188} INFO - [2026-01-18T18:46:11.771+0000] {dag.py:3823} INFO - Setting next_dagrun for epl_smart_match_scraper to 2026-01-18 18:00:00+00:00, run_after=2026-01-18 20:00:00+00:00
[2026-01-18T18:46:11.801+0000] {processor.py:183} INFO - Processing /opt/airflow/dags/epl_smart_match_scraper.py took 0.140 seconds
[2026-01-18T18:46:42.494+0000] {processor.py:161} INFO - Started process (PID=44200) to work on /opt/airflow/dags/epl_smart_match_scraper.py
[2026-01-18T18:46:42.505+0000] {processor.py:830} INFO - Processing file /opt/airflow/dags/epl_smart_match_scraper.py for tasks to queue
[2026-01-18T18:46:42.507+0000] {logging_mixin.py:188} INFO - [2026-01-18T18:46:42.506+0000] {dagbag.py:538} INFO - Filling up the DagBag from /opt/airflow/dags/epl_smart_match_scraper.py
[2026-01-18T18:46:42.558+0000] {processor.py:840} INFO - DAG(s) 'epl_smart_match_scraper' retrieved from /opt/airflow/dags/epl_smart_match_scraper.py
[2026-01-18T18:46:42.584+0000] {logging_mixin.py:188} INFO - [2026-01-18T18:46:42.584+0000] {dag.py:3036} INFO - Sync 1 DAGs
[2026-01-18T18:46:42.609+0000] {logging_mixin.py:188} INFO - [2026-01-18T18:46:42.609+0000] {dag.py:3823} INFO - Setting next_dagrun for epl_smart_match_scraper to 2026-01-18 18:00:00+00:00, run_after=2026-01-18 20:00:00+00:00
[2026-01-18T18:46:42.639+0000] {processor.py:183} INFO - Processing /opt/airflow/dags/epl_smart_match_scraper.py took 0.151 seconds
[2026-01-18T18:47:13.066+0000] {processor.py:161} INFO - Started process (PID=44236) to work on /opt/airflow/dags/epl_smart_match_scraper.py
[2026-01-18T18:47:13.067+0000] {processor.py:830} INFO - Processing file /opt/airflow/dags/epl_smart_match_scraper.py for tasks to queue
[2026-01-18T18:47:13.069+0000] {logging_mixin.py:188} INFO - [2026-01-18T18:47:13.068+0000] {dagbag.py:538} INFO - Filling up the DagBag from /opt/airflow/dags/epl_smart_match_scraper.py
[2026-01-18T18:47:13.116+0000] {processor.py:840} INFO - DAG(s) 'epl_smart_match_scraper' retrieved from /opt/airflow/dags/epl_smart_match_scraper.py
[2026-01-18T18:47:13.142+0000] {logging_mixin.py:188} INFO - [2026-01-18T18:47:13.142+0000] {dag.py:3036} INFO - Sync 1 DAGs
[2026-01-18T18:47:13.176+0000] {logging_mixin.py:188} INFO - [2026-01-18T18:47:13.176+0000] {dag.py:3823} INFO - Setting next_dagrun for epl_smart_match_scraper to 2026-01-18 18:00:00+00:00, run_after=2026-01-18 20:00:00+00:00
[2026-01-18T18:47:13.214+0000] {processor.py:183} INFO - Processing /opt/airflow/dags/epl_smart_match_scraper.py took 0.154 seconds
[2026-01-18T18:47:43.770+0000] {processor.py:161} INFO - Started process (PID=44273) to work on /opt/airflow/dags/epl_smart_match_scraper.py
[2026-01-18T18:47:43.776+0000] {processor.py:830} INFO - Processing file /opt/airflow/dags/epl_smart_match_scraper.py for tasks to queue
[2026-01-18T18:47:43.778+0000] {logging_mixin.py:188} INFO - [2026-01-18T18:47:43.777+0000] {dagbag.py:538} INFO - Filling up the DagBag from /opt/airflow/dags/epl_smart_match_scraper.py
[2026-01-18T18:47:43.831+0000] {processor.py:840} INFO - DAG(s) 'epl_smart_match_scraper' retrieved from /opt/airflow/dags/epl_smart_match_scraper.py
[2026-01-18T18:47:43.862+0000] {logging_mixin.py:188} INFO - [2026-01-18T18:47:43.862+0000] {dag.py:3036} INFO - Sync 1 DAGs
[2026-01-18T18:47:43.891+0000] {logging_mixin.py:188} INFO - [2026-01-18T18:47:43.891+0000] {dag.py:3823} INFO - Setting next_dagrun for epl_smart_match_scraper to 2026-01-18 18:00:00+00:00, run_after=2026-01-18 20:00:00+00:00
[2026-01-18T18:47:43.926+0000] {processor.py:183} INFO - Processing /opt/airflow/dags/epl_smart_match_scraper.py took 0.162 seconds
[2026-01-18T18:48:14.489+0000] {processor.py:161} INFO - Started process (PID=44309) to work on /opt/airflow/dags/epl_smart_match_scraper.py
[2026-01-18T18:48:14.490+0000] {processor.py:830} INFO - Processing file /opt/airflow/dags/epl_smart_match_scraper.py for tasks to queue
[2026-01-18T18:48:14.491+0000] {logging_mixin.py:188} INFO - [2026-01-18T18:48:14.490+0000] {dagbag.py:538} INFO - Filling up the DagBag from /opt/airflow/dags/epl_smart_match_scraper.py
[2026-01-18T18:48:14.537+0000] {processor.py:840} INFO - DAG(s) 'epl_smart_match_scraper' retrieved from /opt/airflow/dags/epl_smart_match_scraper.py
[2026-01-18T18:48:14.563+0000] {logging_mixin.py:188} INFO - [2026-01-18T18:48:14.563+0000] {dag.py:3036} INFO - Sync 1 DAGs
[2026-01-18T18:48:14.591+0000] {logging_mixin.py:188} INFO - [2026-01-18T18:48:14.591+0000] {dag.py:3823} INFO - Setting next_dagrun for epl_smart_match_scraper to 2026-01-18 18:00:00+00:00, run_after=2026-01-18 20:00:00+00:00
[2026-01-18T18:48:14.627+0000] {processor.py:183} INFO - Processing /opt/airflow/dags/epl_smart_match_scraper.py took 0.142 seconds
[2026-01-18T18:48:45.199+0000] {processor.py:161} INFO - Started process (PID=44345) to work on /opt/airflow/dags/epl_smart_match_scraper.py
[2026-01-18T18:48:45.212+0000] {processor.py:830} INFO - Processing file /opt/airflow/dags/epl_smart_match_scraper.py for tasks to queue
[2026-01-18T18:48:45.213+0000] {logging_mixin.py:188} INFO - [2026-01-18T18:48:45.213+0000] {dagbag.py:538} INFO - Filling up the DagBag from /opt/airflow/dags/epl_smart_match_scraper.py
[2026-01-18T18:48:45.261+0000] {processor.py:840} INFO - DAG(s) 'epl_smart_match_scraper' retrieved from /opt/airflow/dags/epl_smart_match_scraper.py
[2026-01-18T18:48:45.287+0000] {logging_mixin.py:188} INFO - [2026-01-18T18:48:45.287+0000] {dag.py:3036} INFO - Sync 1 DAGs
[2026-01-18T18:48:45.312+0000] {logging_mixin.py:188} INFO - [2026-01-18T18:48:45.311+0000] {dag.py:3823} INFO - Setting next_dagrun for epl_smart_match_scraper to 2026-01-18 18:00:00+00:00, run_after=2026-01-18 20:00:00+00:00
[2026-01-18T18:48:45.353+0000] {processor.py:183} INFO - Processing /opt/airflow/dags/epl_smart_match_scraper.py took 0.158 seconds
[2026-01-18T18:49:15.949+0000] {processor.py:161} INFO - Started process (PID=44381) to work on /opt/airflow/dags/epl_smart_match_scraper.py
[2026-01-18T18:49:15.950+0000] {processor.py:830} INFO - Processing file /opt/airflow/dags/epl_smart_match_scraper.py for tasks to queue
[2026-01-18T18:49:15.951+0000] {logging_mixin.py:188} INFO - [2026-01-18T18:49:15.951+0000] {dagbag.py:538} INFO - Filling up the DagBag from /opt/airflow/dags/epl_smart_match_scraper.py
[2026-01-18T18:49:16.017+0000] {processor.py:840} INFO - DAG(s) 'epl_smart_match_scraper' retrieved from /opt/airflow/dags/epl_smart_match_scraper.py
[2026-01-18T18:49:16.045+0000] {logging_mixin.py:188} INFO - [2026-01-18T18:49:16.045+0000] {dag.py:3036} INFO - Sync 1 DAGs
[2026-01-18T18:49:16.070+0000] {logging_mixin.py:188} INFO - [2026-01-18T18:49:16.070+0000] {dag.py:3823} INFO - Setting next_dagrun for epl_smart_match_scraper to 2026-01-18 18:00:00+00:00, run_after=2026-01-18 20:00:00+00:00
[2026-01-18T18:49:16.258+0000] {processor.py:183} INFO - Processing /opt/airflow/dags/epl_smart_match_scraper.py took 0.314 seconds
[2026-01-18T18:49:46.423+0000] {processor.py:161} INFO - Started process (PID=44417) to work on /opt/airflow/dags/epl_smart_match_scraper.py
[2026-01-18T18:49:46.436+0000] {processor.py:830} INFO - Processing file /opt/airflow/dags/epl_smart_match_scraper.py for tasks to queue
[2026-01-18T18:49:46.439+0000] {logging_mixin.py:188} INFO - [2026-01-18T18:49:46.438+0000] {dagbag.py:538} INFO - Filling up the DagBag from /opt/airflow/dags/epl_smart_match_scraper.py
[2026-01-18T18:49:46.575+0000] {processor.py:840} INFO - DAG(s) 'epl_smart_match_scraper' retrieved from /opt/airflow/dags/epl_smart_match_scraper.py
[2026-01-18T18:49:46.642+0000] {logging_mixin.py:188} INFO - [2026-01-18T18:49:46.641+0000] {dag.py:3036} INFO - Sync 1 DAGs
[2026-01-18T18:49:46.736+0000] {logging_mixin.py:188} INFO - [2026-01-18T18:49:46.735+0000] {dag.py:3823} INFO - Setting next_dagrun for epl_smart_match_scraper to 2026-01-18 18:00:00+00:00, run_after=2026-01-18 20:00:00+00:00
[2026-01-18T18:49:47.122+0000] {processor.py:183} INFO - Processing /opt/airflow/dags/epl_smart_match_scraper.py took 0.710 seconds
[2026-01-18T18:50:17.397+0000] {processor.py:161} INFO - Started process (PID=44457) to work on /opt/airflow/dags/epl_smart_match_scraper.py
[2026-01-18T18:50:17.400+0000] {processor.py:830} INFO - Processing file /opt/airflow/dags/epl_smart_match_scraper.py for tasks to queue
[2026-01-18T18:50:17.403+0000] {logging_mixin.py:188} INFO - [2026-01-18T18:50:17.402+0000] {dagbag.py:538} INFO - Filling up the DagBag from /opt/airflow/dags/epl_smart_match_scraper.py
[2026-01-18T18:50:17.556+0000] {processor.py:840} INFO - DAG(s) 'epl_smart_match_scraper' retrieved from /opt/airflow/dags/epl_smart_match_scraper.py
[2026-01-18T18:50:17.634+0000] {logging_mixin.py:188} INFO - [2026-01-18T18:50:17.633+0000] {dag.py:3036} INFO - Sync 1 DAGs
[2026-01-18T18:50:17.696+0000] {logging_mixin.py:188} INFO - [2026-01-18T18:50:17.695+0000] {dag.py:3823} INFO - Setting next_dagrun for epl_smart_match_scraper to 2026-01-18 18:00:00+00:00, run_after=2026-01-18 20:00:00+00:00
[2026-01-18T18:50:18.055+0000] {processor.py:183} INFO - Processing /opt/airflow/dags/epl_smart_match_scraper.py took 0.671 seconds
[2026-01-18T18:50:48.146+0000] {processor.py:161} INFO - Started process (PID=44495) to work on /opt/airflow/dags/epl_smart_match_scraper.py
[2026-01-18T18:50:48.157+0000] {processor.py:830} INFO - Processing file /opt/airflow/dags/epl_smart_match_scraper.py for tasks to queue
[2026-01-18T18:50:48.161+0000] {logging_mixin.py:188} INFO - [2026-01-18T18:50:48.160+0000] {dagbag.py:538} INFO - Filling up the DagBag from /opt/airflow/dags/epl_smart_match_scraper.py
[2026-01-18T18:50:48.294+0000] {processor.py:840} INFO - DAG(s) 'epl_smart_match_scraper' retrieved from /opt/airflow/dags/epl_smart_match_scraper.py
[2026-01-18T18:50:48.365+0000] {logging_mixin.py:188} INFO - [2026-01-18T18:50:48.364+0000] {dag.py:3036} INFO - Sync 1 DAGs
[2026-01-18T18:50:48.434+0000] {logging_mixin.py:188} INFO - [2026-01-18T18:50:48.434+0000] {dag.py:3823} INFO - Setting next_dagrun for epl_smart_match_scraper to 2026-01-18 18:00:00+00:00, run_after=2026-01-18 20:00:00+00:00
[2026-01-18T18:50:48.831+0000] {processor.py:183} INFO - Processing /opt/airflow/dags/epl_smart_match_scraper.py took 0.694 seconds
[2026-01-18T18:51:19.251+0000] {processor.py:161} INFO - Started process (PID=44531) to work on /opt/airflow/dags/epl_smart_match_scraper.py
[2026-01-18T18:51:19.254+0000] {processor.py:830} INFO - Processing file /opt/airflow/dags/epl_smart_match_scraper.py for tasks to queue
[2026-01-18T18:51:19.257+0000] {logging_mixin.py:188} INFO - [2026-01-18T18:51:19.256+0000] {dagbag.py:538} INFO - Filling up the DagBag from /opt/airflow/dags/epl_smart_match_scraper.py
[2026-01-18T18:51:19.397+0000] {processor.py:840} INFO - DAG(s) 'epl_smart_match_scraper' retrieved from /opt/airflow/dags/epl_smart_match_scraper.py
[2026-01-18T18:51:19.476+0000] {logging_mixin.py:188} INFO - [2026-01-18T18:51:19.475+0000] {dag.py:3036} INFO - Sync 1 DAGs
[2026-01-18T18:51:19.560+0000] {logging_mixin.py:188} INFO - [2026-01-18T18:51:19.560+0000] {dag.py:3823} INFO - Setting next_dagrun for epl_smart_match_scraper to 2026-01-18 18:00:00+00:00, run_after=2026-01-18 20:00:00+00:00
[2026-01-18T18:51:19.910+0000] {processor.py:183} INFO - Processing /opt/airflow/dags/epl_smart_match_scraper.py took 0.670 seconds
[2026-01-18T18:51:50.613+0000] {processor.py:161} INFO - Started process (PID=44567) to work on /opt/airflow/dags/epl_smart_match_scraper.py
[2026-01-18T18:51:50.619+0000] {processor.py:830} INFO - Processing file /opt/airflow/dags/epl_smart_match_scraper.py for tasks to queue
[2026-01-18T18:51:50.622+0000] {logging_mixin.py:188} INFO - [2026-01-18T18:51:50.621+0000] {dagbag.py:538} INFO - Filling up the DagBag from /opt/airflow/dags/epl_smart_match_scraper.py
[2026-01-18T18:51:50.762+0000] {processor.py:840} INFO - DAG(s) 'epl_smart_match_scraper' retrieved from /opt/airflow/dags/epl_smart_match_scraper.py
[2026-01-18T18:51:50.830+0000] {logging_mixin.py:188} INFO - [2026-01-18T18:51:50.829+0000] {dag.py:3036} INFO - Sync 1 DAGs
[2026-01-18T18:51:50.891+0000] {logging_mixin.py:188} INFO - [2026-01-18T18:51:50.891+0000] {dag.py:3823} INFO - Setting next_dagrun for epl_smart_match_scraper to 2026-01-18 18:00:00+00:00, run_after=2026-01-18 20:00:00+00:00
[2026-01-18T18:51:51.234+0000] {processor.py:183} INFO - Processing /opt/airflow/dags/epl_smart_match_scraper.py took 0.633 seconds
[2026-01-18T18:52:21.929+0000] {processor.py:161} INFO - Started process (PID=44603) to work on /opt/airflow/dags/epl_smart_match_scraper.py
[2026-01-18T18:52:21.931+0000] {processor.py:830} INFO - Processing file /opt/airflow/dags/epl_smart_match_scraper.py for tasks to queue
[2026-01-18T18:52:21.934+0000] {logging_mixin.py:188} INFO - [2026-01-18T18:52:21.932+0000] {dagbag.py:538} INFO - Filling up the DagBag from /opt/airflow/dags/epl_smart_match_scraper.py
[2026-01-18T18:52:22.339+0000] {processor.py:840} INFO - DAG(s) 'epl_smart_match_scraper' retrieved from /opt/airflow/dags/epl_smart_match_scraper.py
[2026-01-18T18:52:22.403+0000] {logging_mixin.py:188} INFO - [2026-01-18T18:52:22.402+0000] {dag.py:3036} INFO - Sync 1 DAGs
[2026-01-18T18:52:22.463+0000] {logging_mixin.py:188} INFO - [2026-01-18T18:52:22.463+0000] {dag.py:3823} INFO - Setting next_dagrun for epl_smart_match_scraper to 2026-01-18 18:00:00+00:00, run_after=2026-01-18 20:00:00+00:00
[2026-01-18T18:52:22.539+0000] {processor.py:183} INFO - Processing /opt/airflow/dags/epl_smart_match_scraper.py took 0.621 seconds
[2026-01-18T18:52:52.774+0000] {processor.py:161} INFO - Started process (PID=44639) to work on /opt/airflow/dags/epl_smart_match_scraper.py
[2026-01-18T18:52:52.784+0000] {processor.py:830} INFO - Processing file /opt/airflow/dags/epl_smart_match_scraper.py for tasks to queue
[2026-01-18T18:52:52.787+0000] {logging_mixin.py:188} INFO - [2026-01-18T18:52:52.786+0000] {dagbag.py:538} INFO - Filling up the DagBag from /opt/airflow/dags/epl_smart_match_scraper.py
[2026-01-18T18:52:53.225+0000] {processor.py:840} INFO - DAG(s) 'epl_smart_match_scraper' retrieved from /opt/airflow/dags/epl_smart_match_scraper.py
[2026-01-18T18:52:53.282+0000] {logging_mixin.py:188} INFO - [2026-01-18T18:52:53.282+0000] {dag.py:3036} INFO - Sync 1 DAGs
[2026-01-18T18:52:53.338+0000] {logging_mixin.py:188} INFO - [2026-01-18T18:52:53.338+0000] {dag.py:3823} INFO - Setting next_dagrun for epl_smart_match_scraper to 2026-01-18 18:00:00+00:00, run_after=2026-01-18 20:00:00+00:00
[2026-01-18T18:52:54.409+0000] {processor.py:183} INFO - Processing /opt/airflow/dags/epl_smart_match_scraper.py took 1.646 seconds
[2026-01-18T18:53:24.655+0000] {processor.py:161} INFO - Started process (PID=44681) to work on /opt/airflow/dags/epl_smart_match_scraper.py
[2026-01-18T18:53:24.657+0000] {processor.py:830} INFO - Processing file /opt/airflow/dags/epl_smart_match_scraper.py for tasks to queue
[2026-01-18T18:53:24.660+0000] {logging_mixin.py:188} INFO - [2026-01-18T18:53:24.659+0000] {dagbag.py:538} INFO - Filling up the DagBag from /opt/airflow/dags/epl_smart_match_scraper.py
[2026-01-18T18:53:24.815+0000] {processor.py:840} INFO - DAG(s) 'epl_smart_match_scraper' retrieved from /opt/airflow/dags/epl_smart_match_scraper.py
[2026-01-18T18:53:24.890+0000] {logging_mixin.py:188} INFO - [2026-01-18T18:53:24.889+0000] {dag.py:3036} INFO - Sync 1 DAGs
[2026-01-18T18:53:24.967+0000] {logging_mixin.py:188} INFO - [2026-01-18T18:53:24.966+0000] {dag.py:3823} INFO - Setting next_dagrun for epl_smart_match_scraper to 2026-01-18 18:00:00+00:00, run_after=2026-01-18 20:00:00+00:00
[2026-01-18T18:53:25.029+0000] {processor.py:183} INFO - Processing /opt/airflow/dags/epl_smart_match_scraper.py took 0.386 seconds
[2026-01-18T18:53:55.707+0000] {processor.py:161} INFO - Started process (PID=44717) to work on /opt/airflow/dags/epl_smart_match_scraper.py
[2026-01-18T18:53:55.806+0000] {processor.py:830} INFO - Processing file /opt/airflow/dags/epl_smart_match_scraper.py for tasks to queue
[2026-01-18T18:53:55.807+0000] {logging_mixin.py:188} INFO - [2026-01-18T18:53:55.806+0000] {dagbag.py:538} INFO - Filling up the DagBag from /opt/airflow/dags/epl_smart_match_scraper.py
[2026-01-18T18:53:55.915+0000] {processor.py:840} INFO - DAG(s) 'epl_smart_match_scraper' retrieved from /opt/airflow/dags/epl_smart_match_scraper.py
[2026-01-18T18:53:55.981+0000] {logging_mixin.py:188} INFO - [2026-01-18T18:53:55.980+0000] {dag.py:3036} INFO - Sync 1 DAGs
[2026-01-18T18:53:56.062+0000] {logging_mixin.py:188} INFO - [2026-01-18T18:53:56.061+0000] {dag.py:3823} INFO - Setting next_dagrun for epl_smart_match_scraper to 2026-01-18 18:00:00+00:00, run_after=2026-01-18 20:00:00+00:00
[2026-01-18T18:53:56.942+0000] {processor.py:183} INFO - Processing /opt/airflow/dags/epl_smart_match_scraper.py took 1.247 seconds
[2026-01-18T18:54:27.048+0000] {processor.py:161} INFO - Started process (PID=44753) to work on /opt/airflow/dags/epl_smart_match_scraper.py
[2026-01-18T18:54:27.770+0000] {processor.py:830} INFO - Processing file /opt/airflow/dags/epl_smart_match_scraper.py for tasks to queue
[2026-01-18T18:54:27.774+0000] {logging_mixin.py:188} INFO - [2026-01-18T18:54:27.772+0000] {dagbag.py:538} INFO - Filling up the DagBag from /opt/airflow/dags/epl_smart_match_scraper.py
[2026-01-18T18:54:27.925+0000] {processor.py:840} INFO - DAG(s) 'epl_smart_match_scraper' retrieved from /opt/airflow/dags/epl_smart_match_scraper.py
[2026-01-18T18:54:28.007+0000] {logging_mixin.py:188} INFO - [2026-01-18T18:54:28.006+0000] {dag.py:3036} INFO - Sync 1 DAGs
[2026-01-18T18:54:28.067+0000] {logging_mixin.py:188} INFO - [2026-01-18T18:54:28.066+0000] {dag.py:3823} INFO - Setting next_dagrun for epl_smart_match_scraper to 2026-01-18 18:00:00+00:00, run_after=2026-01-18 20:00:00+00:00
[2026-01-18T18:54:28.247+0000] {processor.py:183} INFO - Processing /opt/airflow/dags/epl_smart_match_scraper.py took 1.211 seconds
[2026-01-18T18:54:58.332+0000] {processor.py:161} INFO - Started process (PID=44789) to work on /opt/airflow/dags/epl_smart_match_scraper.py
[2026-01-18T18:54:58.334+0000] {processor.py:830} INFO - Processing file /opt/airflow/dags/epl_smart_match_scraper.py for tasks to queue
[2026-01-18T18:54:58.336+0000] {logging_mixin.py:188} INFO - [2026-01-18T18:54:58.335+0000] {dagbag.py:538} INFO - Filling up the DagBag from /opt/airflow/dags/epl_smart_match_scraper.py
[2026-01-18T18:54:58.476+0000] {processor.py:840} INFO - DAG(s) 'epl_smart_match_scraper' retrieved from /opt/airflow/dags/epl_smart_match_scraper.py
[2026-01-18T18:54:58.547+0000] {logging_mixin.py:188} INFO - [2026-01-18T18:54:58.546+0000] {dag.py:3036} INFO - Sync 1 DAGs
[2026-01-18T18:54:58.631+0000] {logging_mixin.py:188} INFO - [2026-01-18T18:54:58.630+0000] {dag.py:3823} INFO - Setting next_dagrun for epl_smart_match_scraper to 2026-01-18 18:00:00+00:00, run_after=2026-01-18 20:00:00+00:00
[2026-01-18T18:54:58.836+0000] {processor.py:183} INFO - Processing /opt/airflow/dags/epl_smart_match_scraper.py took 0.513 seconds
[2026-01-18T18:55:29.041+0000] {processor.py:161} INFO - Started process (PID=44825) to work on /opt/airflow/dags/epl_smart_match_scraper.py
[2026-01-18T18:55:29.137+0000] {processor.py:830} INFO - Processing file /opt/airflow/dags/epl_smart_match_scraper.py for tasks to queue
[2026-01-18T18:55:29.141+0000] {logging_mixin.py:188} INFO - [2026-01-18T18:55:29.140+0000] {dagbag.py:538} INFO - Filling up the DagBag from /opt/airflow/dags/epl_smart_match_scraper.py
[2026-01-18T18:55:29.286+0000] {processor.py:840} INFO - DAG(s) 'epl_smart_match_scraper' retrieved from /opt/airflow/dags/epl_smart_match_scraper.py
[2026-01-18T18:55:29.349+0000] {logging_mixin.py:188} INFO - [2026-01-18T18:55:29.348+0000] {dag.py:3036} INFO - Sync 1 DAGs
[2026-01-18T18:55:29.431+0000] {logging_mixin.py:188} INFO - [2026-01-18T18:55:29.430+0000] {dag.py:3823} INFO - Setting next_dagrun for epl_smart_match_scraper to 2026-01-18 18:00:00+00:00, run_after=2026-01-18 20:00:00+00:00
[2026-01-18T18:55:29.512+0000] {processor.py:183} INFO - Processing /opt/airflow/dags/epl_smart_match_scraper.py took 0.485 seconds
[2026-01-18T18:55:59.925+0000] {processor.py:161} INFO - Started process (PID=44861) to work on /opt/airflow/dags/epl_smart_match_scraper.py
[2026-01-18T18:55:59.928+0000] {processor.py:830} INFO - Processing file /opt/airflow/dags/epl_smart_match_scraper.py for tasks to queue
[2026-01-18T18:55:59.932+0000] {logging_mixin.py:188} INFO - [2026-01-18T18:55:59.930+0000] {dagbag.py:538} INFO - Filling up the DagBag from /opt/airflow/dags/epl_smart_match_scraper.py
[2026-01-18T18:56:00.059+0000] {processor.py:840} INFO - DAG(s) 'epl_smart_match_scraper' retrieved from /opt/airflow/dags/epl_smart_match_scraper.py
[2026-01-18T18:56:00.140+0000] {logging_mixin.py:188} INFO - [2026-01-18T18:56:00.139+0000] {dag.py:3036} INFO - Sync 1 DAGs
[2026-01-18T18:56:00.225+0000] {logging_mixin.py:188} INFO - [2026-01-18T18:56:00.224+0000] {dag.py:3823} INFO - Setting next_dagrun for epl_smart_match_scraper to 2026-01-18 18:00:00+00:00, run_after=2026-01-18 20:00:00+00:00
[2026-01-18T18:56:00.302+0000] {processor.py:183} INFO - Processing /opt/airflow/dags/epl_smart_match_scraper.py took 0.389 seconds
[2026-01-18T18:56:30.467+0000] {processor.py:161} INFO - Started process (PID=44897) to work on /opt/airflow/dags/epl_smart_match_scraper.py
[2026-01-18T18:56:30.504+0000] {processor.py:830} INFO - Processing file /opt/airflow/dags/epl_smart_match_scraper.py for tasks to queue
[2026-01-18T18:56:30.506+0000] {logging_mixin.py:188} INFO - [2026-01-18T18:56:30.505+0000] {dagbag.py:538} INFO - Filling up the DagBag from /opt/airflow/dags/epl_smart_match_scraper.py
[2026-01-18T18:56:30.634+0000] {processor.py:840} INFO - DAG(s) 'epl_smart_match_scraper' retrieved from /opt/airflow/dags/epl_smart_match_scraper.py
[2026-01-18T18:56:30.698+0000] {logging_mixin.py:188} INFO - [2026-01-18T18:56:30.697+0000] {dag.py:3036} INFO - Sync 1 DAGs
[2026-01-18T18:56:30.762+0000] {logging_mixin.py:188} INFO - [2026-01-18T18:56:30.762+0000] {dag.py:3823} INFO - Setting next_dagrun for epl_smart_match_scraper to 2026-01-18 18:00:00+00:00, run_after=2026-01-18 20:00:00+00:00
[2026-01-18T18:56:30.824+0000] {processor.py:183} INFO - Processing /opt/airflow/dags/epl_smart_match_scraper.py took 0.363 seconds
[2026-01-18T18:57:01.627+0000] {processor.py:161} INFO - Started process (PID=44933) to work on /opt/airflow/dags/epl_smart_match_scraper.py
[2026-01-18T18:57:01.629+0000] {processor.py:830} INFO - Processing file /opt/airflow/dags/epl_smart_match_scraper.py for tasks to queue
[2026-01-18T18:57:01.632+0000] {logging_mixin.py:188} INFO - [2026-01-18T18:57:01.631+0000] {dagbag.py:538} INFO - Filling up the DagBag from /opt/airflow/dags/epl_smart_match_scraper.py
[2026-01-18T18:57:01.764+0000] {processor.py:840} INFO - DAG(s) 'epl_smart_match_scraper' retrieved from /opt/airflow/dags/epl_smart_match_scraper.py
[2026-01-18T18:57:01.850+0000] {logging_mixin.py:188} INFO - [2026-01-18T18:57:01.849+0000] {dag.py:3036} INFO - Sync 1 DAGs
[2026-01-18T18:57:01.922+0000] {logging_mixin.py:188} INFO - [2026-01-18T18:57:01.921+0000] {dag.py:3823} INFO - Setting next_dagrun for epl_smart_match_scraper to 2026-01-18 18:00:00+00:00, run_after=2026-01-18 20:00:00+00:00
[2026-01-18T18:57:01.996+0000] {processor.py:183} INFO - Processing /opt/airflow/dags/epl_smart_match_scraper.py took 0.378 seconds
[2026-01-18T18:57:32.405+0000] {processor.py:161} INFO - Started process (PID=44969) to work on /opt/airflow/dags/epl_smart_match_scraper.py
[2026-01-18T18:57:32.420+0000] {processor.py:830} INFO - Processing file /opt/airflow/dags/epl_smart_match_scraper.py for tasks to queue
[2026-01-18T18:57:32.423+0000] {logging_mixin.py:188} INFO - [2026-01-18T18:57:32.422+0000] {dagbag.py:538} INFO - Filling up the DagBag from /opt/airflow/dags/epl_smart_match_scraper.py
[2026-01-18T18:57:32.571+0000] {processor.py:840} INFO - DAG(s) 'epl_smart_match_scraper' retrieved from /opt/airflow/dags/epl_smart_match_scraper.py
[2026-01-18T18:57:32.631+0000] {logging_mixin.py:188} INFO - [2026-01-18T18:57:32.631+0000] {dag.py:3036} INFO - Sync 1 DAGs
[2026-01-18T18:57:32.699+0000] {logging_mixin.py:188} INFO - [2026-01-18T18:57:32.698+0000] {dag.py:3823} INFO - Setting next_dagrun for epl_smart_match_scraper to 2026-01-18 18:00:00+00:00, run_after=2026-01-18 20:00:00+00:00
[2026-01-18T18:57:32.775+0000] {processor.py:183} INFO - Processing /opt/airflow/dags/epl_smart_match_scraper.py took 0.377 seconds
[2026-01-18T18:58:02.941+0000] {processor.py:161} INFO - Started process (PID=45005) to work on /opt/airflow/dags/epl_smart_match_scraper.py
[2026-01-18T18:58:02.943+0000] {processor.py:830} INFO - Processing file /opt/airflow/dags/epl_smart_match_scraper.py for tasks to queue
[2026-01-18T18:58:02.946+0000] {logging_mixin.py:188} INFO - [2026-01-18T18:58:02.945+0000] {dagbag.py:538} INFO - Filling up the DagBag from /opt/airflow/dags/epl_smart_match_scraper.py
[2026-01-18T18:58:03.084+0000] {processor.py:840} INFO - DAG(s) 'epl_smart_match_scraper' retrieved from /opt/airflow/dags/epl_smart_match_scraper.py
[2026-01-18T18:58:03.174+0000] {logging_mixin.py:188} INFO - [2026-01-18T18:58:03.174+0000] {dag.py:3036} INFO - Sync 1 DAGs
[2026-01-18T18:58:03.238+0000] {logging_mixin.py:188} INFO - [2026-01-18T18:58:03.237+0000] {dag.py:3823} INFO - Setting next_dagrun for epl_smart_match_scraper to 2026-01-18 18:00:00+00:00, run_after=2026-01-18 20:00:00+00:00
[2026-01-18T18:58:03.324+0000] {processor.py:183} INFO - Processing /opt/airflow/dags/epl_smart_match_scraper.py took 0.391 seconds
[2026-01-18T18:58:33.503+0000] {processor.py:161} INFO - Started process (PID=45041) to work on /opt/airflow/dags/epl_smart_match_scraper.py
[2026-01-18T18:58:33.516+0000] {processor.py:830} INFO - Processing file /opt/airflow/dags/epl_smart_match_scraper.py for tasks to queue
[2026-01-18T18:58:33.518+0000] {logging_mixin.py:188} INFO - [2026-01-18T18:58:33.518+0000] {dagbag.py:538} INFO - Filling up the DagBag from /opt/airflow/dags/epl_smart_match_scraper.py
[2026-01-18T18:58:33.654+0000] {processor.py:840} INFO - DAG(s) 'epl_smart_match_scraper' retrieved from /opt/airflow/dags/epl_smart_match_scraper.py
[2026-01-18T18:58:33.713+0000] {logging_mixin.py:188} INFO - [2026-01-18T18:58:33.713+0000] {dag.py:3036} INFO - Sync 1 DAGs
[2026-01-18T18:58:33.773+0000] {logging_mixin.py:188} INFO - [2026-01-18T18:58:33.773+0000] {dag.py:3823} INFO - Setting next_dagrun for epl_smart_match_scraper to 2026-01-18 18:00:00+00:00, run_after=2026-01-18 20:00:00+00:00
[2026-01-18T18:58:33.843+0000] {processor.py:183} INFO - Processing /opt/airflow/dags/epl_smart_match_scraper.py took 0.348 seconds
[2026-01-18T18:59:04.325+0000] {processor.py:161} INFO - Started process (PID=45077) to work on /opt/airflow/dags/epl_smart_match_scraper.py
[2026-01-18T18:59:04.326+0000] {processor.py:830} INFO - Processing file /opt/airflow/dags/epl_smart_match_scraper.py for tasks to queue
[2026-01-18T18:59:04.328+0000] {logging_mixin.py:188} INFO - [2026-01-18T18:59:04.327+0000] {dagbag.py:538} INFO - Filling up the DagBag from /opt/airflow/dags/epl_smart_match_scraper.py
[2026-01-18T18:59:04.411+0000] {processor.py:840} INFO - DAG(s) 'epl_smart_match_scraper' retrieved from /opt/airflow/dags/epl_smart_match_scraper.py
[2026-01-18T18:59:04.451+0000] {logging_mixin.py:188} INFO - [2026-01-18T18:59:04.450+0000] {dag.py:3036} INFO - Sync 1 DAGs
[2026-01-18T18:59:04.487+0000] {logging_mixin.py:188} INFO - [2026-01-18T18:59:04.486+0000] {dag.py:3823} INFO - Setting next_dagrun for epl_smart_match_scraper to 2026-01-18 18:00:00+00:00, run_after=2026-01-18 20:00:00+00:00
[2026-01-18T18:59:04.532+0000] {processor.py:183} INFO - Processing /opt/airflow/dags/epl_smart_match_scraper.py took 0.210 seconds
[2026-01-18T18:59:35.024+0000] {processor.py:161} INFO - Started process (PID=45113) to work on /opt/airflow/dags/epl_smart_match_scraper.py
[2026-01-18T18:59:35.033+0000] {processor.py:830} INFO - Processing file /opt/airflow/dags/epl_smart_match_scraper.py for tasks to queue
[2026-01-18T18:59:35.034+0000] {logging_mixin.py:188} INFO - [2026-01-18T18:59:35.034+0000] {dagbag.py:538} INFO - Filling up the DagBag from /opt/airflow/dags/epl_smart_match_scraper.py
[2026-01-18T18:59:35.088+0000] {processor.py:840} INFO - DAG(s) 'epl_smart_match_scraper' retrieved from /opt/airflow/dags/epl_smart_match_scraper.py
[2026-01-18T18:59:35.118+0000] {logging_mixin.py:188} INFO - [2026-01-18T18:59:35.118+0000] {dag.py:3036} INFO - Sync 1 DAGs
[2026-01-18T18:59:35.152+0000] {logging_mixin.py:188} INFO - [2026-01-18T18:59:35.152+0000] {dag.py:3823} INFO - Setting next_dagrun for epl_smart_match_scraper to 2026-01-18 18:00:00+00:00, run_after=2026-01-18 20:00:00+00:00
[2026-01-18T18:59:35.194+0000] {processor.py:183} INFO - Processing /opt/airflow/dags/epl_smart_match_scraper.py took 0.174 seconds
[2026-01-18T19:00:05.688+0000] {processor.py:161} INFO - Started process (PID=45153) to work on /opt/airflow/dags/epl_smart_match_scraper.py
[2026-01-18T19:00:05.689+0000] {processor.py:830} INFO - Processing file /opt/airflow/dags/epl_smart_match_scraper.py for tasks to queue
[2026-01-18T19:00:05.691+0000] {logging_mixin.py:188} INFO - [2026-01-18T19:00:05.690+0000] {dagbag.py:538} INFO - Filling up the DagBag from /opt/airflow/dags/epl_smart_match_scraper.py
[2026-01-18T19:00:05.738+0000] {processor.py:840} INFO - DAG(s) 'epl_smart_match_scraper' retrieved from /opt/airflow/dags/epl_smart_match_scraper.py
[2026-01-18T19:00:05.764+0000] {logging_mixin.py:188} INFO - [2026-01-18T19:00:05.764+0000] {dag.py:3036} INFO - Sync 1 DAGs
[2026-01-18T19:00:05.788+0000] {logging_mixin.py:188} INFO - [2026-01-18T19:00:05.788+0000] {dag.py:3823} INFO - Setting next_dagrun for epl_smart_match_scraper to 2026-01-18 18:00:00+00:00, run_after=2026-01-18 20:00:00+00:00
[2026-01-18T19:00:05.825+0000] {processor.py:183} INFO - Processing /opt/airflow/dags/epl_smart_match_scraper.py took 0.142 seconds
[2026-01-18T19:00:36.302+0000] {processor.py:161} INFO - Started process (PID=45191) to work on /opt/airflow/dags/epl_smart_match_scraper.py
[2026-01-18T19:00:36.311+0000] {processor.py:830} INFO - Processing file /opt/airflow/dags/epl_smart_match_scraper.py for tasks to queue
[2026-01-18T19:00:36.312+0000] {logging_mixin.py:188} INFO - [2026-01-18T19:00:36.311+0000] {dagbag.py:538} INFO - Filling up the DagBag from /opt/airflow/dags/epl_smart_match_scraper.py
[2026-01-18T19:00:36.367+0000] {processor.py:840} INFO - DAG(s) 'epl_smart_match_scraper' retrieved from /opt/airflow/dags/epl_smart_match_scraper.py
[2026-01-18T19:00:36.397+0000] {logging_mixin.py:188} INFO - [2026-01-18T19:00:36.396+0000] {dag.py:3036} INFO - Sync 1 DAGs
[2026-01-18T19:00:36.425+0000] {logging_mixin.py:188} INFO - [2026-01-18T19:00:36.425+0000] {dag.py:3823} INFO - Setting next_dagrun for epl_smart_match_scraper to 2026-01-18 18:00:00+00:00, run_after=2026-01-18 20:00:00+00:00
[2026-01-18T19:00:36.462+0000] {processor.py:183} INFO - Processing /opt/airflow/dags/epl_smart_match_scraper.py took 0.164 seconds
[2026-01-18T19:01:07.059+0000] {processor.py:161} INFO - Started process (PID=45227) to work on /opt/airflow/dags/epl_smart_match_scraper.py
[2026-01-18T19:01:07.060+0000] {processor.py:830} INFO - Processing file /opt/airflow/dags/epl_smart_match_scraper.py for tasks to queue
[2026-01-18T19:01:07.061+0000] {logging_mixin.py:188} INFO - [2026-01-18T19:01:07.060+0000] {dagbag.py:538} INFO - Filling up the DagBag from /opt/airflow/dags/epl_smart_match_scraper.py
[2026-01-18T19:01:07.121+0000] {processor.py:840} INFO - DAG(s) 'epl_smart_match_scraper' retrieved from /opt/airflow/dags/epl_smart_match_scraper.py
[2026-01-18T19:01:07.150+0000] {logging_mixin.py:188} INFO - [2026-01-18T19:01:07.150+0000] {dag.py:3036} INFO - Sync 1 DAGs
[2026-01-18T19:01:07.174+0000] {logging_mixin.py:188} INFO - [2026-01-18T19:01:07.174+0000] {dag.py:3823} INFO - Setting next_dagrun for epl_smart_match_scraper to 2026-01-18 18:00:00+00:00, run_after=2026-01-18 20:00:00+00:00
[2026-01-18T19:01:08.126+0000] {processor.py:183} INFO - Processing /opt/airflow/dags/epl_smart_match_scraper.py took 1.071 seconds
[2026-01-18T19:01:38.649+0000] {processor.py:161} INFO - Started process (PID=45263) to work on /opt/airflow/dags/epl_smart_match_scraper.py
[2026-01-18T19:01:38.683+0000] {processor.py:830} INFO - Processing file /opt/airflow/dags/epl_smart_match_scraper.py for tasks to queue
[2026-01-18T19:01:38.684+0000] {logging_mixin.py:188} INFO - [2026-01-18T19:01:38.684+0000] {dagbag.py:538} INFO - Filling up the DagBag from /opt/airflow/dags/epl_smart_match_scraper.py
[2026-01-18T19:01:38.738+0000] {processor.py:840} INFO - DAG(s) 'epl_smart_match_scraper' retrieved from /opt/airflow/dags/epl_smart_match_scraper.py
[2026-01-18T19:01:38.768+0000] {logging_mixin.py:188} INFO - [2026-01-18T19:01:38.767+0000] {dag.py:3036} INFO - Sync 1 DAGs
[2026-01-18T19:01:38.792+0000] {logging_mixin.py:188} INFO - [2026-01-18T19:01:38.792+0000] {dag.py:3823} INFO - Setting next_dagrun for epl_smart_match_scraper to 2026-01-18 18:00:00+00:00, run_after=2026-01-18 20:00:00+00:00
[2026-01-18T19:01:38.826+0000] {processor.py:183} INFO - Processing /opt/airflow/dags/epl_smart_match_scraper.py took 0.183 seconds
[2026-01-18T19:02:09.391+0000] {processor.py:161} INFO - Started process (PID=45299) to work on /opt/airflow/dags/epl_smart_match_scraper.py
[2026-01-18T19:02:09.392+0000] {processor.py:830} INFO - Processing file /opt/airflow/dags/epl_smart_match_scraper.py for tasks to queue
[2026-01-18T19:02:09.392+0000] {logging_mixin.py:188} INFO - [2026-01-18T19:02:09.392+0000] {dagbag.py:538} INFO - Filling up the DagBag from /opt/airflow/dags/epl_smart_match_scraper.py
[2026-01-18T19:02:09.446+0000] {processor.py:840} INFO - DAG(s) 'epl_smart_match_scraper' retrieved from /opt/airflow/dags/epl_smart_match_scraper.py
[2026-01-18T19:02:09.472+0000] {logging_mixin.py:188} INFO - [2026-01-18T19:02:09.472+0000] {dag.py:3036} INFO - Sync 1 DAGs
[2026-01-18T19:02:09.495+0000] {logging_mixin.py:188} INFO - [2026-01-18T19:02:09.495+0000] {dag.py:3823} INFO - Setting next_dagrun for epl_smart_match_scraper to 2026-01-18 18:00:00+00:00, run_after=2026-01-18 20:00:00+00:00
[2026-01-18T19:02:09.917+0000] {processor.py:183} INFO - Processing /opt/airflow/dags/epl_smart_match_scraper.py took 0.530 seconds
[2026-01-18T19:02:40.699+0000] {processor.py:161} INFO - Started process (PID=45335) to work on /opt/airflow/dags/epl_smart_match_scraper.py
[2026-01-18T19:02:40.719+0000] {processor.py:830} INFO - Processing file /opt/airflow/dags/epl_smart_match_scraper.py for tasks to queue
[2026-01-18T19:02:40.721+0000] {logging_mixin.py:188} INFO - [2026-01-18T19:02:40.720+0000] {dagbag.py:538} INFO - Filling up the DagBag from /opt/airflow/dags/epl_smart_match_scraper.py
[2026-01-18T19:02:40.776+0000] {processor.py:840} INFO - DAG(s) 'epl_smart_match_scraper' retrieved from /opt/airflow/dags/epl_smart_match_scraper.py
[2026-01-18T19:02:40.803+0000] {logging_mixin.py:188} INFO - [2026-01-18T19:02:40.803+0000] {dag.py:3036} INFO - Sync 1 DAGs
[2026-01-18T19:02:40.826+0000] {logging_mixin.py:188} INFO - [2026-01-18T19:02:40.826+0000] {dag.py:3823} INFO - Setting next_dagrun for epl_smart_match_scraper to 2026-01-18 18:00:00+00:00, run_after=2026-01-18 20:00:00+00:00
[2026-01-18T19:02:40.864+0000] {processor.py:183} INFO - Processing /opt/airflow/dags/epl_smart_match_scraper.py took 0.168 seconds
[2026-01-18T19:03:11.022+0000] {processor.py:161} INFO - Started process (PID=45371) to work on /opt/airflow/dags/epl_smart_match_scraper.py
[2026-01-18T19:03:11.022+0000] {processor.py:830} INFO - Processing file /opt/airflow/dags/epl_smart_match_scraper.py for tasks to queue
[2026-01-18T19:03:11.023+0000] {logging_mixin.py:188} INFO - [2026-01-18T19:03:11.023+0000] {dagbag.py:538} INFO - Filling up the DagBag from /opt/airflow/dags/epl_smart_match_scraper.py
[2026-01-18T19:03:11.109+0000] {processor.py:840} INFO - DAG(s) 'epl_smart_match_scraper' retrieved from /opt/airflow/dags/epl_smart_match_scraper.py
[2026-01-18T19:03:11.141+0000] {logging_mixin.py:188} INFO - [2026-01-18T19:03:11.141+0000] {dag.py:3036} INFO - Sync 1 DAGs
[2026-01-18T19:03:11.179+0000] {logging_mixin.py:188} INFO - [2026-01-18T19:03:11.178+0000] {dag.py:3823} INFO - Setting next_dagrun for epl_smart_match_scraper to 2026-01-18 18:00:00+00:00, run_after=2026-01-18 20:00:00+00:00
[2026-01-18T19:03:11.219+0000] {processor.py:183} INFO - Processing /opt/airflow/dags/epl_smart_match_scraper.py took 0.201 seconds
[2026-01-18T19:03:41.722+0000] {processor.py:161} INFO - Started process (PID=45407) to work on /opt/airflow/dags/epl_smart_match_scraper.py
[2026-01-18T19:03:41.728+0000] {processor.py:830} INFO - Processing file /opt/airflow/dags/epl_smart_match_scraper.py for tasks to queue
[2026-01-18T19:03:41.730+0000] {logging_mixin.py:188} INFO - [2026-01-18T19:03:41.729+0000] {dagbag.py:538} INFO - Filling up the DagBag from /opt/airflow/dags/epl_smart_match_scraper.py
[2026-01-18T19:03:41.796+0000] {processor.py:840} INFO - DAG(s) 'epl_smart_match_scraper' retrieved from /opt/airflow/dags/epl_smart_match_scraper.py
[2026-01-18T19:03:41.830+0000] {logging_mixin.py:188} INFO - [2026-01-18T19:03:41.829+0000] {dag.py:3036} INFO - Sync 1 DAGs
[2026-01-18T19:03:41.857+0000] {logging_mixin.py:188} INFO - [2026-01-18T19:03:41.857+0000] {dag.py:3823} INFO - Setting next_dagrun for epl_smart_match_scraper to 2026-01-18 18:00:00+00:00, run_after=2026-01-18 20:00:00+00:00
[2026-01-18T19:03:41.900+0000] {processor.py:183} INFO - Processing /opt/airflow/dags/epl_smart_match_scraper.py took 0.183 seconds
[2026-01-18T19:04:12.476+0000] {processor.py:161} INFO - Started process (PID=45443) to work on /opt/airflow/dags/epl_smart_match_scraper.py
[2026-01-18T19:04:12.477+0000] {processor.py:830} INFO - Processing file /opt/airflow/dags/epl_smart_match_scraper.py for tasks to queue
[2026-01-18T19:04:12.478+0000] {logging_mixin.py:188} INFO - [2026-01-18T19:04:12.478+0000] {dagbag.py:538} INFO - Filling up the DagBag from /opt/airflow/dags/epl_smart_match_scraper.py
[2026-01-18T19:04:12.528+0000] {processor.py:840} INFO - DAG(s) 'epl_smart_match_scraper' retrieved from /opt/airflow/dags/epl_smart_match_scraper.py
[2026-01-18T19:04:12.555+0000] {logging_mixin.py:188} INFO - [2026-01-18T19:04:12.555+0000] {dag.py:3036} INFO - Sync 1 DAGs
[2026-01-18T19:04:12.580+0000] {logging_mixin.py:188} INFO - [2026-01-18T19:04:12.580+0000] {dag.py:3823} INFO - Setting next_dagrun for epl_smart_match_scraper to 2026-01-18 18:00:00+00:00, run_after=2026-01-18 20:00:00+00:00
[2026-01-18T19:04:12.621+0000] {processor.py:183} INFO - Processing /opt/airflow/dags/epl_smart_match_scraper.py took 0.151 seconds
[2026-01-18T19:04:43.180+0000] {processor.py:161} INFO - Started process (PID=45479) to work on /opt/airflow/dags/epl_smart_match_scraper.py
[2026-01-18T19:04:43.189+0000] {processor.py:830} INFO - Processing file /opt/airflow/dags/epl_smart_match_scraper.py for tasks to queue
[2026-01-18T19:04:43.191+0000] {logging_mixin.py:188} INFO - [2026-01-18T19:04:43.190+0000] {dagbag.py:538} INFO - Filling up the DagBag from /opt/airflow/dags/epl_smart_match_scraper.py
[2026-01-18T19:04:43.242+0000] {processor.py:840} INFO - DAG(s) 'epl_smart_match_scraper' retrieved from /opt/airflow/dags/epl_smart_match_scraper.py
[2026-01-18T19:04:43.271+0000] {logging_mixin.py:188} INFO - [2026-01-18T19:04:43.271+0000] {dag.py:3036} INFO - Sync 1 DAGs
[2026-01-18T19:04:43.295+0000] {logging_mixin.py:188} INFO - [2026-01-18T19:04:43.295+0000] {dag.py:3823} INFO - Setting next_dagrun for epl_smart_match_scraper to 2026-01-18 18:00:00+00:00, run_after=2026-01-18 20:00:00+00:00
[2026-01-18T19:04:43.334+0000] {processor.py:183} INFO - Processing /opt/airflow/dags/epl_smart_match_scraper.py took 0.158 seconds
[2026-01-18T19:05:13.981+0000] {processor.py:161} INFO - Started process (PID=45515) to work on /opt/airflow/dags/epl_smart_match_scraper.py
[2026-01-18T19:05:13.982+0000] {processor.py:830} INFO - Processing file /opt/airflow/dags/epl_smart_match_scraper.py for tasks to queue
[2026-01-18T19:05:13.983+0000] {logging_mixin.py:188} INFO - [2026-01-18T19:05:13.983+0000] {dagbag.py:538} INFO - Filling up the DagBag from /opt/airflow/dags/epl_smart_match_scraper.py
[2026-01-18T19:05:14.049+0000] {processor.py:840} INFO - DAG(s) 'epl_smart_match_scraper' retrieved from /opt/airflow/dags/epl_smart_match_scraper.py
[2026-01-18T19:05:14.082+0000] {logging_mixin.py:188} INFO - [2026-01-18T19:05:14.082+0000] {dag.py:3036} INFO - Sync 1 DAGs
[2026-01-18T19:05:14.113+0000] {logging_mixin.py:188} INFO - [2026-01-18T19:05:14.112+0000] {dag.py:3823} INFO - Setting next_dagrun for epl_smart_match_scraper to 2026-01-18 18:00:00+00:00, run_after=2026-01-18 20:00:00+00:00
[2026-01-18T19:05:14.150+0000] {processor.py:183} INFO - Processing /opt/airflow/dags/epl_smart_match_scraper.py took 0.173 seconds
[2026-01-18T19:05:44.780+0000] {processor.py:161} INFO - Started process (PID=45551) to work on /opt/airflow/dags/epl_smart_match_scraper.py
[2026-01-18T19:05:44.794+0000] {processor.py:830} INFO - Processing file /opt/airflow/dags/epl_smart_match_scraper.py for tasks to queue
[2026-01-18T19:05:44.796+0000] {logging_mixin.py:188} INFO - [2026-01-18T19:05:44.795+0000] {dagbag.py:538} INFO - Filling up the DagBag from /opt/airflow/dags/epl_smart_match_scraper.py
[2026-01-18T19:05:44.864+0000] {processor.py:840} INFO - DAG(s) 'epl_smart_match_scraper' retrieved from /opt/airflow/dags/epl_smart_match_scraper.py
[2026-01-18T19:05:44.898+0000] {logging_mixin.py:188} INFO - [2026-01-18T19:05:44.898+0000] {dag.py:3036} INFO - Sync 1 DAGs
[2026-01-18T19:05:44.925+0000] {logging_mixin.py:188} INFO - [2026-01-18T19:05:44.925+0000] {dag.py:3823} INFO - Setting next_dagrun for epl_smart_match_scraper to 2026-01-18 18:00:00+00:00, run_after=2026-01-18 20:00:00+00:00
[2026-01-18T19:05:44.972+0000] {processor.py:183} INFO - Processing /opt/airflow/dags/epl_smart_match_scraper.py took 0.198 seconds
[2026-01-18T19:06:15.574+0000] {processor.py:161} INFO - Started process (PID=45587) to work on /opt/airflow/dags/epl_smart_match_scraper.py
[2026-01-18T19:06:15.574+0000] {processor.py:830} INFO - Processing file /opt/airflow/dags/epl_smart_match_scraper.py for tasks to queue
[2026-01-18T19:06:15.575+0000] {logging_mixin.py:188} INFO - [2026-01-18T19:06:15.575+0000] {dagbag.py:538} INFO - Filling up the DagBag from /opt/airflow/dags/epl_smart_match_scraper.py
[2026-01-18T19:06:15.642+0000] {processor.py:840} INFO - DAG(s) 'epl_smart_match_scraper' retrieved from /opt/airflow/dags/epl_smart_match_scraper.py
[2026-01-18T19:06:15.676+0000] {logging_mixin.py:188} INFO - [2026-01-18T19:06:15.676+0000] {dag.py:3036} INFO - Sync 1 DAGs
[2026-01-18T19:06:15.707+0000] {logging_mixin.py:188} INFO - [2026-01-18T19:06:15.706+0000] {dag.py:3823} INFO - Setting next_dagrun for epl_smart_match_scraper to 2026-01-18 18:00:00+00:00, run_after=2026-01-18 20:00:00+00:00
[2026-01-18T19:06:15.743+0000] {processor.py:183} INFO - Processing /opt/airflow/dags/epl_smart_match_scraper.py took 0.173 seconds
[2026-01-18T19:06:46.471+0000] {processor.py:161} INFO - Started process (PID=45623) to work on /opt/airflow/dags/epl_smart_match_scraper.py
[2026-01-18T19:06:46.521+0000] {processor.py:830} INFO - Processing file /opt/airflow/dags/epl_smart_match_scraper.py for tasks to queue
[2026-01-18T19:06:46.522+0000] {logging_mixin.py:188} INFO - [2026-01-18T19:06:46.521+0000] {dagbag.py:538} INFO - Filling up the DagBag from /opt/airflow/dags/epl_smart_match_scraper.py
[2026-01-18T19:06:46.570+0000] {processor.py:840} INFO - DAG(s) 'epl_smart_match_scraper' retrieved from /opt/airflow/dags/epl_smart_match_scraper.py
[2026-01-18T19:06:46.595+0000] {logging_mixin.py:188} INFO - [2026-01-18T19:06:46.594+0000] {dag.py:3036} INFO - Sync 1 DAGs
[2026-01-18T19:06:46.616+0000] {logging_mixin.py:188} INFO - [2026-01-18T19:06:46.616+0000] {dag.py:3823} INFO - Setting next_dagrun for epl_smart_match_scraper to 2026-01-18 18:00:00+00:00, run_after=2026-01-18 20:00:00+00:00
[2026-01-18T19:06:46.827+0000] {processor.py:183} INFO - Processing /opt/airflow/dags/epl_smart_match_scraper.py took 0.360 seconds
