[2026-01-18T18:37:49.027+0000] {processor.py:161} INFO - Started process (PID=43559) to work on /opt/airflow/dags/epl_timed_scraper.py
[2026-01-18T18:37:49.028+0000] {processor.py:830} INFO - Processing file /opt/airflow/dags/epl_timed_scraper.py for tasks to queue
[2026-01-18T18:37:49.029+0000] {logging_mixin.py:188} INFO - [2026-01-18T18:37:49.028+0000] {dagbag.py:538} INFO - Filling up the DagBag from /opt/airflow/dags/epl_timed_scraper.py
[2026-01-18T18:37:49.085+0000] {processor.py:840} INFO - DAG(s) 'epl_timed_match_scraper' retrieved from /opt/airflow/dags/epl_timed_scraper.py
[2026-01-18T18:37:49.201+0000] {logging_mixin.py:188} INFO - [2026-01-18T18:37:49.201+0000] {dag.py:3036} INFO - Sync 1 DAGs
[2026-01-18T18:37:49.224+0000] {logging_mixin.py:188} INFO - [2026-01-18T18:37:49.224+0000] {dag.py:3823} INFO - Setting next_dagrun for epl_timed_match_scraper to 2026-01-18 17:30:00+00:00, run_after=2026-01-18 19:30:00+00:00
[2026-01-18T18:37:49.741+0000] {processor.py:183} INFO - Processing /opt/airflow/dags/epl_timed_scraper.py took 0.717 seconds
[2026-01-18T18:38:20.610+0000] {processor.py:161} INFO - Started process (PID=43602) to work on /opt/airflow/dags/epl_timed_scraper.py
[2026-01-18T18:38:20.611+0000] {processor.py:830} INFO - Processing file /opt/airflow/dags/epl_timed_scraper.py for tasks to queue
[2026-01-18T18:38:20.612+0000] {logging_mixin.py:188} INFO - [2026-01-18T18:38:20.611+0000] {dagbag.py:538} INFO - Filling up the DagBag from /opt/airflow/dags/epl_timed_scraper.py
[2026-01-18T18:38:20.708+0000] {processor.py:840} INFO - DAG(s) 'epl_timed_match_scraper' retrieved from /opt/airflow/dags/epl_timed_scraper.py
[2026-01-18T18:38:20.768+0000] {logging_mixin.py:188} INFO - [2026-01-18T18:38:20.768+0000] {dag.py:3036} INFO - Sync 1 DAGs
[2026-01-18T18:38:20.816+0000] {logging_mixin.py:188} INFO - [2026-01-18T18:38:20.816+0000] {dag.py:3823} INFO - Setting next_dagrun for epl_timed_match_scraper to 2026-01-18 17:30:00+00:00, run_after=2026-01-18 19:30:00+00:00
[2026-01-18T18:38:20.870+0000] {processor.py:183} INFO - Processing /opt/airflow/dags/epl_timed_scraper.py took 0.266 seconds
[2026-01-18T18:38:50.981+0000] {processor.py:161} INFO - Started process (PID=43638) to work on /opt/airflow/dags/epl_timed_scraper.py
[2026-01-18T18:38:50.987+0000] {processor.py:830} INFO - Processing file /opt/airflow/dags/epl_timed_scraper.py for tasks to queue
[2026-01-18T18:38:50.988+0000] {logging_mixin.py:188} INFO - [2026-01-18T18:38:50.988+0000] {dagbag.py:538} INFO - Filling up the DagBag from /opt/airflow/dags/epl_timed_scraper.py
[2026-01-18T18:38:51.048+0000] {processor.py:840} INFO - DAG(s) 'epl_timed_match_scraper' retrieved from /opt/airflow/dags/epl_timed_scraper.py
[2026-01-18T18:38:51.086+0000] {logging_mixin.py:188} INFO - [2026-01-18T18:38:51.086+0000] {dag.py:3036} INFO - Sync 1 DAGs
[2026-01-18T18:38:51.114+0000] {logging_mixin.py:188} INFO - [2026-01-18T18:38:51.114+0000] {dag.py:3823} INFO - Setting next_dagrun for epl_timed_match_scraper to 2026-01-18 17:30:00+00:00, run_after=2026-01-18 19:30:00+00:00
[2026-01-18T18:38:51.163+0000] {processor.py:183} INFO - Processing /opt/airflow/dags/epl_timed_scraper.py took 0.185 seconds
[2026-01-18T18:39:21.726+0000] {processor.py:161} INFO - Started process (PID=43674) to work on /opt/airflow/dags/epl_timed_scraper.py
[2026-01-18T18:39:21.727+0000] {processor.py:830} INFO - Processing file /opt/airflow/dags/epl_timed_scraper.py for tasks to queue
[2026-01-18T18:39:21.728+0000] {logging_mixin.py:188} INFO - [2026-01-18T18:39:21.728+0000] {dagbag.py:538} INFO - Filling up the DagBag from /opt/airflow/dags/epl_timed_scraper.py
[2026-01-18T18:39:21.786+0000] {processor.py:840} INFO - DAG(s) 'epl_timed_match_scraper' retrieved from /opt/airflow/dags/epl_timed_scraper.py
[2026-01-18T18:39:21.820+0000] {logging_mixin.py:188} INFO - [2026-01-18T18:39:21.820+0000] {dag.py:3036} INFO - Sync 1 DAGs
[2026-01-18T18:39:21.844+0000] {logging_mixin.py:188} INFO - [2026-01-18T18:39:21.844+0000] {dag.py:3823} INFO - Setting next_dagrun for epl_timed_match_scraper to 2026-01-18 17:30:00+00:00, run_after=2026-01-18 19:30:00+00:00
[2026-01-18T18:39:21.882+0000] {processor.py:183} INFO - Processing /opt/airflow/dags/epl_timed_scraper.py took 0.159 seconds
[2026-01-18T18:39:52.297+0000] {processor.py:161} INFO - Started process (PID=43710) to work on /opt/airflow/dags/epl_timed_scraper.py
[2026-01-18T18:39:52.311+0000] {processor.py:830} INFO - Processing file /opt/airflow/dags/epl_timed_scraper.py for tasks to queue
[2026-01-18T18:39:52.312+0000] {logging_mixin.py:188} INFO - [2026-01-18T18:39:52.311+0000] {dagbag.py:538} INFO - Filling up the DagBag from /opt/airflow/dags/epl_timed_scraper.py
[2026-01-18T18:39:52.379+0000] {processor.py:840} INFO - DAG(s) 'epl_timed_match_scraper' retrieved from /opt/airflow/dags/epl_timed_scraper.py
[2026-01-18T18:39:52.412+0000] {logging_mixin.py:188} INFO - [2026-01-18T18:39:52.411+0000] {dag.py:3036} INFO - Sync 1 DAGs
[2026-01-18T18:39:52.437+0000] {logging_mixin.py:188} INFO - [2026-01-18T18:39:52.436+0000] {dag.py:3823} INFO - Setting next_dagrun for epl_timed_match_scraper to 2026-01-18 17:30:00+00:00, run_after=2026-01-18 19:30:00+00:00
[2026-01-18T18:39:52.492+0000] {processor.py:183} INFO - Processing /opt/airflow/dags/epl_timed_scraper.py took 0.199 seconds
[2026-01-18T18:40:23.011+0000] {processor.py:161} INFO - Started process (PID=43750) to work on /opt/airflow/dags/epl_timed_scraper.py
[2026-01-18T18:40:23.012+0000] {processor.py:830} INFO - Processing file /opt/airflow/dags/epl_timed_scraper.py for tasks to queue
[2026-01-18T18:40:23.013+0000] {logging_mixin.py:188} INFO - [2026-01-18T18:40:23.012+0000] {dagbag.py:538} INFO - Filling up the DagBag from /opt/airflow/dags/epl_timed_scraper.py
[2026-01-18T18:40:23.073+0000] {processor.py:840} INFO - DAG(s) 'epl_timed_match_scraper' retrieved from /opt/airflow/dags/epl_timed_scraper.py
[2026-01-18T18:40:23.105+0000] {logging_mixin.py:188} INFO - [2026-01-18T18:40:23.105+0000] {dag.py:3036} INFO - Sync 1 DAGs
[2026-01-18T18:40:23.134+0000] {logging_mixin.py:188} INFO - [2026-01-18T18:40:23.134+0000] {dag.py:3823} INFO - Setting next_dagrun for epl_timed_match_scraper to 2026-01-18 17:30:00+00:00, run_after=2026-01-18 19:30:00+00:00
[2026-01-18T18:40:23.170+0000] {processor.py:183} INFO - Processing /opt/airflow/dags/epl_timed_scraper.py took 0.163 seconds
[2026-01-18T18:40:53.244+0000] {processor.py:161} INFO - Started process (PID=43788) to work on /opt/airflow/dags/epl_timed_scraper.py
[2026-01-18T18:40:53.251+0000] {processor.py:830} INFO - Processing file /opt/airflow/dags/epl_timed_scraper.py for tasks to queue
[2026-01-18T18:40:53.252+0000] {logging_mixin.py:188} INFO - [2026-01-18T18:40:53.252+0000] {dagbag.py:538} INFO - Filling up the DagBag from /opt/airflow/dags/epl_timed_scraper.py
[2026-01-18T18:40:53.311+0000] {processor.py:840} INFO - DAG(s) 'epl_timed_match_scraper' retrieved from /opt/airflow/dags/epl_timed_scraper.py
[2026-01-18T18:40:53.342+0000] {logging_mixin.py:188} INFO - [2026-01-18T18:40:53.342+0000] {dag.py:3036} INFO - Sync 1 DAGs
[2026-01-18T18:40:53.371+0000] {logging_mixin.py:188} INFO - [2026-01-18T18:40:53.370+0000] {dag.py:3823} INFO - Setting next_dagrun for epl_timed_match_scraper to 2026-01-18 17:30:00+00:00, run_after=2026-01-18 19:30:00+00:00
[2026-01-18T18:40:53.410+0000] {processor.py:183} INFO - Processing /opt/airflow/dags/epl_timed_scraper.py took 0.170 seconds
[2026-01-18T18:41:24.187+0000] {processor.py:161} INFO - Started process (PID=43824) to work on /opt/airflow/dags/epl_timed_scraper.py
[2026-01-18T18:41:24.187+0000] {processor.py:830} INFO - Processing file /opt/airflow/dags/epl_timed_scraper.py for tasks to queue
[2026-01-18T18:41:24.408+0000] {logging_mixin.py:188} INFO - [2026-01-18T18:41:24.407+0000] {dagbag.py:538} INFO - Filling up the DagBag from /opt/airflow/dags/epl_timed_scraper.py
[2026-01-18T18:41:24.474+0000] {processor.py:840} INFO - DAG(s) 'epl_timed_match_scraper' retrieved from /opt/airflow/dags/epl_timed_scraper.py
[2026-01-18T18:41:24.503+0000] {logging_mixin.py:188} INFO - [2026-01-18T18:41:24.503+0000] {dag.py:3036} INFO - Sync 1 DAGs
[2026-01-18T18:41:24.531+0000] {logging_mixin.py:188} INFO - [2026-01-18T18:41:24.531+0000] {dag.py:3823} INFO - Setting next_dagrun for epl_timed_match_scraper to 2026-01-18 17:30:00+00:00, run_after=2026-01-18 19:30:00+00:00
[2026-01-18T18:41:24.583+0000] {processor.py:183} INFO - Processing /opt/airflow/dags/epl_timed_scraper.py took 0.400 seconds
[2026-01-18T18:41:55.156+0000] {processor.py:161} INFO - Started process (PID=43860) to work on /opt/airflow/dags/epl_timed_scraper.py
[2026-01-18T18:41:55.163+0000] {processor.py:830} INFO - Processing file /opt/airflow/dags/epl_timed_scraper.py for tasks to queue
[2026-01-18T18:41:55.165+0000] {logging_mixin.py:188} INFO - [2026-01-18T18:41:55.164+0000] {dagbag.py:538} INFO - Filling up the DagBag from /opt/airflow/dags/epl_timed_scraper.py
[2026-01-18T18:41:55.225+0000] {processor.py:840} INFO - DAG(s) 'epl_timed_match_scraper' retrieved from /opt/airflow/dags/epl_timed_scraper.py
[2026-01-18T18:41:55.258+0000] {logging_mixin.py:188} INFO - [2026-01-18T18:41:55.258+0000] {dag.py:3036} INFO - Sync 1 DAGs
[2026-01-18T18:41:55.287+0000] {logging_mixin.py:188} INFO - [2026-01-18T18:41:55.287+0000] {dag.py:3823} INFO - Setting next_dagrun for epl_timed_match_scraper to 2026-01-18 17:30:00+00:00, run_after=2026-01-18 19:30:00+00:00
[2026-01-18T18:41:55.323+0000] {processor.py:183} INFO - Processing /opt/airflow/dags/epl_timed_scraper.py took 0.171 seconds
[2026-01-18T18:42:25.870+0000] {processor.py:161} INFO - Started process (PID=43897) to work on /opt/airflow/dags/epl_timed_scraper.py
[2026-01-18T18:42:25.871+0000] {processor.py:830} INFO - Processing file /opt/airflow/dags/epl_timed_scraper.py for tasks to queue
[2026-01-18T18:42:25.872+0000] {logging_mixin.py:188} INFO - [2026-01-18T18:42:25.871+0000] {dagbag.py:538} INFO - Filling up the DagBag from /opt/airflow/dags/epl_timed_scraper.py
[2026-01-18T18:42:25.932+0000] {processor.py:840} INFO - DAG(s) 'epl_timed_match_scraper' retrieved from /opt/airflow/dags/epl_timed_scraper.py
[2026-01-18T18:42:25.964+0000] {logging_mixin.py:188} INFO - [2026-01-18T18:42:25.964+0000] {dag.py:3036} INFO - Sync 1 DAGs
[2026-01-18T18:42:25.993+0000] {logging_mixin.py:188} INFO - [2026-01-18T18:42:25.993+0000] {dag.py:3823} INFO - Setting next_dagrun for epl_timed_match_scraper to 2026-01-18 17:30:00+00:00, run_after=2026-01-18 19:30:00+00:00
[2026-01-18T18:42:26.046+0000] {processor.py:183} INFO - Processing /opt/airflow/dags/epl_timed_scraper.py took 0.179 seconds
[2026-01-18T18:42:56.923+0000] {processor.py:161} INFO - Started process (PID=43933) to work on /opt/airflow/dags/epl_timed_scraper.py
[2026-01-18T18:42:56.927+0000] {processor.py:830} INFO - Processing file /opt/airflow/dags/epl_timed_scraper.py for tasks to queue
[2026-01-18T18:42:56.928+0000] {logging_mixin.py:188} INFO - [2026-01-18T18:42:56.927+0000] {dagbag.py:538} INFO - Filling up the DagBag from /opt/airflow/dags/epl_timed_scraper.py
[2026-01-18T18:42:56.976+0000] {processor.py:840} INFO - DAG(s) 'epl_timed_match_scraper' retrieved from /opt/airflow/dags/epl_timed_scraper.py
[2026-01-18T18:42:57.003+0000] {logging_mixin.py:188} INFO - [2026-01-18T18:42:57.003+0000] {dag.py:3036} INFO - Sync 1 DAGs
[2026-01-18T18:42:57.026+0000] {logging_mixin.py:188} INFO - [2026-01-18T18:42:57.026+0000] {dag.py:3823} INFO - Setting next_dagrun for epl_timed_match_scraper to 2026-01-18 17:30:00+00:00, run_after=2026-01-18 19:30:00+00:00
[2026-01-18T18:42:57.969+0000] {processor.py:183} INFO - Processing /opt/airflow/dags/epl_timed_scraper.py took 1.049 seconds
[2026-01-18T18:43:28.363+0000] {processor.py:161} INFO - Started process (PID=43969) to work on /opt/airflow/dags/epl_timed_scraper.py
[2026-01-18T18:43:28.364+0000] {processor.py:830} INFO - Processing file /opt/airflow/dags/epl_timed_scraper.py for tasks to queue
[2026-01-18T18:43:28.365+0000] {logging_mixin.py:188} INFO - [2026-01-18T18:43:28.365+0000] {dagbag.py:538} INFO - Filling up the DagBag from /opt/airflow/dags/epl_timed_scraper.py
[2026-01-18T18:43:28.425+0000] {processor.py:840} INFO - DAG(s) 'epl_timed_match_scraper' retrieved from /opt/airflow/dags/epl_timed_scraper.py
[2026-01-18T18:43:28.457+0000] {logging_mixin.py:188} INFO - [2026-01-18T18:43:28.457+0000] {dag.py:3036} INFO - Sync 1 DAGs
[2026-01-18T18:43:28.484+0000] {logging_mixin.py:188} INFO - [2026-01-18T18:43:28.484+0000] {dag.py:3823} INFO - Setting next_dagrun for epl_timed_match_scraper to 2026-01-18 17:30:00+00:00, run_after=2026-01-18 19:30:00+00:00
[2026-01-18T18:43:28.518+0000] {processor.py:183} INFO - Processing /opt/airflow/dags/epl_timed_scraper.py took 0.158 seconds
[2026-01-18T18:43:58.908+0000] {processor.py:161} INFO - Started process (PID=44005) to work on /opt/airflow/dags/epl_timed_scraper.py
[2026-01-18T18:43:58.921+0000] {processor.py:830} INFO - Processing file /opt/airflow/dags/epl_timed_scraper.py for tasks to queue
[2026-01-18T18:43:58.922+0000] {logging_mixin.py:188} INFO - [2026-01-18T18:43:58.922+0000] {dagbag.py:538} INFO - Filling up the DagBag from /opt/airflow/dags/epl_timed_scraper.py
[2026-01-18T18:43:58.980+0000] {processor.py:840} INFO - DAG(s) 'epl_timed_match_scraper' retrieved from /opt/airflow/dags/epl_timed_scraper.py
[2026-01-18T18:43:59.012+0000] {logging_mixin.py:188} INFO - [2026-01-18T18:43:59.012+0000] {dag.py:3036} INFO - Sync 1 DAGs
[2026-01-18T18:43:59.039+0000] {logging_mixin.py:188} INFO - [2026-01-18T18:43:59.039+0000] {dag.py:3823} INFO - Setting next_dagrun for epl_timed_match_scraper to 2026-01-18 17:30:00+00:00, run_after=2026-01-18 19:30:00+00:00
[2026-01-18T18:43:59.079+0000] {processor.py:183} INFO - Processing /opt/airflow/dags/epl_timed_scraper.py took 0.175 seconds
[2026-01-18T18:44:29.234+0000] {processor.py:161} INFO - Started process (PID=44041) to work on /opt/airflow/dags/epl_timed_scraper.py
[2026-01-18T18:44:29.235+0000] {processor.py:830} INFO - Processing file /opt/airflow/dags/epl_timed_scraper.py for tasks to queue
[2026-01-18T18:44:29.236+0000] {logging_mixin.py:188} INFO - [2026-01-18T18:44:29.236+0000] {dagbag.py:538} INFO - Filling up the DagBag from /opt/airflow/dags/epl_timed_scraper.py
[2026-01-18T18:44:29.301+0000] {processor.py:840} INFO - DAG(s) 'epl_timed_match_scraper' retrieved from /opt/airflow/dags/epl_timed_scraper.py
[2026-01-18T18:44:29.335+0000] {logging_mixin.py:188} INFO - [2026-01-18T18:44:29.334+0000] {dag.py:3036} INFO - Sync 1 DAGs
[2026-01-18T18:44:29.367+0000] {logging_mixin.py:188} INFO - [2026-01-18T18:44:29.367+0000] {dag.py:3823} INFO - Setting next_dagrun for epl_timed_match_scraper to 2026-01-18 17:30:00+00:00, run_after=2026-01-18 19:30:00+00:00
[2026-01-18T18:44:29.790+0000] {processor.py:183} INFO - Processing /opt/airflow/dags/epl_timed_scraper.py took 0.559 seconds
[2026-01-18T18:45:00.579+0000] {processor.py:161} INFO - Started process (PID=44077) to work on /opt/airflow/dags/epl_timed_scraper.py
[2026-01-18T18:45:00.586+0000] {processor.py:830} INFO - Processing file /opt/airflow/dags/epl_timed_scraper.py for tasks to queue
[2026-01-18T18:45:00.588+0000] {logging_mixin.py:188} INFO - [2026-01-18T18:45:00.587+0000] {dagbag.py:538} INFO - Filling up the DagBag from /opt/airflow/dags/epl_timed_scraper.py
[2026-01-18T18:45:00.634+0000] {processor.py:840} INFO - DAG(s) 'epl_timed_match_scraper' retrieved from /opt/airflow/dags/epl_timed_scraper.py
[2026-01-18T18:45:00.671+0000] {logging_mixin.py:188} INFO - [2026-01-18T18:45:00.670+0000] {dag.py:3036} INFO - Sync 1 DAGs
[2026-01-18T18:45:00.693+0000] {logging_mixin.py:188} INFO - [2026-01-18T18:45:00.692+0000] {dag.py:3823} INFO - Setting next_dagrun for epl_timed_match_scraper to 2026-01-18 17:30:00+00:00, run_after=2026-01-18 19:30:00+00:00
[2026-01-18T18:45:01.635+0000] {processor.py:183} INFO - Processing /opt/airflow/dags/epl_timed_scraper.py took 1.059 seconds
[2026-01-18T18:45:31.892+0000] {processor.py:161} INFO - Started process (PID=44113) to work on /opt/airflow/dags/epl_timed_scraper.py
[2026-01-18T18:45:31.893+0000] {processor.py:830} INFO - Processing file /opt/airflow/dags/epl_timed_scraper.py for tasks to queue
[2026-01-18T18:45:31.894+0000] {logging_mixin.py:188} INFO - [2026-01-18T18:45:31.893+0000] {dagbag.py:538} INFO - Filling up the DagBag from /opt/airflow/dags/epl_timed_scraper.py
[2026-01-18T18:45:31.959+0000] {processor.py:840} INFO - DAG(s) 'epl_timed_match_scraper' retrieved from /opt/airflow/dags/epl_timed_scraper.py
[2026-01-18T18:45:31.992+0000] {logging_mixin.py:188} INFO - [2026-01-18T18:45:31.991+0000] {dag.py:3036} INFO - Sync 1 DAGs
[2026-01-18T18:45:32.019+0000] {logging_mixin.py:188} INFO - [2026-01-18T18:45:32.019+0000] {dag.py:3823} INFO - Setting next_dagrun for epl_timed_match_scraper to 2026-01-18 17:30:00+00:00, run_after=2026-01-18 19:30:00+00:00
[2026-01-18T18:45:32.842+0000] {processor.py:183} INFO - Processing /opt/airflow/dags/epl_timed_scraper.py took 0.954 seconds
[2026-01-18T18:46:03.411+0000] {processor.py:161} INFO - Started process (PID=44149) to work on /opt/airflow/dags/epl_timed_scraper.py
[2026-01-18T18:46:03.425+0000] {processor.py:830} INFO - Processing file /opt/airflow/dags/epl_timed_scraper.py for tasks to queue
[2026-01-18T18:46:03.426+0000] {logging_mixin.py:188} INFO - [2026-01-18T18:46:03.426+0000] {dagbag.py:538} INFO - Filling up the DagBag from /opt/airflow/dags/epl_timed_scraper.py
[2026-01-18T18:46:03.481+0000] {processor.py:840} INFO - DAG(s) 'epl_timed_match_scraper' retrieved from /opt/airflow/dags/epl_timed_scraper.py
[2026-01-18T18:46:03.514+0000] {logging_mixin.py:188} INFO - [2026-01-18T18:46:03.513+0000] {dag.py:3036} INFO - Sync 1 DAGs
[2026-01-18T18:46:03.541+0000] {logging_mixin.py:188} INFO - [2026-01-18T18:46:03.541+0000] {dag.py:3823} INFO - Setting next_dagrun for epl_timed_match_scraper to 2026-01-18 17:30:00+00:00, run_after=2026-01-18 19:30:00+00:00
[2026-01-18T18:46:03.572+0000] {processor.py:183} INFO - Processing /opt/airflow/dags/epl_timed_scraper.py took 0.164 seconds
[2026-01-18T18:46:34.234+0000] {processor.py:161} INFO - Started process (PID=44185) to work on /opt/airflow/dags/epl_timed_scraper.py
[2026-01-18T18:46:34.235+0000] {processor.py:830} INFO - Processing file /opt/airflow/dags/epl_timed_scraper.py for tasks to queue
[2026-01-18T18:46:34.236+0000] {logging_mixin.py:188} INFO - [2026-01-18T18:46:34.236+0000] {dagbag.py:538} INFO - Filling up the DagBag from /opt/airflow/dags/epl_timed_scraper.py
[2026-01-18T18:46:34.296+0000] {processor.py:840} INFO - DAG(s) 'epl_timed_match_scraper' retrieved from /opt/airflow/dags/epl_timed_scraper.py
[2026-01-18T18:46:34.329+0000] {logging_mixin.py:188} INFO - [2026-01-18T18:46:34.329+0000] {dag.py:3036} INFO - Sync 1 DAGs
[2026-01-18T18:46:34.358+0000] {logging_mixin.py:188} INFO - [2026-01-18T18:46:34.358+0000] {dag.py:3823} INFO - Setting next_dagrun for epl_timed_match_scraper to 2026-01-18 17:30:00+00:00, run_after=2026-01-18 19:30:00+00:00
[2026-01-18T18:46:34.397+0000] {processor.py:183} INFO - Processing /opt/airflow/dags/epl_timed_scraper.py took 0.166 seconds
[2026-01-18T18:47:04.805+0000] {processor.py:161} INFO - Started process (PID=44221) to work on /opt/airflow/dags/epl_timed_scraper.py
[2026-01-18T18:47:04.819+0000] {processor.py:830} INFO - Processing file /opt/airflow/dags/epl_timed_scraper.py for tasks to queue
[2026-01-18T18:47:04.820+0000] {logging_mixin.py:188} INFO - [2026-01-18T18:47:04.820+0000] {dagbag.py:538} INFO - Filling up the DagBag from /opt/airflow/dags/epl_timed_scraper.py
[2026-01-18T18:47:04.877+0000] {processor.py:840} INFO - DAG(s) 'epl_timed_match_scraper' retrieved from /opt/airflow/dags/epl_timed_scraper.py
[2026-01-18T18:47:04.910+0000] {logging_mixin.py:188} INFO - [2026-01-18T18:47:04.910+0000] {dag.py:3036} INFO - Sync 1 DAGs
[2026-01-18T18:47:04.936+0000] {logging_mixin.py:188} INFO - [2026-01-18T18:47:04.936+0000] {dag.py:3823} INFO - Setting next_dagrun for epl_timed_match_scraper to 2026-01-18 17:30:00+00:00, run_after=2026-01-18 19:30:00+00:00
[2026-01-18T18:47:04.971+0000] {processor.py:183} INFO - Processing /opt/airflow/dags/epl_timed_scraper.py took 0.169 seconds
[2026-01-18T18:47:35.518+0000] {processor.py:161} INFO - Started process (PID=44258) to work on /opt/airflow/dags/epl_timed_scraper.py
[2026-01-18T18:47:35.519+0000] {processor.py:830} INFO - Processing file /opt/airflow/dags/epl_timed_scraper.py for tasks to queue
[2026-01-18T18:47:35.520+0000] {logging_mixin.py:188} INFO - [2026-01-18T18:47:35.519+0000] {dagbag.py:538} INFO - Filling up the DagBag from /opt/airflow/dags/epl_timed_scraper.py
[2026-01-18T18:47:35.577+0000] {processor.py:840} INFO - DAG(s) 'epl_timed_match_scraper' retrieved from /opt/airflow/dags/epl_timed_scraper.py
[2026-01-18T18:47:35.610+0000] {logging_mixin.py:188} INFO - [2026-01-18T18:47:35.610+0000] {dag.py:3036} INFO - Sync 1 DAGs
[2026-01-18T18:47:35.635+0000] {logging_mixin.py:188} INFO - [2026-01-18T18:47:35.635+0000] {dag.py:3823} INFO - Setting next_dagrun for epl_timed_match_scraper to 2026-01-18 17:30:00+00:00, run_after=2026-01-18 19:30:00+00:00
[2026-01-18T18:47:35.673+0000] {processor.py:183} INFO - Processing /opt/airflow/dags/epl_timed_scraper.py took 0.159 seconds
[2026-01-18T18:48:06.234+0000] {processor.py:161} INFO - Started process (PID=44294) to work on /opt/airflow/dags/epl_timed_scraper.py
[2026-01-18T18:48:06.243+0000] {processor.py:830} INFO - Processing file /opt/airflow/dags/epl_timed_scraper.py for tasks to queue
[2026-01-18T18:48:06.244+0000] {logging_mixin.py:188} INFO - [2026-01-18T18:48:06.243+0000] {dagbag.py:538} INFO - Filling up the DagBag from /opt/airflow/dags/epl_timed_scraper.py
[2026-01-18T18:48:06.300+0000] {processor.py:840} INFO - DAG(s) 'epl_timed_match_scraper' retrieved from /opt/airflow/dags/epl_timed_scraper.py
[2026-01-18T18:48:06.332+0000] {logging_mixin.py:188} INFO - [2026-01-18T18:48:06.331+0000] {dag.py:3036} INFO - Sync 1 DAGs
[2026-01-18T18:48:06.358+0000] {logging_mixin.py:188} INFO - [2026-01-18T18:48:06.358+0000] {dag.py:3823} INFO - Setting next_dagrun for epl_timed_match_scraper to 2026-01-18 17:30:00+00:00, run_after=2026-01-18 19:30:00+00:00
[2026-01-18T18:48:06.396+0000] {processor.py:183} INFO - Processing /opt/airflow/dags/epl_timed_scraper.py took 0.166 seconds
[2026-01-18T18:48:36.952+0000] {processor.py:161} INFO - Started process (PID=44330) to work on /opt/airflow/dags/epl_timed_scraper.py
[2026-01-18T18:48:36.953+0000] {processor.py:830} INFO - Processing file /opt/airflow/dags/epl_timed_scraper.py for tasks to queue
[2026-01-18T18:48:36.954+0000] {logging_mixin.py:188} INFO - [2026-01-18T18:48:36.953+0000] {dagbag.py:538} INFO - Filling up the DagBag from /opt/airflow/dags/epl_timed_scraper.py
[2026-01-18T18:48:37.013+0000] {processor.py:840} INFO - DAG(s) 'epl_timed_match_scraper' retrieved from /opt/airflow/dags/epl_timed_scraper.py
[2026-01-18T18:48:37.046+0000] {logging_mixin.py:188} INFO - [2026-01-18T18:48:37.046+0000] {dag.py:3036} INFO - Sync 1 DAGs
[2026-01-18T18:48:37.071+0000] {logging_mixin.py:188} INFO - [2026-01-18T18:48:37.071+0000] {dag.py:3823} INFO - Setting next_dagrun for epl_timed_match_scraper to 2026-01-18 17:30:00+00:00, run_after=2026-01-18 19:30:00+00:00
[2026-01-18T18:48:37.104+0000] {processor.py:183} INFO - Processing /opt/airflow/dags/epl_timed_scraper.py took 0.156 seconds
[2026-01-18T18:49:07.682+0000] {processor.py:161} INFO - Started process (PID=44366) to work on /opt/airflow/dags/epl_timed_scraper.py
[2026-01-18T18:49:07.695+0000] {processor.py:830} INFO - Processing file /opt/airflow/dags/epl_timed_scraper.py for tasks to queue
[2026-01-18T18:49:07.696+0000] {logging_mixin.py:188} INFO - [2026-01-18T18:49:07.696+0000] {dagbag.py:538} INFO - Filling up the DagBag from /opt/airflow/dags/epl_timed_scraper.py
[2026-01-18T18:49:07.752+0000] {processor.py:840} INFO - DAG(s) 'epl_timed_match_scraper' retrieved from /opt/airflow/dags/epl_timed_scraper.py
[2026-01-18T18:49:07.785+0000] {logging_mixin.py:188} INFO - [2026-01-18T18:49:07.784+0000] {dag.py:3036} INFO - Sync 1 DAGs
[2026-01-18T18:49:07.812+0000] {logging_mixin.py:188} INFO - [2026-01-18T18:49:07.811+0000] {dag.py:3823} INFO - Setting next_dagrun for epl_timed_match_scraper to 2026-01-18 17:30:00+00:00, run_after=2026-01-18 19:30:00+00:00
[2026-01-18T18:49:07.849+0000] {processor.py:183} INFO - Processing /opt/airflow/dags/epl_timed_scraper.py took 0.171 seconds
[2026-01-18T18:49:38.435+0000] {processor.py:161} INFO - Started process (PID=44402) to work on /opt/airflow/dags/epl_timed_scraper.py
[2026-01-18T18:49:38.437+0000] {processor.py:830} INFO - Processing file /opt/airflow/dags/epl_timed_scraper.py for tasks to queue
[2026-01-18T18:49:38.440+0000] {logging_mixin.py:188} INFO - [2026-01-18T18:49:38.439+0000] {dagbag.py:538} INFO - Filling up the DagBag from /opt/airflow/dags/epl_timed_scraper.py
[2026-01-18T18:49:38.592+0000] {processor.py:840} INFO - DAG(s) 'epl_timed_match_scraper' retrieved from /opt/airflow/dags/epl_timed_scraper.py
[2026-01-18T18:49:38.668+0000] {logging_mixin.py:188} INFO - [2026-01-18T18:49:38.667+0000] {dag.py:3036} INFO - Sync 1 DAGs
[2026-01-18T18:49:38.740+0000] {logging_mixin.py:188} INFO - [2026-01-18T18:49:38.739+0000] {dag.py:3823} INFO - Setting next_dagrun for epl_timed_match_scraper to 2026-01-18 17:30:00+00:00, run_after=2026-01-18 19:30:00+00:00
[2026-01-18T18:49:38.817+0000] {processor.py:183} INFO - Processing /opt/airflow/dags/epl_timed_scraper.py took 0.392 seconds
[2026-01-18T18:50:09.583+0000] {processor.py:161} INFO - Started process (PID=44442) to work on /opt/airflow/dags/epl_timed_scraper.py
[2026-01-18T18:50:09.590+0000] {processor.py:830} INFO - Processing file /opt/airflow/dags/epl_timed_scraper.py for tasks to queue
[2026-01-18T18:50:09.592+0000] {logging_mixin.py:188} INFO - [2026-01-18T18:50:09.591+0000] {dagbag.py:538} INFO - Filling up the DagBag from /opt/airflow/dags/epl_timed_scraper.py
[2026-01-18T18:50:09.735+0000] {processor.py:840} INFO - DAG(s) 'epl_timed_match_scraper' retrieved from /opt/airflow/dags/epl_timed_scraper.py
[2026-01-18T18:50:09.797+0000] {logging_mixin.py:188} INFO - [2026-01-18T18:50:09.797+0000] {dag.py:3036} INFO - Sync 1 DAGs
[2026-01-18T18:50:09.852+0000] {logging_mixin.py:188} INFO - [2026-01-18T18:50:09.852+0000] {dag.py:3823} INFO - Setting next_dagrun for epl_timed_match_scraper to 2026-01-18 17:30:00+00:00, run_after=2026-01-18 19:30:00+00:00
[2026-01-18T18:50:09.919+0000] {processor.py:183} INFO - Processing /opt/airflow/dags/epl_timed_scraper.py took 0.344 seconds
[2026-01-18T18:50:40.655+0000] {processor.py:161} INFO - Started process (PID=44480) to work on /opt/airflow/dags/epl_timed_scraper.py
[2026-01-18T18:50:40.657+0000] {processor.py:830} INFO - Processing file /opt/airflow/dags/epl_timed_scraper.py for tasks to queue
[2026-01-18T18:50:40.660+0000] {logging_mixin.py:188} INFO - [2026-01-18T18:50:40.659+0000] {dagbag.py:538} INFO - Filling up the DagBag from /opt/airflow/dags/epl_timed_scraper.py
[2026-01-18T18:50:40.807+0000] {processor.py:840} INFO - DAG(s) 'epl_timed_match_scraper' retrieved from /opt/airflow/dags/epl_timed_scraper.py
[2026-01-18T18:50:40.873+0000] {logging_mixin.py:188} INFO - [2026-01-18T18:50:40.873+0000] {dag.py:3036} INFO - Sync 1 DAGs
[2026-01-18T18:50:40.937+0000] {logging_mixin.py:188} INFO - [2026-01-18T18:50:40.936+0000] {dag.py:3823} INFO - Setting next_dagrun for epl_timed_match_scraper to 2026-01-18 17:30:00+00:00, run_after=2026-01-18 19:30:00+00:00
[2026-01-18T18:50:41.006+0000] {processor.py:183} INFO - Processing /opt/airflow/dags/epl_timed_scraper.py took 0.359 seconds
[2026-01-18T18:51:11.493+0000] {processor.py:161} INFO - Started process (PID=44516) to work on /opt/airflow/dags/epl_timed_scraper.py
[2026-01-18T18:51:11.496+0000] {processor.py:830} INFO - Processing file /opt/airflow/dags/epl_timed_scraper.py for tasks to queue
[2026-01-18T18:51:11.500+0000] {logging_mixin.py:188} INFO - [2026-01-18T18:51:11.498+0000] {dagbag.py:538} INFO - Filling up the DagBag from /opt/airflow/dags/epl_timed_scraper.py
[2026-01-18T18:51:11.635+0000] {processor.py:840} INFO - DAG(s) 'epl_timed_match_scraper' retrieved from /opt/airflow/dags/epl_timed_scraper.py
[2026-01-18T18:51:12.006+0000] {logging_mixin.py:188} INFO - [2026-01-18T18:51:12.005+0000] {dag.py:3036} INFO - Sync 1 DAGs
[2026-01-18T18:51:12.060+0000] {logging_mixin.py:188} INFO - [2026-01-18T18:51:12.059+0000] {dag.py:3823} INFO - Setting next_dagrun for epl_timed_match_scraper to 2026-01-18 17:30:00+00:00, run_after=2026-01-18 19:30:00+00:00
[2026-01-18T18:51:12.116+0000] {processor.py:183} INFO - Processing /opt/airflow/dags/epl_timed_scraper.py took 0.634 seconds
[2026-01-18T18:51:42.205+0000] {processor.py:161} INFO - Started process (PID=44552) to work on /opt/airflow/dags/epl_timed_scraper.py
[2026-01-18T18:51:42.207+0000] {processor.py:830} INFO - Processing file /opt/airflow/dags/epl_timed_scraper.py for tasks to queue
[2026-01-18T18:51:42.210+0000] {logging_mixin.py:188} INFO - [2026-01-18T18:51:42.209+0000] {dagbag.py:538} INFO - Filling up the DagBag from /opt/airflow/dags/epl_timed_scraper.py
[2026-01-18T18:51:42.354+0000] {processor.py:840} INFO - DAG(s) 'epl_timed_match_scraper' retrieved from /opt/airflow/dags/epl_timed_scraper.py
[2026-01-18T18:51:42.689+0000] {logging_mixin.py:188} INFO - [2026-01-18T18:51:42.688+0000] {dag.py:3036} INFO - Sync 1 DAGs
[2026-01-18T18:51:42.742+0000] {logging_mixin.py:188} INFO - [2026-01-18T18:51:42.741+0000] {dag.py:3823} INFO - Setting next_dagrun for epl_timed_match_scraper to 2026-01-18 17:30:00+00:00, run_after=2026-01-18 19:30:00+00:00
[2026-01-18T18:51:42.808+0000] {processor.py:183} INFO - Processing /opt/airflow/dags/epl_timed_scraper.py took 0.613 seconds
[2026-01-18T18:52:13.500+0000] {processor.py:161} INFO - Started process (PID=44588) to work on /opt/airflow/dags/epl_timed_scraper.py
[2026-01-18T18:52:13.503+0000] {processor.py:830} INFO - Processing file /opt/airflow/dags/epl_timed_scraper.py for tasks to queue
[2026-01-18T18:52:13.507+0000] {logging_mixin.py:188} INFO - [2026-01-18T18:52:13.505+0000] {dagbag.py:538} INFO - Filling up the DagBag from /opt/airflow/dags/epl_timed_scraper.py
[2026-01-18T18:52:13.655+0000] {processor.py:840} INFO - DAG(s) 'epl_timed_match_scraper' retrieved from /opt/airflow/dags/epl_timed_scraper.py
[2026-01-18T18:52:14.007+0000] {logging_mixin.py:188} INFO - [2026-01-18T18:52:14.006+0000] {dag.py:3036} INFO - Sync 1 DAGs
[2026-01-18T18:52:14.061+0000] {logging_mixin.py:188} INFO - [2026-01-18T18:52:14.060+0000] {dag.py:3823} INFO - Setting next_dagrun for epl_timed_match_scraper to 2026-01-18 17:30:00+00:00, run_after=2026-01-18 19:30:00+00:00
[2026-01-18T18:52:14.121+0000] {processor.py:183} INFO - Processing /opt/airflow/dags/epl_timed_scraper.py took 0.633 seconds
[2026-01-18T18:52:44.295+0000] {processor.py:161} INFO - Started process (PID=44624) to work on /opt/airflow/dags/epl_timed_scraper.py
[2026-01-18T18:52:44.300+0000] {processor.py:830} INFO - Processing file /opt/airflow/dags/epl_timed_scraper.py for tasks to queue
[2026-01-18T18:52:44.303+0000] {logging_mixin.py:188} INFO - [2026-01-18T18:52:44.302+0000] {dagbag.py:538} INFO - Filling up the DagBag from /opt/airflow/dags/epl_timed_scraper.py
[2026-01-18T18:52:44.453+0000] {processor.py:840} INFO - DAG(s) 'epl_timed_match_scraper' retrieved from /opt/airflow/dags/epl_timed_scraper.py
[2026-01-18T18:52:44.804+0000] {logging_mixin.py:188} INFO - [2026-01-18T18:52:44.804+0000] {dag.py:3036} INFO - Sync 1 DAGs
[2026-01-18T18:52:44.856+0000] {logging_mixin.py:188} INFO - [2026-01-18T18:52:44.856+0000] {dag.py:3823} INFO - Setting next_dagrun for epl_timed_match_scraper to 2026-01-18 17:30:00+00:00, run_after=2026-01-18 19:30:00+00:00
[2026-01-18T18:52:44.917+0000] {processor.py:183} INFO - Processing /opt/airflow/dags/epl_timed_scraper.py took 0.636 seconds
[2026-01-18T18:53:15.455+0000] {processor.py:161} INFO - Started process (PID=44660) to work on /opt/airflow/dags/epl_timed_scraper.py
[2026-01-18T18:53:15.458+0000] {processor.py:830} INFO - Processing file /opt/airflow/dags/epl_timed_scraper.py for tasks to queue
[2026-01-18T18:53:15.461+0000] {logging_mixin.py:188} INFO - [2026-01-18T18:53:15.460+0000] {dagbag.py:538} INFO - Filling up the DagBag from /opt/airflow/dags/epl_timed_scraper.py
[2026-01-18T18:53:15.858+0000] {processor.py:840} INFO - DAG(s) 'epl_timed_match_scraper' retrieved from /opt/airflow/dags/epl_timed_scraper.py
[2026-01-18T18:53:15.928+0000] {logging_mixin.py:188} INFO - [2026-01-18T18:53:15.927+0000] {dag.py:3036} INFO - Sync 1 DAGs
[2026-01-18T18:53:15.989+0000] {logging_mixin.py:188} INFO - [2026-01-18T18:53:15.988+0000] {dag.py:3823} INFO - Setting next_dagrun for epl_timed_match_scraper to 2026-01-18 17:30:00+00:00, run_after=2026-01-18 19:30:00+00:00
[2026-01-18T18:53:16.064+0000] {processor.py:183} INFO - Processing /opt/airflow/dags/epl_timed_scraper.py took 0.618 seconds
[2026-01-18T18:53:46.181+0000] {processor.py:161} INFO - Started process (PID=44696) to work on /opt/airflow/dags/epl_timed_scraper.py
[2026-01-18T18:53:46.183+0000] {processor.py:830} INFO - Processing file /opt/airflow/dags/epl_timed_scraper.py for tasks to queue
[2026-01-18T18:53:46.184+0000] {logging_mixin.py:188} INFO - [2026-01-18T18:53:46.184+0000] {dagbag.py:538} INFO - Filling up the DagBag from /opt/airflow/dags/epl_timed_scraper.py
[2026-01-18T18:53:46.339+0000] {processor.py:840} INFO - DAG(s) 'epl_timed_match_scraper' retrieved from /opt/airflow/dags/epl_timed_scraper.py
[2026-01-18T18:53:46.407+0000] {logging_mixin.py:188} INFO - [2026-01-18T18:53:46.406+0000] {dag.py:3036} INFO - Sync 1 DAGs
[2026-01-18T18:53:46.469+0000] {logging_mixin.py:188} INFO - [2026-01-18T18:53:46.468+0000] {dag.py:3823} INFO - Setting next_dagrun for epl_timed_match_scraper to 2026-01-18 17:30:00+00:00, run_after=2026-01-18 19:30:00+00:00
[2026-01-18T18:53:46.531+0000] {processor.py:183} INFO - Processing /opt/airflow/dags/epl_timed_scraper.py took 0.361 seconds
[2026-01-18T18:54:17.539+0000] {processor.py:161} INFO - Started process (PID=44732) to work on /opt/airflow/dags/epl_timed_scraper.py
[2026-01-18T18:54:17.554+0000] {processor.py:830} INFO - Processing file /opt/airflow/dags/epl_timed_scraper.py for tasks to queue
[2026-01-18T18:54:17.557+0000] {logging_mixin.py:188} INFO - [2026-01-18T18:54:17.556+0000] {dagbag.py:538} INFO - Filling up the DagBag from /opt/airflow/dags/epl_timed_scraper.py
[2026-01-18T18:54:17.709+0000] {processor.py:840} INFO - DAG(s) 'epl_timed_match_scraper' retrieved from /opt/airflow/dags/epl_timed_scraper.py
[2026-01-18T18:54:17.774+0000] {logging_mixin.py:188} INFO - [2026-01-18T18:54:17.773+0000] {dag.py:3036} INFO - Sync 1 DAGs
[2026-01-18T18:54:17.821+0000] {logging_mixin.py:188} INFO - [2026-01-18T18:54:17.821+0000] {dag.py:3823} INFO - Setting next_dagrun for epl_timed_match_scraper to 2026-01-18 17:30:00+00:00, run_after=2026-01-18 19:30:00+00:00
[2026-01-18T18:54:17.897+0000] {processor.py:183} INFO - Processing /opt/airflow/dags/epl_timed_scraper.py took 0.367 seconds
[2026-01-18T18:54:48.654+0000] {processor.py:161} INFO - Started process (PID=44768) to work on /opt/airflow/dags/epl_timed_scraper.py
[2026-01-18T18:54:48.656+0000] {processor.py:830} INFO - Processing file /opt/airflow/dags/epl_timed_scraper.py for tasks to queue
[2026-01-18T18:54:48.658+0000] {logging_mixin.py:188} INFO - [2026-01-18T18:54:48.657+0000] {dagbag.py:538} INFO - Filling up the DagBag from /opt/airflow/dags/epl_timed_scraper.py
[2026-01-18T18:54:48.827+0000] {processor.py:840} INFO - DAG(s) 'epl_timed_match_scraper' retrieved from /opt/airflow/dags/epl_timed_scraper.py
[2026-01-18T18:54:48.905+0000] {logging_mixin.py:188} INFO - [2026-01-18T18:54:48.905+0000] {dag.py:3036} INFO - Sync 1 DAGs
[2026-01-18T18:54:48.968+0000] {logging_mixin.py:188} INFO - [2026-01-18T18:54:48.967+0000] {dag.py:3823} INFO - Setting next_dagrun for epl_timed_match_scraper to 2026-01-18 17:30:00+00:00, run_after=2026-01-18 19:30:00+00:00
[2026-01-18T18:54:49.747+0000] {processor.py:183} INFO - Processing /opt/airflow/dags/epl_timed_scraper.py took 1.101 seconds
[2026-01-18T18:55:20.493+0000] {processor.py:161} INFO - Started process (PID=44804) to work on /opt/airflow/dags/epl_timed_scraper.py
[2026-01-18T18:55:20.507+0000] {processor.py:830} INFO - Processing file /opt/airflow/dags/epl_timed_scraper.py for tasks to queue
[2026-01-18T18:55:20.511+0000] {logging_mixin.py:188} INFO - [2026-01-18T18:55:20.509+0000] {dagbag.py:538} INFO - Filling up the DagBag from /opt/airflow/dags/epl_timed_scraper.py
[2026-01-18T18:55:20.658+0000] {processor.py:840} INFO - DAG(s) 'epl_timed_match_scraper' retrieved from /opt/airflow/dags/epl_timed_scraper.py
[2026-01-18T18:55:20.717+0000] {logging_mixin.py:188} INFO - [2026-01-18T18:55:20.717+0000] {dag.py:3036} INFO - Sync 1 DAGs
[2026-01-18T18:55:20.786+0000] {logging_mixin.py:188} INFO - [2026-01-18T18:55:20.786+0000] {dag.py:3823} INFO - Setting next_dagrun for epl_timed_match_scraper to 2026-01-18 17:30:00+00:00, run_after=2026-01-18 19:30:00+00:00
[2026-01-18T18:55:20.863+0000] {processor.py:183} INFO - Processing /opt/airflow/dags/epl_timed_scraper.py took 0.378 seconds
[2026-01-18T18:55:51.034+0000] {processor.py:161} INFO - Started process (PID=44840) to work on /opt/airflow/dags/epl_timed_scraper.py
[2026-01-18T18:55:51.037+0000] {processor.py:830} INFO - Processing file /opt/airflow/dags/epl_timed_scraper.py for tasks to queue
[2026-01-18T18:55:51.039+0000] {logging_mixin.py:188} INFO - [2026-01-18T18:55:51.038+0000] {dagbag.py:538} INFO - Filling up the DagBag from /opt/airflow/dags/epl_timed_scraper.py
[2026-01-18T18:55:51.177+0000] {processor.py:840} INFO - DAG(s) 'epl_timed_match_scraper' retrieved from /opt/airflow/dags/epl_timed_scraper.py
[2026-01-18T18:55:51.236+0000] {logging_mixin.py:188} INFO - [2026-01-18T18:55:51.236+0000] {dag.py:3036} INFO - Sync 1 DAGs
[2026-01-18T18:55:51.292+0000] {logging_mixin.py:188} INFO - [2026-01-18T18:55:51.292+0000] {dag.py:3823} INFO - Setting next_dagrun for epl_timed_match_scraper to 2026-01-18 17:30:00+00:00, run_after=2026-01-18 19:30:00+00:00
[2026-01-18T18:55:51.358+0000] {processor.py:183} INFO - Processing /opt/airflow/dags/epl_timed_scraper.py took 0.332 seconds
[2026-01-18T18:56:21.523+0000] {processor.py:161} INFO - Started process (PID=44876) to work on /opt/airflow/dags/epl_timed_scraper.py
[2026-01-18T18:56:21.536+0000] {processor.py:830} INFO - Processing file /opt/airflow/dags/epl_timed_scraper.py for tasks to queue
[2026-01-18T18:56:21.540+0000] {logging_mixin.py:188} INFO - [2026-01-18T18:56:21.538+0000] {dagbag.py:538} INFO - Filling up the DagBag from /opt/airflow/dags/epl_timed_scraper.py
[2026-01-18T18:56:21.691+0000] {processor.py:840} INFO - DAG(s) 'epl_timed_match_scraper' retrieved from /opt/airflow/dags/epl_timed_scraper.py
[2026-01-18T18:56:21.755+0000] {logging_mixin.py:188} INFO - [2026-01-18T18:56:21.754+0000] {dag.py:3036} INFO - Sync 1 DAGs
[2026-01-18T18:56:21.829+0000] {logging_mixin.py:188} INFO - [2026-01-18T18:56:21.828+0000] {dag.py:3823} INFO - Setting next_dagrun for epl_timed_match_scraper to 2026-01-18 17:30:00+00:00, run_after=2026-01-18 19:30:00+00:00
[2026-01-18T18:56:21.898+0000] {processor.py:183} INFO - Processing /opt/airflow/dags/epl_timed_scraper.py took 0.386 seconds
[2026-01-18T18:56:52.479+0000] {processor.py:161} INFO - Started process (PID=44912) to work on /opt/airflow/dags/epl_timed_scraper.py
[2026-01-18T18:56:52.482+0000] {processor.py:830} INFO - Processing file /opt/airflow/dags/epl_timed_scraper.py for tasks to queue
[2026-01-18T18:56:52.485+0000] {logging_mixin.py:188} INFO - [2026-01-18T18:56:52.484+0000] {dagbag.py:538} INFO - Filling up the DagBag from /opt/airflow/dags/epl_timed_scraper.py
[2026-01-18T18:56:52.622+0000] {processor.py:840} INFO - DAG(s) 'epl_timed_match_scraper' retrieved from /opt/airflow/dags/epl_timed_scraper.py
[2026-01-18T18:56:52.695+0000] {logging_mixin.py:188} INFO - [2026-01-18T18:56:52.695+0000] {dag.py:3036} INFO - Sync 1 DAGs
[2026-01-18T18:56:52.762+0000] {logging_mixin.py:188} INFO - [2026-01-18T18:56:52.762+0000] {dag.py:3823} INFO - Setting next_dagrun for epl_timed_match_scraper to 2026-01-18 17:30:00+00:00, run_after=2026-01-18 19:30:00+00:00
[2026-01-18T18:56:52.835+0000] {processor.py:183} INFO - Processing /opt/airflow/dags/epl_timed_scraper.py took 0.366 seconds
[2026-01-18T18:57:23.441+0000] {processor.py:161} INFO - Started process (PID=44948) to work on /opt/airflow/dags/epl_timed_scraper.py
[2026-01-18T18:57:23.453+0000] {processor.py:830} INFO - Processing file /opt/airflow/dags/epl_timed_scraper.py for tasks to queue
[2026-01-18T18:57:23.456+0000] {logging_mixin.py:188} INFO - [2026-01-18T18:57:23.454+0000] {dagbag.py:538} INFO - Filling up the DagBag from /opt/airflow/dags/epl_timed_scraper.py
[2026-01-18T18:57:23.613+0000] {processor.py:840} INFO - DAG(s) 'epl_timed_match_scraper' retrieved from /opt/airflow/dags/epl_timed_scraper.py
[2026-01-18T18:57:23.689+0000] {logging_mixin.py:188} INFO - [2026-01-18T18:57:23.688+0000] {dag.py:3036} INFO - Sync 1 DAGs
[2026-01-18T18:57:23.752+0000] {logging_mixin.py:188} INFO - [2026-01-18T18:57:23.751+0000] {dag.py:3823} INFO - Setting next_dagrun for epl_timed_match_scraper to 2026-01-18 17:30:00+00:00, run_after=2026-01-18 19:30:00+00:00
[2026-01-18T18:57:23.822+0000] {processor.py:183} INFO - Processing /opt/airflow/dags/epl_timed_scraper.py took 0.394 seconds
[2026-01-18T18:57:54.043+0000] {processor.py:161} INFO - Started process (PID=44984) to work on /opt/airflow/dags/epl_timed_scraper.py
[2026-01-18T18:57:54.045+0000] {processor.py:830} INFO - Processing file /opt/airflow/dags/epl_timed_scraper.py for tasks to queue
[2026-01-18T18:57:54.047+0000] {logging_mixin.py:188} INFO - [2026-01-18T18:57:54.046+0000] {dagbag.py:538} INFO - Filling up the DagBag from /opt/airflow/dags/epl_timed_scraper.py
[2026-01-18T18:57:54.198+0000] {processor.py:840} INFO - DAG(s) 'epl_timed_match_scraper' retrieved from /opt/airflow/dags/epl_timed_scraper.py
[2026-01-18T18:57:54.277+0000] {logging_mixin.py:188} INFO - [2026-01-18T18:57:54.276+0000] {dag.py:3036} INFO - Sync 1 DAGs
[2026-01-18T18:57:54.352+0000] {logging_mixin.py:188} INFO - [2026-01-18T18:57:54.352+0000] {dag.py:3823} INFO - Setting next_dagrun for epl_timed_match_scraper to 2026-01-18 17:30:00+00:00, run_after=2026-01-18 19:30:00+00:00
[2026-01-18T18:57:54.414+0000] {processor.py:183} INFO - Processing /opt/airflow/dags/epl_timed_scraper.py took 0.381 seconds
[2026-01-18T18:58:24.587+0000] {processor.py:161} INFO - Started process (PID=45026) to work on /opt/airflow/dags/epl_timed_scraper.py
[2026-01-18T18:58:24.596+0000] {processor.py:830} INFO - Processing file /opt/airflow/dags/epl_timed_scraper.py for tasks to queue
[2026-01-18T18:58:24.599+0000] {logging_mixin.py:188} INFO - [2026-01-18T18:58:24.597+0000] {dagbag.py:538} INFO - Filling up the DagBag from /opt/airflow/dags/epl_timed_scraper.py
[2026-01-18T18:58:24.736+0000] {processor.py:840} INFO - DAG(s) 'epl_timed_match_scraper' retrieved from /opt/airflow/dags/epl_timed_scraper.py
[2026-01-18T18:58:24.808+0000] {logging_mixin.py:188} INFO - [2026-01-18T18:58:24.807+0000] {dag.py:3036} INFO - Sync 1 DAGs
[2026-01-18T18:58:24.875+0000] {logging_mixin.py:188} INFO - [2026-01-18T18:58:24.874+0000] {dag.py:3823} INFO - Setting next_dagrun for epl_timed_match_scraper to 2026-01-18 17:30:00+00:00, run_after=2026-01-18 19:30:00+00:00
[2026-01-18T18:58:24.940+0000] {processor.py:183} INFO - Processing /opt/airflow/dags/epl_timed_scraper.py took 0.361 seconds
[2026-01-18T18:58:55.806+0000] {processor.py:161} INFO - Started process (PID=45062) to work on /opt/airflow/dags/epl_timed_scraper.py
[2026-01-18T18:58:55.807+0000] {processor.py:830} INFO - Processing file /opt/airflow/dags/epl_timed_scraper.py for tasks to queue
[2026-01-18T18:58:55.808+0000] {logging_mixin.py:188} INFO - [2026-01-18T18:58:55.808+0000] {dagbag.py:538} INFO - Filling up the DagBag from /opt/airflow/dags/epl_timed_scraper.py
[2026-01-18T18:58:55.867+0000] {processor.py:840} INFO - DAG(s) 'epl_timed_match_scraper' retrieved from /opt/airflow/dags/epl_timed_scraper.py
[2026-01-18T18:58:55.903+0000] {logging_mixin.py:188} INFO - [2026-01-18T18:58:55.902+0000] {dag.py:3036} INFO - Sync 1 DAGs
[2026-01-18T18:58:55.931+0000] {logging_mixin.py:188} INFO - [2026-01-18T18:58:55.931+0000] {dag.py:3823} INFO - Setting next_dagrun for epl_timed_match_scraper to 2026-01-18 17:30:00+00:00, run_after=2026-01-18 19:30:00+00:00
[2026-01-18T18:58:55.971+0000] {processor.py:183} INFO - Processing /opt/airflow/dags/epl_timed_scraper.py took 0.169 seconds
[2026-01-18T18:59:26.708+0000] {processor.py:161} INFO - Started process (PID=45098) to work on /opt/airflow/dags/epl_timed_scraper.py
[2026-01-18T18:59:26.719+0000] {processor.py:830} INFO - Processing file /opt/airflow/dags/epl_timed_scraper.py for tasks to queue
[2026-01-18T18:59:26.720+0000] {logging_mixin.py:188} INFO - [2026-01-18T18:59:26.720+0000] {dagbag.py:538} INFO - Filling up the DagBag from /opt/airflow/dags/epl_timed_scraper.py
[2026-01-18T18:59:26.804+0000] {processor.py:840} INFO - DAG(s) 'epl_timed_match_scraper' retrieved from /opt/airflow/dags/epl_timed_scraper.py
[2026-01-18T18:59:26.848+0000] {logging_mixin.py:188} INFO - [2026-01-18T18:59:26.848+0000] {dag.py:3036} INFO - Sync 1 DAGs
[2026-01-18T18:59:26.884+0000] {logging_mixin.py:188} INFO - [2026-01-18T18:59:26.883+0000] {dag.py:3823} INFO - Setting next_dagrun for epl_timed_match_scraper to 2026-01-18 17:30:00+00:00, run_after=2026-01-18 19:30:00+00:00
[2026-01-18T18:59:26.925+0000] {processor.py:183} INFO - Processing /opt/airflow/dags/epl_timed_scraper.py took 0.220 seconds
[2026-01-18T18:59:57.343+0000] {processor.py:161} INFO - Started process (PID=45136) to work on /opt/airflow/dags/epl_timed_scraper.py
[2026-01-18T18:59:57.344+0000] {processor.py:830} INFO - Processing file /opt/airflow/dags/epl_timed_scraper.py for tasks to queue
[2026-01-18T18:59:57.347+0000] {logging_mixin.py:188} INFO - [2026-01-18T18:59:57.346+0000] {dagbag.py:538} INFO - Filling up the DagBag from /opt/airflow/dags/epl_timed_scraper.py
[2026-01-18T18:59:57.448+0000] {processor.py:840} INFO - DAG(s) 'epl_timed_match_scraper' retrieved from /opt/airflow/dags/epl_timed_scraper.py
[2026-01-18T18:59:57.491+0000] {logging_mixin.py:188} INFO - [2026-01-18T18:59:57.490+0000] {dag.py:3036} INFO - Sync 1 DAGs
[2026-01-18T18:59:57.531+0000] {logging_mixin.py:188} INFO - [2026-01-18T18:59:57.531+0000] {dag.py:3823} INFO - Setting next_dagrun for epl_timed_match_scraper to 2026-01-18 17:30:00+00:00, run_after=2026-01-18 19:30:00+00:00
[2026-01-18T18:59:57.576+0000] {processor.py:183} INFO - Processing /opt/airflow/dags/epl_timed_scraper.py took 0.237 seconds
[2026-01-18T19:00:27.998+0000] {processor.py:161} INFO - Started process (PID=45176) to work on /opt/airflow/dags/epl_timed_scraper.py
[2026-01-18T19:00:28.006+0000] {processor.py:830} INFO - Processing file /opt/airflow/dags/epl_timed_scraper.py for tasks to queue
[2026-01-18T19:00:28.008+0000] {logging_mixin.py:188} INFO - [2026-01-18T19:00:28.007+0000] {dagbag.py:538} INFO - Filling up the DagBag from /opt/airflow/dags/epl_timed_scraper.py
[2026-01-18T19:00:28.088+0000] {processor.py:840} INFO - DAG(s) 'epl_timed_match_scraper' retrieved from /opt/airflow/dags/epl_timed_scraper.py
[2026-01-18T19:00:28.132+0000] {logging_mixin.py:188} INFO - [2026-01-18T19:00:28.132+0000] {dag.py:3036} INFO - Sync 1 DAGs
[2026-01-18T19:00:28.167+0000] {logging_mixin.py:188} INFO - [2026-01-18T19:00:28.167+0000] {dag.py:3823} INFO - Setting next_dagrun for epl_timed_match_scraper to 2026-01-18 17:30:00+00:00, run_after=2026-01-18 19:30:00+00:00
[2026-01-18T19:00:28.228+0000] {processor.py:183} INFO - Processing /opt/airflow/dags/epl_timed_scraper.py took 0.234 seconds
[2026-01-18T19:00:58.775+0000] {processor.py:161} INFO - Started process (PID=45212) to work on /opt/airflow/dags/epl_timed_scraper.py
[2026-01-18T19:00:58.777+0000] {processor.py:830} INFO - Processing file /opt/airflow/dags/epl_timed_scraper.py for tasks to queue
[2026-01-18T19:00:58.779+0000] {logging_mixin.py:188} INFO - [2026-01-18T19:00:58.778+0000] {dagbag.py:538} INFO - Filling up the DagBag from /opt/airflow/dags/epl_timed_scraper.py
[2026-01-18T19:00:58.860+0000] {processor.py:840} INFO - DAG(s) 'epl_timed_match_scraper' retrieved from /opt/airflow/dags/epl_timed_scraper.py
[2026-01-18T19:00:58.898+0000] {logging_mixin.py:188} INFO - [2026-01-18T19:00:58.898+0000] {dag.py:3036} INFO - Sync 1 DAGs
[2026-01-18T19:00:58.929+0000] {logging_mixin.py:188} INFO - [2026-01-18T19:00:58.929+0000] {dag.py:3823} INFO - Setting next_dagrun for epl_timed_match_scraper to 2026-01-18 17:30:00+00:00, run_after=2026-01-18 19:30:00+00:00
[2026-01-18T19:00:58.964+0000] {processor.py:183} INFO - Processing /opt/airflow/dags/epl_timed_scraper.py took 0.195 seconds
[2026-01-18T19:01:29.365+0000] {processor.py:161} INFO - Started process (PID=45248) to work on /opt/airflow/dags/epl_timed_scraper.py
[2026-01-18T19:01:29.377+0000] {processor.py:830} INFO - Processing file /opt/airflow/dags/epl_timed_scraper.py for tasks to queue
[2026-01-18T19:01:29.379+0000] {logging_mixin.py:188} INFO - [2026-01-18T19:01:29.378+0000] {dagbag.py:538} INFO - Filling up the DagBag from /opt/airflow/dags/epl_timed_scraper.py
[2026-01-18T19:01:29.442+0000] {processor.py:840} INFO - DAG(s) 'epl_timed_match_scraper' retrieved from /opt/airflow/dags/epl_timed_scraper.py
[2026-01-18T19:01:29.476+0000] {logging_mixin.py:188} INFO - [2026-01-18T19:01:29.476+0000] {dag.py:3036} INFO - Sync 1 DAGs
[2026-01-18T19:01:29.503+0000] {logging_mixin.py:188} INFO - [2026-01-18T19:01:29.503+0000] {dag.py:3823} INFO - Setting next_dagrun for epl_timed_match_scraper to 2026-01-18 17:30:00+00:00, run_after=2026-01-18 19:30:00+00:00
[2026-01-18T19:01:29.544+0000] {processor.py:183} INFO - Processing /opt/airflow/dags/epl_timed_scraper.py took 0.183 seconds
[2026-01-18T19:02:00.099+0000] {processor.py:161} INFO - Started process (PID=45284) to work on /opt/airflow/dags/epl_timed_scraper.py
[2026-01-18T19:02:00.100+0000] {processor.py:830} INFO - Processing file /opt/airflow/dags/epl_timed_scraper.py for tasks to queue
[2026-01-18T19:02:00.101+0000] {logging_mixin.py:188} INFO - [2026-01-18T19:02:00.101+0000] {dagbag.py:538} INFO - Filling up the DagBag from /opt/airflow/dags/epl_timed_scraper.py
[2026-01-18T19:02:00.161+0000] {processor.py:840} INFO - DAG(s) 'epl_timed_match_scraper' retrieved from /opt/airflow/dags/epl_timed_scraper.py
[2026-01-18T19:02:00.193+0000] {logging_mixin.py:188} INFO - [2026-01-18T19:02:00.193+0000] {dag.py:3036} INFO - Sync 1 DAGs
[2026-01-18T19:02:00.221+0000] {logging_mixin.py:188} INFO - [2026-01-18T19:02:00.220+0000] {dag.py:3823} INFO - Setting next_dagrun for epl_timed_match_scraper to 2026-01-18 17:30:00+00:00, run_after=2026-01-18 19:30:00+00:00
[2026-01-18T19:02:00.287+0000] {processor.py:183} INFO - Processing /opt/airflow/dags/epl_timed_scraper.py took 0.191 seconds
[2026-01-18T19:02:30.320+0000] {processor.py:161} INFO - Started process (PID=45320) to work on /opt/airflow/dags/epl_timed_scraper.py
[2026-01-18T19:02:30.349+0000] {processor.py:830} INFO - Processing file /opt/airflow/dags/epl_timed_scraper.py for tasks to queue
[2026-01-18T19:02:30.351+0000] {logging_mixin.py:188} INFO - [2026-01-18T19:02:30.350+0000] {dagbag.py:538} INFO - Filling up the DagBag from /opt/airflow/dags/epl_timed_scraper.py
[2026-01-18T19:02:30.403+0000] {processor.py:840} INFO - DAG(s) 'epl_timed_match_scraper' retrieved from /opt/airflow/dags/epl_timed_scraper.py
[2026-01-18T19:02:30.435+0000] {logging_mixin.py:188} INFO - [2026-01-18T19:02:30.435+0000] {dag.py:3036} INFO - Sync 1 DAGs
[2026-01-18T19:02:30.461+0000] {logging_mixin.py:188} INFO - [2026-01-18T19:02:30.460+0000] {dag.py:3823} INFO - Setting next_dagrun for epl_timed_match_scraper to 2026-01-18 17:30:00+00:00, run_after=2026-01-18 19:30:00+00:00
[2026-01-18T19:02:30.600+0000] {processor.py:183} INFO - Processing /opt/airflow/dags/epl_timed_scraper.py took 0.283 seconds
[2026-01-18T19:03:01.478+0000] {processor.py:161} INFO - Started process (PID=45356) to work on /opt/airflow/dags/epl_timed_scraper.py
[2026-01-18T19:03:01.479+0000] {processor.py:830} INFO - Processing file /opt/airflow/dags/epl_timed_scraper.py for tasks to queue
[2026-01-18T19:03:01.480+0000] {logging_mixin.py:188} INFO - [2026-01-18T19:03:01.480+0000] {dagbag.py:538} INFO - Filling up the DagBag from /opt/airflow/dags/epl_timed_scraper.py
[2026-01-18T19:03:01.561+0000] {processor.py:840} INFO - DAG(s) 'epl_timed_match_scraper' retrieved from /opt/airflow/dags/epl_timed_scraper.py
[2026-01-18T19:03:01.605+0000] {logging_mixin.py:188} INFO - [2026-01-18T19:03:01.605+0000] {dag.py:3036} INFO - Sync 1 DAGs
[2026-01-18T19:03:01.642+0000] {logging_mixin.py:188} INFO - [2026-01-18T19:03:01.642+0000] {dag.py:3823} INFO - Setting next_dagrun for epl_timed_match_scraper to 2026-01-18 17:30:00+00:00, run_after=2026-01-18 19:30:00+00:00
[2026-01-18T19:03:01.714+0000] {processor.py:183} INFO - Processing /opt/airflow/dags/epl_timed_scraper.py took 0.239 seconds
[2026-01-18T19:03:32.361+0000] {processor.py:161} INFO - Started process (PID=45392) to work on /opt/airflow/dags/epl_timed_scraper.py
[2026-01-18T19:03:32.370+0000] {processor.py:830} INFO - Processing file /opt/airflow/dags/epl_timed_scraper.py for tasks to queue
[2026-01-18T19:03:32.372+0000] {logging_mixin.py:188} INFO - [2026-01-18T19:03:32.371+0000] {dagbag.py:538} INFO - Filling up the DagBag from /opt/airflow/dags/epl_timed_scraper.py
[2026-01-18T19:03:32.451+0000] {processor.py:840} INFO - DAG(s) 'epl_timed_match_scraper' retrieved from /opt/airflow/dags/epl_timed_scraper.py
[2026-01-18T19:03:32.491+0000] {logging_mixin.py:188} INFO - [2026-01-18T19:03:32.491+0000] {dag.py:3036} INFO - Sync 1 DAGs
[2026-01-18T19:03:32.526+0000] {logging_mixin.py:188} INFO - [2026-01-18T19:03:32.526+0000] {dag.py:3823} INFO - Setting next_dagrun for epl_timed_match_scraper to 2026-01-18 17:30:00+00:00, run_after=2026-01-18 19:30:00+00:00
[2026-01-18T19:03:32.570+0000] {processor.py:183} INFO - Processing /opt/airflow/dags/epl_timed_scraper.py took 0.213 seconds
[2026-01-18T19:04:03.210+0000] {processor.py:161} INFO - Started process (PID=45428) to work on /opt/airflow/dags/epl_timed_scraper.py
[2026-01-18T19:04:03.211+0000] {processor.py:830} INFO - Processing file /opt/airflow/dags/epl_timed_scraper.py for tasks to queue
[2026-01-18T19:04:03.212+0000] {logging_mixin.py:188} INFO - [2026-01-18T19:04:03.212+0000] {dagbag.py:538} INFO - Filling up the DagBag from /opt/airflow/dags/epl_timed_scraper.py
[2026-01-18T19:04:03.272+0000] {processor.py:840} INFO - DAG(s) 'epl_timed_match_scraper' retrieved from /opt/airflow/dags/epl_timed_scraper.py
[2026-01-18T19:04:03.305+0000] {logging_mixin.py:188} INFO - [2026-01-18T19:04:03.305+0000] {dag.py:3036} INFO - Sync 1 DAGs
[2026-01-18T19:04:03.333+0000] {logging_mixin.py:188} INFO - [2026-01-18T19:04:03.333+0000] {dag.py:3823} INFO - Setting next_dagrun for epl_timed_match_scraper to 2026-01-18 17:30:00+00:00, run_after=2026-01-18 19:30:00+00:00
[2026-01-18T19:04:03.371+0000] {processor.py:183} INFO - Processing /opt/airflow/dags/epl_timed_scraper.py took 0.164 seconds
[2026-01-18T19:04:33.912+0000] {processor.py:161} INFO - Started process (PID=45464) to work on /opt/airflow/dags/epl_timed_scraper.py
[2026-01-18T19:04:33.922+0000] {processor.py:830} INFO - Processing file /opt/airflow/dags/epl_timed_scraper.py for tasks to queue
[2026-01-18T19:04:33.923+0000] {logging_mixin.py:188} INFO - [2026-01-18T19:04:33.923+0000] {dagbag.py:538} INFO - Filling up the DagBag from /opt/airflow/dags/epl_timed_scraper.py
[2026-01-18T19:04:33.981+0000] {processor.py:840} INFO - DAG(s) 'epl_timed_match_scraper' retrieved from /opt/airflow/dags/epl_timed_scraper.py
[2026-01-18T19:04:34.014+0000] {logging_mixin.py:188} INFO - [2026-01-18T19:04:34.014+0000] {dag.py:3036} INFO - Sync 1 DAGs
[2026-01-18T19:04:34.041+0000] {logging_mixin.py:188} INFO - [2026-01-18T19:04:34.041+0000] {dag.py:3823} INFO - Setting next_dagrun for epl_timed_match_scraper to 2026-01-18 17:30:00+00:00, run_after=2026-01-18 19:30:00+00:00
[2026-01-18T19:04:34.082+0000] {processor.py:183} INFO - Processing /opt/airflow/dags/epl_timed_scraper.py took 0.173 seconds
[2026-01-18T19:05:04.699+0000] {processor.py:161} INFO - Started process (PID=45500) to work on /opt/airflow/dags/epl_timed_scraper.py
[2026-01-18T19:05:04.700+0000] {processor.py:830} INFO - Processing file /opt/airflow/dags/epl_timed_scraper.py for tasks to queue
[2026-01-18T19:05:04.701+0000] {logging_mixin.py:188} INFO - [2026-01-18T19:05:04.701+0000] {dagbag.py:538} INFO - Filling up the DagBag from /opt/airflow/dags/epl_timed_scraper.py
[2026-01-18T19:05:04.772+0000] {processor.py:840} INFO - DAG(s) 'epl_timed_match_scraper' retrieved from /opt/airflow/dags/epl_timed_scraper.py
[2026-01-18T19:05:04.809+0000] {logging_mixin.py:188} INFO - [2026-01-18T19:05:04.809+0000] {dag.py:3036} INFO - Sync 1 DAGs
[2026-01-18T19:05:04.841+0000] {logging_mixin.py:188} INFO - [2026-01-18T19:05:04.840+0000] {dag.py:3823} INFO - Setting next_dagrun for epl_timed_match_scraper to 2026-01-18 17:30:00+00:00, run_after=2026-01-18 19:30:00+00:00
[2026-01-18T19:05:04.877+0000] {processor.py:183} INFO - Processing /opt/airflow/dags/epl_timed_scraper.py took 0.183 seconds
[2026-01-18T19:05:35.465+0000] {processor.py:161} INFO - Started process (PID=45536) to work on /opt/airflow/dags/epl_timed_scraper.py
[2026-01-18T19:05:35.473+0000] {processor.py:830} INFO - Processing file /opt/airflow/dags/epl_timed_scraper.py for tasks to queue
[2026-01-18T19:05:35.475+0000] {logging_mixin.py:188} INFO - [2026-01-18T19:05:35.474+0000] {dagbag.py:538} INFO - Filling up the DagBag from /opt/airflow/dags/epl_timed_scraper.py
[2026-01-18T19:05:35.564+0000] {processor.py:840} INFO - DAG(s) 'epl_timed_match_scraper' retrieved from /opt/airflow/dags/epl_timed_scraper.py
[2026-01-18T19:05:35.606+0000] {logging_mixin.py:188} INFO - [2026-01-18T19:05:35.605+0000] {dag.py:3036} INFO - Sync 1 DAGs
[2026-01-18T19:05:35.637+0000] {logging_mixin.py:188} INFO - [2026-01-18T19:05:35.637+0000] {dag.py:3823} INFO - Setting next_dagrun for epl_timed_match_scraper to 2026-01-18 17:30:00+00:00, run_after=2026-01-18 19:30:00+00:00
[2026-01-18T19:05:35.677+0000] {processor.py:183} INFO - Processing /opt/airflow/dags/epl_timed_scraper.py took 0.217 seconds
[2026-01-18T19:06:06.279+0000] {processor.py:161} INFO - Started process (PID=45572) to work on /opt/airflow/dags/epl_timed_scraper.py
[2026-01-18T19:06:06.280+0000] {processor.py:830} INFO - Processing file /opt/airflow/dags/epl_timed_scraper.py for tasks to queue
[2026-01-18T19:06:06.281+0000] {logging_mixin.py:188} INFO - [2026-01-18T19:06:06.280+0000] {dagbag.py:538} INFO - Filling up the DagBag from /opt/airflow/dags/epl_timed_scraper.py
[2026-01-18T19:06:06.357+0000] {processor.py:840} INFO - DAG(s) 'epl_timed_match_scraper' retrieved from /opt/airflow/dags/epl_timed_scraper.py
[2026-01-18T19:06:06.399+0000] {logging_mixin.py:188} INFO - [2026-01-18T19:06:06.398+0000] {dag.py:3036} INFO - Sync 1 DAGs
[2026-01-18T19:06:06.431+0000] {logging_mixin.py:188} INFO - [2026-01-18T19:06:06.431+0000] {dag.py:3823} INFO - Setting next_dagrun for epl_timed_match_scraper to 2026-01-18 17:30:00+00:00, run_after=2026-01-18 19:30:00+00:00
[2026-01-18T19:06:06.469+0000] {processor.py:183} INFO - Processing /opt/airflow/dags/epl_timed_scraper.py took 0.193 seconds
[2026-01-18T19:06:37.102+0000] {processor.py:161} INFO - Started process (PID=45608) to work on /opt/airflow/dags/epl_timed_scraper.py
[2026-01-18T19:06:37.129+0000] {processor.py:830} INFO - Processing file /opt/airflow/dags/epl_timed_scraper.py for tasks to queue
[2026-01-18T19:06:37.131+0000] {logging_mixin.py:188} INFO - [2026-01-18T19:06:37.130+0000] {dagbag.py:538} INFO - Filling up the DagBag from /opt/airflow/dags/epl_timed_scraper.py
[2026-01-18T19:06:37.209+0000] {processor.py:840} INFO - DAG(s) 'epl_timed_match_scraper' retrieved from /opt/airflow/dags/epl_timed_scraper.py
[2026-01-18T19:06:37.251+0000] {logging_mixin.py:188} INFO - [2026-01-18T19:06:37.251+0000] {dag.py:3036} INFO - Sync 1 DAGs
[2026-01-18T19:06:37.288+0000] {logging_mixin.py:188} INFO - [2026-01-18T19:06:37.288+0000] {dag.py:3823} INFO - Setting next_dagrun for epl_timed_match_scraper to 2026-01-18 17:30:00+00:00, run_after=2026-01-18 19:30:00+00:00
[2026-01-18T19:06:37.366+0000] {processor.py:183} INFO - Processing /opt/airflow/dags/epl_timed_scraper.py took 0.269 seconds
