[2026-01-18T18:37:49.120+0000] {processor.py:161} INFO - Started process (PID=43562) to work on /opt/airflow/dags/epl_match_scheduler.py
[2026-01-18T18:37:49.121+0000] {processor.py:830} INFO - Processing file /opt/airflow/dags/epl_match_scheduler.py for tasks to queue
[2026-01-18T18:37:49.122+0000] {logging_mixin.py:188} INFO - [2026-01-18T18:37:49.121+0000] {dagbag.py:538} INFO - Filling up the DagBag from /opt/airflow/dags/epl_match_scheduler.py
[2026-01-18T18:37:49.177+0000] {processor.py:840} INFO - DAG(s) 'epl_match_scheduler' retrieved from /opt/airflow/dags/epl_match_scheduler.py
[2026-01-18T18:37:49.289+0000] {logging_mixin.py:188} INFO - [2026-01-18T18:37:49.289+0000] {dag.py:3036} INFO - Sync 1 DAGs
[2026-01-18T18:37:49.308+0000] {logging_mixin.py:188} INFO - [2026-01-18T18:37:49.307+0000] {dag.py:3823} INFO - Setting next_dagrun for epl_match_scheduler to 2026-01-18 06:00:00+00:00, run_after=2026-01-19 06:00:00+00:00
[2026-01-18T18:37:49.740+0000] {processor.py:183} INFO - Processing /opt/airflow/dags/epl_match_scheduler.py took 0.623 seconds
[2026-01-18T18:38:20.627+0000] {processor.py:161} INFO - Started process (PID=43605) to work on /opt/airflow/dags/epl_match_scheduler.py
[2026-01-18T18:38:20.628+0000] {processor.py:830} INFO - Processing file /opt/airflow/dags/epl_match_scheduler.py for tasks to queue
[2026-01-18T18:38:20.630+0000] {logging_mixin.py:188} INFO - [2026-01-18T18:38:20.629+0000] {dagbag.py:538} INFO - Filling up the DagBag from /opt/airflow/dags/epl_match_scheduler.py
[2026-01-18T18:38:20.730+0000] {processor.py:840} INFO - DAG(s) 'epl_match_scheduler' retrieved from /opt/airflow/dags/epl_match_scheduler.py
[2026-01-18T18:38:20.779+0000] {logging_mixin.py:188} INFO - [2026-01-18T18:38:20.779+0000] {dag.py:3036} INFO - Sync 1 DAGs
[2026-01-18T18:38:20.833+0000] {logging_mixin.py:188} INFO - [2026-01-18T18:38:20.833+0000] {dag.py:3823} INFO - Setting next_dagrun for epl_match_scheduler to 2026-01-18 06:00:00+00:00, run_after=2026-01-19 06:00:00+00:00
[2026-01-18T18:38:20.894+0000] {processor.py:183} INFO - Processing /opt/airflow/dags/epl_match_scheduler.py took 0.273 seconds
[2026-01-18T18:38:50.992+0000] {processor.py:161} INFO - Started process (PID=43641) to work on /opt/airflow/dags/epl_match_scheduler.py
[2026-01-18T18:38:50.998+0000] {processor.py:830} INFO - Processing file /opt/airflow/dags/epl_match_scheduler.py for tasks to queue
[2026-01-18T18:38:50.999+0000] {logging_mixin.py:188} INFO - [2026-01-18T18:38:50.999+0000] {dagbag.py:538} INFO - Filling up the DagBag from /opt/airflow/dags/epl_match_scheduler.py
[2026-01-18T18:38:51.055+0000] {processor.py:840} INFO - DAG(s) 'epl_match_scheduler' retrieved from /opt/airflow/dags/epl_match_scheduler.py
[2026-01-18T18:38:51.091+0000] {logging_mixin.py:188} INFO - [2026-01-18T18:38:51.091+0000] {dag.py:3036} INFO - Sync 1 DAGs
[2026-01-18T18:38:51.117+0000] {logging_mixin.py:188} INFO - [2026-01-18T18:38:51.117+0000] {dag.py:3823} INFO - Setting next_dagrun for epl_match_scheduler to 2026-01-18 06:00:00+00:00, run_after=2026-01-19 06:00:00+00:00
[2026-01-18T18:38:51.194+0000] {processor.py:183} INFO - Processing /opt/airflow/dags/epl_match_scheduler.py took 0.206 seconds
[2026-01-18T18:39:21.736+0000] {processor.py:161} INFO - Started process (PID=43677) to work on /opt/airflow/dags/epl_match_scheduler.py
[2026-01-18T18:39:21.737+0000] {processor.py:830} INFO - Processing file /opt/airflow/dags/epl_match_scheduler.py for tasks to queue
[2026-01-18T18:39:21.738+0000] {logging_mixin.py:188} INFO - [2026-01-18T18:39:21.737+0000] {dagbag.py:538} INFO - Filling up the DagBag from /opt/airflow/dags/epl_match_scheduler.py
[2026-01-18T18:39:21.792+0000] {processor.py:840} INFO - DAG(s) 'epl_match_scheduler' retrieved from /opt/airflow/dags/epl_match_scheduler.py
[2026-01-18T18:39:21.822+0000] {logging_mixin.py:188} INFO - [2026-01-18T18:39:21.822+0000] {dag.py:3036} INFO - Sync 1 DAGs
[2026-01-18T18:39:21.847+0000] {logging_mixin.py:188} INFO - [2026-01-18T18:39:21.847+0000] {dag.py:3823} INFO - Setting next_dagrun for epl_match_scheduler to 2026-01-18 06:00:00+00:00, run_after=2026-01-19 06:00:00+00:00
[2026-01-18T18:39:21.899+0000] {processor.py:183} INFO - Processing /opt/airflow/dags/epl_match_scheduler.py took 0.166 seconds
[2026-01-18T18:39:52.308+0000] {processor.py:161} INFO - Started process (PID=43713) to work on /opt/airflow/dags/epl_match_scheduler.py
[2026-01-18T18:39:52.321+0000] {processor.py:830} INFO - Processing file /opt/airflow/dags/epl_match_scheduler.py for tasks to queue
[2026-01-18T18:39:52.322+0000] {logging_mixin.py:188} INFO - [2026-01-18T18:39:52.322+0000] {dagbag.py:538} INFO - Filling up the DagBag from /opt/airflow/dags/epl_match_scheduler.py
[2026-01-18T18:39:52.381+0000] {processor.py:840} INFO - DAG(s) 'epl_match_scheduler' retrieved from /opt/airflow/dags/epl_match_scheduler.py
[2026-01-18T18:39:52.411+0000] {logging_mixin.py:188} INFO - [2026-01-18T18:39:52.411+0000] {dag.py:3036} INFO - Sync 1 DAGs
[2026-01-18T18:39:52.435+0000] {logging_mixin.py:188} INFO - [2026-01-18T18:39:52.435+0000] {dag.py:3823} INFO - Setting next_dagrun for epl_match_scheduler to 2026-01-18 06:00:00+00:00, run_after=2026-01-19 06:00:00+00:00
[2026-01-18T18:39:52.480+0000] {processor.py:183} INFO - Processing /opt/airflow/dags/epl_match_scheduler.py took 0.176 seconds
[2026-01-18T18:40:23.021+0000] {processor.py:161} INFO - Started process (PID=43753) to work on /opt/airflow/dags/epl_match_scheduler.py
[2026-01-18T18:40:23.022+0000] {processor.py:830} INFO - Processing file /opt/airflow/dags/epl_match_scheduler.py for tasks to queue
[2026-01-18T18:40:23.023+0000] {logging_mixin.py:188} INFO - [2026-01-18T18:40:23.023+0000] {dagbag.py:538} INFO - Filling up the DagBag from /opt/airflow/dags/epl_match_scheduler.py
[2026-01-18T18:40:23.082+0000] {processor.py:840} INFO - DAG(s) 'epl_match_scheduler' retrieved from /opt/airflow/dags/epl_match_scheduler.py
[2026-01-18T18:40:23.114+0000] {logging_mixin.py:188} INFO - [2026-01-18T18:40:23.114+0000] {dag.py:3036} INFO - Sync 1 DAGs
[2026-01-18T18:40:23.142+0000] {logging_mixin.py:188} INFO - [2026-01-18T18:40:23.142+0000] {dag.py:3823} INFO - Setting next_dagrun for epl_match_scheduler to 2026-01-18 06:00:00+00:00, run_after=2026-01-19 06:00:00+00:00
[2026-01-18T18:40:23.189+0000] {processor.py:183} INFO - Processing /opt/airflow/dags/epl_match_scheduler.py took 0.171 seconds
[2026-01-18T18:40:53.253+0000] {processor.py:161} INFO - Started process (PID=43791) to work on /opt/airflow/dags/epl_match_scheduler.py
[2026-01-18T18:40:53.263+0000] {processor.py:830} INFO - Processing file /opt/airflow/dags/epl_match_scheduler.py for tasks to queue
[2026-01-18T18:40:53.264+0000] {logging_mixin.py:188} INFO - [2026-01-18T18:40:53.263+0000] {dagbag.py:538} INFO - Filling up the DagBag from /opt/airflow/dags/epl_match_scheduler.py
[2026-01-18T18:40:53.320+0000] {processor.py:840} INFO - DAG(s) 'epl_match_scheduler' retrieved from /opt/airflow/dags/epl_match_scheduler.py
[2026-01-18T18:40:53.350+0000] {logging_mixin.py:188} INFO - [2026-01-18T18:40:53.350+0000] {dag.py:3036} INFO - Sync 1 DAGs
[2026-01-18T18:40:53.376+0000] {logging_mixin.py:188} INFO - [2026-01-18T18:40:53.375+0000] {dag.py:3823} INFO - Setting next_dagrun for epl_match_scheduler to 2026-01-18 06:00:00+00:00, run_after=2026-01-19 06:00:00+00:00
[2026-01-18T18:40:53.426+0000] {processor.py:183} INFO - Processing /opt/airflow/dags/epl_match_scheduler.py took 0.176 seconds
[2026-01-18T18:41:24.196+0000] {processor.py:161} INFO - Started process (PID=43827) to work on /opt/airflow/dags/epl_match_scheduler.py
[2026-01-18T18:41:24.407+0000] {processor.py:830} INFO - Processing file /opt/airflow/dags/epl_match_scheduler.py for tasks to queue
[2026-01-18T18:41:24.408+0000] {logging_mixin.py:188} INFO - [2026-01-18T18:41:24.408+0000] {dagbag.py:538} INFO - Filling up the DagBag from /opt/airflow/dags/epl_match_scheduler.py
[2026-01-18T18:41:24.470+0000] {processor.py:840} INFO - DAG(s) 'epl_match_scheduler' retrieved from /opt/airflow/dags/epl_match_scheduler.py
[2026-01-18T18:41:24.502+0000] {logging_mixin.py:188} INFO - [2026-01-18T18:41:24.502+0000] {dag.py:3036} INFO - Sync 1 DAGs
[2026-01-18T18:41:24.531+0000] {logging_mixin.py:188} INFO - [2026-01-18T18:41:24.530+0000] {dag.py:3823} INFO - Setting next_dagrun for epl_match_scheduler to 2026-01-18 06:00:00+00:00, run_after=2026-01-19 06:00:00+00:00
[2026-01-18T18:41:24.567+0000] {processor.py:183} INFO - Processing /opt/airflow/dags/epl_match_scheduler.py took 0.374 seconds
[2026-01-18T18:41:55.169+0000] {processor.py:161} INFO - Started process (PID=43863) to work on /opt/airflow/dags/epl_match_scheduler.py
[2026-01-18T18:41:55.174+0000] {processor.py:830} INFO - Processing file /opt/airflow/dags/epl_match_scheduler.py for tasks to queue
[2026-01-18T18:41:55.175+0000] {logging_mixin.py:188} INFO - [2026-01-18T18:41:55.175+0000] {dagbag.py:538} INFO - Filling up the DagBag from /opt/airflow/dags/epl_match_scheduler.py
[2026-01-18T18:41:55.238+0000] {processor.py:840} INFO - DAG(s) 'epl_match_scheduler' retrieved from /opt/airflow/dags/epl_match_scheduler.py
[2026-01-18T18:41:55.270+0000] {logging_mixin.py:188} INFO - [2026-01-18T18:41:55.270+0000] {dag.py:3036} INFO - Sync 1 DAGs
[2026-01-18T18:41:55.300+0000] {logging_mixin.py:188} INFO - [2026-01-18T18:41:55.300+0000] {dag.py:3823} INFO - Setting next_dagrun for epl_match_scheduler to 2026-01-18 06:00:00+00:00, run_after=2026-01-19 06:00:00+00:00
[2026-01-18T18:41:55.340+0000] {processor.py:183} INFO - Processing /opt/airflow/dags/epl_match_scheduler.py took 0.175 seconds
[2026-01-18T18:42:25.879+0000] {processor.py:161} INFO - Started process (PID=43900) to work on /opt/airflow/dags/epl_match_scheduler.py
[2026-01-18T18:42:25.880+0000] {processor.py:830} INFO - Processing file /opt/airflow/dags/epl_match_scheduler.py for tasks to queue
[2026-01-18T18:42:25.881+0000] {logging_mixin.py:188} INFO - [2026-01-18T18:42:25.881+0000] {dagbag.py:538} INFO - Filling up the DagBag from /opt/airflow/dags/epl_match_scheduler.py
[2026-01-18T18:42:25.935+0000] {processor.py:840} INFO - DAG(s) 'epl_match_scheduler' retrieved from /opt/airflow/dags/epl_match_scheduler.py
[2026-01-18T18:42:25.965+0000] {logging_mixin.py:188} INFO - [2026-01-18T18:42:25.965+0000] {dag.py:3036} INFO - Sync 1 DAGs
[2026-01-18T18:42:25.993+0000] {logging_mixin.py:188} INFO - [2026-01-18T18:42:25.993+0000] {dag.py:3823} INFO - Setting next_dagrun for epl_match_scheduler to 2026-01-18 06:00:00+00:00, run_after=2026-01-19 06:00:00+00:00
[2026-01-18T18:42:26.027+0000] {processor.py:183} INFO - Processing /opt/airflow/dags/epl_match_scheduler.py took 0.151 seconds
[2026-01-18T18:42:56.933+0000] {processor.py:161} INFO - Started process (PID=43936) to work on /opt/airflow/dags/epl_match_scheduler.py
[2026-01-18T18:42:57.082+0000] {processor.py:830} INFO - Processing file /opt/airflow/dags/epl_match_scheduler.py for tasks to queue
[2026-01-18T18:42:57.084+0000] {logging_mixin.py:188} INFO - [2026-01-18T18:42:57.083+0000] {dagbag.py:538} INFO - Filling up the DagBag from /opt/airflow/dags/epl_match_scheduler.py
[2026-01-18T18:42:57.135+0000] {processor.py:840} INFO - DAG(s) 'epl_match_scheduler' retrieved from /opt/airflow/dags/epl_match_scheduler.py
[2026-01-18T18:42:57.169+0000] {logging_mixin.py:188} INFO - [2026-01-18T18:42:57.169+0000] {dag.py:3036} INFO - Sync 1 DAGs
[2026-01-18T18:42:57.192+0000] {logging_mixin.py:188} INFO - [2026-01-18T18:42:57.192+0000] {dag.py:3823} INFO - Setting next_dagrun for epl_match_scheduler to 2026-01-18 06:00:00+00:00, run_after=2026-01-19 06:00:00+00:00
[2026-01-18T18:42:57.988+0000] {processor.py:183} INFO - Processing /opt/airflow/dags/epl_match_scheduler.py took 1.058 seconds
[2026-01-18T18:43:28.373+0000] {processor.py:161} INFO - Started process (PID=43972) to work on /opt/airflow/dags/epl_match_scheduler.py
[2026-01-18T18:43:28.374+0000] {processor.py:830} INFO - Processing file /opt/airflow/dags/epl_match_scheduler.py for tasks to queue
[2026-01-18T18:43:28.375+0000] {logging_mixin.py:188} INFO - [2026-01-18T18:43:28.375+0000] {dagbag.py:538} INFO - Filling up the DagBag from /opt/airflow/dags/epl_match_scheduler.py
[2026-01-18T18:43:28.431+0000] {processor.py:840} INFO - DAG(s) 'epl_match_scheduler' retrieved from /opt/airflow/dags/epl_match_scheduler.py
[2026-01-18T18:43:28.461+0000] {logging_mixin.py:188} INFO - [2026-01-18T18:43:28.461+0000] {dag.py:3036} INFO - Sync 1 DAGs
[2026-01-18T18:43:28.490+0000] {logging_mixin.py:188} INFO - [2026-01-18T18:43:28.489+0000] {dag.py:3823} INFO - Setting next_dagrun for epl_match_scheduler to 2026-01-18 06:00:00+00:00, run_after=2026-01-19 06:00:00+00:00
[2026-01-18T18:43:28.535+0000] {processor.py:183} INFO - Processing /opt/airflow/dags/epl_match_scheduler.py took 0.166 seconds
[2026-01-18T18:43:58.917+0000] {processor.py:161} INFO - Started process (PID=44008) to work on /opt/airflow/dags/epl_match_scheduler.py
[2026-01-18T18:43:58.932+0000] {processor.py:830} INFO - Processing file /opt/airflow/dags/epl_match_scheduler.py for tasks to queue
[2026-01-18T18:43:58.933+0000] {logging_mixin.py:188} INFO - [2026-01-18T18:43:58.933+0000] {dagbag.py:538} INFO - Filling up the DagBag from /opt/airflow/dags/epl_match_scheduler.py
[2026-01-18T18:43:58.987+0000] {processor.py:840} INFO - DAG(s) 'epl_match_scheduler' retrieved from /opt/airflow/dags/epl_match_scheduler.py
[2026-01-18T18:43:59.017+0000] {logging_mixin.py:188} INFO - [2026-01-18T18:43:59.017+0000] {dag.py:3036} INFO - Sync 1 DAGs
[2026-01-18T18:43:59.043+0000] {logging_mixin.py:188} INFO - [2026-01-18T18:43:59.043+0000] {dag.py:3823} INFO - Setting next_dagrun for epl_match_scheduler to 2026-01-18 06:00:00+00:00, run_after=2026-01-19 06:00:00+00:00
[2026-01-18T18:43:59.097+0000] {processor.py:183} INFO - Processing /opt/airflow/dags/epl_match_scheduler.py took 0.183 seconds
[2026-01-18T18:44:29.244+0000] {processor.py:161} INFO - Started process (PID=44044) to work on /opt/airflow/dags/epl_match_scheduler.py
[2026-01-18T18:44:29.245+0000] {processor.py:830} INFO - Processing file /opt/airflow/dags/epl_match_scheduler.py for tasks to queue
[2026-01-18T18:44:29.246+0000] {logging_mixin.py:188} INFO - [2026-01-18T18:44:29.246+0000] {dagbag.py:538} INFO - Filling up the DagBag from /opt/airflow/dags/epl_match_scheduler.py
[2026-01-18T18:44:29.309+0000] {processor.py:840} INFO - DAG(s) 'epl_match_scheduler' retrieved from /opt/airflow/dags/epl_match_scheduler.py
[2026-01-18T18:44:29.341+0000] {logging_mixin.py:188} INFO - [2026-01-18T18:44:29.341+0000] {dag.py:3036} INFO - Sync 1 DAGs
[2026-01-18T18:44:29.370+0000] {logging_mixin.py:188} INFO - [2026-01-18T18:44:29.369+0000] {dag.py:3823} INFO - Setting next_dagrun for epl_match_scheduler to 2026-01-18 06:00:00+00:00, run_after=2026-01-19 06:00:00+00:00
[2026-01-18T18:44:29.791+0000] {processor.py:183} INFO - Processing /opt/airflow/dags/epl_match_scheduler.py took 0.550 seconds
[2026-01-18T18:45:00.590+0000] {processor.py:161} INFO - Started process (PID=44080) to work on /opt/airflow/dags/epl_match_scheduler.py
[2026-01-18T18:45:00.730+0000] {processor.py:830} INFO - Processing file /opt/airflow/dags/epl_match_scheduler.py for tasks to queue
[2026-01-18T18:45:00.732+0000] {logging_mixin.py:188} INFO - [2026-01-18T18:45:00.731+0000] {dagbag.py:538} INFO - Filling up the DagBag from /opt/airflow/dags/epl_match_scheduler.py
[2026-01-18T18:45:00.783+0000] {processor.py:840} INFO - DAG(s) 'epl_match_scheduler' retrieved from /opt/airflow/dags/epl_match_scheduler.py
[2026-01-18T18:45:00.808+0000] {logging_mixin.py:188} INFO - [2026-01-18T18:45:00.808+0000] {dag.py:3036} INFO - Sync 1 DAGs
[2026-01-18T18:45:00.831+0000] {logging_mixin.py:188} INFO - [2026-01-18T18:45:00.831+0000] {dag.py:3823} INFO - Setting next_dagrun for epl_match_scheduler to 2026-01-18 06:00:00+00:00, run_after=2026-01-19 06:00:00+00:00
[2026-01-18T18:45:01.648+0000] {processor.py:183} INFO - Processing /opt/airflow/dags/epl_match_scheduler.py took 1.062 seconds
[2026-01-18T18:45:31.903+0000] {processor.py:161} INFO - Started process (PID=44116) to work on /opt/airflow/dags/epl_match_scheduler.py
[2026-01-18T18:45:31.904+0000] {processor.py:830} INFO - Processing file /opt/airflow/dags/epl_match_scheduler.py for tasks to queue
[2026-01-18T18:45:31.905+0000] {logging_mixin.py:188} INFO - [2026-01-18T18:45:31.904+0000] {dagbag.py:538} INFO - Filling up the DagBag from /opt/airflow/dags/epl_match_scheduler.py
[2026-01-18T18:45:31.963+0000] {processor.py:840} INFO - DAG(s) 'epl_match_scheduler' retrieved from /opt/airflow/dags/epl_match_scheduler.py
[2026-01-18T18:45:31.992+0000] {logging_mixin.py:188} INFO - [2026-01-18T18:45:31.992+0000] {dag.py:3036} INFO - Sync 1 DAGs
[2026-01-18T18:45:32.019+0000] {logging_mixin.py:188} INFO - [2026-01-18T18:45:32.019+0000] {dag.py:3823} INFO - Setting next_dagrun for epl_match_scheduler to 2026-01-18 06:00:00+00:00, run_after=2026-01-19 06:00:00+00:00
[2026-01-18T18:45:32.826+0000] {processor.py:183} INFO - Processing /opt/airflow/dags/epl_match_scheduler.py took 0.927 seconds
[2026-01-18T18:46:03.421+0000] {processor.py:161} INFO - Started process (PID=44152) to work on /opt/airflow/dags/epl_match_scheduler.py
[2026-01-18T18:46:03.437+0000] {processor.py:830} INFO - Processing file /opt/airflow/dags/epl_match_scheduler.py for tasks to queue
[2026-01-18T18:46:03.438+0000] {logging_mixin.py:188} INFO - [2026-01-18T18:46:03.437+0000] {dagbag.py:538} INFO - Filling up the DagBag from /opt/airflow/dags/epl_match_scheduler.py
[2026-01-18T18:46:03.490+0000] {processor.py:840} INFO - DAG(s) 'epl_match_scheduler' retrieved from /opt/airflow/dags/epl_match_scheduler.py
[2026-01-18T18:46:03.521+0000] {logging_mixin.py:188} INFO - [2026-01-18T18:46:03.521+0000] {dag.py:3036} INFO - Sync 1 DAGs
[2026-01-18T18:46:03.547+0000] {logging_mixin.py:188} INFO - [2026-01-18T18:46:03.546+0000] {dag.py:3823} INFO - Setting next_dagrun for epl_match_scheduler to 2026-01-18 06:00:00+00:00, run_after=2026-01-19 06:00:00+00:00
[2026-01-18T18:46:03.589+0000] {processor.py:183} INFO - Processing /opt/airflow/dags/epl_match_scheduler.py took 0.171 seconds
[2026-01-18T18:46:34.245+0000] {processor.py:161} INFO - Started process (PID=44188) to work on /opt/airflow/dags/epl_match_scheduler.py
[2026-01-18T18:46:34.246+0000] {processor.py:830} INFO - Processing file /opt/airflow/dags/epl_match_scheduler.py for tasks to queue
[2026-01-18T18:46:34.247+0000] {logging_mixin.py:188} INFO - [2026-01-18T18:46:34.246+0000] {dagbag.py:538} INFO - Filling up the DagBag from /opt/airflow/dags/epl_match_scheduler.py
[2026-01-18T18:46:34.303+0000] {processor.py:840} INFO - DAG(s) 'epl_match_scheduler' retrieved from /opt/airflow/dags/epl_match_scheduler.py
[2026-01-18T18:46:34.335+0000] {logging_mixin.py:188} INFO - [2026-01-18T18:46:34.335+0000] {dag.py:3036} INFO - Sync 1 DAGs
[2026-01-18T18:46:34.364+0000] {logging_mixin.py:188} INFO - [2026-01-18T18:46:34.363+0000] {dag.py:3823} INFO - Setting next_dagrun for epl_match_scheduler to 2026-01-18 06:00:00+00:00, run_after=2026-01-19 06:00:00+00:00
[2026-01-18T18:46:34.411+0000] {processor.py:183} INFO - Processing /opt/airflow/dags/epl_match_scheduler.py took 0.169 seconds
[2026-01-18T18:47:04.817+0000] {processor.py:161} INFO - Started process (PID=44224) to work on /opt/airflow/dags/epl_match_scheduler.py
[2026-01-18T18:47:04.830+0000] {processor.py:830} INFO - Processing file /opt/airflow/dags/epl_match_scheduler.py for tasks to queue
[2026-01-18T18:47:04.831+0000] {logging_mixin.py:188} INFO - [2026-01-18T18:47:04.831+0000] {dagbag.py:538} INFO - Filling up the DagBag from /opt/airflow/dags/epl_match_scheduler.py
[2026-01-18T18:47:04.888+0000] {processor.py:840} INFO - DAG(s) 'epl_match_scheduler' retrieved from /opt/airflow/dags/epl_match_scheduler.py
[2026-01-18T18:47:04.917+0000] {logging_mixin.py:188} INFO - [2026-01-18T18:47:04.917+0000] {dag.py:3036} INFO - Sync 1 DAGs
[2026-01-18T18:47:04.943+0000] {logging_mixin.py:188} INFO - [2026-01-18T18:47:04.943+0000] {dag.py:3823} INFO - Setting next_dagrun for epl_match_scheduler to 2026-01-18 06:00:00+00:00, run_after=2026-01-19 06:00:00+00:00
[2026-01-18T18:47:04.989+0000] {processor.py:183} INFO - Processing /opt/airflow/dags/epl_match_scheduler.py took 0.175 seconds
[2026-01-18T18:47:35.529+0000] {processor.py:161} INFO - Started process (PID=44261) to work on /opt/airflow/dags/epl_match_scheduler.py
[2026-01-18T18:47:35.529+0000] {processor.py:830} INFO - Processing file /opt/airflow/dags/epl_match_scheduler.py for tasks to queue
[2026-01-18T18:47:35.531+0000] {logging_mixin.py:188} INFO - [2026-01-18T18:47:35.530+0000] {dagbag.py:538} INFO - Filling up the DagBag from /opt/airflow/dags/epl_match_scheduler.py
[2026-01-18T18:47:35.585+0000] {processor.py:840} INFO - DAG(s) 'epl_match_scheduler' retrieved from /opt/airflow/dags/epl_match_scheduler.py
[2026-01-18T18:47:35.615+0000] {logging_mixin.py:188} INFO - [2026-01-18T18:47:35.614+0000] {dag.py:3036} INFO - Sync 1 DAGs
[2026-01-18T18:47:35.641+0000] {logging_mixin.py:188} INFO - [2026-01-18T18:47:35.640+0000] {dag.py:3823} INFO - Setting next_dagrun for epl_match_scheduler to 2026-01-18 06:00:00+00:00, run_after=2026-01-19 06:00:00+00:00
[2026-01-18T18:47:35.691+0000] {processor.py:183} INFO - Processing /opt/airflow/dags/epl_match_scheduler.py took 0.166 seconds
[2026-01-18T18:48:06.243+0000] {processor.py:161} INFO - Started process (PID=44297) to work on /opt/airflow/dags/epl_match_scheduler.py
[2026-01-18T18:48:06.253+0000] {processor.py:830} INFO - Processing file /opt/airflow/dags/epl_match_scheduler.py for tasks to queue
[2026-01-18T18:48:06.255+0000] {logging_mixin.py:188} INFO - [2026-01-18T18:48:06.254+0000] {dagbag.py:538} INFO - Filling up the DagBag from /opt/airflow/dags/epl_match_scheduler.py
[2026-01-18T18:48:06.309+0000] {processor.py:840} INFO - DAG(s) 'epl_match_scheduler' retrieved from /opt/airflow/dags/epl_match_scheduler.py
[2026-01-18T18:48:06.339+0000] {logging_mixin.py:188} INFO - [2026-01-18T18:48:06.339+0000] {dag.py:3036} INFO - Sync 1 DAGs
[2026-01-18T18:48:06.365+0000] {logging_mixin.py:188} INFO - [2026-01-18T18:48:06.365+0000] {dag.py:3823} INFO - Setting next_dagrun for epl_match_scheduler to 2026-01-18 06:00:00+00:00, run_after=2026-01-19 06:00:00+00:00
[2026-01-18T18:48:06.413+0000] {processor.py:183} INFO - Processing /opt/airflow/dags/epl_match_scheduler.py took 0.173 seconds
[2026-01-18T18:48:36.961+0000] {processor.py:161} INFO - Started process (PID=44333) to work on /opt/airflow/dags/epl_match_scheduler.py
[2026-01-18T18:48:36.962+0000] {processor.py:830} INFO - Processing file /opt/airflow/dags/epl_match_scheduler.py for tasks to queue
[2026-01-18T18:48:36.963+0000] {logging_mixin.py:188} INFO - [2026-01-18T18:48:36.963+0000] {dagbag.py:538} INFO - Filling up the DagBag from /opt/airflow/dags/epl_match_scheduler.py
[2026-01-18T18:48:37.016+0000] {processor.py:840} INFO - DAG(s) 'epl_match_scheduler' retrieved from /opt/airflow/dags/epl_match_scheduler.py
[2026-01-18T18:48:37.046+0000] {logging_mixin.py:188} INFO - [2026-01-18T18:48:37.046+0000] {dag.py:3036} INFO - Sync 1 DAGs
[2026-01-18T18:48:37.071+0000] {logging_mixin.py:188} INFO - [2026-01-18T18:48:37.071+0000] {dag.py:3823} INFO - Setting next_dagrun for epl_match_scheduler to 2026-01-18 06:00:00+00:00, run_after=2026-01-19 06:00:00+00:00
[2026-01-18T18:48:37.123+0000] {processor.py:183} INFO - Processing /opt/airflow/dags/epl_match_scheduler.py took 0.165 seconds
[2026-01-18T18:49:07.691+0000] {processor.py:161} INFO - Started process (PID=44369) to work on /opt/airflow/dags/epl_match_scheduler.py
[2026-01-18T18:49:07.707+0000] {processor.py:830} INFO - Processing file /opt/airflow/dags/epl_match_scheduler.py for tasks to queue
[2026-01-18T18:49:07.708+0000] {logging_mixin.py:188} INFO - [2026-01-18T18:49:07.708+0000] {dagbag.py:538} INFO - Filling up the DagBag from /opt/airflow/dags/epl_match_scheduler.py
[2026-01-18T18:49:07.765+0000] {processor.py:840} INFO - DAG(s) 'epl_match_scheduler' retrieved from /opt/airflow/dags/epl_match_scheduler.py
[2026-01-18T18:49:07.794+0000] {logging_mixin.py:188} INFO - [2026-01-18T18:49:07.794+0000] {dag.py:3036} INFO - Sync 1 DAGs
[2026-01-18T18:49:07.820+0000] {logging_mixin.py:188} INFO - [2026-01-18T18:49:07.820+0000] {dag.py:3823} INFO - Setting next_dagrun for epl_match_scheduler to 2026-01-18 06:00:00+00:00, run_after=2026-01-19 06:00:00+00:00
[2026-01-18T18:49:07.868+0000] {processor.py:183} INFO - Processing /opt/airflow/dags/epl_match_scheduler.py took 0.181 seconds
[2026-01-18T18:49:38.465+0000] {processor.py:161} INFO - Started process (PID=44405) to work on /opt/airflow/dags/epl_match_scheduler.py
[2026-01-18T18:49:38.467+0000] {processor.py:830} INFO - Processing file /opt/airflow/dags/epl_match_scheduler.py for tasks to queue
[2026-01-18T18:49:38.469+0000] {logging_mixin.py:188} INFO - [2026-01-18T18:49:38.468+0000] {dagbag.py:538} INFO - Filling up the DagBag from /opt/airflow/dags/epl_match_scheduler.py
[2026-01-18T18:49:38.616+0000] {processor.py:840} INFO - DAG(s) 'epl_match_scheduler' retrieved from /opt/airflow/dags/epl_match_scheduler.py
[2026-01-18T18:49:38.692+0000] {logging_mixin.py:188} INFO - [2026-01-18T18:49:38.692+0000] {dag.py:3036} INFO - Sync 1 DAGs
[2026-01-18T18:49:38.757+0000] {logging_mixin.py:188} INFO - [2026-01-18T18:49:38.757+0000] {dag.py:3823} INFO - Setting next_dagrun for epl_match_scheduler to 2026-01-18 06:00:00+00:00, run_after=2026-01-19 06:00:00+00:00
[2026-01-18T18:49:38.837+0000] {processor.py:183} INFO - Processing /opt/airflow/dags/epl_match_scheduler.py took 0.380 seconds
[2026-01-18T18:50:09.597+0000] {processor.py:161} INFO - Started process (PID=44445) to work on /opt/airflow/dags/epl_match_scheduler.py
[2026-01-18T18:50:09.601+0000] {processor.py:830} INFO - Processing file /opt/airflow/dags/epl_match_scheduler.py for tasks to queue
[2026-01-18T18:50:09.604+0000] {logging_mixin.py:188} INFO - [2026-01-18T18:50:09.603+0000] {dagbag.py:538} INFO - Filling up the DagBag from /opt/airflow/dags/epl_match_scheduler.py
[2026-01-18T18:50:09.725+0000] {processor.py:840} INFO - DAG(s) 'epl_match_scheduler' retrieved from /opt/airflow/dags/epl_match_scheduler.py
[2026-01-18T18:50:09.789+0000] {logging_mixin.py:188} INFO - [2026-01-18T18:50:09.788+0000] {dag.py:3036} INFO - Sync 1 DAGs
[2026-01-18T18:50:09.846+0000] {logging_mixin.py:188} INFO - [2026-01-18T18:50:09.845+0000] {dag.py:3823} INFO - Setting next_dagrun for epl_match_scheduler to 2026-01-18 06:00:00+00:00, run_after=2026-01-19 06:00:00+00:00
[2026-01-18T18:50:09.903+0000] {processor.py:183} INFO - Processing /opt/airflow/dags/epl_match_scheduler.py took 0.314 seconds
[2026-01-18T18:50:40.678+0000] {processor.py:161} INFO - Started process (PID=44483) to work on /opt/airflow/dags/epl_match_scheduler.py
[2026-01-18T18:50:40.680+0000] {processor.py:830} INFO - Processing file /opt/airflow/dags/epl_match_scheduler.py for tasks to queue
[2026-01-18T18:50:40.682+0000] {logging_mixin.py:188} INFO - [2026-01-18T18:50:40.681+0000] {dagbag.py:538} INFO - Filling up the DagBag from /opt/airflow/dags/epl_match_scheduler.py
[2026-01-18T18:50:40.822+0000] {processor.py:840} INFO - DAG(s) 'epl_match_scheduler' retrieved from /opt/airflow/dags/epl_match_scheduler.py
[2026-01-18T18:50:40.898+0000] {logging_mixin.py:188} INFO - [2026-01-18T18:50:40.897+0000] {dag.py:3036} INFO - Sync 1 DAGs
[2026-01-18T18:50:40.963+0000] {logging_mixin.py:188} INFO - [2026-01-18T18:50:40.962+0000] {dag.py:3823} INFO - Setting next_dagrun for epl_match_scheduler to 2026-01-18 06:00:00+00:00, run_after=2026-01-19 06:00:00+00:00
[2026-01-18T18:50:41.029+0000] {processor.py:183} INFO - Processing /opt/airflow/dags/epl_match_scheduler.py took 0.361 seconds
[2026-01-18T18:51:11.519+0000] {processor.py:161} INFO - Started process (PID=44519) to work on /opt/airflow/dags/epl_match_scheduler.py
[2026-01-18T18:51:11.521+0000] {processor.py:830} INFO - Processing file /opt/airflow/dags/epl_match_scheduler.py for tasks to queue
[2026-01-18T18:51:11.523+0000] {logging_mixin.py:188} INFO - [2026-01-18T18:51:11.522+0000] {dagbag.py:538} INFO - Filling up the DagBag from /opt/airflow/dags/epl_match_scheduler.py
[2026-01-18T18:51:11.636+0000] {processor.py:840} INFO - DAG(s) 'epl_match_scheduler' retrieved from /opt/airflow/dags/epl_match_scheduler.py
[2026-01-18T18:51:11.704+0000] {logging_mixin.py:188} INFO - [2026-01-18T18:51:11.704+0000] {dag.py:3036} INFO - Sync 1 DAGs
[2026-01-18T18:51:11.769+0000] {logging_mixin.py:188} INFO - [2026-01-18T18:51:11.769+0000] {dag.py:3823} INFO - Setting next_dagrun for epl_match_scheduler to 2026-01-18 06:00:00+00:00, run_after=2026-01-19 06:00:00+00:00
[2026-01-18T18:51:11.832+0000] {processor.py:183} INFO - Processing /opt/airflow/dags/epl_match_scheduler.py took 0.323 seconds
[2026-01-18T18:51:42.232+0000] {processor.py:161} INFO - Started process (PID=44555) to work on /opt/airflow/dags/epl_match_scheduler.py
[2026-01-18T18:51:42.234+0000] {processor.py:830} INFO - Processing file /opt/airflow/dags/epl_match_scheduler.py for tasks to queue
[2026-01-18T18:51:42.236+0000] {logging_mixin.py:188} INFO - [2026-01-18T18:51:42.235+0000] {dagbag.py:538} INFO - Filling up the DagBag from /opt/airflow/dags/epl_match_scheduler.py
[2026-01-18T18:51:42.656+0000] {processor.py:840} INFO - DAG(s) 'epl_match_scheduler' retrieved from /opt/airflow/dags/epl_match_scheduler.py
[2026-01-18T18:51:42.715+0000] {logging_mixin.py:188} INFO - [2026-01-18T18:51:42.714+0000] {dag.py:3036} INFO - Sync 1 DAGs
[2026-01-18T18:51:42.767+0000] {logging_mixin.py:188} INFO - [2026-01-18T18:51:42.766+0000] {dag.py:3823} INFO - Setting next_dagrun for epl_match_scheduler to 2026-01-18 06:00:00+00:00, run_after=2026-01-19 06:00:00+00:00
[2026-01-18T18:51:42.828+0000] {processor.py:183} INFO - Processing /opt/airflow/dags/epl_match_scheduler.py took 0.606 seconds
[2026-01-18T18:52:13.531+0000] {processor.py:161} INFO - Started process (PID=44591) to work on /opt/airflow/dags/epl_match_scheduler.py
[2026-01-18T18:52:13.534+0000] {processor.py:830} INFO - Processing file /opt/airflow/dags/epl_match_scheduler.py for tasks to queue
[2026-01-18T18:52:13.536+0000] {logging_mixin.py:188} INFO - [2026-01-18T18:52:13.535+0000] {dagbag.py:538} INFO - Filling up the DagBag from /opt/airflow/dags/epl_match_scheduler.py
[2026-01-18T18:52:13.959+0000] {processor.py:840} INFO - DAG(s) 'epl_match_scheduler' retrieved from /opt/airflow/dags/epl_match_scheduler.py
[2026-01-18T18:52:14.017+0000] {logging_mixin.py:188} INFO - [2026-01-18T18:52:14.016+0000] {dag.py:3036} INFO - Sync 1 DAGs
[2026-01-18T18:52:14.072+0000] {logging_mixin.py:188} INFO - [2026-01-18T18:52:14.072+0000] {dag.py:3823} INFO - Setting next_dagrun for epl_match_scheduler to 2026-01-18 06:00:00+00:00, run_after=2026-01-19 06:00:00+00:00
[2026-01-18T18:52:14.141+0000] {processor.py:183} INFO - Processing /opt/airflow/dags/epl_match_scheduler.py took 0.620 seconds
[2026-01-18T18:52:44.319+0000] {processor.py:161} INFO - Started process (PID=44627) to work on /opt/airflow/dags/epl_match_scheduler.py
[2026-01-18T18:52:44.321+0000] {processor.py:830} INFO - Processing file /opt/airflow/dags/epl_match_scheduler.py for tasks to queue
[2026-01-18T18:52:44.323+0000] {logging_mixin.py:188} INFO - [2026-01-18T18:52:44.322+0000] {dagbag.py:538} INFO - Filling up the DagBag from /opt/airflow/dags/epl_match_scheduler.py
[2026-01-18T18:52:44.758+0000] {processor.py:840} INFO - DAG(s) 'epl_match_scheduler' retrieved from /opt/airflow/dags/epl_match_scheduler.py
[2026-01-18T18:52:44.818+0000] {logging_mixin.py:188} INFO - [2026-01-18T18:52:44.817+0000] {dag.py:3036} INFO - Sync 1 DAGs
[2026-01-18T18:52:44.880+0000] {logging_mixin.py:188} INFO - [2026-01-18T18:52:44.880+0000] {dag.py:3823} INFO - Setting next_dagrun for epl_match_scheduler to 2026-01-18 06:00:00+00:00, run_after=2026-01-19 06:00:00+00:00
[2026-01-18T18:52:44.938+0000] {processor.py:183} INFO - Processing /opt/airflow/dags/epl_match_scheduler.py took 0.631 seconds
[2026-01-18T18:53:15.764+0000] {processor.py:161} INFO - Started process (PID=44663) to work on /opt/airflow/dags/epl_match_scheduler.py
[2026-01-18T18:53:15.767+0000] {processor.py:830} INFO - Processing file /opt/airflow/dags/epl_match_scheduler.py for tasks to queue
[2026-01-18T18:53:15.769+0000] {logging_mixin.py:188} INFO - [2026-01-18T18:53:15.768+0000] {dagbag.py:538} INFO - Filling up the DagBag from /opt/airflow/dags/epl_match_scheduler.py
[2026-01-18T18:53:15.893+0000] {processor.py:840} INFO - DAG(s) 'epl_match_scheduler' retrieved from /opt/airflow/dags/epl_match_scheduler.py
[2026-01-18T18:53:15.975+0000] {logging_mixin.py:188} INFO - [2026-01-18T18:53:15.974+0000] {dag.py:3036} INFO - Sync 1 DAGs
[2026-01-18T18:53:16.043+0000] {logging_mixin.py:188} INFO - [2026-01-18T18:53:16.042+0000] {dag.py:3823} INFO - Setting next_dagrun for epl_match_scheduler to 2026-01-18 06:00:00+00:00, run_after=2026-01-19 06:00:00+00:00
[2026-01-18T18:53:16.107+0000] {processor.py:183} INFO - Processing /opt/airflow/dags/epl_match_scheduler.py took 0.352 seconds
[2026-01-18T18:53:46.213+0000] {processor.py:161} INFO - Started process (PID=44699) to work on /opt/airflow/dags/epl_match_scheduler.py
[2026-01-18T18:53:46.216+0000] {processor.py:830} INFO - Processing file /opt/airflow/dags/epl_match_scheduler.py for tasks to queue
[2026-01-18T18:53:46.218+0000] {logging_mixin.py:188} INFO - [2026-01-18T18:53:46.217+0000] {dagbag.py:538} INFO - Filling up the DagBag from /opt/airflow/dags/epl_match_scheduler.py
[2026-01-18T18:53:46.365+0000] {processor.py:840} INFO - DAG(s) 'epl_match_scheduler' retrieved from /opt/airflow/dags/epl_match_scheduler.py
[2026-01-18T18:53:46.433+0000] {logging_mixin.py:188} INFO - [2026-01-18T18:53:46.432+0000] {dag.py:3036} INFO - Sync 1 DAGs
[2026-01-18T18:53:46.494+0000] {logging_mixin.py:188} INFO - [2026-01-18T18:53:46.494+0000] {dag.py:3823} INFO - Setting next_dagrun for epl_match_scheduler to 2026-01-18 06:00:00+00:00, run_after=2026-01-19 06:00:00+00:00
[2026-01-18T18:53:46.558+0000] {processor.py:183} INFO - Processing /opt/airflow/dags/epl_match_scheduler.py took 0.356 seconds
[2026-01-18T18:54:17.565+0000] {processor.py:161} INFO - Started process (PID=44735) to work on /opt/airflow/dags/epl_match_scheduler.py
[2026-01-18T18:54:17.576+0000] {processor.py:830} INFO - Processing file /opt/airflow/dags/epl_match_scheduler.py for tasks to queue
[2026-01-18T18:54:17.579+0000] {logging_mixin.py:188} INFO - [2026-01-18T18:54:17.578+0000] {dagbag.py:538} INFO - Filling up the DagBag from /opt/airflow/dags/epl_match_scheduler.py
[2026-01-18T18:54:17.720+0000] {processor.py:840} INFO - DAG(s) 'epl_match_scheduler' retrieved from /opt/airflow/dags/epl_match_scheduler.py
[2026-01-18T18:54:17.778+0000] {logging_mixin.py:188} INFO - [2026-01-18T18:54:17.778+0000] {dag.py:3036} INFO - Sync 1 DAGs
[2026-01-18T18:54:17.826+0000] {logging_mixin.py:188} INFO - [2026-01-18T18:54:17.826+0000] {dag.py:3823} INFO - Setting next_dagrun for epl_match_scheduler to 2026-01-18 06:00:00+00:00, run_after=2026-01-19 06:00:00+00:00
[2026-01-18T18:54:17.908+0000] {processor.py:183} INFO - Processing /opt/airflow/dags/epl_match_scheduler.py took 0.350 seconds
[2026-01-18T18:54:48.685+0000] {processor.py:161} INFO - Started process (PID=44771) to work on /opt/airflow/dags/epl_match_scheduler.py
[2026-01-18T18:54:48.687+0000] {processor.py:830} INFO - Processing file /opt/airflow/dags/epl_match_scheduler.py for tasks to queue
[2026-01-18T18:54:48.689+0000] {logging_mixin.py:188} INFO - [2026-01-18T18:54:48.688+0000] {dagbag.py:538} INFO - Filling up the DagBag from /opt/airflow/dags/epl_match_scheduler.py
[2026-01-18T18:54:48.852+0000] {processor.py:840} INFO - DAG(s) 'epl_match_scheduler' retrieved from /opt/airflow/dags/epl_match_scheduler.py
[2026-01-18T18:54:48.926+0000] {logging_mixin.py:188} INFO - [2026-01-18T18:54:48.926+0000] {dag.py:3036} INFO - Sync 1 DAGs
[2026-01-18T18:54:48.990+0000] {logging_mixin.py:188} INFO - [2026-01-18T18:54:48.989+0000] {dag.py:3823} INFO - Setting next_dagrun for epl_match_scheduler to 2026-01-18 06:00:00+00:00, run_after=2026-01-19 06:00:00+00:00
[2026-01-18T18:54:49.749+0000] {processor.py:183} INFO - Processing /opt/airflow/dags/epl_match_scheduler.py took 1.073 seconds
[2026-01-18T18:55:20.521+0000] {processor.py:161} INFO - Started process (PID=44807) to work on /opt/airflow/dags/epl_match_scheduler.py
[2026-01-18T18:55:20.529+0000] {processor.py:830} INFO - Processing file /opt/airflow/dags/epl_match_scheduler.py for tasks to queue
[2026-01-18T18:55:20.531+0000] {logging_mixin.py:188} INFO - [2026-01-18T18:55:20.530+0000] {dagbag.py:538} INFO - Filling up the DagBag from /opt/airflow/dags/epl_match_scheduler.py
[2026-01-18T18:55:20.669+0000] {processor.py:840} INFO - DAG(s) 'epl_match_scheduler' retrieved from /opt/airflow/dags/epl_match_scheduler.py
[2026-01-18T18:55:20.731+0000] {logging_mixin.py:188} INFO - [2026-01-18T18:55:20.730+0000] {dag.py:3036} INFO - Sync 1 DAGs
[2026-01-18T18:55:20.799+0000] {logging_mixin.py:188} INFO - [2026-01-18T18:55:20.798+0000] {dag.py:3823} INFO - Setting next_dagrun for epl_match_scheduler to 2026-01-18 06:00:00+00:00, run_after=2026-01-19 06:00:00+00:00
[2026-01-18T18:55:20.884+0000] {processor.py:183} INFO - Processing /opt/airflow/dags/epl_match_scheduler.py took 0.373 seconds
[2026-01-18T18:55:51.063+0000] {processor.py:161} INFO - Started process (PID=44843) to work on /opt/airflow/dags/epl_match_scheduler.py
[2026-01-18T18:55:51.065+0000] {processor.py:830} INFO - Processing file /opt/airflow/dags/epl_match_scheduler.py for tasks to queue
[2026-01-18T18:55:51.066+0000] {logging_mixin.py:188} INFO - [2026-01-18T18:55:51.066+0000] {dagbag.py:538} INFO - Filling up the DagBag from /opt/airflow/dags/epl_match_scheduler.py
[2026-01-18T18:55:51.194+0000] {processor.py:840} INFO - DAG(s) 'epl_match_scheduler' retrieved from /opt/airflow/dags/epl_match_scheduler.py
[2026-01-18T18:55:51.251+0000] {logging_mixin.py:188} INFO - [2026-01-18T18:55:51.250+0000] {dag.py:3036} INFO - Sync 1 DAGs
[2026-01-18T18:55:51.311+0000] {logging_mixin.py:188} INFO - [2026-01-18T18:55:51.310+0000] {dag.py:3823} INFO - Setting next_dagrun for epl_match_scheduler to 2026-01-18 06:00:00+00:00, run_after=2026-01-19 06:00:00+00:00
[2026-01-18T18:55:51.380+0000] {processor.py:183} INFO - Processing /opt/airflow/dags/epl_match_scheduler.py took 0.325 seconds
[2026-01-18T18:56:21.550+0000] {processor.py:161} INFO - Started process (PID=44879) to work on /opt/airflow/dags/epl_match_scheduler.py
[2026-01-18T18:56:21.558+0000] {processor.py:830} INFO - Processing file /opt/airflow/dags/epl_match_scheduler.py for tasks to queue
[2026-01-18T18:56:21.561+0000] {logging_mixin.py:188} INFO - [2026-01-18T18:56:21.560+0000] {dagbag.py:538} INFO - Filling up the DagBag from /opt/airflow/dags/epl_match_scheduler.py
[2026-01-18T18:56:21.699+0000] {processor.py:840} INFO - DAG(s) 'epl_match_scheduler' retrieved from /opt/airflow/dags/epl_match_scheduler.py
[2026-01-18T18:56:21.766+0000] {logging_mixin.py:188} INFO - [2026-01-18T18:56:21.765+0000] {dag.py:3036} INFO - Sync 1 DAGs
[2026-01-18T18:56:21.829+0000] {logging_mixin.py:188} INFO - [2026-01-18T18:56:21.829+0000] {dag.py:3823} INFO - Setting next_dagrun for epl_match_scheduler to 2026-01-18 06:00:00+00:00, run_after=2026-01-19 06:00:00+00:00
[2026-01-18T18:56:21.897+0000] {processor.py:183} INFO - Processing /opt/airflow/dags/epl_match_scheduler.py took 0.357 seconds
[2026-01-18T18:56:52.509+0000] {processor.py:161} INFO - Started process (PID=44915) to work on /opt/airflow/dags/epl_match_scheduler.py
[2026-01-18T18:56:52.511+0000] {processor.py:830} INFO - Processing file /opt/airflow/dags/epl_match_scheduler.py for tasks to queue
[2026-01-18T18:56:52.514+0000] {logging_mixin.py:188} INFO - [2026-01-18T18:56:52.513+0000] {dagbag.py:538} INFO - Filling up the DagBag from /opt/airflow/dags/epl_match_scheduler.py
[2026-01-18T18:56:52.648+0000] {processor.py:840} INFO - DAG(s) 'epl_match_scheduler' retrieved from /opt/airflow/dags/epl_match_scheduler.py
[2026-01-18T18:56:52.713+0000] {logging_mixin.py:188} INFO - [2026-01-18T18:56:52.713+0000] {dag.py:3036} INFO - Sync 1 DAGs
[2026-01-18T18:56:52.772+0000] {logging_mixin.py:188} INFO - [2026-01-18T18:56:52.772+0000] {dag.py:3823} INFO - Setting next_dagrun for epl_match_scheduler to 2026-01-18 06:00:00+00:00, run_after=2026-01-19 06:00:00+00:00
[2026-01-18T18:56:52.854+0000] {processor.py:183} INFO - Processing /opt/airflow/dags/epl_match_scheduler.py took 0.352 seconds
[2026-01-18T18:57:23.473+0000] {processor.py:161} INFO - Started process (PID=44951) to work on /opt/airflow/dags/epl_match_scheduler.py
[2026-01-18T18:57:23.486+0000] {processor.py:830} INFO - Processing file /opt/airflow/dags/epl_match_scheduler.py for tasks to queue
[2026-01-18T18:57:23.488+0000] {logging_mixin.py:188} INFO - [2026-01-18T18:57:23.487+0000] {dagbag.py:538} INFO - Filling up the DagBag from /opt/airflow/dags/epl_match_scheduler.py
[2026-01-18T18:57:23.626+0000] {processor.py:840} INFO - DAG(s) 'epl_match_scheduler' retrieved from /opt/airflow/dags/epl_match_scheduler.py
[2026-01-18T18:57:23.697+0000] {logging_mixin.py:188} INFO - [2026-01-18T18:57:23.697+0000] {dag.py:3036} INFO - Sync 1 DAGs
[2026-01-18T18:57:23.760+0000] {logging_mixin.py:188} INFO - [2026-01-18T18:57:23.759+0000] {dag.py:3823} INFO - Setting next_dagrun for epl_match_scheduler to 2026-01-18 06:00:00+00:00, run_after=2026-01-19 06:00:00+00:00
[2026-01-18T18:57:23.840+0000] {processor.py:183} INFO - Processing /opt/airflow/dags/epl_match_scheduler.py took 0.377 seconds
[2026-01-18T18:57:54.066+0000] {processor.py:161} INFO - Started process (PID=44987) to work on /opt/airflow/dags/epl_match_scheduler.py
[2026-01-18T18:57:54.068+0000] {processor.py:830} INFO - Processing file /opt/airflow/dags/epl_match_scheduler.py for tasks to queue
[2026-01-18T18:57:54.070+0000] {logging_mixin.py:188} INFO - [2026-01-18T18:57:54.069+0000] {dagbag.py:538} INFO - Filling up the DagBag from /opt/airflow/dags/epl_match_scheduler.py
[2026-01-18T18:57:54.210+0000] {processor.py:840} INFO - DAG(s) 'epl_match_scheduler' retrieved from /opt/airflow/dags/epl_match_scheduler.py
[2026-01-18T18:57:54.288+0000] {logging_mixin.py:188} INFO - [2026-01-18T18:57:54.287+0000] {dag.py:3036} INFO - Sync 1 DAGs
[2026-01-18T18:57:54.365+0000] {logging_mixin.py:188} INFO - [2026-01-18T18:57:54.364+0000] {dag.py:3823} INFO - Setting next_dagrun for epl_match_scheduler to 2026-01-18 06:00:00+00:00, run_after=2026-01-19 06:00:00+00:00
[2026-01-18T18:57:54.436+0000] {processor.py:183} INFO - Processing /opt/airflow/dags/epl_match_scheduler.py took 0.378 seconds
[2026-01-18T18:58:24.612+0000] {processor.py:161} INFO - Started process (PID=45029) to work on /opt/airflow/dags/epl_match_scheduler.py
[2026-01-18T18:58:24.620+0000] {processor.py:830} INFO - Processing file /opt/airflow/dags/epl_match_scheduler.py for tasks to queue
[2026-01-18T18:58:24.623+0000] {logging_mixin.py:188} INFO - [2026-01-18T18:58:24.621+0000] {dagbag.py:538} INFO - Filling up the DagBag from /opt/airflow/dags/epl_match_scheduler.py
[2026-01-18T18:58:24.768+0000] {processor.py:840} INFO - DAG(s) 'epl_match_scheduler' retrieved from /opt/airflow/dags/epl_match_scheduler.py
[2026-01-18T18:58:24.835+0000] {logging_mixin.py:188} INFO - [2026-01-18T18:58:24.834+0000] {dag.py:3036} INFO - Sync 1 DAGs
[2026-01-18T18:58:24.901+0000] {logging_mixin.py:188} INFO - [2026-01-18T18:58:24.900+0000] {dag.py:3823} INFO - Setting next_dagrun for epl_match_scheduler to 2026-01-18 06:00:00+00:00, run_after=2026-01-19 06:00:00+00:00
[2026-01-18T18:58:24.977+0000] {processor.py:183} INFO - Processing /opt/airflow/dags/epl_match_scheduler.py took 0.372 seconds
[2026-01-18T18:58:55.817+0000] {processor.py:161} INFO - Started process (PID=45065) to work on /opt/airflow/dags/epl_match_scheduler.py
[2026-01-18T18:58:55.818+0000] {processor.py:830} INFO - Processing file /opt/airflow/dags/epl_match_scheduler.py for tasks to queue
[2026-01-18T18:58:55.819+0000] {logging_mixin.py:188} INFO - [2026-01-18T18:58:55.819+0000] {dagbag.py:538} INFO - Filling up the DagBag from /opt/airflow/dags/epl_match_scheduler.py
[2026-01-18T18:58:55.877+0000] {processor.py:840} INFO - DAG(s) 'epl_match_scheduler' retrieved from /opt/airflow/dags/epl_match_scheduler.py
[2026-01-18T18:58:55.911+0000] {logging_mixin.py:188} INFO - [2026-01-18T18:58:55.910+0000] {dag.py:3036} INFO - Sync 1 DAGs
[2026-01-18T18:58:55.938+0000] {logging_mixin.py:188} INFO - [2026-01-18T18:58:55.938+0000] {dag.py:3823} INFO - Setting next_dagrun for epl_match_scheduler to 2026-01-18 06:00:00+00:00, run_after=2026-01-19 06:00:00+00:00
[2026-01-18T18:58:56.252+0000] {processor.py:183} INFO - Processing /opt/airflow/dags/epl_match_scheduler.py took 0.438 seconds
[2026-01-18T18:59:26.723+0000] {processor.py:161} INFO - Started process (PID=45101) to work on /opt/airflow/dags/epl_match_scheduler.py
[2026-01-18T18:59:26.726+0000] {processor.py:830} INFO - Processing file /opt/airflow/dags/epl_match_scheduler.py for tasks to queue
[2026-01-18T18:59:26.728+0000] {logging_mixin.py:188} INFO - [2026-01-18T18:59:26.727+0000] {dagbag.py:538} INFO - Filling up the DagBag from /opt/airflow/dags/epl_match_scheduler.py
[2026-01-18T18:59:26.815+0000] {processor.py:840} INFO - DAG(s) 'epl_match_scheduler' retrieved from /opt/airflow/dags/epl_match_scheduler.py
[2026-01-18T18:59:26.858+0000] {logging_mixin.py:188} INFO - [2026-01-18T18:59:26.858+0000] {dag.py:3036} INFO - Sync 1 DAGs
[2026-01-18T18:59:26.898+0000] {logging_mixin.py:188} INFO - [2026-01-18T18:59:26.898+0000] {dag.py:3823} INFO - Setting next_dagrun for epl_match_scheduler to 2026-01-18 06:00:00+00:00, run_after=2026-01-19 06:00:00+00:00
[2026-01-18T18:59:26.942+0000] {processor.py:183} INFO - Processing /opt/airflow/dags/epl_match_scheduler.py took 0.225 seconds
[2026-01-18T18:59:57.364+0000] {processor.py:161} INFO - Started process (PID=45139) to work on /opt/airflow/dags/epl_match_scheduler.py
[2026-01-18T18:59:57.365+0000] {processor.py:830} INFO - Processing file /opt/airflow/dags/epl_match_scheduler.py for tasks to queue
[2026-01-18T18:59:57.367+0000] {logging_mixin.py:188} INFO - [2026-01-18T18:59:57.367+0000] {dagbag.py:538} INFO - Filling up the DagBag from /opt/airflow/dags/epl_match_scheduler.py
[2026-01-18T18:59:57.495+0000] {processor.py:840} INFO - DAG(s) 'epl_match_scheduler' retrieved from /opt/airflow/dags/epl_match_scheduler.py
[2026-01-18T18:59:57.532+0000] {logging_mixin.py:188} INFO - [2026-01-18T18:59:57.532+0000] {dag.py:3036} INFO - Sync 1 DAGs
[2026-01-18T18:59:57.569+0000] {logging_mixin.py:188} INFO - [2026-01-18T18:59:57.569+0000] {dag.py:3823} INFO - Setting next_dagrun for epl_match_scheduler to 2026-01-18 06:00:00+00:00, run_after=2026-01-19 06:00:00+00:00
[2026-01-18T18:59:57.612+0000] {processor.py:183} INFO - Processing /opt/airflow/dags/epl_match_scheduler.py took 0.254 seconds
[2026-01-18T19:00:28.012+0000] {processor.py:161} INFO - Started process (PID=45179) to work on /opt/airflow/dags/epl_match_scheduler.py
[2026-01-18T19:00:28.017+0000] {processor.py:830} INFO - Processing file /opt/airflow/dags/epl_match_scheduler.py for tasks to queue
[2026-01-18T19:00:28.018+0000] {logging_mixin.py:188} INFO - [2026-01-18T19:00:28.018+0000] {dagbag.py:538} INFO - Filling up the DagBag from /opt/airflow/dags/epl_match_scheduler.py
[2026-01-18T19:00:28.097+0000] {processor.py:840} INFO - DAG(s) 'epl_match_scheduler' retrieved from /opt/airflow/dags/epl_match_scheduler.py
[2026-01-18T19:00:28.133+0000] {logging_mixin.py:188} INFO - [2026-01-18T19:00:28.133+0000] {dag.py:3036} INFO - Sync 1 DAGs
[2026-01-18T19:00:28.166+0000] {logging_mixin.py:188} INFO - [2026-01-18T19:00:28.166+0000] {dag.py:3823} INFO - Setting next_dagrun for epl_match_scheduler to 2026-01-18 06:00:00+00:00, run_after=2026-01-19 06:00:00+00:00
[2026-01-18T19:00:28.215+0000] {processor.py:183} INFO - Processing /opt/airflow/dags/epl_match_scheduler.py took 0.208 seconds
[2026-01-18T19:00:58.795+0000] {processor.py:161} INFO - Started process (PID=45215) to work on /opt/airflow/dags/epl_match_scheduler.py
[2026-01-18T19:00:58.796+0000] {processor.py:830} INFO - Processing file /opt/airflow/dags/epl_match_scheduler.py for tasks to queue
[2026-01-18T19:00:58.797+0000] {logging_mixin.py:188} INFO - [2026-01-18T19:00:58.796+0000] {dagbag.py:538} INFO - Filling up the DagBag from /opt/airflow/dags/epl_match_scheduler.py
[2026-01-18T19:00:58.873+0000] {processor.py:840} INFO - DAG(s) 'epl_match_scheduler' retrieved from /opt/airflow/dags/epl_match_scheduler.py
[2026-01-18T19:00:58.903+0000] {logging_mixin.py:188} INFO - [2026-01-18T19:00:58.903+0000] {dag.py:3036} INFO - Sync 1 DAGs
[2026-01-18T19:00:58.932+0000] {logging_mixin.py:188} INFO - [2026-01-18T19:00:58.932+0000] {dag.py:3823} INFO - Setting next_dagrun for epl_match_scheduler to 2026-01-18 06:00:00+00:00, run_after=2026-01-19 06:00:00+00:00
[2026-01-18T19:00:58.983+0000] {processor.py:183} INFO - Processing /opt/airflow/dags/epl_match_scheduler.py took 0.192 seconds
[2026-01-18T19:01:29.374+0000] {processor.py:161} INFO - Started process (PID=45251) to work on /opt/airflow/dags/epl_match_scheduler.py
[2026-01-18T19:01:29.389+0000] {processor.py:830} INFO - Processing file /opt/airflow/dags/epl_match_scheduler.py for tasks to queue
[2026-01-18T19:01:29.390+0000] {logging_mixin.py:188} INFO - [2026-01-18T19:01:29.389+0000] {dagbag.py:538} INFO - Filling up the DagBag from /opt/airflow/dags/epl_match_scheduler.py
[2026-01-18T19:01:29.450+0000] {processor.py:840} INFO - DAG(s) 'epl_match_scheduler' retrieved from /opt/airflow/dags/epl_match_scheduler.py
[2026-01-18T19:01:29.481+0000] {logging_mixin.py:188} INFO - [2026-01-18T19:01:29.481+0000] {dag.py:3036} INFO - Sync 1 DAGs
[2026-01-18T19:01:29.507+0000] {logging_mixin.py:188} INFO - [2026-01-18T19:01:29.507+0000] {dag.py:3823} INFO - Setting next_dagrun for epl_match_scheduler to 2026-01-18 06:00:00+00:00, run_after=2026-01-19 06:00:00+00:00
[2026-01-18T19:01:29.561+0000] {processor.py:183} INFO - Processing /opt/airflow/dags/epl_match_scheduler.py took 0.190 seconds
[2026-01-18T19:02:00.111+0000] {processor.py:161} INFO - Started process (PID=45287) to work on /opt/airflow/dags/epl_match_scheduler.py
[2026-01-18T19:02:00.112+0000] {processor.py:830} INFO - Processing file /opt/airflow/dags/epl_match_scheduler.py for tasks to queue
[2026-01-18T19:02:00.113+0000] {logging_mixin.py:188} INFO - [2026-01-18T19:02:00.112+0000] {dagbag.py:538} INFO - Filling up the DagBag from /opt/airflow/dags/epl_match_scheduler.py
[2026-01-18T19:02:00.171+0000] {processor.py:840} INFO - DAG(s) 'epl_match_scheduler' retrieved from /opt/airflow/dags/epl_match_scheduler.py
[2026-01-18T19:02:00.202+0000] {logging_mixin.py:188} INFO - [2026-01-18T19:02:00.201+0000] {dag.py:3036} INFO - Sync 1 DAGs
[2026-01-18T19:02:00.228+0000] {logging_mixin.py:188} INFO - [2026-01-18T19:02:00.228+0000] {dag.py:3823} INFO - Setting next_dagrun for epl_match_scheduler to 2026-01-18 06:00:00+00:00, run_after=2026-01-19 06:00:00+00:00
[2026-01-18T19:02:00.299+0000] {processor.py:183} INFO - Processing /opt/airflow/dags/epl_match_scheduler.py took 0.192 seconds
[2026-01-18T19:02:30.336+0000] {processor.py:161} INFO - Started process (PID=45323) to work on /opt/airflow/dags/epl_match_scheduler.py
[2026-01-18T19:02:30.410+0000] {processor.py:830} INFO - Processing file /opt/airflow/dags/epl_match_scheduler.py for tasks to queue
[2026-01-18T19:02:30.412+0000] {logging_mixin.py:188} INFO - [2026-01-18T19:02:30.411+0000] {dagbag.py:538} INFO - Filling up the DagBag from /opt/airflow/dags/epl_match_scheduler.py
[2026-01-18T19:02:30.471+0000] {processor.py:840} INFO - DAG(s) 'epl_match_scheduler' retrieved from /opt/airflow/dags/epl_match_scheduler.py
[2026-01-18T19:02:30.498+0000] {logging_mixin.py:188} INFO - [2026-01-18T19:02:30.498+0000] {dag.py:3036} INFO - Sync 1 DAGs
[2026-01-18T19:02:30.522+0000] {logging_mixin.py:188} INFO - [2026-01-18T19:02:30.522+0000] {dag.py:3823} INFO - Setting next_dagrun for epl_match_scheduler to 2026-01-18 06:00:00+00:00, run_after=2026-01-19 06:00:00+00:00
[2026-01-18T19:02:30.614+0000] {processor.py:183} INFO - Processing /opt/airflow/dags/epl_match_scheduler.py took 0.282 seconds
[2026-01-18T19:03:01.492+0000] {processor.py:161} INFO - Started process (PID=45359) to work on /opt/airflow/dags/epl_match_scheduler.py
[2026-01-18T19:03:01.493+0000] {processor.py:830} INFO - Processing file /opt/airflow/dags/epl_match_scheduler.py for tasks to queue
[2026-01-18T19:03:01.495+0000] {logging_mixin.py:188} INFO - [2026-01-18T19:03:01.494+0000] {dagbag.py:538} INFO - Filling up the DagBag from /opt/airflow/dags/epl_match_scheduler.py
[2026-01-18T19:03:01.571+0000] {processor.py:840} INFO - DAG(s) 'epl_match_scheduler' retrieved from /opt/airflow/dags/epl_match_scheduler.py
[2026-01-18T19:03:01.611+0000] {logging_mixin.py:188} INFO - [2026-01-18T19:03:01.611+0000] {dag.py:3036} INFO - Sync 1 DAGs
[2026-01-18T19:03:01.642+0000] {logging_mixin.py:188} INFO - [2026-01-18T19:03:01.642+0000] {dag.py:3823} INFO - Setting next_dagrun for epl_match_scheduler to 2026-01-18 06:00:00+00:00, run_after=2026-01-19 06:00:00+00:00
[2026-01-18T19:03:01.696+0000] {processor.py:183} INFO - Processing /opt/airflow/dags/epl_match_scheduler.py took 0.208 seconds
[2026-01-18T19:03:32.374+0000] {processor.py:161} INFO - Started process (PID=45395) to work on /opt/airflow/dags/epl_match_scheduler.py
[2026-01-18T19:03:32.402+0000] {processor.py:830} INFO - Processing file /opt/airflow/dags/epl_match_scheduler.py for tasks to queue
[2026-01-18T19:03:32.403+0000] {logging_mixin.py:188} INFO - [2026-01-18T19:03:32.403+0000] {dagbag.py:538} INFO - Filling up the DagBag from /opt/airflow/dags/epl_match_scheduler.py
[2026-01-18T19:03:32.494+0000] {processor.py:840} INFO - DAG(s) 'epl_match_scheduler' retrieved from /opt/airflow/dags/epl_match_scheduler.py
[2026-01-18T19:03:32.535+0000] {logging_mixin.py:188} INFO - [2026-01-18T19:03:32.535+0000] {dag.py:3036} INFO - Sync 1 DAGs
[2026-01-18T19:03:32.570+0000] {logging_mixin.py:188} INFO - [2026-01-18T19:03:32.570+0000] {dag.py:3823} INFO - Setting next_dagrun for epl_match_scheduler to 2026-01-18 06:00:00+00:00, run_after=2026-01-19 06:00:00+00:00
[2026-01-18T19:03:32.646+0000] {processor.py:183} INFO - Processing /opt/airflow/dags/epl_match_scheduler.py took 0.277 seconds
[2026-01-18T19:04:03.221+0000] {processor.py:161} INFO - Started process (PID=45431) to work on /opt/airflow/dags/epl_match_scheduler.py
[2026-01-18T19:04:03.222+0000] {processor.py:830} INFO - Processing file /opt/airflow/dags/epl_match_scheduler.py for tasks to queue
[2026-01-18T19:04:03.223+0000] {logging_mixin.py:188} INFO - [2026-01-18T19:04:03.223+0000] {dagbag.py:538} INFO - Filling up the DagBag from /opt/airflow/dags/epl_match_scheduler.py
[2026-01-18T19:04:03.281+0000] {processor.py:840} INFO - DAG(s) 'epl_match_scheduler' retrieved from /opt/airflow/dags/epl_match_scheduler.py
[2026-01-18T19:04:03.311+0000] {logging_mixin.py:188} INFO - [2026-01-18T19:04:03.311+0000] {dag.py:3036} INFO - Sync 1 DAGs
[2026-01-18T19:04:03.341+0000] {logging_mixin.py:188} INFO - [2026-01-18T19:04:03.340+0000] {dag.py:3823} INFO - Setting next_dagrun for epl_match_scheduler to 2026-01-18 06:00:00+00:00, run_after=2026-01-19 06:00:00+00:00
[2026-01-18T19:04:03.389+0000] {processor.py:183} INFO - Processing /opt/airflow/dags/epl_match_scheduler.py took 0.171 seconds
[2026-01-18T19:04:33.923+0000] {processor.py:161} INFO - Started process (PID=45467) to work on /opt/airflow/dags/epl_match_scheduler.py
[2026-01-18T19:04:33.933+0000] {processor.py:830} INFO - Processing file /opt/airflow/dags/epl_match_scheduler.py for tasks to queue
[2026-01-18T19:04:33.934+0000] {logging_mixin.py:188} INFO - [2026-01-18T19:04:33.934+0000] {dagbag.py:538} INFO - Filling up the DagBag from /opt/airflow/dags/epl_match_scheduler.py
[2026-01-18T19:04:33.990+0000] {processor.py:840} INFO - DAG(s) 'epl_match_scheduler' retrieved from /opt/airflow/dags/epl_match_scheduler.py
[2026-01-18T19:04:34.020+0000] {logging_mixin.py:188} INFO - [2026-01-18T19:04:34.020+0000] {dag.py:3036} INFO - Sync 1 DAGs
[2026-01-18T19:04:34.048+0000] {logging_mixin.py:188} INFO - [2026-01-18T19:04:34.048+0000] {dag.py:3823} INFO - Setting next_dagrun for epl_match_scheduler to 2026-01-18 06:00:00+00:00, run_after=2026-01-19 06:00:00+00:00
[2026-01-18T19:04:34.100+0000] {processor.py:183} INFO - Processing /opt/airflow/dags/epl_match_scheduler.py took 0.181 seconds
[2026-01-18T19:05:04.713+0000] {processor.py:161} INFO - Started process (PID=45503) to work on /opt/airflow/dags/epl_match_scheduler.py
[2026-01-18T19:05:04.714+0000] {processor.py:830} INFO - Processing file /opt/airflow/dags/epl_match_scheduler.py for tasks to queue
[2026-01-18T19:05:04.715+0000] {logging_mixin.py:188} INFO - [2026-01-18T19:05:04.714+0000] {dagbag.py:538} INFO - Filling up the DagBag from /opt/airflow/dags/epl_match_scheduler.py
[2026-01-18T19:05:04.782+0000] {processor.py:840} INFO - DAG(s) 'epl_match_scheduler' retrieved from /opt/airflow/dags/epl_match_scheduler.py
[2026-01-18T19:05:04.814+0000] {logging_mixin.py:188} INFO - [2026-01-18T19:05:04.814+0000] {dag.py:3036} INFO - Sync 1 DAGs
[2026-01-18T19:05:04.844+0000] {logging_mixin.py:188} INFO - [2026-01-18T19:05:04.844+0000] {dag.py:3823} INFO - Setting next_dagrun for epl_match_scheduler to 2026-01-18 06:00:00+00:00, run_after=2026-01-19 06:00:00+00:00
[2026-01-18T19:05:04.896+0000] {processor.py:183} INFO - Processing /opt/airflow/dags/epl_match_scheduler.py took 0.188 seconds
[2026-01-18T19:05:35.480+0000] {processor.py:161} INFO - Started process (PID=45539) to work on /opt/airflow/dags/epl_match_scheduler.py
[2026-01-18T19:05:35.495+0000] {processor.py:830} INFO - Processing file /opt/airflow/dags/epl_match_scheduler.py for tasks to queue
[2026-01-18T19:05:35.496+0000] {logging_mixin.py:188} INFO - [2026-01-18T19:05:35.496+0000] {dagbag.py:538} INFO - Filling up the DagBag from /opt/airflow/dags/epl_match_scheduler.py
[2026-01-18T19:05:35.586+0000] {processor.py:840} INFO - DAG(s) 'epl_match_scheduler' retrieved from /opt/airflow/dags/epl_match_scheduler.py
[2026-01-18T19:05:35.621+0000] {logging_mixin.py:188} INFO - [2026-01-18T19:05:35.620+0000] {dag.py:3036} INFO - Sync 1 DAGs
[2026-01-18T19:05:35.650+0000] {logging_mixin.py:188} INFO - [2026-01-18T19:05:35.650+0000] {dag.py:3823} INFO - Setting next_dagrun for epl_match_scheduler to 2026-01-18 06:00:00+00:00, run_after=2026-01-19 06:00:00+00:00
[2026-01-18T19:05:35.694+0000] {processor.py:183} INFO - Processing /opt/airflow/dags/epl_match_scheduler.py took 0.217 seconds
[2026-01-18T19:06:06.294+0000] {processor.py:161} INFO - Started process (PID=45575) to work on /opt/airflow/dags/epl_match_scheduler.py
[2026-01-18T19:06:06.296+0000] {processor.py:830} INFO - Processing file /opt/airflow/dags/epl_match_scheduler.py for tasks to queue
[2026-01-18T19:06:06.297+0000] {logging_mixin.py:188} INFO - [2026-01-18T19:06:06.296+0000] {dagbag.py:538} INFO - Filling up the DagBag from /opt/airflow/dags/epl_match_scheduler.py
[2026-01-18T19:06:06.368+0000] {processor.py:840} INFO - DAG(s) 'epl_match_scheduler' retrieved from /opt/airflow/dags/epl_match_scheduler.py
[2026-01-18T19:06:06.404+0000] {logging_mixin.py:188} INFO - [2026-01-18T19:06:06.404+0000] {dag.py:3036} INFO - Sync 1 DAGs
[2026-01-18T19:06:06.436+0000] {logging_mixin.py:188} INFO - [2026-01-18T19:06:06.435+0000] {dag.py:3823} INFO - Setting next_dagrun for epl_match_scheduler to 2026-01-18 06:00:00+00:00, run_after=2026-01-19 06:00:00+00:00
[2026-01-18T19:06:06.487+0000] {processor.py:183} INFO - Processing /opt/airflow/dags/epl_match_scheduler.py took 0.198 seconds
[2026-01-18T19:06:37.119+0000] {processor.py:161} INFO - Started process (PID=45611) to work on /opt/airflow/dags/epl_match_scheduler.py
[2026-01-18T19:06:37.162+0000] {processor.py:830} INFO - Processing file /opt/airflow/dags/epl_match_scheduler.py for tasks to queue
[2026-01-18T19:06:37.163+0000] {logging_mixin.py:188} INFO - [2026-01-18T19:06:37.163+0000] {dagbag.py:538} INFO - Filling up the DagBag from /opt/airflow/dags/epl_match_scheduler.py
[2026-01-18T19:06:37.242+0000] {processor.py:840} INFO - DAG(s) 'epl_match_scheduler' retrieved from /opt/airflow/dags/epl_match_scheduler.py
[2026-01-18T19:06:37.285+0000] {logging_mixin.py:188} INFO - [2026-01-18T19:06:37.285+0000] {dag.py:3036} INFO - Sync 1 DAGs
[2026-01-18T19:06:37.319+0000] {logging_mixin.py:188} INFO - [2026-01-18T19:06:37.318+0000] {dag.py:3823} INFO - Setting next_dagrun for epl_match_scheduler to 2026-01-18 06:00:00+00:00, run_after=2026-01-19 06:00:00+00:00
[2026-01-18T19:06:37.382+0000] {processor.py:183} INFO - Processing /opt/airflow/dags/epl_match_scheduler.py took 0.268 seconds
