[2026-03-10T10:00:01.187+0000] {taskinstance.py:1956} INFO - Dependencies all met for dep_context=non-requeueable deps ti=<TaskInstance: epl_smart_match_scraper.scrape_liverpool scheduled__2026-03-10T08:00:00+00:00 [queued]>
[2026-03-10T10:00:01.204+0000] {taskinstance.py:1956} INFO - Dependencies all met for dep_context=requeueable deps ti=<TaskInstance: epl_smart_match_scraper.scrape_liverpool scheduled__2026-03-10T08:00:00+00:00 [queued]>
[2026-03-10T10:00:01.205+0000] {taskinstance.py:2170} INFO - Starting attempt 1 of 3
[2026-03-10T10:00:01.245+0000] {taskinstance.py:2191} INFO - Executing <Task(PythonOperator): scrape_liverpool> on 2026-03-10 08:00:00+00:00
[2026-03-10T10:00:01.257+0000] {standard_task_runner.py:60} INFO - Started process 59631 to run task
[2026-03-10T10:00:01.262+0000] {standard_task_runner.py:87} INFO - Running: ['***', 'tasks', 'run', 'epl_smart_match_scraper', 'scrape_liverpool', 'scheduled__2026-03-10T08:00:00+00:00', '--job-id', '823', '--raw', '--subdir', 'DAGS_FOLDER/epl_smart_match_scraper.py', '--cfg-path', '/tmp/tmp8vjp1hcn']
[2026-03-10T10:00:01.266+0000] {standard_task_runner.py:88} INFO - Job 823: Subtask scrape_liverpool
[2026-03-10T10:00:01.397+0000] {task_command.py:423} INFO - Running <TaskInstance: epl_smart_match_scraper.scrape_liverpool scheduled__2026-03-10T08:00:00+00:00 [running]> on host 13250c608584
[2026-03-10T10:00:01.604+0000] {taskinstance.py:2480} INFO - Exporting env vars: AIRFLOW_CTX_DAG_OWNER='epl_analytics' AIRFLOW_CTX_DAG_ID='epl_smart_match_scraper' AIRFLOW_CTX_TASK_ID='scrape_liverpool' AIRFLOW_CTX_EXECUTION_DATE='2026-03-10T08:00:00+00:00' AIRFLOW_CTX_TRY_NUMBER='1' AIRFLOW_CTX_DAG_RUN_ID='scheduled__2026-03-10T08:00:00+00:00'
[2026-03-10T10:00:01.605+0000] {epl_smart_match_scraper.py:42} INFO - Checking Liverpool matches for 2025-26
[2026-03-10T10:00:01.606+0000] {playwright_scraper.py:87} INFO - Scraping Understat fixtures for Liverpool: https://understat.com/team/Liverpool/2025
[2026-03-10T10:00:09.687+0000] {playwright_scraper.py:118} INFO - Scraped 38 fixtures from Understat
[2026-03-10T10:00:09.950+0000] {playwright_scraper.py:140} INFO - Scraping match shots: https://understat.com/match/28980
[2026-03-10T10:00:19.539+0000] {playwright_scraper.py:213} INFO - Scraped 17 shots for Arsenal vs Liverpool
[2026-03-10T10:00:19.656+0000] {db_loader.py:196} INFO - Created scrape run: epl_smart_Liverpool_3e245c40
[2026-03-10T10:00:19.691+0000] {db_loader.py:359} INFO - Saved match reference for Arsenal vs Liverpool (Team: Liverpool)
[2026-03-10T10:00:19.705+0000] {db_loader.py:150} INFO - Saved Understat data for match 20260108_arsenal_vs_liverpool (ID: 433, Team: Liverpool)
[2026-03-10T10:00:19.754+0000] {db_loader.py:242} INFO - Updated scrape run epl_smart_Liverpool_3e245c40: success
[2026-03-10T10:00:19.755+0000] {epl_smart_match_scraper.py:83} INFO - ✓ Arsenal vs Liverpool: 17 shots
[2026-03-10T10:00:19.755+0000] {python.py:201} INFO - Done. Returned value was: {'team': 'Liverpool', 'status': 'success', 'scraped': 1}
[2026-03-10T10:00:19.812+0000] {taskinstance.py:1138} INFO - Marking task as SUCCESS. dag_id=epl_smart_match_scraper, task_id=scrape_liverpool, execution_date=20260310T080000, start_date=20260310T100001, end_date=20260310T100019
[2026-03-10T10:00:19.883+0000] {local_task_job_runner.py:234} INFO - Task exited with return code 0
[2026-03-10T10:00:19.916+0000] {taskinstance.py:3280} INFO - 1 downstream tasks scheduled from follow-on schedule check
