[2026-01-19T17:38:43.696+0000] {taskinstance.py:1956} INFO - Dependencies all met for dep_context=non-requeueable deps ti=<TaskInstance: arsenal_smart_match_scraper.wait_for_match_completion scheduled__2026-01-19T06:00:00+00:00 [queued]>
[2026-01-19T17:38:43.702+0000] {taskinstance.py:1956} INFO - Dependencies all met for dep_context=requeueable deps ti=<TaskInstance: arsenal_smart_match_scraper.wait_for_match_completion scheduled__2026-01-19T06:00:00+00:00 [queued]>
[2026-01-19T17:38:43.703+0000] {taskinstance.py:2170} INFO - Starting attempt 1 of 3
[2026-01-19T17:38:43.844+0000] {taskinstance.py:2191} INFO - Executing <Task(PythonSensor): wait_for_match_completion> on 2026-01-19 06:00:00+00:00
[2026-01-19T17:38:43.854+0000] {standard_task_runner.py:60} INFO - Started process 46851 to run task
[2026-01-19T17:38:43.859+0000] {standard_task_runner.py:87} INFO - Running: ['***', 'tasks', 'run', 'arsenal_smart_match_scraper', 'wait_for_match_completion', 'scheduled__2026-01-19T06:00:00+00:00', '--job-id', '499', '--raw', '--subdir', 'DAGS_FOLDER/arsenal_smart_match_scraper.py', '--cfg-path', '/tmp/tmp860urnfr']
[2026-01-19T17:38:43.863+0000] {standard_task_runner.py:88} INFO - Job 499: Subtask wait_for_match_completion
[2026-01-19T17:38:44.041+0000] {task_command.py:423} INFO - Running <TaskInstance: arsenal_smart_match_scraper.wait_for_match_completion scheduled__2026-01-19T06:00:00+00:00 [running]> on host dd03882071e2
[2026-01-19T17:38:44.309+0000] {taskinstance.py:2480} INFO - Exporting env vars: AIRFLOW_CTX_DAG_OWNER='arsenal_analytics' AIRFLOW_CTX_DAG_ID='arsenal_smart_match_scraper' AIRFLOW_CTX_TASK_ID='wait_for_match_completion' AIRFLOW_CTX_EXECUTION_DATE='2026-01-19T06:00:00+00:00' AIRFLOW_CTX_TRY_NUMBER='1' AIRFLOW_CTX_DAG_RUN_ID='scheduled__2026-01-19T06:00:00+00:00'
[2026-01-19T17:38:44.327+0000] {python.py:75} INFO - Poking callable: <function wait_for_match_completion at 0x7690798e77e0>
[2026-01-19T17:38:44.359+0000] {arsenal_smart_match_scraper.py:91} INFO - Match date: 2026-01-25
[2026-01-19T17:38:44.359+0000] {arsenal_smart_match_scraper.py:92} INFO - Estimated data availability: 2026-01-25 17:30:00
[2026-01-19T17:38:44.360+0000] {arsenal_smart_match_scraper.py:93} INFO - Current time: 2026-01-19 17:38:44.358982
[2026-01-19T17:38:44.360+0000] {arsenal_smart_match_scraper.py:101} INFO - Waiting 8631 more minutes for match data...
[2026-01-19T17:38:44.679+0000] {taskinstance.py:2658} INFO - Rescheduling task, marking task as UP_FOR_RESCHEDULE
[2026-01-19T17:38:44.713+0000] {local_task_job_runner.py:234} INFO - Task exited with return code 0
[2026-01-19T17:38:45.224+0000] {taskinstance.py:3280} INFO - 0 downstream tasks scheduled from follow-on schedule check
[2026-01-19T17:48:48.311+0000] {taskinstance.py:1956} INFO - Dependencies all met for dep_context=non-requeueable deps ti=<TaskInstance: arsenal_smart_match_scraper.wait_for_match_completion scheduled__2026-01-19T06:00:00+00:00 [queued]>
[2026-01-19T17:48:48.989+0000] {taskinstance.py:1956} INFO - Dependencies all met for dep_context=requeueable deps ti=<TaskInstance: arsenal_smart_match_scraper.wait_for_match_completion scheduled__2026-01-19T06:00:00+00:00 [queued]>
[2026-01-19T17:48:48.990+0000] {taskinstance.py:2170} INFO - Starting attempt 1 of 3
[2026-01-19T17:48:49.467+0000] {taskinstance.py:2191} INFO - Executing <Task(PythonSensor): wait_for_match_completion> on 2026-01-19 06:00:00+00:00
[2026-01-19T17:48:49.480+0000] {standard_task_runner.py:60} INFO - Started process 47481 to run task
[2026-01-19T17:48:49.488+0000] {standard_task_runner.py:87} INFO - Running: ['***', 'tasks', 'run', 'arsenal_smart_match_scraper', 'wait_for_match_completion', 'scheduled__2026-01-19T06:00:00+00:00', '--job-id', '505', '--raw', '--subdir', 'DAGS_FOLDER/arsenal_smart_match_scraper.py', '--cfg-path', '/tmp/tmpol5uwr9u']
[2026-01-19T17:48:49.493+0000] {standard_task_runner.py:88} INFO - Job 505: Subtask wait_for_match_completion
[2026-01-19T17:48:50.041+0000] {task_command.py:423} INFO - Running <TaskInstance: arsenal_smart_match_scraper.wait_for_match_completion scheduled__2026-01-19T06:00:00+00:00 [running]> on host dd03882071e2
[2026-01-19T17:48:50.343+0000] {taskinstance.py:2480} INFO - Exporting env vars: AIRFLOW_CTX_DAG_OWNER='arsenal_analytics' AIRFLOW_CTX_DAG_ID='arsenal_smart_match_scraper' AIRFLOW_CTX_TASK_ID='wait_for_match_completion' AIRFLOW_CTX_EXECUTION_DATE='2026-01-19T06:00:00+00:00' AIRFLOW_CTX_TRY_NUMBER='1' AIRFLOW_CTX_DAG_RUN_ID='scheduled__2026-01-19T06:00:00+00:00'
[2026-01-19T17:48:50.372+0000] {python.py:75} INFO - Poking callable: <function wait_for_match_completion at 0x7690798e7740>
[2026-01-19T17:48:50.418+0000] {arsenal_smart_match_scraper.py:91} INFO - Match date: 2026-01-25
[2026-01-19T17:48:50.419+0000] {arsenal_smart_match_scraper.py:92} INFO - Estimated data availability: 2026-01-25 17:30:00
[2026-01-19T17:48:50.419+0000] {arsenal_smart_match_scraper.py:93} INFO - Current time: 2026-01-19 17:48:50.418496
[2026-01-19T17:48:50.419+0000] {arsenal_smart_match_scraper.py:101} INFO - Waiting 8621 more minutes for match data...
[2026-01-19T17:48:50.662+0000] {taskinstance.py:2658} INFO - Rescheduling task, marking task as UP_FOR_RESCHEDULE
[2026-01-19T17:48:50.703+0000] {local_task_job_runner.py:234} INFO - Task exited with return code 0
[2026-01-19T17:48:50.909+0000] {taskinstance.py:3280} INFO - 0 downstream tasks scheduled from follow-on schedule check
[2026-01-19T17:59:00.859+0000] {taskinstance.py:1956} INFO - Dependencies all met for dep_context=non-requeueable deps ti=<TaskInstance: arsenal_smart_match_scraper.wait_for_match_completion scheduled__2026-01-19T06:00:00+00:00 [queued]>
[2026-01-19T17:59:00.896+0000] {taskinstance.py:1956} INFO - Dependencies all met for dep_context=requeueable deps ti=<TaskInstance: arsenal_smart_match_scraper.wait_for_match_completion scheduled__2026-01-19T06:00:00+00:00 [queued]>
[2026-01-19T17:59:00.897+0000] {taskinstance.py:2170} INFO - Starting attempt 1 of 3
[2026-01-19T17:59:00.965+0000] {taskinstance.py:2191} INFO - Executing <Task(PythonSensor): wait_for_match_completion> on 2026-01-19 06:00:00+00:00
[2026-01-19T17:59:00.987+0000] {standard_task_runner.py:60} INFO - Started process 48093 to run task
[2026-01-19T17:59:00.997+0000] {standard_task_runner.py:87} INFO - Running: ['***', 'tasks', 'run', 'arsenal_smart_match_scraper', 'wait_for_match_completion', 'scheduled__2026-01-19T06:00:00+00:00', '--job-id', '508', '--raw', '--subdir', 'DAGS_FOLDER/arsenal_smart_match_scraper.py', '--cfg-path', '/tmp/tmpooz5iilx']
[2026-01-19T17:59:01.004+0000] {standard_task_runner.py:88} INFO - Job 508: Subtask wait_for_match_completion
[2026-01-19T17:59:01.243+0000] {task_command.py:423} INFO - Running <TaskInstance: arsenal_smart_match_scraper.wait_for_match_completion scheduled__2026-01-19T06:00:00+00:00 [running]> on host dd03882071e2
[2026-01-19T17:59:01.872+0000] {taskinstance.py:2480} INFO - Exporting env vars: AIRFLOW_CTX_DAG_OWNER='arsenal_analytics' AIRFLOW_CTX_DAG_ID='arsenal_smart_match_scraper' AIRFLOW_CTX_TASK_ID='wait_for_match_completion' AIRFLOW_CTX_EXECUTION_DATE='2026-01-19T06:00:00+00:00' AIRFLOW_CTX_TRY_NUMBER='1' AIRFLOW_CTX_DAG_RUN_ID='scheduled__2026-01-19T06:00:00+00:00'
[2026-01-19T17:59:01.904+0000] {python.py:75} INFO - Poking callable: <function wait_for_match_completion at 0x7690798e7740>
[2026-01-19T17:59:01.969+0000] {arsenal_smart_match_scraper.py:91} INFO - Match date: 2026-01-25
[2026-01-19T17:59:01.969+0000] {arsenal_smart_match_scraper.py:92} INFO - Estimated data availability: 2026-01-25 17:30:00
[2026-01-19T17:59:01.970+0000] {arsenal_smart_match_scraper.py:93} INFO - Current time: 2026-01-19 17:59:01.969179
[2026-01-19T17:59:01.971+0000] {arsenal_smart_match_scraper.py:101} INFO - Waiting 8611 more minutes for match data...
[2026-01-19T17:59:02.272+0000] {taskinstance.py:2658} INFO - Rescheduling task, marking task as UP_FOR_RESCHEDULE
[2026-01-19T17:59:02.295+0000] {local_task_job_runner.py:234} INFO - Task exited with return code 0
[2026-01-19T17:59:02.365+0000] {taskinstance.py:3280} INFO - 0 downstream tasks scheduled from follow-on schedule check
[2026-01-23T12:28:00.653+0000] {taskinstance.py:1956} INFO - Dependencies all met for dep_context=non-requeueable deps ti=<TaskInstance: arsenal_smart_match_scraper.wait_for_match_completion scheduled__2026-01-19T06:00:00+00:00 [queued]>
[2026-01-23T12:28:00.748+0000] {taskinstance.py:1956} INFO - Dependencies all met for dep_context=requeueable deps ti=<TaskInstance: arsenal_smart_match_scraper.wait_for_match_completion scheduled__2026-01-19T06:00:00+00:00 [queued]>
[2026-01-23T12:28:00.749+0000] {taskinstance.py:2170} INFO - Starting attempt 1 of 3
[2026-01-23T12:28:00.868+0000] {taskinstance.py:2191} INFO - Executing <Task(PythonSensor): wait_for_match_completion> on 2026-01-19 06:00:00+00:00
[2026-01-23T12:28:00.895+0000] {standard_task_runner.py:60} INFO - Started process 231 to run task
[2026-01-23T12:28:00.905+0000] {standard_task_runner.py:87} INFO - Running: ['***', 'tasks', 'run', 'arsenal_smart_match_scraper', 'wait_for_match_completion', 'scheduled__2026-01-19T06:00:00+00:00', '--job-id', '551', '--raw', '--subdir', 'DAGS_FOLDER/arsenal_smart_match_scraper.py', '--cfg-path', '/tmp/tmp__pl57vu']
[2026-01-23T12:28:00.912+0000] {standard_task_runner.py:88} INFO - Job 551: Subtask wait_for_match_completion
[2026-01-23T12:28:01.160+0000] {task_command.py:423} INFO - Running <TaskInstance: arsenal_smart_match_scraper.wait_for_match_completion scheduled__2026-01-19T06:00:00+00:00 [running]> on host dd03882071e2
[2026-01-23T12:28:01.579+0000] {taskinstance.py:2480} INFO - Exporting env vars: AIRFLOW_CTX_DAG_OWNER='arsenal_analytics' AIRFLOW_CTX_DAG_ID='arsenal_smart_match_scraper' AIRFLOW_CTX_TASK_ID='wait_for_match_completion' AIRFLOW_CTX_EXECUTION_DATE='2026-01-19T06:00:00+00:00' AIRFLOW_CTX_TRY_NUMBER='1' AIRFLOW_CTX_DAG_RUN_ID='scheduled__2026-01-19T06:00:00+00:00'
[2026-01-23T12:28:01.600+0000] {python.py:75} INFO - Poking callable: <function wait_for_match_completion at 0x7625edf23c40>
[2026-01-23T12:28:01.702+0000] {arsenal_smart_match_scraper.py:91} INFO - Match date: 2026-01-25
[2026-01-23T12:28:01.702+0000] {arsenal_smart_match_scraper.py:92} INFO - Estimated data availability: 2026-01-25 17:30:00
[2026-01-23T12:28:01.702+0000] {arsenal_smart_match_scraper.py:93} INFO - Current time: 2026-01-23 12:28:01.702322
[2026-01-23T12:28:01.703+0000] {arsenal_smart_match_scraper.py:101} INFO - Waiting 3182 more minutes for match data...
[2026-01-23T12:28:01.703+0000] {taskinstance.py:2698} ERROR - Task failed with exception
Traceback (most recent call last):
  File "/home/airflow/.local/lib/python3.11/site-packages/airflow/models/taskinstance.py", line 433, in _execute_task
    result = execute_callable(context=context, **execute_callable_kwargs)
             ^^^^^^^^^^^^^^^^^^^^^^^^^^^^^^^^^^^^^^^^^^^^^^^^^^^^^^^^^^^^
  File "/home/airflow/.local/lib/python3.11/site-packages/airflow/sensors/base.py", line 282, in execute
    raise AirflowSensorTimeout(message)
airflow.exceptions.AirflowSensorTimeout: Sensor has timed out; run duration of 326957.54093 seconds exceeds the specified timeout of 86400.0.
[2026-01-23T12:28:01.810+0000] {taskinstance.py:1138} INFO - Immediate failure requested. Marking task as FAILED. dag_id=arsenal_smart_match_scraper, task_id=wait_for_match_completion, execution_date=20260119T060000, start_date=20260123T122800, end_date=20260123T122801
[2026-01-23T12:28:02.001+0000] {standard_task_runner.py:107} ERROR - Failed to execute job 551 for task wait_for_match_completion (Sensor has timed out; run duration of 326957.54093 seconds exceeds the specified timeout of 86400.0.; 231)
[2026-01-23T12:28:02.055+0000] {local_task_job_runner.py:234} INFO - Task exited with return code 1
[2026-01-23T12:28:02.093+0000] {taskinstance.py:3280} INFO - 0 downstream tasks scheduled from follow-on schedule check
