[2026-03-09T18:00:02.750+0000] {taskinstance.py:1956} INFO - Dependencies all met for dep_context=non-requeueable deps ti=<TaskInstance: epl_smart_match_scraper.scrape_arsenal scheduled__2026-03-09T16:00:00+00:00 [queued]>
[2026-03-09T18:00:02.765+0000] {taskinstance.py:1956} INFO - Dependencies all met for dep_context=requeueable deps ti=<TaskInstance: epl_smart_match_scraper.scrape_arsenal scheduled__2026-03-09T16:00:00+00:00 [queued]>
[2026-03-09T18:00:02.766+0000] {taskinstance.py:2170} INFO - Starting attempt 1 of 3
[2026-03-09T18:00:02.802+0000] {taskinstance.py:2191} INFO - Executing <Task(PythonOperator): scrape_arsenal> on 2026-03-09 16:00:00+00:00
[2026-03-09T18:00:02.813+0000] {standard_task_runner.py:60} INFO - Started process 14297 to run task
[2026-03-09T18:00:02.818+0000] {standard_task_runner.py:87} INFO - Running: ['***', 'tasks', 'run', 'epl_smart_match_scraper', 'scrape_arsenal', 'scheduled__2026-03-09T16:00:00+00:00', '--job-id', '701', '--raw', '--subdir', 'DAGS_FOLDER/epl_smart_match_scraper.py', '--cfg-path', '/tmp/tmpzkoiy576']
[2026-03-09T18:00:02.821+0000] {standard_task_runner.py:88} INFO - Job 701: Subtask scrape_arsenal
[2026-03-09T18:00:02.943+0000] {task_command.py:423} INFO - Running <TaskInstance: epl_smart_match_scraper.scrape_arsenal scheduled__2026-03-09T16:00:00+00:00 [running]> on host 13250c608584
[2026-03-09T18:00:03.400+0000] {taskinstance.py:2480} INFO - Exporting env vars: AIRFLOW_CTX_DAG_OWNER='epl_analytics' AIRFLOW_CTX_DAG_ID='epl_smart_match_scraper' AIRFLOW_CTX_TASK_ID='scrape_arsenal' AIRFLOW_CTX_EXECUTION_DATE='2026-03-09T16:00:00+00:00' AIRFLOW_CTX_TRY_NUMBER='1' AIRFLOW_CTX_DAG_RUN_ID='scheduled__2026-03-09T16:00:00+00:00'
[2026-03-09T18:00:03.402+0000] {epl_smart_match_scraper.py:42} INFO - Checking Arsenal matches for 2025-26
[2026-03-09T18:00:03.403+0000] {playwright_scraper.py:87} INFO - Scraping Understat fixtures for Arsenal: https://understat.com/team/Arsenal/2025
[2026-03-09T18:00:14.355+0000] {playwright_scraper.py:118} INFO - Scraped 38 fixtures from Understat
[2026-03-09T18:00:18.962+0000] {playwright_scraper.py:140} INFO - Scraping match shots: https://understat.com/match/29019
[2026-03-09T18:00:32.104+0000] {playwright_scraper.py:213} INFO - Scraped 21 shots for Arsenal vs Sunderland
[2026-03-09T18:00:32.921+0000] {db_loader.py:196} INFO - Created scrape run: epl_smart_Arsenal_93e77fb0
[2026-03-09T18:00:32.936+0000] {db_loader.py:42} ERROR - Database error: column "id" does not exist
LINE 8:                         RETURNING id
                                          ^

[2026-03-09T18:00:32.937+0000] {db_loader.py:362} ERROR - Failed to save match reference: column "id" does not exist
LINE 8:                         RETURNING id
                                          ^

[2026-03-09T18:00:32.986+0000] {db_loader.py:150} INFO - Saved Understat data for match 20260207_arsenal_vs_sunderland (ID: 342, Team: Arsenal)
[2026-03-09T18:00:33.121+0000] {db_loader.py:242} INFO - Updated scrape run epl_smart_Arsenal_93e77fb0: success
[2026-03-09T18:00:33.122+0000] {epl_smart_match_scraper.py:83} INFO - ✓ Arsenal vs Sunderland: 21 shots
[2026-03-09T18:00:34.221+0000] {playwright_scraper.py:140} INFO - Scraping match shots: https://understat.com/match/29049
[2026-03-09T18:00:44.936+0000] {playwright_scraper.py:213} INFO - Scraped 22 shots for Arsenal vs Chelsea
[2026-03-09T18:00:45.391+0000] {db_loader.py:196} INFO - Created scrape run: epl_smart_Arsenal_3bc56e77
[2026-03-09T18:00:45.404+0000] {db_loader.py:42} ERROR - Database error: column "id" does not exist
LINE 8:                         RETURNING id
                                          ^

[2026-03-09T18:00:45.405+0000] {db_loader.py:362} ERROR - Failed to save match reference: column "id" does not exist
LINE 8:                         RETURNING id
                                          ^

[2026-03-09T18:00:45.449+0000] {db_loader.py:150} INFO - Saved Understat data for match 20260301_arsenal_vs_chelsea (ID: 344, Team: Arsenal)
[2026-03-09T18:00:45.898+0000] {db_loader.py:242} INFO - Updated scrape run epl_smart_Arsenal_3bc56e77: success
[2026-03-09T18:00:45.898+0000] {epl_smart_match_scraper.py:83} INFO - ✓ Arsenal vs Chelsea: 22 shots
[2026-03-09T18:00:45.899+0000] {python.py:201} INFO - Done. Returned value was: {'team': 'Arsenal', 'status': 'success', 'scraped': 2}
[2026-03-09T18:00:45.994+0000] {taskinstance.py:1138} INFO - Marking task as SUCCESS. dag_id=epl_smart_match_scraper, task_id=scrape_arsenal, execution_date=20260309T160000, start_date=20260309T180002, end_date=20260309T180045
[2026-03-09T18:00:46.064+0000] {local_task_job_runner.py:234} INFO - Task exited with return code 0
[2026-03-09T18:00:46.114+0000] {taskinstance.py:3280} INFO - 0 downstream tasks scheduled from follow-on schedule check
