[2026-01-19T17:38:50.959+0000] {taskinstance.py:1956} INFO - Dependencies all met for dep_context=non-requeueable deps ti=<TaskInstance: epl_match_scheduler.schedule_runs scheduled__2026-01-18T06:00:00+00:00 [queued]>
[2026-01-19T17:38:50.965+0000] {taskinstance.py:1956} INFO - Dependencies all met for dep_context=requeueable deps ti=<TaskInstance: epl_match_scheduler.schedule_runs scheduled__2026-01-18T06:00:00+00:00 [queued]>
[2026-01-19T17:38:50.966+0000] {taskinstance.py:2170} INFO - Starting attempt 1 of 2
[2026-01-19T17:38:51.105+0000] {taskinstance.py:2191} INFO - Executing <Task(PythonOperator): schedule_runs> on 2026-01-18 06:00:00+00:00
[2026-01-19T17:38:51.116+0000] {standard_task_runner.py:60} INFO - Started process 46861 to run task
[2026-01-19T17:38:51.121+0000] {standard_task_runner.py:87} INFO - Running: ['***', 'tasks', 'run', 'epl_match_scheduler', 'schedule_runs', 'scheduled__2026-01-18T06:00:00+00:00', '--job-id', '501', '--raw', '--subdir', 'DAGS_FOLDER/epl_match_scheduler.py', '--cfg-path', '/tmp/tmppbidzf_k']
[2026-01-19T17:38:51.125+0000] {standard_task_runner.py:88} INFO - Job 501: Subtask schedule_runs
[2026-01-19T17:38:51.498+0000] {task_command.py:423} INFO - Running <TaskInstance: epl_match_scheduler.schedule_runs scheduled__2026-01-18T06:00:00+00:00 [running]> on host dd03882071e2
[2026-01-19T17:38:52.400+0000] {taskinstance.py:2480} INFO - Exporting env vars: AIRFLOW_CTX_DAG_OWNER='epl_analytics' AIRFLOW_CTX_DAG_ID='epl_match_scheduler' AIRFLOW_CTX_TASK_ID='schedule_runs' AIRFLOW_CTX_EXECUTION_DATE='2026-01-18T06:00:00+00:00' AIRFLOW_CTX_TRY_NUMBER='1' AIRFLOW_CTX_DAG_RUN_ID='scheduled__2026-01-18T06:00:00+00:00'
[2026-01-19T17:38:52.434+0000] {epl_match_scheduler.py:118} INFO - Match: Arsenal vs Manchester United
[2026-01-19T17:38:52.434+0000] {epl_match_scheduler.py:119} INFO -   Kickoff: 2026-01-25 15:00
[2026-01-19T17:38:52.434+0000] {epl_match_scheduler.py:120} INFO -   Scrape scheduled: 2026-01-25 19:00
[2026-01-19T17:38:52.435+0000] {epl_match_scheduler.py:118} INFO - Match: Leeds vs Arsenal
[2026-01-19T17:38:52.435+0000] {epl_match_scheduler.py:119} INFO -   Kickoff: 2026-01-31 15:00
[2026-01-19T17:38:52.435+0000] {epl_match_scheduler.py:120} INFO -   Scrape scheduled: 2026-01-31 19:00
[2026-01-19T17:38:52.435+0000] {epl_match_scheduler.py:118} INFO - Match: Arsenal vs Sunderland
[2026-01-19T17:38:52.435+0000] {epl_match_scheduler.py:119} INFO -   Kickoff: 2026-02-07 15:00
[2026-01-19T17:38:52.436+0000] {epl_match_scheduler.py:120} INFO -   Scrape scheduled: 2026-02-07 19:00
[2026-01-19T17:38:52.436+0000] {epl_match_scheduler.py:118} INFO - Match: Brentford vs Arsenal
[2026-01-19T17:38:52.436+0000] {epl_match_scheduler.py:119} INFO -   Kickoff: 2026-02-12 15:00
[2026-01-19T17:38:52.436+0000] {epl_match_scheduler.py:120} INFO -   Scrape scheduled: 2026-02-12 19:00
[2026-01-19T17:38:52.436+0000] {epl_match_scheduler.py:118} INFO - Match: Tottenham vs Arsenal
[2026-01-19T17:38:52.437+0000] {epl_match_scheduler.py:119} INFO -   Kickoff: 2026-02-22 15:00
[2026-01-19T17:38:52.437+0000] {epl_match_scheduler.py:120} INFO -   Scrape scheduled: 2026-02-22 19:00
[2026-01-19T17:38:52.437+0000] {epl_match_scheduler.py:118} INFO - Match: Arsenal vs Chelsea
[2026-01-19T17:38:52.437+0000] {epl_match_scheduler.py:119} INFO -   Kickoff: 2026-03-01 15:00
[2026-01-19T17:38:52.437+0000] {epl_match_scheduler.py:120} INFO -   Scrape scheduled: 2026-03-01 19:00
[2026-01-19T17:38:52.438+0000] {epl_match_scheduler.py:118} INFO - Match: Brighton vs Arsenal
[2026-01-19T17:38:52.438+0000] {epl_match_scheduler.py:119} INFO -   Kickoff: 2026-03-04 15:00
[2026-01-19T17:38:52.438+0000] {epl_match_scheduler.py:120} INFO -   Scrape scheduled: 2026-03-04 19:00
[2026-01-19T17:38:52.438+0000] {epl_match_scheduler.py:118} INFO - Match: Arsenal vs Everton
[2026-01-19T17:38:52.439+0000] {epl_match_scheduler.py:119} INFO -   Kickoff: 2026-03-14 15:00
[2026-01-19T17:38:52.439+0000] {epl_match_scheduler.py:120} INFO -   Scrape scheduled: 2026-03-14 19:00
[2026-01-19T17:38:52.439+0000] {epl_match_scheduler.py:118} INFO - Match: Wolverhampton Wanderers vs Arsenal
[2026-01-19T17:38:52.439+0000] {epl_match_scheduler.py:119} INFO -   Kickoff: 2026-03-21 15:00
[2026-01-19T17:38:52.440+0000] {epl_match_scheduler.py:120} INFO -   Scrape scheduled: 2026-03-21 19:00
[2026-01-19T17:38:52.440+0000] {epl_match_scheduler.py:118} INFO - Match: Arsenal vs Bournemouth
[2026-01-19T17:38:52.440+0000] {epl_match_scheduler.py:119} INFO -   Kickoff: 2026-04-11 15:00
[2026-01-19T17:38:52.440+0000] {epl_match_scheduler.py:120} INFO -   Scrape scheduled: 2026-04-11 19:00
[2026-01-19T17:38:52.440+0000] {epl_match_scheduler.py:124} INFO - Scheduled 10 scraping runs
[2026-01-19T17:38:52.441+0000] {python.py:201} INFO - Done. Returned value was: {'scheduled': 10, 'matches': ['Arsenal vs Manchester United', 'Leeds vs Arsenal', 'Arsenal vs Sunderland', 'Brentford vs Arsenal', 'Tottenham vs Arsenal', 'Arsenal vs Chelsea', 'Brighton vs Arsenal', 'Arsenal vs Everton', 'Wolverhampton Wanderers vs Arsenal', 'Arsenal vs Bournemouth']}
[2026-01-19T17:38:52.506+0000] {taskinstance.py:1138} INFO - Marking task as SUCCESS. dag_id=epl_match_scheduler, task_id=schedule_runs, execution_date=20260118T060000, start_date=20260119T173850, end_date=20260119T173852
[2026-01-19T17:38:52.578+0000] {local_task_job_runner.py:234} INFO - Task exited with return code 0
[2026-01-19T17:38:52.682+0000] {taskinstance.py:3280} INFO - 0 downstream tasks scheduled from follow-on schedule check
