[2026-01-18T12:47:29.144+0000] {taskinstance.py:1956} INFO - Dependencies all met for dep_context=non-requeueable deps ti=<TaskInstance: arsenal_auto_match_scraper.scrape_new_matches scheduled__2026-01-16T08:00:00+00:00 [queued]>
[2026-01-18T12:47:29.160+0000] {taskinstance.py:1956} INFO - Dependencies all met for dep_context=requeueable deps ti=<TaskInstance: arsenal_auto_match_scraper.scrape_new_matches scheduled__2026-01-16T08:00:00+00:00 [queued]>
[2026-01-18T12:47:29.161+0000] {taskinstance.py:2170} INFO - Starting attempt 1 of 3
[2026-01-18T12:47:29.255+0000] {taskinstance.py:2191} INFO - Executing <Task(PythonOperator): scrape_new_matches> on 2026-01-16 08:00:00+00:00
[2026-01-18T12:47:29.270+0000] {standard_task_runner.py:60} INFO - Started process 220 to run task
[2026-01-18T12:47:29.279+0000] {standard_task_runner.py:87} INFO - Running: ['***', 'tasks', 'run', 'arsenal_auto_match_scraper', 'scrape_new_matches', 'scheduled__2026-01-16T08:00:00+00:00', '--job-id', '356', '--raw', '--subdir', 'DAGS_FOLDER/arsenal_auto_match_scraper.py', '--cfg-path', '/tmp/tmpyu7xdxdk']
[2026-01-18T12:47:29.284+0000] {standard_task_runner.py:88} INFO - Job 356: Subtask scrape_new_matches
[2026-01-18T12:47:29.471+0000] {task_command.py:423} INFO - Running <TaskInstance: arsenal_auto_match_scraper.scrape_new_matches scheduled__2026-01-16T08:00:00+00:00 [running]> on host dd03882071e2
[2026-01-18T12:47:30.689+0000] {taskinstance.py:2480} INFO - Exporting env vars: AIRFLOW_CTX_DAG_OWNER='arsenal_analytics' AIRFLOW_CTX_DAG_ID='arsenal_auto_match_scraper' AIRFLOW_CTX_TASK_ID='scrape_new_matches' AIRFLOW_CTX_EXECUTION_DATE='2026-01-16T08:00:00+00:00' AIRFLOW_CTX_TRY_NUMBER='1' AIRFLOW_CTX_DAG_RUN_ID='scheduled__2026-01-16T08:00:00+00:00'
[2026-01-18T12:47:30.691+0000] {arsenal_auto_match_scraper.py:48} INFO - Checking for new Arsenal matches in 2025-2026 season
[2026-01-18T12:47:30.692+0000] {playwright_scraper.py:86} INFO - Scraping Understat fixtures: https://understat.com/team/Arsenal/2025
[2026-01-18T12:48:25.608+0000] {playwright_scraper.py:116} INFO - Scraped 38 fixtures from Understat
[2026-01-18T12:48:27.143+0000] {arsenal_auto_match_scraper.py:54} INFO - Found 22 played matches in 2025-2026
[2026-01-18T12:48:29.165+0000] {arsenal_auto_match_scraper.py:66} INFO - Found 59 existing matches in database
[2026-01-18T12:48:29.166+0000] {arsenal_auto_match_scraper.py:75} INFO - Found 1 new matches to scrape
[2026-01-18T12:48:29.166+0000] {arsenal_auto_match_scraper.py:85} INFO - Scraping 2026-01-17: Nottingham Forest vs Arsenal
[2026-01-18T12:48:29.169+0000] {playwright_scraper.py:138} INFO - Scraping match shots: https://understat.com/match/28994
[2026-01-18T12:49:26.021+0000] {arsenal_auto_match_scraper.py:106} ERROR - Error scraping https://understat.com/match/28994: Error scraping match shots: 'NoneType' object has no attribute 'lower'
[2026-01-18T12:49:26.022+0000] {arsenal_auto_match_scraper.py:109} INFO - Scraping complete: 0/1 matches scraped
[2026-01-18T12:49:26.022+0000] {python.py:201} INFO - Done. Returned value was: {'new_matches': 1, 'scraped': 0, 'season': '2025-2026'}
[2026-01-18T12:49:26.083+0000] {taskinstance.py:1138} INFO - Marking task as SUCCESS. dag_id=arsenal_auto_match_scraper, task_id=scrape_new_matches, execution_date=20260116T080000, start_date=20260118T124729, end_date=20260118T124926
[2026-01-18T12:49:26.156+0000] {local_task_job_runner.py:234} INFO - Task exited with return code 0
[2026-01-18T12:49:26.196+0000] {taskinstance.py:3280} INFO - 1 downstream tasks scheduled from follow-on schedule check
