[2026-03-09T16:45:23.375+0000] {taskinstance.py:1956} INFO - Dependencies all met for dep_context=non-requeueable deps ti=<TaskInstance: epl_match_scheduler.print_schedule scheduled__2026-03-08T06:00:00+00:00 [queued]>
[2026-03-09T16:45:23.382+0000] {taskinstance.py:1956} INFO - Dependencies all met for dep_context=requeueable deps ti=<TaskInstance: epl_match_scheduler.print_schedule scheduled__2026-03-08T06:00:00+00:00 [queued]>
[2026-03-09T16:45:23.383+0000] {taskinstance.py:2170} INFO - Starting attempt 1 of 2
[2026-03-09T16:45:23.476+0000] {taskinstance.py:2191} INFO - Executing <Task(PythonOperator): print_schedule> on 2026-03-08 06:00:00+00:00
[2026-03-09T16:45:23.485+0000] {standard_task_runner.py:60} INFO - Started process 3373 to run task
[2026-03-09T16:45:23.487+0000] {standard_task_runner.py:87} INFO - Running: ['***', 'tasks', 'run', 'epl_match_scheduler', 'print_schedule', 'scheduled__2026-03-08T06:00:00+00:00', '--job-id', '678', '--raw', '--subdir', 'DAGS_FOLDER/epl_match_scheduler.py', '--cfg-path', '/tmp/tmpri4f42ab']
[2026-03-09T16:45:23.489+0000] {standard_task_runner.py:88} INFO - Job 678: Subtask print_schedule
[2026-03-09T16:45:23.584+0000] {task_command.py:423} INFO - Running <TaskInstance: epl_match_scheduler.print_schedule scheduled__2026-03-08T06:00:00+00:00 [running]> on host 13250c608584
[2026-03-09T16:45:23.794+0000] {taskinstance.py:2480} INFO - Exporting env vars: AIRFLOW_CTX_DAG_OWNER='epl_analytics' AIRFLOW_CTX_DAG_ID='epl_match_scheduler' AIRFLOW_CTX_TASK_ID='print_schedule' AIRFLOW_CTX_EXECUTION_DATE='2026-03-08T06:00:00+00:00' AIRFLOW_CTX_TRY_NUMBER='1' AIRFLOW_CTX_DAG_RUN_ID='scheduled__2026-03-08T06:00:00+00:00'
[2026-03-09T16:45:23.804+0000] {epl_match_scheduler.py:132} INFO - ======================================================================
[2026-03-09T16:45:23.804+0000] {epl_match_scheduler.py:133} INFO - UPCOMING EPL MATCHES - SCRAPE SCHEDULE
[2026-03-09T16:45:23.804+0000] {epl_match_scheduler.py:134} INFO - ======================================================================
[2026-03-09T16:45:23.809+0000] {epl_match_scheduler.py:153} INFO -  1. 2026-03-15 | Arsenal              vs Everton              | Scrape: 2026-03-15 19:00
[2026-03-09T16:45:23.809+0000] {epl_match_scheduler.py:153} INFO -  2. 2026-03-15 | Manchester United    vs Aston Villa          | Scrape: 2026-03-15 19:00
[2026-03-09T16:45:23.809+0000] {epl_match_scheduler.py:153} INFO -  3. 2026-03-20 | Bournemouth          vs Manchester United    | Scrape: 2026-03-20 19:00
[2026-03-09T16:45:23.809+0000] {epl_match_scheduler.py:153} INFO -  4. 2026-04-11 | Arsenal              vs Bournemouth          | Scrape: 2026-04-11 19:00
[2026-03-09T16:45:23.809+0000] {epl_match_scheduler.py:153} INFO -  5. 2026-04-11 | Manchester United    vs Leeds                | Scrape: 2026-04-11 19:00
[2026-03-09T16:45:23.809+0000] {epl_match_scheduler.py:153} INFO -  6. 2026-04-18 | Manchester City      vs Arsenal              | Scrape: 2026-04-18 19:00
[2026-03-09T16:45:23.809+0000] {epl_match_scheduler.py:153} INFO -  7. 2026-04-18 | Chelsea              vs Manchester United    | Scrape: 2026-04-18 19:00
[2026-03-09T16:45:23.809+0000] {epl_match_scheduler.py:153} INFO -  8. 2026-04-25 | Arsenal              vs Newcastle United     | Scrape: 2026-04-25 19:00
[2026-03-09T16:45:23.809+0000] {epl_match_scheduler.py:153} INFO -  9. 2026-04-25 | Manchester United    vs Brentford            | Scrape: 2026-04-25 19:00
[2026-03-09T16:45:23.809+0000] {epl_match_scheduler.py:153} INFO - 10. 2026-05-02 | Arsenal              vs Fulham               | Scrape: 2026-05-02 19:00
[2026-03-09T16:45:23.810+0000] {epl_match_scheduler.py:153} INFO - 11. 2026-05-02 | Manchester United    vs Liverpool            | Scrape: 2026-05-02 19:00
[2026-03-09T16:45:23.810+0000] {epl_match_scheduler.py:153} INFO - 12. 2026-05-09 | West Ham             vs Arsenal              | Scrape: 2026-05-09 19:00
[2026-03-09T16:45:23.810+0000] {epl_match_scheduler.py:153} INFO - 13. 2026-05-09 | Sunderland           vs Manchester United    | Scrape: 2026-05-09 19:00
[2026-03-09T16:45:23.810+0000] {epl_match_scheduler.py:153} INFO - 14. 2026-05-17 | Arsenal              vs Burnley              | Scrape: 2026-05-17 19:00
[2026-03-09T16:45:23.810+0000] {epl_match_scheduler.py:153} INFO - 15. 2026-05-17 | Manchester United    vs Nottingham Forest    | Scrape: 2026-05-17 19:00
[2026-03-09T16:45:23.810+0000] {epl_match_scheduler.py:155} INFO - ======================================================================
[2026-03-09T16:45:23.810+0000] {python.py:201} INFO - Done. Returned value was: {'printed': 15}
[2026-03-09T16:45:24.514+0000] {taskinstance.py:1138} INFO - Marking task as SUCCESS. dag_id=epl_match_scheduler, task_id=print_schedule, execution_date=20260308T060000, start_date=20260309T164523, end_date=20260309T164524
[2026-03-09T16:45:24.822+0000] {local_task_job_runner.py:234} INFO - Task exited with return code 0
[2026-03-09T16:45:24.843+0000] {taskinstance.py:3280} INFO - 0 downstream tasks scheduled from follow-on schedule check
