[2026-01-14T06:02:20.016+0000] {taskinstance.py:1956} INFO - Dependencies all met for dep_context=non-requeueable deps ti=<TaskInstance: arsenal_smart_match_scraper.wait_for_match_completion scheduled__2026-01-14T00:00:00+00:00 [queued]>
[2026-01-14T06:02:20.045+0000] {taskinstance.py:1956} INFO - Dependencies all met for dep_context=requeueable deps ti=<TaskInstance: arsenal_smart_match_scraper.wait_for_match_completion scheduled__2026-01-14T00:00:00+00:00 [queued]>
[2026-01-14T06:02:20.045+0000] {taskinstance.py:2170} INFO - Starting attempt 1 of 3
[2026-01-14T06:02:20.110+0000] {taskinstance.py:2191} INFO - Executing <Task(PythonSensor): wait_for_match_completion> on 2026-01-14 00:00:00+00:00
[2026-01-14T06:02:20.123+0000] {standard_task_runner.py:60} INFO - Started process 17816 to run task
[2026-01-14T06:02:20.128+0000] {standard_task_runner.py:87} INFO - Running: ['***', 'tasks', 'run', 'arsenal_smart_match_scraper', 'wait_for_match_completion', 'scheduled__2026-01-14T00:00:00+00:00', '--job-id', '73', '--raw', '--subdir', 'DAGS_FOLDER/arsenal_smart_match_scraper.py', '--cfg-path', '/tmp/tmpm1ttg3yv']
[2026-01-14T06:02:20.133+0000] {standard_task_runner.py:88} INFO - Job 73: Subtask wait_for_match_completion
[2026-01-14T06:02:20.276+0000] {task_command.py:423} INFO - Running <TaskInstance: arsenal_smart_match_scraper.wait_for_match_completion scheduled__2026-01-14T00:00:00+00:00 [running]> on host dd03882071e2
[2026-01-14T06:02:20.615+0000] {taskinstance.py:2480} INFO - Exporting env vars: AIRFLOW_CTX_DAG_OWNER='arsenal_analytics' AIRFLOW_CTX_DAG_ID='arsenal_smart_match_scraper' AIRFLOW_CTX_TASK_ID='wait_for_match_completion' AIRFLOW_CTX_EXECUTION_DATE='2026-01-14T00:00:00+00:00' AIRFLOW_CTX_TRY_NUMBER='1' AIRFLOW_CTX_DAG_RUN_ID='scheduled__2026-01-14T00:00:00+00:00'
[2026-01-14T06:02:20.637+0000] {python.py:75} INFO - Poking callable: <function wait_for_match_completion at 0x769894aa8ae0>
[2026-01-14T06:02:20.674+0000] {arsenal_smart_match_scraper.py:91} INFO - Match date: 2026-01-17
[2026-01-14T06:02:20.674+0000] {arsenal_smart_match_scraper.py:92} INFO - Estimated data availability: 2026-01-17 17:30:00
[2026-01-14T06:02:20.674+0000] {arsenal_smart_match_scraper.py:93} INFO - Current time: 2026-01-14 06:02:20.674053
[2026-01-14T06:02:20.675+0000] {arsenal_smart_match_scraper.py:101} INFO - Waiting 5008 more minutes for match data...
[2026-01-14T06:02:21.678+0000] {taskinstance.py:2658} INFO - Rescheduling task, marking task as UP_FOR_RESCHEDULE
[2026-01-14T06:02:21.704+0000] {local_task_job_runner.py:234} INFO - Task exited with return code 0
[2026-01-14T06:02:21.763+0000] {taskinstance.py:3280} INFO - 0 downstream tasks scheduled from follow-on schedule check
[2026-01-14T06:12:23.984+0000] {taskinstance.py:1956} INFO - Dependencies all met for dep_context=non-requeueable deps ti=<TaskInstance: arsenal_smart_match_scraper.wait_for_match_completion scheduled__2026-01-14T00:00:00+00:00 [queued]>
[2026-01-14T06:12:24.021+0000] {taskinstance.py:1956} INFO - Dependencies all met for dep_context=requeueable deps ti=<TaskInstance: arsenal_smart_match_scraper.wait_for_match_completion scheduled__2026-01-14T00:00:00+00:00 [queued]>
[2026-01-14T06:12:24.021+0000] {taskinstance.py:2170} INFO - Starting attempt 1 of 3
[2026-01-14T06:12:24.095+0000] {taskinstance.py:2191} INFO - Executing <Task(PythonSensor): wait_for_match_completion> on 2026-01-14 00:00:00+00:00
[2026-01-14T06:12:24.105+0000] {standard_task_runner.py:60} INFO - Started process 18241 to run task
[2026-01-14T06:12:24.113+0000] {standard_task_runner.py:87} INFO - Running: ['***', 'tasks', 'run', 'arsenal_smart_match_scraper', 'wait_for_match_completion', 'scheduled__2026-01-14T00:00:00+00:00', '--job-id', '77', '--raw', '--subdir', 'DAGS_FOLDER/arsenal_smart_match_scraper.py', '--cfg-path', '/tmp/tmp67guu_r8']
[2026-01-14T06:12:24.118+0000] {standard_task_runner.py:88} INFO - Job 77: Subtask wait_for_match_completion
[2026-01-14T06:12:24.256+0000] {task_command.py:423} INFO - Running <TaskInstance: arsenal_smart_match_scraper.wait_for_match_completion scheduled__2026-01-14T00:00:00+00:00 [running]> on host dd03882071e2
[2026-01-14T06:12:24.466+0000] {taskinstance.py:2480} INFO - Exporting env vars: AIRFLOW_CTX_DAG_OWNER='arsenal_analytics' AIRFLOW_CTX_DAG_ID='arsenal_smart_match_scraper' AIRFLOW_CTX_TASK_ID='wait_for_match_completion' AIRFLOW_CTX_EXECUTION_DATE='2026-01-14T00:00:00+00:00' AIRFLOW_CTX_TRY_NUMBER='1' AIRFLOW_CTX_DAG_RUN_ID='scheduled__2026-01-14T00:00:00+00:00'
[2026-01-14T06:12:24.489+0000] {python.py:75} INFO - Poking callable: <function wait_for_match_completion at 0x769894aa8ae0>
[2026-01-14T06:12:24.530+0000] {arsenal_smart_match_scraper.py:91} INFO - Match date: 2026-01-17
[2026-01-14T06:12:24.530+0000] {arsenal_smart_match_scraper.py:92} INFO - Estimated data availability: 2026-01-17 17:30:00
[2026-01-14T06:12:24.531+0000] {arsenal_smart_match_scraper.py:93} INFO - Current time: 2026-01-14 06:12:24.530339
[2026-01-14T06:12:24.531+0000] {arsenal_smart_match_scraper.py:101} INFO - Waiting 4998 more minutes for match data...
[2026-01-14T06:12:24.598+0000] {taskinstance.py:2658} INFO - Rescheduling task, marking task as UP_FOR_RESCHEDULE
[2026-01-14T06:12:24.645+0000] {local_task_job_runner.py:234} INFO - Task exited with return code 0
[2026-01-14T06:12:24.709+0000] {taskinstance.py:3280} INFO - 0 downstream tasks scheduled from follow-on schedule check
[2026-01-14T06:22:43.318+0000] {taskinstance.py:1956} INFO - Dependencies all met for dep_context=non-requeueable deps ti=<TaskInstance: arsenal_smart_match_scraper.wait_for_match_completion scheduled__2026-01-14T00:00:00+00:00 [queued]>
[2026-01-14T06:22:43.355+0000] {taskinstance.py:1956} INFO - Dependencies all met for dep_context=requeueable deps ti=<TaskInstance: arsenal_smart_match_scraper.wait_for_match_completion scheduled__2026-01-14T00:00:00+00:00 [queued]>
[2026-01-14T06:22:43.355+0000] {taskinstance.py:2170} INFO - Starting attempt 1 of 3
[2026-01-14T06:22:43.439+0000] {taskinstance.py:2191} INFO - Executing <Task(PythonSensor): wait_for_match_completion> on 2026-01-14 00:00:00+00:00
[2026-01-14T06:22:43.448+0000] {standard_task_runner.py:60} INFO - Started process 18675 to run task
[2026-01-14T06:22:43.452+0000] {standard_task_runner.py:87} INFO - Running: ['***', 'tasks', 'run', 'arsenal_smart_match_scraper', 'wait_for_match_completion', 'scheduled__2026-01-14T00:00:00+00:00', '--job-id', '81', '--raw', '--subdir', 'DAGS_FOLDER/arsenal_smart_match_scraper.py', '--cfg-path', '/tmp/tmpb9x3zrjk']
[2026-01-14T06:22:43.456+0000] {standard_task_runner.py:88} INFO - Job 81: Subtask wait_for_match_completion
[2026-01-14T06:22:43.630+0000] {task_command.py:423} INFO - Running <TaskInstance: arsenal_smart_match_scraper.wait_for_match_completion scheduled__2026-01-14T00:00:00+00:00 [running]> on host dd03882071e2
[2026-01-14T06:22:43.794+0000] {taskinstance.py:2480} INFO - Exporting env vars: AIRFLOW_CTX_DAG_OWNER='arsenal_analytics' AIRFLOW_CTX_DAG_ID='arsenal_smart_match_scraper' AIRFLOW_CTX_TASK_ID='wait_for_match_completion' AIRFLOW_CTX_EXECUTION_DATE='2026-01-14T00:00:00+00:00' AIRFLOW_CTX_TRY_NUMBER='1' AIRFLOW_CTX_DAG_RUN_ID='scheduled__2026-01-14T00:00:00+00:00'
[2026-01-14T06:22:43.814+0000] {python.py:75} INFO - Poking callable: <function wait_for_match_completion at 0x769894aa8d60>
[2026-01-14T06:22:43.912+0000] {arsenal_smart_match_scraper.py:91} INFO - Match date: 2026-01-17
[2026-01-14T06:22:43.913+0000] {arsenal_smart_match_scraper.py:92} INFO - Estimated data availability: 2026-01-17 17:30:00
[2026-01-14T06:22:43.913+0000] {arsenal_smart_match_scraper.py:93} INFO - Current time: 2026-01-14 06:22:43.912789
[2026-01-14T06:22:43.913+0000] {arsenal_smart_match_scraper.py:101} INFO - Waiting 4987 more minutes for match data...
[2026-01-14T06:22:44.050+0000] {taskinstance.py:2658} INFO - Rescheduling task, marking task as UP_FOR_RESCHEDULE
[2026-01-14T06:22:44.065+0000] {local_task_job_runner.py:234} INFO - Task exited with return code 0
[2026-01-14T06:22:44.791+0000] {taskinstance.py:3280} INFO - 0 downstream tasks scheduled from follow-on schedule check
[2026-01-14T06:32:45.233+0000] {taskinstance.py:1956} INFO - Dependencies all met for dep_context=non-requeueable deps ti=<TaskInstance: arsenal_smart_match_scraper.wait_for_match_completion scheduled__2026-01-14T00:00:00+00:00 [queued]>
[2026-01-14T06:32:45.267+0000] {taskinstance.py:1956} INFO - Dependencies all met for dep_context=requeueable deps ti=<TaskInstance: arsenal_smart_match_scraper.wait_for_match_completion scheduled__2026-01-14T00:00:00+00:00 [queued]>
[2026-01-14T06:32:45.267+0000] {taskinstance.py:2170} INFO - Starting attempt 1 of 3
[2026-01-14T06:32:45.336+0000] {taskinstance.py:2191} INFO - Executing <Task(PythonSensor): wait_for_match_completion> on 2026-01-14 00:00:00+00:00
[2026-01-14T06:32:45.347+0000] {standard_task_runner.py:60} INFO - Started process 273 to run task
[2026-01-14T06:32:45.353+0000] {standard_task_runner.py:87} INFO - Running: ['***', 'tasks', 'run', 'arsenal_smart_match_scraper', 'wait_for_match_completion', 'scheduled__2026-01-14T00:00:00+00:00', '--job-id', '85', '--raw', '--subdir', 'DAGS_FOLDER/arsenal_smart_match_scraper.py', '--cfg-path', '/tmp/tmp1z8zn11b']
[2026-01-14T06:32:45.358+0000] {standard_task_runner.py:88} INFO - Job 85: Subtask wait_for_match_completion
[2026-01-14T06:32:45.498+0000] {task_command.py:423} INFO - Running <TaskInstance: arsenal_smart_match_scraper.wait_for_match_completion scheduled__2026-01-14T00:00:00+00:00 [running]> on host dd03882071e2
[2026-01-14T06:32:45.700+0000] {taskinstance.py:2480} INFO - Exporting env vars: AIRFLOW_CTX_DAG_OWNER='arsenal_analytics' AIRFLOW_CTX_DAG_ID='arsenal_smart_match_scraper' AIRFLOW_CTX_TASK_ID='wait_for_match_completion' AIRFLOW_CTX_EXECUTION_DATE='2026-01-14T00:00:00+00:00' AIRFLOW_CTX_TRY_NUMBER='1' AIRFLOW_CTX_DAG_RUN_ID='scheduled__2026-01-14T00:00:00+00:00'
[2026-01-14T06:32:45.723+0000] {python.py:75} INFO - Poking callable: <function wait_for_match_completion at 0x76475d5cfc40>
[2026-01-14T06:32:45.761+0000] {arsenal_smart_match_scraper.py:91} INFO - Match date: 2026-01-17
[2026-01-14T06:32:45.762+0000] {arsenal_smart_match_scraper.py:92} INFO - Estimated data availability: 2026-01-17 17:30:00
[2026-01-14T06:32:45.762+0000] {arsenal_smart_match_scraper.py:93} INFO - Current time: 2026-01-14 06:32:45.761545
[2026-01-14T06:32:45.762+0000] {arsenal_smart_match_scraper.py:101} INFO - Waiting 4977 more minutes for match data...
[2026-01-14T06:32:45.841+0000] {taskinstance.py:2658} INFO - Rescheduling task, marking task as UP_FOR_RESCHEDULE
[2026-01-14T06:32:45.886+0000] {local_task_job_runner.py:234} INFO - Task exited with return code 0
[2026-01-14T06:32:45.948+0000] {taskinstance.py:3280} INFO - 0 downstream tasks scheduled from follow-on schedule check
[2026-01-14T06:42:48.126+0000] {taskinstance.py:1956} INFO - Dependencies all met for dep_context=non-requeueable deps ti=<TaskInstance: arsenal_smart_match_scraper.wait_for_match_completion scheduled__2026-01-14T00:00:00+00:00 [queued]>
[2026-01-14T06:42:48.165+0000] {taskinstance.py:1956} INFO - Dependencies all met for dep_context=requeueable deps ti=<TaskInstance: arsenal_smart_match_scraper.wait_for_match_completion scheduled__2026-01-14T00:00:00+00:00 [queued]>
[2026-01-14T06:42:48.166+0000] {taskinstance.py:2170} INFO - Starting attempt 1 of 3
[2026-01-14T06:42:48.218+0000] {taskinstance.py:2191} INFO - Executing <Task(PythonSensor): wait_for_match_completion> on 2026-01-14 00:00:00+00:00
[2026-01-14T06:42:48.233+0000] {standard_task_runner.py:60} INFO - Started process 691 to run task
[2026-01-14T06:42:48.239+0000] {standard_task_runner.py:87} INFO - Running: ['***', 'tasks', 'run', 'arsenal_smart_match_scraper', 'wait_for_match_completion', 'scheduled__2026-01-14T00:00:00+00:00', '--job-id', '88', '--raw', '--subdir', 'DAGS_FOLDER/arsenal_smart_match_scraper.py', '--cfg-path', '/tmp/tmpta9xzc8a']
[2026-01-14T06:42:48.245+0000] {standard_task_runner.py:88} INFO - Job 88: Subtask wait_for_match_completion
[2026-01-14T06:42:48.402+0000] {task_command.py:423} INFO - Running <TaskInstance: arsenal_smart_match_scraper.wait_for_match_completion scheduled__2026-01-14T00:00:00+00:00 [running]> on host dd03882071e2
[2026-01-14T06:42:48.616+0000] {taskinstance.py:2480} INFO - Exporting env vars: AIRFLOW_CTX_DAG_OWNER='arsenal_analytics' AIRFLOW_CTX_DAG_ID='arsenal_smart_match_scraper' AIRFLOW_CTX_TASK_ID='wait_for_match_completion' AIRFLOW_CTX_EXECUTION_DATE='2026-01-14T00:00:00+00:00' AIRFLOW_CTX_TRY_NUMBER='1' AIRFLOW_CTX_DAG_RUN_ID='scheduled__2026-01-14T00:00:00+00:00'
[2026-01-14T06:42:48.644+0000] {python.py:75} INFO - Poking callable: <function wait_for_match_completion at 0x76475d5cfc40>
[2026-01-14T06:42:48.691+0000] {arsenal_smart_match_scraper.py:91} INFO - Match date: 2026-01-17
[2026-01-14T06:42:48.691+0000] {arsenal_smart_match_scraper.py:92} INFO - Estimated data availability: 2026-01-17 17:30:00
[2026-01-14T06:42:48.692+0000] {arsenal_smart_match_scraper.py:93} INFO - Current time: 2026-01-14 06:42:48.691030
[2026-01-14T06:42:48.692+0000] {arsenal_smart_match_scraper.py:101} INFO - Waiting 4967 more minutes for match data...
[2026-01-14T06:42:48.756+0000] {taskinstance.py:2658} INFO - Rescheduling task, marking task as UP_FOR_RESCHEDULE
[2026-01-14T06:42:48.774+0000] {local_task_job_runner.py:234} INFO - Task exited with return code 0
[2026-01-14T06:42:48.850+0000] {taskinstance.py:3280} INFO - 0 downstream tasks scheduled from follow-on schedule check
[2026-01-14T06:52:51.167+0000] {taskinstance.py:1956} INFO - Dependencies all met for dep_context=non-requeueable deps ti=<TaskInstance: arsenal_smart_match_scraper.wait_for_match_completion scheduled__2026-01-14T00:00:00+00:00 [queued]>
[2026-01-14T06:52:51.216+0000] {taskinstance.py:1956} INFO - Dependencies all met for dep_context=requeueable deps ti=<TaskInstance: arsenal_smart_match_scraper.wait_for_match_completion scheduled__2026-01-14T00:00:00+00:00 [queued]>
[2026-01-14T06:52:51.217+0000] {taskinstance.py:2170} INFO - Starting attempt 1 of 3
[2026-01-14T06:52:51.443+0000] {taskinstance.py:2191} INFO - Executing <Task(PythonSensor): wait_for_match_completion> on 2026-01-14 00:00:00+00:00
[2026-01-14T06:52:51.453+0000] {standard_task_runner.py:60} INFO - Started process 1102 to run task
[2026-01-14T06:52:51.458+0000] {standard_task_runner.py:87} INFO - Running: ['***', 'tasks', 'run', 'arsenal_smart_match_scraper', 'wait_for_match_completion', 'scheduled__2026-01-14T00:00:00+00:00', '--job-id', '91', '--raw', '--subdir', 'DAGS_FOLDER/arsenal_smart_match_scraper.py', '--cfg-path', '/tmp/tmpcbk80sue']
[2026-01-14T06:52:51.462+0000] {standard_task_runner.py:88} INFO - Job 91: Subtask wait_for_match_completion
[2026-01-14T06:52:51.595+0000] {task_command.py:423} INFO - Running <TaskInstance: arsenal_smart_match_scraper.wait_for_match_completion scheduled__2026-01-14T00:00:00+00:00 [running]> on host dd03882071e2
[2026-01-14T06:52:51.769+0000] {taskinstance.py:2480} INFO - Exporting env vars: AIRFLOW_CTX_DAG_OWNER='arsenal_analytics' AIRFLOW_CTX_DAG_ID='arsenal_smart_match_scraper' AIRFLOW_CTX_TASK_ID='wait_for_match_completion' AIRFLOW_CTX_EXECUTION_DATE='2026-01-14T00:00:00+00:00' AIRFLOW_CTX_TRY_NUMBER='1' AIRFLOW_CTX_DAG_RUN_ID='scheduled__2026-01-14T00:00:00+00:00'
[2026-01-14T06:52:51.791+0000] {python.py:75} INFO - Poking callable: <function wait_for_match_completion at 0x76475d5cfba0>
[2026-01-14T06:52:51.826+0000] {arsenal_smart_match_scraper.py:91} INFO - Match date: 2026-01-17
[2026-01-14T06:52:51.827+0000] {arsenal_smart_match_scraper.py:92} INFO - Estimated data availability: 2026-01-17 17:30:00
[2026-01-14T06:52:51.827+0000] {arsenal_smart_match_scraper.py:93} INFO - Current time: 2026-01-14 06:52:51.826792
[2026-01-14T06:52:51.827+0000] {arsenal_smart_match_scraper.py:101} INFO - Waiting 4957 more minutes for match data...
[2026-01-14T06:52:51.872+0000] {taskinstance.py:2658} INFO - Rescheduling task, marking task as UP_FOR_RESCHEDULE
[2026-01-14T06:52:51.911+0000] {local_task_job_runner.py:234} INFO - Task exited with return code 0
[2026-01-14T06:52:51.960+0000] {taskinstance.py:3280} INFO - 0 downstream tasks scheduled from follow-on schedule check
[2026-01-14T07:02:54.878+0000] {taskinstance.py:1956} INFO - Dependencies all met for dep_context=non-requeueable deps ti=<TaskInstance: arsenal_smart_match_scraper.wait_for_match_completion scheduled__2026-01-14T00:00:00+00:00 [queued]>
[2026-01-14T07:02:54.902+0000] {taskinstance.py:1956} INFO - Dependencies all met for dep_context=requeueable deps ti=<TaskInstance: arsenal_smart_match_scraper.wait_for_match_completion scheduled__2026-01-14T00:00:00+00:00 [queued]>
[2026-01-14T07:02:54.903+0000] {taskinstance.py:2170} INFO - Starting attempt 1 of 3
[2026-01-14T07:02:54.951+0000] {taskinstance.py:2191} INFO - Executing <Task(PythonSensor): wait_for_match_completion> on 2026-01-14 00:00:00+00:00
[2026-01-14T07:02:54.959+0000] {standard_task_runner.py:60} INFO - Started process 1529 to run task
[2026-01-14T07:02:54.963+0000] {standard_task_runner.py:87} INFO - Running: ['***', 'tasks', 'run', 'arsenal_smart_match_scraper', 'wait_for_match_completion', 'scheduled__2026-01-14T00:00:00+00:00', '--job-id', '94', '--raw', '--subdir', 'DAGS_FOLDER/arsenal_smart_match_scraper.py', '--cfg-path', '/tmp/tmp9uan_ein']
[2026-01-14T07:02:54.966+0000] {standard_task_runner.py:88} INFO - Job 94: Subtask wait_for_match_completion
[2026-01-14T07:02:55.075+0000] {task_command.py:423} INFO - Running <TaskInstance: arsenal_smart_match_scraper.wait_for_match_completion scheduled__2026-01-14T00:00:00+00:00 [running]> on host dd03882071e2
[2026-01-14T07:02:55.279+0000] {taskinstance.py:2480} INFO - Exporting env vars: AIRFLOW_CTX_DAG_OWNER='arsenal_analytics' AIRFLOW_CTX_DAG_ID='arsenal_smart_match_scraper' AIRFLOW_CTX_TASK_ID='wait_for_match_completion' AIRFLOW_CTX_EXECUTION_DATE='2026-01-14T00:00:00+00:00' AIRFLOW_CTX_TRY_NUMBER='1' AIRFLOW_CTX_DAG_RUN_ID='scheduled__2026-01-14T00:00:00+00:00'
[2026-01-14T07:02:55.298+0000] {python.py:75} INFO - Poking callable: <function wait_for_match_completion at 0x76475d5cfa60>
[2026-01-14T07:02:55.424+0000] {arsenal_smart_match_scraper.py:91} INFO - Match date: 2026-01-17
[2026-01-14T07:02:55.425+0000] {arsenal_smart_match_scraper.py:92} INFO - Estimated data availability: 2026-01-17 17:30:00
[2026-01-14T07:02:55.425+0000] {arsenal_smart_match_scraper.py:93} INFO - Current time: 2026-01-14 07:02:55.424683
[2026-01-14T07:02:55.425+0000] {arsenal_smart_match_scraper.py:101} INFO - Waiting 4947 more minutes for match data...
[2026-01-14T07:02:55.557+0000] {taskinstance.py:2658} INFO - Rescheduling task, marking task as UP_FOR_RESCHEDULE
[2026-01-14T07:02:55.577+0000] {local_task_job_runner.py:234} INFO - Task exited with return code 0
[2026-01-14T07:02:55.631+0000] {taskinstance.py:3280} INFO - 0 downstream tasks scheduled from follow-on schedule check
[2026-01-14T07:12:57.059+0000] {taskinstance.py:1956} INFO - Dependencies all met for dep_context=non-requeueable deps ti=<TaskInstance: arsenal_smart_match_scraper.wait_for_match_completion scheduled__2026-01-14T00:00:00+00:00 [queued]>
[2026-01-14T07:12:57.100+0000] {taskinstance.py:1956} INFO - Dependencies all met for dep_context=requeueable deps ti=<TaskInstance: arsenal_smart_match_scraper.wait_for_match_completion scheduled__2026-01-14T00:00:00+00:00 [queued]>
[2026-01-14T07:12:57.100+0000] {taskinstance.py:2170} INFO - Starting attempt 1 of 3
[2026-01-14T07:12:57.295+0000] {taskinstance.py:2191} INFO - Executing <Task(PythonSensor): wait_for_match_completion> on 2026-01-14 00:00:00+00:00
[2026-01-14T07:12:57.305+0000] {standard_task_runner.py:60} INFO - Started process 1951 to run task
[2026-01-14T07:12:57.310+0000] {standard_task_runner.py:87} INFO - Running: ['***', 'tasks', 'run', 'arsenal_smart_match_scraper', 'wait_for_match_completion', 'scheduled__2026-01-14T00:00:00+00:00', '--job-id', '97', '--raw', '--subdir', 'DAGS_FOLDER/arsenal_smart_match_scraper.py', '--cfg-path', '/tmp/tmpebxx87ne']
[2026-01-14T07:12:57.313+0000] {standard_task_runner.py:88} INFO - Job 97: Subtask wait_for_match_completion
[2026-01-14T07:12:57.413+0000] {task_command.py:423} INFO - Running <TaskInstance: arsenal_smart_match_scraper.wait_for_match_completion scheduled__2026-01-14T00:00:00+00:00 [running]> on host dd03882071e2
[2026-01-14T07:12:58.657+0000] {taskinstance.py:2480} INFO - Exporting env vars: AIRFLOW_CTX_DAG_OWNER='arsenal_analytics' AIRFLOW_CTX_DAG_ID='arsenal_smart_match_scraper' AIRFLOW_CTX_TASK_ID='wait_for_match_completion' AIRFLOW_CTX_EXECUTION_DATE='2026-01-14T00:00:00+00:00' AIRFLOW_CTX_TRY_NUMBER='1' AIRFLOW_CTX_DAG_RUN_ID='scheduled__2026-01-14T00:00:00+00:00'
[2026-01-14T07:12:58.675+0000] {python.py:75} INFO - Poking callable: <function wait_for_match_completion at 0x76475d5cfa60>
[2026-01-14T07:12:58.709+0000] {arsenal_smart_match_scraper.py:91} INFO - Match date: 2026-01-17
[2026-01-14T07:12:58.710+0000] {arsenal_smart_match_scraper.py:92} INFO - Estimated data availability: 2026-01-17 17:30:00
[2026-01-14T07:12:58.710+0000] {arsenal_smart_match_scraper.py:93} INFO - Current time: 2026-01-14 07:12:58.709677
[2026-01-14T07:12:58.711+0000] {arsenal_smart_match_scraper.py:101} INFO - Waiting 4937 more minutes for match data...
[2026-01-14T07:12:58.765+0000] {taskinstance.py:2658} INFO - Rescheduling task, marking task as UP_FOR_RESCHEDULE
[2026-01-14T07:12:58.807+0000] {local_task_job_runner.py:234} INFO - Task exited with return code 0
[2026-01-14T07:12:58.857+0000] {taskinstance.py:3280} INFO - 0 downstream tasks scheduled from follow-on schedule check
[2026-01-14T07:23:01.038+0000] {taskinstance.py:1956} INFO - Dependencies all met for dep_context=non-requeueable deps ti=<TaskInstance: arsenal_smart_match_scraper.wait_for_match_completion scheduled__2026-01-14T00:00:00+00:00 [queued]>
[2026-01-14T07:23:01.096+0000] {taskinstance.py:1956} INFO - Dependencies all met for dep_context=requeueable deps ti=<TaskInstance: arsenal_smart_match_scraper.wait_for_match_completion scheduled__2026-01-14T00:00:00+00:00 [queued]>
[2026-01-14T07:23:01.096+0000] {taskinstance.py:2170} INFO - Starting attempt 1 of 3
[2026-01-14T07:23:01.137+0000] {taskinstance.py:2191} INFO - Executing <Task(PythonSensor): wait_for_match_completion> on 2026-01-14 00:00:00+00:00
[2026-01-14T07:23:01.147+0000] {standard_task_runner.py:60} INFO - Started process 2367 to run task
[2026-01-14T07:23:01.152+0000] {standard_task_runner.py:87} INFO - Running: ['***', 'tasks', 'run', 'arsenal_smart_match_scraper', 'wait_for_match_completion', 'scheduled__2026-01-14T00:00:00+00:00', '--job-id', '100', '--raw', '--subdir', 'DAGS_FOLDER/arsenal_smart_match_scraper.py', '--cfg-path', '/tmp/tmp5b0ogk_v']
[2026-01-14T07:23:01.155+0000] {standard_task_runner.py:88} INFO - Job 100: Subtask wait_for_match_completion
[2026-01-14T07:23:01.259+0000] {task_command.py:423} INFO - Running <TaskInstance: arsenal_smart_match_scraper.wait_for_match_completion scheduled__2026-01-14T00:00:00+00:00 [running]> on host dd03882071e2
[2026-01-14T07:23:01.423+0000] {taskinstance.py:2480} INFO - Exporting env vars: AIRFLOW_CTX_DAG_OWNER='arsenal_analytics' AIRFLOW_CTX_DAG_ID='arsenal_smart_match_scraper' AIRFLOW_CTX_TASK_ID='wait_for_match_completion' AIRFLOW_CTX_EXECUTION_DATE='2026-01-14T00:00:00+00:00' AIRFLOW_CTX_TRY_NUMBER='1' AIRFLOW_CTX_DAG_RUN_ID='scheduled__2026-01-14T00:00:00+00:00'
[2026-01-14T07:23:01.441+0000] {python.py:75} INFO - Poking callable: <function wait_for_match_completion at 0x76475d5cf9c0>
[2026-01-14T07:23:01.474+0000] {arsenal_smart_match_scraper.py:91} INFO - Match date: 2026-01-17
[2026-01-14T07:23:01.474+0000] {arsenal_smart_match_scraper.py:92} INFO - Estimated data availability: 2026-01-17 17:30:00
[2026-01-14T07:23:01.475+0000] {arsenal_smart_match_scraper.py:93} INFO - Current time: 2026-01-14 07:23:01.474276
[2026-01-14T07:23:01.475+0000] {arsenal_smart_match_scraper.py:101} INFO - Waiting 4927 more minutes for match data...
[2026-01-14T07:23:01.528+0000] {taskinstance.py:2658} INFO - Rescheduling task, marking task as UP_FOR_RESCHEDULE
[2026-01-14T07:23:01.564+0000] {local_task_job_runner.py:234} INFO - Task exited with return code 0
[2026-01-14T07:23:01.613+0000] {taskinstance.py:3280} INFO - 0 downstream tasks scheduled from follow-on schedule check
[2026-01-14T07:33:04.130+0000] {taskinstance.py:1956} INFO - Dependencies all met for dep_context=non-requeueable deps ti=<TaskInstance: arsenal_smart_match_scraper.wait_for_match_completion scheduled__2026-01-14T00:00:00+00:00 [queued]>
[2026-01-14T07:33:04.151+0000] {taskinstance.py:1956} INFO - Dependencies all met for dep_context=requeueable deps ti=<TaskInstance: arsenal_smart_match_scraper.wait_for_match_completion scheduled__2026-01-14T00:00:00+00:00 [queued]>
[2026-01-14T07:33:04.151+0000] {taskinstance.py:2170} INFO - Starting attempt 1 of 3
[2026-01-14T07:33:04.181+0000] {taskinstance.py:2191} INFO - Executing <Task(PythonSensor): wait_for_match_completion> on 2026-01-14 00:00:00+00:00
[2026-01-14T07:33:04.191+0000] {standard_task_runner.py:60} INFO - Started process 2788 to run task
[2026-01-14T07:33:04.195+0000] {standard_task_runner.py:87} INFO - Running: ['***', 'tasks', 'run', 'arsenal_smart_match_scraper', 'wait_for_match_completion', 'scheduled__2026-01-14T00:00:00+00:00', '--job-id', '103', '--raw', '--subdir', 'DAGS_FOLDER/arsenal_smart_match_scraper.py', '--cfg-path', '/tmp/tmpok719j9n']
[2026-01-14T07:33:04.199+0000] {standard_task_runner.py:88} INFO - Job 103: Subtask wait_for_match_completion
[2026-01-14T07:33:04.297+0000] {task_command.py:423} INFO - Running <TaskInstance: arsenal_smart_match_scraper.wait_for_match_completion scheduled__2026-01-14T00:00:00+00:00 [running]> on host dd03882071e2
[2026-01-14T07:33:04.459+0000] {taskinstance.py:2480} INFO - Exporting env vars: AIRFLOW_CTX_DAG_OWNER='arsenal_analytics' AIRFLOW_CTX_DAG_ID='arsenal_smart_match_scraper' AIRFLOW_CTX_TASK_ID='wait_for_match_completion' AIRFLOW_CTX_EXECUTION_DATE='2026-01-14T00:00:00+00:00' AIRFLOW_CTX_TRY_NUMBER='1' AIRFLOW_CTX_DAG_RUN_ID='scheduled__2026-01-14T00:00:00+00:00'
[2026-01-14T07:33:04.478+0000] {python.py:75} INFO - Poking callable: <function wait_for_match_completion at 0x76475d5cf920>
[2026-01-14T07:33:04.509+0000] {arsenal_smart_match_scraper.py:91} INFO - Match date: 2026-01-17
[2026-01-14T07:33:04.510+0000] {arsenal_smart_match_scraper.py:92} INFO - Estimated data availability: 2026-01-17 17:30:00
[2026-01-14T07:33:04.510+0000] {arsenal_smart_match_scraper.py:93} INFO - Current time: 2026-01-14 07:33:04.509746
[2026-01-14T07:33:04.510+0000] {arsenal_smart_match_scraper.py:101} INFO - Waiting 4917 more minutes for match data...
[2026-01-14T07:33:04.564+0000] {taskinstance.py:2658} INFO - Rescheduling task, marking task as UP_FOR_RESCHEDULE
[2026-01-14T07:33:04.608+0000] {local_task_job_runner.py:234} INFO - Task exited with return code 0
[2026-01-14T07:33:04.660+0000] {taskinstance.py:3280} INFO - 0 downstream tasks scheduled from follow-on schedule check
[2026-01-14T07:43:06.716+0000] {taskinstance.py:1956} INFO - Dependencies all met for dep_context=non-requeueable deps ti=<TaskInstance: arsenal_smart_match_scraper.wait_for_match_completion scheduled__2026-01-14T00:00:00+00:00 [queued]>
[2026-01-14T07:43:06.745+0000] {taskinstance.py:1956} INFO - Dependencies all met for dep_context=requeueable deps ti=<TaskInstance: arsenal_smart_match_scraper.wait_for_match_completion scheduled__2026-01-14T00:00:00+00:00 [queued]>
[2026-01-14T07:43:06.745+0000] {taskinstance.py:2170} INFO - Starting attempt 1 of 3
[2026-01-14T07:43:06.785+0000] {taskinstance.py:2191} INFO - Executing <Task(PythonSensor): wait_for_match_completion> on 2026-01-14 00:00:00+00:00
[2026-01-14T07:43:06.795+0000] {standard_task_runner.py:60} INFO - Started process 3199 to run task
[2026-01-14T07:43:06.800+0000] {standard_task_runner.py:87} INFO - Running: ['***', 'tasks', 'run', 'arsenal_smart_match_scraper', 'wait_for_match_completion', 'scheduled__2026-01-14T00:00:00+00:00', '--job-id', '106', '--raw', '--subdir', 'DAGS_FOLDER/arsenal_smart_match_scraper.py', '--cfg-path', '/tmp/tmp56fpam5k']
[2026-01-14T07:43:06.804+0000] {standard_task_runner.py:88} INFO - Job 106: Subtask wait_for_match_completion
[2026-01-14T07:43:06.902+0000] {task_command.py:423} INFO - Running <TaskInstance: arsenal_smart_match_scraper.wait_for_match_completion scheduled__2026-01-14T00:00:00+00:00 [running]> on host dd03882071e2
[2026-01-14T07:43:07.059+0000] {taskinstance.py:2480} INFO - Exporting env vars: AIRFLOW_CTX_DAG_OWNER='arsenal_analytics' AIRFLOW_CTX_DAG_ID='arsenal_smart_match_scraper' AIRFLOW_CTX_TASK_ID='wait_for_match_completion' AIRFLOW_CTX_EXECUTION_DATE='2026-01-14T00:00:00+00:00' AIRFLOW_CTX_TRY_NUMBER='1' AIRFLOW_CTX_DAG_RUN_ID='scheduled__2026-01-14T00:00:00+00:00'
[2026-01-14T07:43:07.078+0000] {python.py:75} INFO - Poking callable: <function wait_for_match_completion at 0x76475d5cf7e0>
[2026-01-14T07:43:07.111+0000] {arsenal_smart_match_scraper.py:91} INFO - Match date: 2026-01-17
[2026-01-14T07:43:07.112+0000] {arsenal_smart_match_scraper.py:92} INFO - Estimated data availability: 2026-01-17 17:30:00
[2026-01-14T07:43:07.112+0000] {arsenal_smart_match_scraper.py:93} INFO - Current time: 2026-01-14 07:43:07.111770
[2026-01-14T07:43:07.112+0000] {arsenal_smart_match_scraper.py:101} INFO - Waiting 4907 more minutes for match data...
[2026-01-14T07:43:07.169+0000] {taskinstance.py:2658} INFO - Rescheduling task, marking task as UP_FOR_RESCHEDULE
[2026-01-14T07:43:07.213+0000] {local_task_job_runner.py:234} INFO - Task exited with return code 0
[2026-01-14T07:43:07.267+0000] {taskinstance.py:3280} INFO - 0 downstream tasks scheduled from follow-on schedule check
[2026-01-14T07:53:08.784+0000] {taskinstance.py:1956} INFO - Dependencies all met for dep_context=non-requeueable deps ti=<TaskInstance: arsenal_smart_match_scraper.wait_for_match_completion scheduled__2026-01-14T00:00:00+00:00 [queued]>
[2026-01-14T07:53:08.803+0000] {taskinstance.py:1956} INFO - Dependencies all met for dep_context=requeueable deps ti=<TaskInstance: arsenal_smart_match_scraper.wait_for_match_completion scheduled__2026-01-14T00:00:00+00:00 [queued]>
[2026-01-14T07:53:08.804+0000] {taskinstance.py:2170} INFO - Starting attempt 1 of 3
[2026-01-14T07:53:08.833+0000] {taskinstance.py:2191} INFO - Executing <Task(PythonSensor): wait_for_match_completion> on 2026-01-14 00:00:00+00:00
[2026-01-14T07:53:08.843+0000] {standard_task_runner.py:60} INFO - Started process 3625 to run task
[2026-01-14T07:53:08.847+0000] {standard_task_runner.py:87} INFO - Running: ['***', 'tasks', 'run', 'arsenal_smart_match_scraper', 'wait_for_match_completion', 'scheduled__2026-01-14T00:00:00+00:00', '--job-id', '109', '--raw', '--subdir', 'DAGS_FOLDER/arsenal_smart_match_scraper.py', '--cfg-path', '/tmp/tmpbfqb440p']
[2026-01-14T07:53:08.851+0000] {standard_task_runner.py:88} INFO - Job 109: Subtask wait_for_match_completion
[2026-01-14T07:53:08.951+0000] {task_command.py:423} INFO - Running <TaskInstance: arsenal_smart_match_scraper.wait_for_match_completion scheduled__2026-01-14T00:00:00+00:00 [running]> on host dd03882071e2
[2026-01-14T07:53:09.103+0000] {taskinstance.py:2480} INFO - Exporting env vars: AIRFLOW_CTX_DAG_OWNER='arsenal_analytics' AIRFLOW_CTX_DAG_ID='arsenal_smart_match_scraper' AIRFLOW_CTX_TASK_ID='wait_for_match_completion' AIRFLOW_CTX_EXECUTION_DATE='2026-01-14T00:00:00+00:00' AIRFLOW_CTX_TRY_NUMBER='1' AIRFLOW_CTX_DAG_RUN_ID='scheduled__2026-01-14T00:00:00+00:00'
[2026-01-14T07:53:09.121+0000] {python.py:75} INFO - Poking callable: <function wait_for_match_completion at 0x76475d5cf7e0>
[2026-01-14T07:53:09.153+0000] {arsenal_smart_match_scraper.py:91} INFO - Match date: 2026-01-17
[2026-01-14T07:53:09.153+0000] {arsenal_smart_match_scraper.py:92} INFO - Estimated data availability: 2026-01-17 17:30:00
[2026-01-14T07:53:09.153+0000] {arsenal_smart_match_scraper.py:93} INFO - Current time: 2026-01-14 07:53:09.153038
[2026-01-14T07:53:09.154+0000] {arsenal_smart_match_scraper.py:101} INFO - Waiting 4897 more minutes for match data...
[2026-01-14T07:53:09.206+0000] {taskinstance.py:2658} INFO - Rescheduling task, marking task as UP_FOR_RESCHEDULE
[2026-01-14T07:53:09.221+0000] {local_task_job_runner.py:234} INFO - Task exited with return code 0
[2026-01-14T07:53:09.268+0000] {taskinstance.py:3280} INFO - 0 downstream tasks scheduled from follow-on schedule check
[2026-01-14T08:03:10.474+0000] {taskinstance.py:1956} INFO - Dependencies all met for dep_context=non-requeueable deps ti=<TaskInstance: arsenal_smart_match_scraper.wait_for_match_completion scheduled__2026-01-14T00:00:00+00:00 [queued]>
[2026-01-14T08:03:10.500+0000] {taskinstance.py:1956} INFO - Dependencies all met for dep_context=requeueable deps ti=<TaskInstance: arsenal_smart_match_scraper.wait_for_match_completion scheduled__2026-01-14T00:00:00+00:00 [queued]>
[2026-01-14T08:03:10.500+0000] {taskinstance.py:2170} INFO - Starting attempt 1 of 3
[2026-01-14T08:03:10.532+0000] {taskinstance.py:2191} INFO - Executing <Task(PythonSensor): wait_for_match_completion> on 2026-01-14 00:00:00+00:00
[2026-01-14T08:03:10.541+0000] {standard_task_runner.py:60} INFO - Started process 4183 to run task
[2026-01-14T08:03:10.546+0000] {standard_task_runner.py:87} INFO - Running: ['***', 'tasks', 'run', 'arsenal_smart_match_scraper', 'wait_for_match_completion', 'scheduled__2026-01-14T00:00:00+00:00', '--job-id', '114', '--raw', '--subdir', 'DAGS_FOLDER/arsenal_smart_match_scraper.py', '--cfg-path', '/tmp/tmp9ayom411']
[2026-01-14T08:03:10.549+0000] {standard_task_runner.py:88} INFO - Job 114: Subtask wait_for_match_completion
[2026-01-14T08:03:10.656+0000] {task_command.py:423} INFO - Running <TaskInstance: arsenal_smart_match_scraper.wait_for_match_completion scheduled__2026-01-14T00:00:00+00:00 [running]> on host dd03882071e2
[2026-01-14T08:03:10.848+0000] {taskinstance.py:2480} INFO - Exporting env vars: AIRFLOW_CTX_DAG_OWNER='arsenal_analytics' AIRFLOW_CTX_DAG_ID='arsenal_smart_match_scraper' AIRFLOW_CTX_TASK_ID='wait_for_match_completion' AIRFLOW_CTX_EXECUTION_DATE='2026-01-14T00:00:00+00:00' AIRFLOW_CTX_TRY_NUMBER='1' AIRFLOW_CTX_DAG_RUN_ID='scheduled__2026-01-14T00:00:00+00:00'
[2026-01-14T08:03:10.872+0000] {python.py:75} INFO - Poking callable: <function wait_for_match_completion at 0x76475d5cf740>
[2026-01-14T08:03:10.914+0000] {arsenal_smart_match_scraper.py:91} INFO - Match date: 2026-01-17
[2026-01-14T08:03:10.915+0000] {arsenal_smart_match_scraper.py:92} INFO - Estimated data availability: 2026-01-17 17:30:00
[2026-01-14T08:03:10.916+0000] {arsenal_smart_match_scraper.py:93} INFO - Current time: 2026-01-14 08:03:10.914632
[2026-01-14T08:03:10.916+0000] {arsenal_smart_match_scraper.py:101} INFO - Waiting 4887 more minutes for match data...
[2026-01-14T08:03:10.983+0000] {taskinstance.py:2658} INFO - Rescheduling task, marking task as UP_FOR_RESCHEDULE
[2026-01-14T08:03:11.039+0000] {local_task_job_runner.py:234} INFO - Task exited with return code 0
[2026-01-14T08:03:11.172+0000] {taskinstance.py:3280} INFO - 0 downstream tasks scheduled from follow-on schedule check
[2026-01-14T08:13:12.522+0000] {taskinstance.py:1956} INFO - Dependencies all met for dep_context=non-requeueable deps ti=<TaskInstance: arsenal_smart_match_scraper.wait_for_match_completion scheduled__2026-01-14T00:00:00+00:00 [queued]>
[2026-01-14T08:13:12.556+0000] {taskinstance.py:1956} INFO - Dependencies all met for dep_context=requeueable deps ti=<TaskInstance: arsenal_smart_match_scraper.wait_for_match_completion scheduled__2026-01-14T00:00:00+00:00 [queued]>
[2026-01-14T08:13:12.557+0000] {taskinstance.py:2170} INFO - Starting attempt 1 of 3
[2026-01-14T08:13:12.627+0000] {taskinstance.py:2191} INFO - Executing <Task(PythonSensor): wait_for_match_completion> on 2026-01-14 00:00:00+00:00
[2026-01-14T08:13:12.643+0000] {standard_task_runner.py:60} INFO - Started process 4615 to run task
[2026-01-14T08:13:12.651+0000] {standard_task_runner.py:87} INFO - Running: ['***', 'tasks', 'run', 'arsenal_smart_match_scraper', 'wait_for_match_completion', 'scheduled__2026-01-14T00:00:00+00:00', '--job-id', '119', '--raw', '--subdir', 'DAGS_FOLDER/arsenal_smart_match_scraper.py', '--cfg-path', '/tmp/tmpzjsiu1ox']
[2026-01-14T08:13:12.655+0000] {standard_task_runner.py:88} INFO - Job 119: Subtask wait_for_match_completion
[2026-01-14T08:13:12.834+0000] {task_command.py:423} INFO - Running <TaskInstance: arsenal_smart_match_scraper.wait_for_match_completion scheduled__2026-01-14T00:00:00+00:00 [running]> on host dd03882071e2
[2026-01-14T08:13:13.032+0000] {taskinstance.py:2480} INFO - Exporting env vars: AIRFLOW_CTX_DAG_OWNER='arsenal_analytics' AIRFLOW_CTX_DAG_ID='arsenal_smart_match_scraper' AIRFLOW_CTX_TASK_ID='wait_for_match_completion' AIRFLOW_CTX_EXECUTION_DATE='2026-01-14T00:00:00+00:00' AIRFLOW_CTX_TRY_NUMBER='1' AIRFLOW_CTX_DAG_RUN_ID='scheduled__2026-01-14T00:00:00+00:00'
[2026-01-14T08:13:13.052+0000] {python.py:75} INFO - Poking callable: <function wait_for_match_completion at 0x76475d5cfc40>
[2026-01-14T08:13:13.085+0000] {arsenal_smart_match_scraper.py:91} INFO - Match date: 2026-01-17
[2026-01-14T08:13:13.085+0000] {arsenal_smart_match_scraper.py:92} INFO - Estimated data availability: 2026-01-17 17:30:00
[2026-01-14T08:13:13.085+0000] {arsenal_smart_match_scraper.py:93} INFO - Current time: 2026-01-14 08:13:13.085245
[2026-01-14T08:13:13.086+0000] {arsenal_smart_match_scraper.py:101} INFO - Waiting 4877 more minutes for match data...
[2026-01-14T08:13:13.212+0000] {taskinstance.py:2658} INFO - Rescheduling task, marking task as UP_FOR_RESCHEDULE
[2026-01-14T08:13:13.264+0000] {local_task_job_runner.py:234} INFO - Task exited with return code 0
[2026-01-14T08:13:13.309+0000] {taskinstance.py:3280} INFO - 0 downstream tasks scheduled from follow-on schedule check
[2026-01-14T08:23:15.195+0000] {taskinstance.py:1956} INFO - Dependencies all met for dep_context=non-requeueable deps ti=<TaskInstance: arsenal_smart_match_scraper.wait_for_match_completion scheduled__2026-01-14T00:00:00+00:00 [queued]>
[2026-01-14T08:23:15.240+0000] {taskinstance.py:1956} INFO - Dependencies all met for dep_context=requeueable deps ti=<TaskInstance: arsenal_smart_match_scraper.wait_for_match_completion scheduled__2026-01-14T00:00:00+00:00 [queued]>
[2026-01-14T08:23:15.241+0000] {taskinstance.py:2170} INFO - Starting attempt 1 of 3
[2026-01-14T08:23:15.384+0000] {taskinstance.py:2191} INFO - Executing <Task(PythonSensor): wait_for_match_completion> on 2026-01-14 00:00:00+00:00
[2026-01-14T08:23:15.398+0000] {standard_task_runner.py:60} INFO - Started process 5028 to run task
[2026-01-14T08:23:15.404+0000] {standard_task_runner.py:87} INFO - Running: ['***', 'tasks', 'run', 'arsenal_smart_match_scraper', 'wait_for_match_completion', 'scheduled__2026-01-14T00:00:00+00:00', '--job-id', '122', '--raw', '--subdir', 'DAGS_FOLDER/arsenal_smart_match_scraper.py', '--cfg-path', '/tmp/tmpshn_5ru4']
[2026-01-14T08:23:15.408+0000] {standard_task_runner.py:88} INFO - Job 122: Subtask wait_for_match_completion
[2026-01-14T08:23:15.527+0000] {task_command.py:423} INFO - Running <TaskInstance: arsenal_smart_match_scraper.wait_for_match_completion scheduled__2026-01-14T00:00:00+00:00 [running]> on host dd03882071e2
[2026-01-14T08:23:16.896+0000] {taskinstance.py:2480} INFO - Exporting env vars: AIRFLOW_CTX_DAG_OWNER='arsenal_analytics' AIRFLOW_CTX_DAG_ID='arsenal_smart_match_scraper' AIRFLOW_CTX_TASK_ID='wait_for_match_completion' AIRFLOW_CTX_EXECUTION_DATE='2026-01-14T00:00:00+00:00' AIRFLOW_CTX_TRY_NUMBER='1' AIRFLOW_CTX_DAG_RUN_ID='scheduled__2026-01-14T00:00:00+00:00'
[2026-01-14T08:23:16.921+0000] {python.py:75} INFO - Poking callable: <function wait_for_match_completion at 0x76475d5cfba0>
[2026-01-14T08:23:16.961+0000] {arsenal_smart_match_scraper.py:91} INFO - Match date: 2026-01-17
[2026-01-14T08:23:16.962+0000] {arsenal_smart_match_scraper.py:92} INFO - Estimated data availability: 2026-01-17 17:30:00
[2026-01-14T08:23:16.962+0000] {arsenal_smart_match_scraper.py:93} INFO - Current time: 2026-01-14 08:23:16.961439
[2026-01-14T08:23:16.962+0000] {arsenal_smart_match_scraper.py:101} INFO - Waiting 4867 more minutes for match data...
[2026-01-14T08:23:17.027+0000] {taskinstance.py:2658} INFO - Rescheduling task, marking task as UP_FOR_RESCHEDULE
[2026-01-14T08:23:17.061+0000] {local_task_job_runner.py:234} INFO - Task exited with return code 0
[2026-01-14T08:23:17.120+0000] {taskinstance.py:3280} INFO - 0 downstream tasks scheduled from follow-on schedule check
[2026-01-14T08:33:18.194+0000] {taskinstance.py:1956} INFO - Dependencies all met for dep_context=non-requeueable deps ti=<TaskInstance: arsenal_smart_match_scraper.wait_for_match_completion scheduled__2026-01-14T00:00:00+00:00 [queued]>
[2026-01-14T08:33:18.243+0000] {taskinstance.py:1956} INFO - Dependencies all met for dep_context=requeueable deps ti=<TaskInstance: arsenal_smart_match_scraper.wait_for_match_completion scheduled__2026-01-14T00:00:00+00:00 [queued]>
[2026-01-14T08:33:18.244+0000] {taskinstance.py:2170} INFO - Starting attempt 1 of 3
[2026-01-14T08:33:19.341+0000] {taskinstance.py:2191} INFO - Executing <Task(PythonSensor): wait_for_match_completion> on 2026-01-14 00:00:00+00:00
[2026-01-14T08:33:19.352+0000] {standard_task_runner.py:60} INFO - Started process 5454 to run task
[2026-01-14T08:33:19.358+0000] {standard_task_runner.py:87} INFO - Running: ['***', 'tasks', 'run', 'arsenal_smart_match_scraper', 'wait_for_match_completion', 'scheduled__2026-01-14T00:00:00+00:00', '--job-id', '125', '--raw', '--subdir', 'DAGS_FOLDER/arsenal_smart_match_scraper.py', '--cfg-path', '/tmp/tmp_pxxs51s']
[2026-01-14T08:33:19.363+0000] {standard_task_runner.py:88} INFO - Job 125: Subtask wait_for_match_completion
[2026-01-14T08:33:19.575+0000] {task_command.py:423} INFO - Running <TaskInstance: arsenal_smart_match_scraper.wait_for_match_completion scheduled__2026-01-14T00:00:00+00:00 [running]> on host dd03882071e2
[2026-01-14T08:33:19.760+0000] {taskinstance.py:2480} INFO - Exporting env vars: AIRFLOW_CTX_DAG_OWNER='arsenal_analytics' AIRFLOW_CTX_DAG_ID='arsenal_smart_match_scraper' AIRFLOW_CTX_TASK_ID='wait_for_match_completion' AIRFLOW_CTX_EXECUTION_DATE='2026-01-14T00:00:00+00:00' AIRFLOW_CTX_TRY_NUMBER='1' AIRFLOW_CTX_DAG_RUN_ID='scheduled__2026-01-14T00:00:00+00:00'
[2026-01-14T08:33:19.783+0000] {python.py:75} INFO - Poking callable: <function wait_for_match_completion at 0x76475d5cfba0>
[2026-01-14T08:33:19.824+0000] {arsenal_smart_match_scraper.py:91} INFO - Match date: 2026-01-17
[2026-01-14T08:33:19.825+0000] {arsenal_smart_match_scraper.py:92} INFO - Estimated data availability: 2026-01-17 17:30:00
[2026-01-14T08:33:19.825+0000] {arsenal_smart_match_scraper.py:93} INFO - Current time: 2026-01-14 08:33:19.824266
[2026-01-14T08:33:19.825+0000] {arsenal_smart_match_scraper.py:101} INFO - Waiting 4857 more minutes for match data...
[2026-01-14T08:33:19.877+0000] {taskinstance.py:2658} INFO - Rescheduling task, marking task as UP_FOR_RESCHEDULE
[2026-01-14T08:33:19.931+0000] {local_task_job_runner.py:234} INFO - Task exited with return code 0
[2026-01-14T08:33:20.003+0000] {taskinstance.py:3280} INFO - 0 downstream tasks scheduled from follow-on schedule check
[2026-01-14T08:43:21.075+0000] {taskinstance.py:1956} INFO - Dependencies all met for dep_context=non-requeueable deps ti=<TaskInstance: arsenal_smart_match_scraper.wait_for_match_completion scheduled__2026-01-14T00:00:00+00:00 [queued]>
[2026-01-14T08:43:21.306+0000] {taskinstance.py:1956} INFO - Dependencies all met for dep_context=requeueable deps ti=<TaskInstance: arsenal_smart_match_scraper.wait_for_match_completion scheduled__2026-01-14T00:00:00+00:00 [queued]>
[2026-01-14T08:43:21.307+0000] {taskinstance.py:2170} INFO - Starting attempt 1 of 3
[2026-01-14T08:43:21.950+0000] {taskinstance.py:2191} INFO - Executing <Task(PythonSensor): wait_for_match_completion> on 2026-01-14 00:00:00+00:00
[2026-01-14T08:43:21.964+0000] {standard_task_runner.py:60} INFO - Started process 5735 to run task
[2026-01-14T08:43:21.970+0000] {standard_task_runner.py:87} INFO - Running: ['***', 'tasks', 'run', 'arsenal_smart_match_scraper', 'wait_for_match_completion', 'scheduled__2026-01-14T00:00:00+00:00', '--job-id', '128', '--raw', '--subdir', 'DAGS_FOLDER/arsenal_smart_match_scraper.py', '--cfg-path', '/tmp/tmpi1xrh5m8']
[2026-01-14T08:43:21.974+0000] {standard_task_runner.py:88} INFO - Job 128: Subtask wait_for_match_completion
[2026-01-14T08:43:22.092+0000] {task_command.py:423} INFO - Running <TaskInstance: arsenal_smart_match_scraper.wait_for_match_completion scheduled__2026-01-14T00:00:00+00:00 [running]> on host dd03882071e2
[2026-01-14T08:43:22.235+0000] {taskinstance.py:2480} INFO - Exporting env vars: AIRFLOW_CTX_DAG_OWNER='arsenal_analytics' AIRFLOW_CTX_DAG_ID='arsenal_smart_match_scraper' AIRFLOW_CTX_TASK_ID='wait_for_match_completion' AIRFLOW_CTX_EXECUTION_DATE='2026-01-14T00:00:00+00:00' AIRFLOW_CTX_TRY_NUMBER='1' AIRFLOW_CTX_DAG_RUN_ID='scheduled__2026-01-14T00:00:00+00:00'
[2026-01-14T08:43:22.253+0000] {python.py:75} INFO - Poking callable: <function wait_for_match_completion at 0x76475d5cfa60>
[2026-01-14T08:43:22.285+0000] {arsenal_smart_match_scraper.py:91} INFO - Match date: 2026-01-17
[2026-01-14T08:43:22.285+0000] {arsenal_smart_match_scraper.py:92} INFO - Estimated data availability: 2026-01-17 17:30:00
[2026-01-14T08:43:22.285+0000] {arsenal_smart_match_scraper.py:93} INFO - Current time: 2026-01-14 08:43:22.285078
[2026-01-14T08:43:22.286+0000] {arsenal_smart_match_scraper.py:101} INFO - Waiting 4847 more minutes for match data...
[2026-01-14T08:43:22.338+0000] {taskinstance.py:2658} INFO - Rescheduling task, marking task as UP_FOR_RESCHEDULE
[2026-01-14T08:43:22.382+0000] {local_task_job_runner.py:234} INFO - Task exited with return code 0
[2026-01-14T08:43:22.430+0000] {taskinstance.py:3280} INFO - 0 downstream tasks scheduled from follow-on schedule check
[2026-01-14T08:53:24.444+0000] {taskinstance.py:1956} INFO - Dependencies all met for dep_context=non-requeueable deps ti=<TaskInstance: arsenal_smart_match_scraper.wait_for_match_completion scheduled__2026-01-14T00:00:00+00:00 [queued]>
[2026-01-14T08:53:24.469+0000] {taskinstance.py:1956} INFO - Dependencies all met for dep_context=requeueable deps ti=<TaskInstance: arsenal_smart_match_scraper.wait_for_match_completion scheduled__2026-01-14T00:00:00+00:00 [queued]>
[2026-01-14T08:53:24.469+0000] {taskinstance.py:2170} INFO - Starting attempt 1 of 3
[2026-01-14T08:53:25.121+0000] {taskinstance.py:2191} INFO - Executing <Task(PythonSensor): wait_for_match_completion> on 2026-01-14 00:00:00+00:00
[2026-01-14T08:53:25.133+0000] {standard_task_runner.py:60} INFO - Started process 6161 to run task
[2026-01-14T08:53:25.139+0000] {standard_task_runner.py:87} INFO - Running: ['***', 'tasks', 'run', 'arsenal_smart_match_scraper', 'wait_for_match_completion', 'scheduled__2026-01-14T00:00:00+00:00', '--job-id', '131', '--raw', '--subdir', 'DAGS_FOLDER/arsenal_smart_match_scraper.py', '--cfg-path', '/tmp/tmpwk5tjion']
[2026-01-14T08:53:25.143+0000] {standard_task_runner.py:88} INFO - Job 131: Subtask wait_for_match_completion
[2026-01-14T08:53:25.777+0000] {task_command.py:423} INFO - Running <TaskInstance: arsenal_smart_match_scraper.wait_for_match_completion scheduled__2026-01-14T00:00:00+00:00 [running]> on host dd03882071e2
[2026-01-14T08:53:25.944+0000] {taskinstance.py:2480} INFO - Exporting env vars: AIRFLOW_CTX_DAG_OWNER='arsenal_analytics' AIRFLOW_CTX_DAG_ID='arsenal_smart_match_scraper' AIRFLOW_CTX_TASK_ID='wait_for_match_completion' AIRFLOW_CTX_EXECUTION_DATE='2026-01-14T00:00:00+00:00' AIRFLOW_CTX_TRY_NUMBER='1' AIRFLOW_CTX_DAG_RUN_ID='scheduled__2026-01-14T00:00:00+00:00'
[2026-01-14T08:53:25.964+0000] {python.py:75} INFO - Poking callable: <function wait_for_match_completion at 0x76475d5cf9c0>
[2026-01-14T08:53:25.999+0000] {arsenal_smart_match_scraper.py:91} INFO - Match date: 2026-01-17
[2026-01-14T08:53:26.000+0000] {arsenal_smart_match_scraper.py:92} INFO - Estimated data availability: 2026-01-17 17:30:00
[2026-01-14T08:53:26.000+0000] {arsenal_smart_match_scraper.py:93} INFO - Current time: 2026-01-14 08:53:25.999548
[2026-01-14T08:53:26.000+0000] {arsenal_smart_match_scraper.py:101} INFO - Waiting 4837 more minutes for match data...
[2026-01-14T08:53:26.048+0000] {taskinstance.py:2658} INFO - Rescheduling task, marking task as UP_FOR_RESCHEDULE
[2026-01-14T08:53:26.074+0000] {local_task_job_runner.py:234} INFO - Task exited with return code 0
[2026-01-14T08:53:26.127+0000] {taskinstance.py:3280} INFO - 0 downstream tasks scheduled from follow-on schedule check
[2026-01-14T09:03:29.277+0000] {taskinstance.py:1956} INFO - Dependencies all met for dep_context=non-requeueable deps ti=<TaskInstance: arsenal_smart_match_scraper.wait_for_match_completion scheduled__2026-01-14T00:00:00+00:00 [queued]>
[2026-01-14T09:03:29.307+0000] {taskinstance.py:1956} INFO - Dependencies all met for dep_context=requeueable deps ti=<TaskInstance: arsenal_smart_match_scraper.wait_for_match_completion scheduled__2026-01-14T00:00:00+00:00 [queued]>
[2026-01-14T09:03:29.308+0000] {taskinstance.py:2170} INFO - Starting attempt 1 of 3
[2026-01-14T09:03:29.340+0000] {taskinstance.py:2191} INFO - Executing <Task(PythonSensor): wait_for_match_completion> on 2026-01-14 00:00:00+00:00
[2026-01-14T09:03:29.349+0000] {standard_task_runner.py:60} INFO - Started process 6582 to run task
[2026-01-14T09:03:29.354+0000] {standard_task_runner.py:87} INFO - Running: ['***', 'tasks', 'run', 'arsenal_smart_match_scraper', 'wait_for_match_completion', 'scheduled__2026-01-14T00:00:00+00:00', '--job-id', '134', '--raw', '--subdir', 'DAGS_FOLDER/arsenal_smart_match_scraper.py', '--cfg-path', '/tmp/tmp_m890bgf']
[2026-01-14T09:03:29.358+0000] {standard_task_runner.py:88} INFO - Job 134: Subtask wait_for_match_completion
[2026-01-14T09:03:29.461+0000] {task_command.py:423} INFO - Running <TaskInstance: arsenal_smart_match_scraper.wait_for_match_completion scheduled__2026-01-14T00:00:00+00:00 [running]> on host dd03882071e2
[2026-01-14T09:03:29.612+0000] {taskinstance.py:2480} INFO - Exporting env vars: AIRFLOW_CTX_DAG_OWNER='arsenal_analytics' AIRFLOW_CTX_DAG_ID='arsenal_smart_match_scraper' AIRFLOW_CTX_TASK_ID='wait_for_match_completion' AIRFLOW_CTX_EXECUTION_DATE='2026-01-14T00:00:00+00:00' AIRFLOW_CTX_TRY_NUMBER='1' AIRFLOW_CTX_DAG_RUN_ID='scheduled__2026-01-14T00:00:00+00:00'
[2026-01-14T09:03:29.630+0000] {python.py:75} INFO - Poking callable: <function wait_for_match_completion at 0x76475d5cf9c0>
[2026-01-14T09:03:29.661+0000] {arsenal_smart_match_scraper.py:91} INFO - Match date: 2026-01-17
[2026-01-14T09:03:29.661+0000] {arsenal_smart_match_scraper.py:92} INFO - Estimated data availability: 2026-01-17 17:30:00
[2026-01-14T09:03:29.662+0000] {arsenal_smart_match_scraper.py:93} INFO - Current time: 2026-01-14 09:03:29.661259
[2026-01-14T09:03:29.662+0000] {arsenal_smart_match_scraper.py:101} INFO - Waiting 4827 more minutes for match data...
[2026-01-14T09:03:29.710+0000] {taskinstance.py:2658} INFO - Rescheduling task, marking task as UP_FOR_RESCHEDULE
[2026-01-14T09:03:29.727+0000] {local_task_job_runner.py:234} INFO - Task exited with return code 0
[2026-01-14T09:03:29.772+0000] {taskinstance.py:3280} INFO - 0 downstream tasks scheduled from follow-on schedule check
[2026-01-14T09:13:31.353+0000] {taskinstance.py:1956} INFO - Dependencies all met for dep_context=non-requeueable deps ti=<TaskInstance: arsenal_smart_match_scraper.wait_for_match_completion scheduled__2026-01-14T00:00:00+00:00 [queued]>
[2026-01-14T09:13:31.379+0000] {taskinstance.py:1956} INFO - Dependencies all met for dep_context=requeueable deps ti=<TaskInstance: arsenal_smart_match_scraper.wait_for_match_completion scheduled__2026-01-14T00:00:00+00:00 [queued]>
[2026-01-14T09:13:31.379+0000] {taskinstance.py:2170} INFO - Starting attempt 1 of 3
[2026-01-14T09:13:31.417+0000] {taskinstance.py:2191} INFO - Executing <Task(PythonSensor): wait_for_match_completion> on 2026-01-14 00:00:00+00:00
[2026-01-14T09:13:31.426+0000] {standard_task_runner.py:60} INFO - Started process 6998 to run task
[2026-01-14T09:13:31.431+0000] {standard_task_runner.py:87} INFO - Running: ['***', 'tasks', 'run', 'arsenal_smart_match_scraper', 'wait_for_match_completion', 'scheduled__2026-01-14T00:00:00+00:00', '--job-id', '137', '--raw', '--subdir', 'DAGS_FOLDER/arsenal_smart_match_scraper.py', '--cfg-path', '/tmp/tmpdg0pinwo']
[2026-01-14T09:13:31.434+0000] {standard_task_runner.py:88} INFO - Job 137: Subtask wait_for_match_completion
[2026-01-14T09:13:31.534+0000] {task_command.py:423} INFO - Running <TaskInstance: arsenal_smart_match_scraper.wait_for_match_completion scheduled__2026-01-14T00:00:00+00:00 [running]> on host dd03882071e2
[2026-01-14T09:13:31.677+0000] {taskinstance.py:2480} INFO - Exporting env vars: AIRFLOW_CTX_DAG_OWNER='arsenal_analytics' AIRFLOW_CTX_DAG_ID='arsenal_smart_match_scraper' AIRFLOW_CTX_TASK_ID='wait_for_match_completion' AIRFLOW_CTX_EXECUTION_DATE='2026-01-14T00:00:00+00:00' AIRFLOW_CTX_TRY_NUMBER='1' AIRFLOW_CTX_DAG_RUN_ID='scheduled__2026-01-14T00:00:00+00:00'
[2026-01-14T09:13:31.695+0000] {python.py:75} INFO - Poking callable: <function wait_for_match_completion at 0x76475d5cf7e0>
[2026-01-14T09:13:31.725+0000] {arsenal_smart_match_scraper.py:91} INFO - Match date: 2026-01-17
[2026-01-14T09:13:31.725+0000] {arsenal_smart_match_scraper.py:92} INFO - Estimated data availability: 2026-01-17 17:30:00
[2026-01-14T09:13:31.726+0000] {arsenal_smart_match_scraper.py:93} INFO - Current time: 2026-01-14 09:13:31.725347
[2026-01-14T09:13:31.726+0000] {arsenal_smart_match_scraper.py:101} INFO - Waiting 4816 more minutes for match data...
[2026-01-14T09:13:31.775+0000] {taskinstance.py:2658} INFO - Rescheduling task, marking task as UP_FOR_RESCHEDULE
[2026-01-14T09:13:31.803+0000] {local_task_job_runner.py:234} INFO - Task exited with return code 0
[2026-01-14T09:13:31.849+0000] {taskinstance.py:3280} INFO - 0 downstream tasks scheduled from follow-on schedule check
[2026-01-14T09:23:33.295+0000] {taskinstance.py:1956} INFO - Dependencies all met for dep_context=non-requeueable deps ti=<TaskInstance: arsenal_smart_match_scraper.wait_for_match_completion scheduled__2026-01-14T00:00:00+00:00 [queued]>
[2026-01-14T09:23:33.328+0000] {taskinstance.py:1956} INFO - Dependencies all met for dep_context=requeueable deps ti=<TaskInstance: arsenal_smart_match_scraper.wait_for_match_completion scheduled__2026-01-14T00:00:00+00:00 [queued]>
[2026-01-14T09:23:33.329+0000] {taskinstance.py:2170} INFO - Starting attempt 1 of 3
[2026-01-14T09:23:33.368+0000] {taskinstance.py:2191} INFO - Executing <Task(PythonSensor): wait_for_match_completion> on 2026-01-14 00:00:00+00:00
[2026-01-14T09:23:33.378+0000] {standard_task_runner.py:60} INFO - Started process 7419 to run task
[2026-01-14T09:23:33.383+0000] {standard_task_runner.py:87} INFO - Running: ['***', 'tasks', 'run', 'arsenal_smart_match_scraper', 'wait_for_match_completion', 'scheduled__2026-01-14T00:00:00+00:00', '--job-id', '140', '--raw', '--subdir', 'DAGS_FOLDER/arsenal_smart_match_scraper.py', '--cfg-path', '/tmp/tmp0_ey1zd_']
[2026-01-14T09:23:33.387+0000] {standard_task_runner.py:88} INFO - Job 140: Subtask wait_for_match_completion
[2026-01-14T09:23:33.498+0000] {task_command.py:423} INFO - Running <TaskInstance: arsenal_smart_match_scraper.wait_for_match_completion scheduled__2026-01-14T00:00:00+00:00 [running]> on host dd03882071e2
[2026-01-14T09:23:33.659+0000] {taskinstance.py:2480} INFO - Exporting env vars: AIRFLOW_CTX_DAG_OWNER='arsenal_analytics' AIRFLOW_CTX_DAG_ID='arsenal_smart_match_scraper' AIRFLOW_CTX_TASK_ID='wait_for_match_completion' AIRFLOW_CTX_EXECUTION_DATE='2026-01-14T00:00:00+00:00' AIRFLOW_CTX_TRY_NUMBER='1' AIRFLOW_CTX_DAG_RUN_ID='scheduled__2026-01-14T00:00:00+00:00'
[2026-01-14T09:23:33.679+0000] {python.py:75} INFO - Poking callable: <function wait_for_match_completion at 0x76475d5cf7e0>
[2026-01-14T09:23:33.711+0000] {arsenal_smart_match_scraper.py:91} INFO - Match date: 2026-01-17
[2026-01-14T09:23:33.712+0000] {arsenal_smart_match_scraper.py:92} INFO - Estimated data availability: 2026-01-17 17:30:00
[2026-01-14T09:23:33.712+0000] {arsenal_smart_match_scraper.py:93} INFO - Current time: 2026-01-14 09:23:33.711890
[2026-01-14T09:23:33.712+0000] {arsenal_smart_match_scraper.py:101} INFO - Waiting 4806 more minutes for match data...
[2026-01-14T09:23:33.759+0000] {taskinstance.py:2658} INFO - Rescheduling task, marking task as UP_FOR_RESCHEDULE
[2026-01-14T09:23:33.796+0000] {local_task_job_runner.py:234} INFO - Task exited with return code 0
[2026-01-14T09:23:33.843+0000] {taskinstance.py:3280} INFO - 0 downstream tasks scheduled from follow-on schedule check
[2026-01-14T09:33:34.874+0000] {taskinstance.py:1956} INFO - Dependencies all met for dep_context=non-requeueable deps ti=<TaskInstance: arsenal_smart_match_scraper.wait_for_match_completion scheduled__2026-01-14T00:00:00+00:00 [queued]>
[2026-01-14T09:33:34.901+0000] {taskinstance.py:1956} INFO - Dependencies all met for dep_context=requeueable deps ti=<TaskInstance: arsenal_smart_match_scraper.wait_for_match_completion scheduled__2026-01-14T00:00:00+00:00 [queued]>
[2026-01-14T09:33:34.902+0000] {taskinstance.py:2170} INFO - Starting attempt 1 of 3
[2026-01-14T09:33:34.945+0000] {taskinstance.py:2191} INFO - Executing <Task(PythonSensor): wait_for_match_completion> on 2026-01-14 00:00:00+00:00
[2026-01-14T09:33:34.956+0000] {standard_task_runner.py:60} INFO - Started process 7845 to run task
[2026-01-14T09:33:34.961+0000] {standard_task_runner.py:87} INFO - Running: ['***', 'tasks', 'run', 'arsenal_smart_match_scraper', 'wait_for_match_completion', 'scheduled__2026-01-14T00:00:00+00:00', '--job-id', '143', '--raw', '--subdir', 'DAGS_FOLDER/arsenal_smart_match_scraper.py', '--cfg-path', '/tmp/tmp7uesn4k5']
[2026-01-14T09:33:34.965+0000] {standard_task_runner.py:88} INFO - Job 143: Subtask wait_for_match_completion
[2026-01-14T09:33:35.060+0000] {task_command.py:423} INFO - Running <TaskInstance: arsenal_smart_match_scraper.wait_for_match_completion scheduled__2026-01-14T00:00:00+00:00 [running]> on host dd03882071e2
[2026-01-14T09:33:35.219+0000] {taskinstance.py:2480} INFO - Exporting env vars: AIRFLOW_CTX_DAG_OWNER='arsenal_analytics' AIRFLOW_CTX_DAG_ID='arsenal_smart_match_scraper' AIRFLOW_CTX_TASK_ID='wait_for_match_completion' AIRFLOW_CTX_EXECUTION_DATE='2026-01-14T00:00:00+00:00' AIRFLOW_CTX_TRY_NUMBER='1' AIRFLOW_CTX_DAG_RUN_ID='scheduled__2026-01-14T00:00:00+00:00'
[2026-01-14T09:33:35.236+0000] {python.py:75} INFO - Poking callable: <function wait_for_match_completion at 0x76475d5cf740>
[2026-01-14T09:33:35.266+0000] {arsenal_smart_match_scraper.py:91} INFO - Match date: 2026-01-17
[2026-01-14T09:33:35.266+0000] {arsenal_smart_match_scraper.py:92} INFO - Estimated data availability: 2026-01-17 17:30:00
[2026-01-14T09:33:35.266+0000] {arsenal_smart_match_scraper.py:93} INFO - Current time: 2026-01-14 09:33:35.266239
[2026-01-14T09:33:35.267+0000] {arsenal_smart_match_scraper.py:101} INFO - Waiting 4796 more minutes for match data...
[2026-01-14T09:33:35.310+0000] {taskinstance.py:2658} INFO - Rescheduling task, marking task as UP_FOR_RESCHEDULE
[2026-01-14T09:33:35.334+0000] {local_task_job_runner.py:234} INFO - Task exited with return code 0
[2026-01-14T09:33:35.379+0000] {taskinstance.py:3280} INFO - 0 downstream tasks scheduled from follow-on schedule check
[2026-01-14T09:43:38.555+0000] {taskinstance.py:1956} INFO - Dependencies all met for dep_context=non-requeueable deps ti=<TaskInstance: arsenal_smart_match_scraper.wait_for_match_completion scheduled__2026-01-14T00:00:00+00:00 [queued]>
[2026-01-14T09:43:38.574+0000] {taskinstance.py:1956} INFO - Dependencies all met for dep_context=requeueable deps ti=<TaskInstance: arsenal_smart_match_scraper.wait_for_match_completion scheduled__2026-01-14T00:00:00+00:00 [queued]>
[2026-01-14T09:43:38.574+0000] {taskinstance.py:2170} INFO - Starting attempt 1 of 3
[2026-01-14T09:43:39.771+0000] {taskinstance.py:2191} INFO - Executing <Task(PythonSensor): wait_for_match_completion> on 2026-01-14 00:00:00+00:00
[2026-01-14T09:43:39.782+0000] {standard_task_runner.py:60} INFO - Started process 8257 to run task
[2026-01-14T09:43:39.787+0000] {standard_task_runner.py:87} INFO - Running: ['***', 'tasks', 'run', 'arsenal_smart_match_scraper', 'wait_for_match_completion', 'scheduled__2026-01-14T00:00:00+00:00', '--job-id', '146', '--raw', '--subdir', 'DAGS_FOLDER/arsenal_smart_match_scraper.py', '--cfg-path', '/tmp/tmp7u43ouee']
[2026-01-14T09:43:39.791+0000] {standard_task_runner.py:88} INFO - Job 146: Subtask wait_for_match_completion
[2026-01-14T09:43:39.991+0000] {task_command.py:423} INFO - Running <TaskInstance: arsenal_smart_match_scraper.wait_for_match_completion scheduled__2026-01-14T00:00:00+00:00 [running]> on host dd03882071e2
[2026-01-14T09:43:40.145+0000] {taskinstance.py:2480} INFO - Exporting env vars: AIRFLOW_CTX_DAG_OWNER='arsenal_analytics' AIRFLOW_CTX_DAG_ID='arsenal_smart_match_scraper' AIRFLOW_CTX_TASK_ID='wait_for_match_completion' AIRFLOW_CTX_EXECUTION_DATE='2026-01-14T00:00:00+00:00' AIRFLOW_CTX_TRY_NUMBER='1' AIRFLOW_CTX_DAG_RUN_ID='scheduled__2026-01-14T00:00:00+00:00'
[2026-01-14T09:43:40.162+0000] {python.py:75} INFO - Poking callable: <function wait_for_match_completion at 0x76475d5cf740>
[2026-01-14T09:43:40.192+0000] {arsenal_smart_match_scraper.py:91} INFO - Match date: 2026-01-17
[2026-01-14T09:43:40.192+0000] {arsenal_smart_match_scraper.py:92} INFO - Estimated data availability: 2026-01-17 17:30:00
[2026-01-14T09:43:40.192+0000] {arsenal_smart_match_scraper.py:93} INFO - Current time: 2026-01-14 09:43:40.192254
[2026-01-14T09:43:40.193+0000] {arsenal_smart_match_scraper.py:101} INFO - Waiting 4786 more minutes for match data...
[2026-01-14T09:43:40.255+0000] {taskinstance.py:2658} INFO - Rescheduling task, marking task as UP_FOR_RESCHEDULE
[2026-01-14T09:43:40.280+0000] {local_task_job_runner.py:234} INFO - Task exited with return code 0
[2026-01-14T09:43:40.328+0000] {taskinstance.py:3280} INFO - 0 downstream tasks scheduled from follow-on schedule check
[2026-01-14T09:53:42.106+0000] {taskinstance.py:1956} INFO - Dependencies all met for dep_context=non-requeueable deps ti=<TaskInstance: arsenal_smart_match_scraper.wait_for_match_completion scheduled__2026-01-14T00:00:00+00:00 [queued]>
[2026-01-14T09:53:42.125+0000] {taskinstance.py:1956} INFO - Dependencies all met for dep_context=requeueable deps ti=<TaskInstance: arsenal_smart_match_scraper.wait_for_match_completion scheduled__2026-01-14T00:00:00+00:00 [queued]>
[2026-01-14T09:53:42.126+0000] {taskinstance.py:2170} INFO - Starting attempt 1 of 3
[2026-01-14T09:53:42.162+0000] {taskinstance.py:2191} INFO - Executing <Task(PythonSensor): wait_for_match_completion> on 2026-01-14 00:00:00+00:00
[2026-01-14T09:53:42.172+0000] {standard_task_runner.py:60} INFO - Started process 8683 to run task
[2026-01-14T09:53:42.177+0000] {standard_task_runner.py:87} INFO - Running: ['***', 'tasks', 'run', 'arsenal_smart_match_scraper', 'wait_for_match_completion', 'scheduled__2026-01-14T00:00:00+00:00', '--job-id', '149', '--raw', '--subdir', 'DAGS_FOLDER/arsenal_smart_match_scraper.py', '--cfg-path', '/tmp/tmpf48fhhoc']
[2026-01-14T09:53:42.180+0000] {standard_task_runner.py:88} INFO - Job 149: Subtask wait_for_match_completion
[2026-01-14T09:53:42.277+0000] {task_command.py:423} INFO - Running <TaskInstance: arsenal_smart_match_scraper.wait_for_match_completion scheduled__2026-01-14T00:00:00+00:00 [running]> on host dd03882071e2
[2026-01-14T09:53:42.417+0000] {taskinstance.py:2480} INFO - Exporting env vars: AIRFLOW_CTX_DAG_OWNER='arsenal_analytics' AIRFLOW_CTX_DAG_ID='arsenal_smart_match_scraper' AIRFLOW_CTX_TASK_ID='wait_for_match_completion' AIRFLOW_CTX_EXECUTION_DATE='2026-01-14T00:00:00+00:00' AIRFLOW_CTX_TRY_NUMBER='1' AIRFLOW_CTX_DAG_RUN_ID='scheduled__2026-01-14T00:00:00+00:00'
[2026-01-14T09:53:42.435+0000] {python.py:75} INFO - Poking callable: <function wait_for_match_completion at 0x76475d5cfc40>
[2026-01-14T09:53:42.469+0000] {arsenal_smart_match_scraper.py:91} INFO - Match date: 2026-01-17
[2026-01-14T09:53:42.470+0000] {arsenal_smart_match_scraper.py:92} INFO - Estimated data availability: 2026-01-17 17:30:00
[2026-01-14T09:53:42.470+0000] {arsenal_smart_match_scraper.py:93} INFO - Current time: 2026-01-14 09:53:42.469632
[2026-01-14T09:53:42.470+0000] {arsenal_smart_match_scraper.py:101} INFO - Waiting 4776 more minutes for match data...
[2026-01-14T09:53:42.530+0000] {taskinstance.py:2658} INFO - Rescheduling task, marking task as UP_FOR_RESCHEDULE
[2026-01-14T09:53:42.549+0000] {local_task_job_runner.py:234} INFO - Task exited with return code 0
[2026-01-14T09:53:42.596+0000] {taskinstance.py:3280} INFO - 0 downstream tasks scheduled from follow-on schedule check
[2026-01-14T10:03:43.487+0000] {taskinstance.py:1956} INFO - Dependencies all met for dep_context=non-requeueable deps ti=<TaskInstance: arsenal_smart_match_scraper.wait_for_match_completion scheduled__2026-01-14T00:00:00+00:00 [queued]>
[2026-01-14T10:03:43.508+0000] {taskinstance.py:1956} INFO - Dependencies all met for dep_context=requeueable deps ti=<TaskInstance: arsenal_smart_match_scraper.wait_for_match_completion scheduled__2026-01-14T00:00:00+00:00 [queued]>
[2026-01-14T10:03:43.509+0000] {taskinstance.py:2170} INFO - Starting attempt 1 of 3
[2026-01-14T10:03:43.541+0000] {taskinstance.py:2191} INFO - Executing <Task(PythonSensor): wait_for_match_completion> on 2026-01-14 00:00:00+00:00
[2026-01-14T10:03:43.552+0000] {standard_task_runner.py:60} INFO - Started process 9244 to run task
[2026-01-14T10:03:43.556+0000] {standard_task_runner.py:87} INFO - Running: ['***', 'tasks', 'run', 'arsenal_smart_match_scraper', 'wait_for_match_completion', 'scheduled__2026-01-14T00:00:00+00:00', '--job-id', '154', '--raw', '--subdir', 'DAGS_FOLDER/arsenal_smart_match_scraper.py', '--cfg-path', '/tmp/tmpumy1eww8']
[2026-01-14T10:03:43.560+0000] {standard_task_runner.py:88} INFO - Job 154: Subtask wait_for_match_completion
[2026-01-14T10:03:43.658+0000] {task_command.py:423} INFO - Running <TaskInstance: arsenal_smart_match_scraper.wait_for_match_completion scheduled__2026-01-14T00:00:00+00:00 [running]> on host dd03882071e2
[2026-01-14T10:03:43.809+0000] {taskinstance.py:2480} INFO - Exporting env vars: AIRFLOW_CTX_DAG_OWNER='arsenal_analytics' AIRFLOW_CTX_DAG_ID='arsenal_smart_match_scraper' AIRFLOW_CTX_TASK_ID='wait_for_match_completion' AIRFLOW_CTX_EXECUTION_DATE='2026-01-14T00:00:00+00:00' AIRFLOW_CTX_TRY_NUMBER='1' AIRFLOW_CTX_DAG_RUN_ID='scheduled__2026-01-14T00:00:00+00:00'
[2026-01-14T10:03:43.829+0000] {python.py:75} INFO - Poking callable: <function wait_for_match_completion at 0x76475d5cfba0>
[2026-01-14T10:03:43.862+0000] {arsenal_smart_match_scraper.py:91} INFO - Match date: 2026-01-17
[2026-01-14T10:03:43.863+0000] {arsenal_smart_match_scraper.py:92} INFO - Estimated data availability: 2026-01-17 17:30:00
[2026-01-14T10:03:43.863+0000] {arsenal_smart_match_scraper.py:93} INFO - Current time: 2026-01-14 10:03:43.862832
[2026-01-14T10:03:43.863+0000] {arsenal_smart_match_scraper.py:101} INFO - Waiting 4766 more minutes for match data...
[2026-01-14T10:03:43.926+0000] {taskinstance.py:2658} INFO - Rescheduling task, marking task as UP_FOR_RESCHEDULE
[2026-01-14T10:03:43.969+0000] {local_task_job_runner.py:234} INFO - Task exited with return code 0
[2026-01-14T10:03:44.015+0000] {taskinstance.py:3280} INFO - 0 downstream tasks scheduled from follow-on schedule check
[2026-01-15T02:19:01.739+0000] {taskinstance.py:1956} INFO - Dependencies all met for dep_context=non-requeueable deps ti=<TaskInstance: arsenal_smart_match_scraper.wait_for_match_completion scheduled__2026-01-14T00:00:00+00:00 [queued]>
[2026-01-15T02:19:01.778+0000] {taskinstance.py:1956} INFO - Dependencies all met for dep_context=requeueable deps ti=<TaskInstance: arsenal_smart_match_scraper.wait_for_match_completion scheduled__2026-01-14T00:00:00+00:00 [queued]>
[2026-01-15T02:19:01.779+0000] {taskinstance.py:2170} INFO - Starting attempt 1 of 3
[2026-01-15T02:19:02.097+0000] {taskinstance.py:2191} INFO - Executing <Task(PythonSensor): wait_for_match_completion> on 2026-01-14 00:00:00+00:00
[2026-01-15T02:19:02.117+0000] {standard_task_runner.py:60} INFO - Started process 9613 to run task
[2026-01-15T02:19:02.128+0000] {standard_task_runner.py:87} INFO - Running: ['***', 'tasks', 'run', 'arsenal_smart_match_scraper', 'wait_for_match_completion', 'scheduled__2026-01-14T00:00:00+00:00', '--job-id', '162', '--raw', '--subdir', 'DAGS_FOLDER/arsenal_smart_match_scraper.py', '--cfg-path', '/tmp/tmpj7yc_ruf']
[2026-01-15T02:19:02.133+0000] {standard_task_runner.py:88} INFO - Job 162: Subtask wait_for_match_completion
[2026-01-15T02:19:02.476+0000] {task_command.py:423} INFO - Running <TaskInstance: arsenal_smart_match_scraper.wait_for_match_completion scheduled__2026-01-14T00:00:00+00:00 [running]> on host dd03882071e2
[2026-01-15T02:19:05.043+0000] {taskinstance.py:2480} INFO - Exporting env vars: AIRFLOW_CTX_DAG_OWNER='arsenal_analytics' AIRFLOW_CTX_DAG_ID='arsenal_smart_match_scraper' AIRFLOW_CTX_TASK_ID='wait_for_match_completion' AIRFLOW_CTX_EXECUTION_DATE='2026-01-14T00:00:00+00:00' AIRFLOW_CTX_TRY_NUMBER='1' AIRFLOW_CTX_DAG_RUN_ID='scheduled__2026-01-14T00:00:00+00:00'
[2026-01-15T02:19:05.064+0000] {python.py:75} INFO - Poking callable: <function wait_for_match_completion at 0x76475d5cfa60>
[2026-01-15T02:19:05.207+0000] {arsenal_smart_match_scraper.py:91} INFO - Match date: 2026-01-17
[2026-01-15T02:19:05.207+0000] {arsenal_smart_match_scraper.py:92} INFO - Estimated data availability: 2026-01-17 17:30:00
[2026-01-15T02:19:05.207+0000] {arsenal_smart_match_scraper.py:93} INFO - Current time: 2026-01-15 02:19:05.207245
[2026-01-15T02:19:05.208+0000] {arsenal_smart_match_scraper.py:101} INFO - Waiting 3791 more minutes for match data...
[2026-01-15T02:19:05.479+0000] {taskinstance.py:2658} INFO - Rescheduling task, marking task as UP_FOR_RESCHEDULE
[2026-01-15T06:12:40.114+0000] {local_task_job_runner.py:234} INFO - Task exited with return code 0
[2026-01-15T06:12:40.308+0000] {taskinstance.py:3280} INFO - 0 downstream tasks scheduled from follow-on schedule check
[2026-01-15T06:12:55.343+0000] {taskinstance.py:1956} INFO - Dependencies all met for dep_context=non-requeueable deps ti=<TaskInstance: arsenal_smart_match_scraper.wait_for_match_completion scheduled__2026-01-14T00:00:00+00:00 [queued]>
[2026-01-15T06:12:55.359+0000] {taskinstance.py:1956} INFO - Dependencies all met for dep_context=requeueable deps ti=<TaskInstance: arsenal_smart_match_scraper.wait_for_match_completion scheduled__2026-01-14T00:00:00+00:00 [queued]>
[2026-01-15T06:12:55.359+0000] {taskinstance.py:2170} INFO - Starting attempt 1 of 3
[2026-01-15T06:12:57.554+0000] {taskinstance.py:2191} INFO - Executing <Task(PythonSensor): wait_for_match_completion> on 2026-01-14 00:00:00+00:00
[2026-01-15T06:12:57.573+0000] {standard_task_runner.py:60} INFO - Started process 9693 to run task
[2026-01-15T06:12:57.580+0000] {standard_task_runner.py:87} INFO - Running: ['***', 'tasks', 'run', 'arsenal_smart_match_scraper', 'wait_for_match_completion', 'scheduled__2026-01-14T00:00:00+00:00', '--job-id', '169', '--raw', '--subdir', 'DAGS_FOLDER/arsenal_smart_match_scraper.py', '--cfg-path', '/tmp/tmphnu5g34t']
[2026-01-15T06:12:57.584+0000] {standard_task_runner.py:88} INFO - Job 169: Subtask wait_for_match_completion
[2026-01-15T06:13:04.305+0000] {task_command.py:423} INFO - Running <TaskInstance: arsenal_smart_match_scraper.wait_for_match_completion scheduled__2026-01-14T00:00:00+00:00 [running]> on host dd03882071e2
[2026-01-15T06:13:35.193+0000] {taskinstance.py:2480} INFO - Exporting env vars: AIRFLOW_CTX_DAG_OWNER='arsenal_analytics' AIRFLOW_CTX_DAG_ID='arsenal_smart_match_scraper' AIRFLOW_CTX_TASK_ID='wait_for_match_completion' AIRFLOW_CTX_EXECUTION_DATE='2026-01-14T00:00:00+00:00' AIRFLOW_CTX_TRY_NUMBER='1' AIRFLOW_CTX_DAG_RUN_ID='scheduled__2026-01-14T00:00:00+00:00'
[2026-01-15T06:13:35.591+0000] {python.py:75} INFO - Poking callable: <function wait_for_match_completion at 0x76475d5cf7e0>
[2026-01-15T06:13:38.789+0000] {arsenal_smart_match_scraper.py:91} INFO - Match date: 2026-01-17
[2026-01-15T06:13:41.446+0000] {arsenal_smart_match_scraper.py:92} INFO - Estimated data availability: 2026-01-17 17:30:00
[2026-01-15T06:13:41.448+0000] {arsenal_smart_match_scraper.py:93} INFO - Current time: 2026-01-15 06:13:38.789768
[2026-01-15T06:13:41.452+0000] {arsenal_smart_match_scraper.py:101} INFO - Waiting 3556 more minutes for match data...
[2026-01-15T06:13:41.456+0000] {taskinstance.py:2698} ERROR - Task failed with exception
Traceback (most recent call last):
  File "/home/airflow/.local/lib/python3.11/site-packages/airflow/models/taskinstance.py", line 433, in _execute_task
    result = execute_callable(context=context, **execute_callable_kwargs)
             ^^^^^^^^^^^^^^^^^^^^^^^^^^^^^^^^^^^^^^^^^^^^^^^^^^^^^^^^^^^^
  File "/home/airflow/.local/lib/python3.11/site-packages/airflow/sensors/base.py", line 282, in execute
    raise AirflowSensorTimeout(message)
airflow.exceptions.AirflowSensorTimeout: Sensor has timed out; run duration of 87081.022774 seconds exceeds the specified timeout of 86400.0.
[2026-01-15T06:13:41.966+0000] {taskinstance.py:1138} INFO - Immediate failure requested. Marking task as FAILED. dag_id=arsenal_smart_match_scraper, task_id=wait_for_match_completion, execution_date=20260114T000000, start_date=20260115T061255, end_date=20260115T061341
[2026-01-15T06:13:42.470+0000] {standard_task_runner.py:107} ERROR - Failed to execute job 169 for task wait_for_match_completion (Sensor has timed out; run duration of 87081.022774 seconds exceeds the specified timeout of 86400.0.; 9693)
[2026-01-15T06:13:42.545+0000] {local_task_job_runner.py:234} INFO - Task exited with return code 1
[2026-01-15T06:13:42.600+0000] {taskinstance.py:3280} INFO - 0 downstream tasks scheduled from follow-on schedule check
