[2026-01-18T18:36:31.042+0000] {taskinstance.py:1956} INFO - Dependencies all met for dep_context=non-requeueable deps ti=<TaskInstance: epl_timed_match_scraper.check_recent_matches scheduled__2026-01-18T00:30:00+00:00 [queued]>
[2026-01-18T18:36:31.055+0000] {taskinstance.py:1956} INFO - Dependencies all met for dep_context=requeueable deps ti=<TaskInstance: epl_timed_match_scraper.check_recent_matches scheduled__2026-01-18T00:30:00+00:00 [queued]>
[2026-01-18T18:36:31.055+0000] {taskinstance.py:2170} INFO - Starting attempt 1 of 2
[2026-01-18T18:36:31.097+0000] {taskinstance.py:2191} INFO - Executing <Task(BranchPythonOperator): check_recent_matches> on 2026-01-18 00:30:00+00:00
[2026-01-18T18:36:31.105+0000] {standard_task_runner.py:60} INFO - Started process 43209 to run task
[2026-01-18T18:36:31.110+0000] {standard_task_runner.py:87} INFO - Running: ['***', 'tasks', 'run', 'epl_timed_match_scraper', 'check_recent_matches', 'scheduled__2026-01-18T00:30:00+00:00', '--job-id', '479', '--raw', '--subdir', 'DAGS_FOLDER/epl_timed_scraper.py', '--cfg-path', '/tmp/tmpwdljy7w4']
[2026-01-18T18:36:31.113+0000] {standard_task_runner.py:88} INFO - Job 479: Subtask check_recent_matches
[2026-01-18T18:36:31.214+0000] {task_command.py:423} INFO - Running <TaskInstance: epl_timed_match_scraper.check_recent_matches scheduled__2026-01-18T00:30:00+00:00 [running]> on host dd03882071e2
[2026-01-18T18:36:31.395+0000] {taskinstance.py:2480} INFO - Exporting env vars: AIRFLOW_CTX_DAG_OWNER='epl_analytics' AIRFLOW_CTX_DAG_ID='epl_timed_match_scraper' AIRFLOW_CTX_TASK_ID='check_recent_matches' AIRFLOW_CTX_EXECUTION_DATE='2026-01-18T00:30:00+00:00' AIRFLOW_CTX_TRY_NUMBER='1' AIRFLOW_CTX_DAG_RUN_ID='scheduled__2026-01-18T00:30:00+00:00'
[2026-01-18T18:36:31.397+0000] {epl_timed_scraper.py:53} INFO - Checking Arsenal for recent completed matches
[2026-01-18T18:36:31.398+0000] {playwright_scraper.py:87} INFO - Scraping Understat fixtures for Arsenal: https://understat.com/team/Arsenal/2025
[2026-01-18T18:36:38.656+0000] {playwright_scraper.py:118} INFO - Scraped 38 fixtures from Understat
[2026-01-18T18:36:38.777+0000] {epl_timed_scraper.py:53} INFO - Checking Manchester United for recent completed matches
[2026-01-18T18:36:40.764+0000] {playwright_scraper.py:87} INFO - Scraping Understat fixtures for Manchester_United: https://understat.com/team/Manchester_United/2025
[2026-01-18T18:36:49.340+0000] {playwright_scraper.py:118} INFO - Scraped 38 fixtures from Understat
[2026-01-18T18:36:49.444+0000] {epl_timed_scraper.py:84} INFO - No new matches to scrape - all up to date!
[2026-01-18T18:36:49.445+0000] {python.py:201} INFO - Done. Returned value was: skip_scraping
[2026-01-18T18:36:49.445+0000] {branch.py:35} INFO - Branch into skip_scraping
[2026-01-18T18:36:49.445+0000] {skipmixin.py:178} INFO - Following branch skip_scraping
[2026-01-18T18:36:49.486+0000] {skipmixin.py:244} INFO - Skipping tasks [('scrape_matches', -1)]
[2026-01-18T18:36:49.634+0000] {taskinstance.py:1138} INFO - Marking task as SUCCESS. dag_id=epl_timed_match_scraper, task_id=check_recent_matches, execution_date=20260118T003000, start_date=20260118T183631, end_date=20260118T183649
[2026-01-18T18:36:49.708+0000] {local_task_job_runner.py:234} INFO - Task exited with return code 0
[2026-01-18T18:36:49.756+0000] {taskinstance.py:3280} INFO - 0 downstream tasks scheduled from follow-on schedule check
