[2026-01-19T17:38:05.788+0000] {processor.py:161} INFO - Started process (PID=45645) to work on /opt/airflow/dags/arsenal_smart_match_scraper.py
[2026-01-19T17:38:05.789+0000] {processor.py:830} INFO - Processing file /opt/airflow/dags/arsenal_smart_match_scraper.py for tasks to queue
[2026-01-19T17:38:05.790+0000] {logging_mixin.py:188} INFO - [2026-01-19T17:38:05.790+0000] {dagbag.py:538} INFO - Filling up the DagBag from /opt/airflow/dags/arsenal_smart_match_scraper.py
[2026-01-19T17:38:05.860+0000] {processor.py:840} INFO - DAG(s) 'arsenal_smart_match_scraper' retrieved from /opt/airflow/dags/arsenal_smart_match_scraper.py
[2026-01-19T17:38:05.881+0000] {logging_mixin.py:188} INFO - [2026-01-19T17:38:05.881+0000] {dag.py:3036} INFO - Sync 1 DAGs
[2026-01-19T17:38:05.899+0000] {logging_mixin.py:188} INFO - [2026-01-19T17:38:05.899+0000] {dag.py:3823} INFO - Setting next_dagrun for arsenal_smart_match_scraper to 2026-01-19 06:00:00+00:00, run_after=2026-01-19 12:00:00+00:00
[2026-01-19T17:38:06.421+0000] {processor.py:183} INFO - Processing /opt/airflow/dags/arsenal_smart_match_scraper.py took 0.639 seconds
[2026-01-19T17:38:42.594+0000] {processor.py:161} INFO - Started process (PID=46831) to work on /opt/airflow/dags/arsenal_smart_match_scraper.py
[2026-01-19T17:38:42.902+0000] {processor.py:830} INFO - Processing file /opt/airflow/dags/arsenal_smart_match_scraper.py for tasks to queue
[2026-01-19T17:38:42.904+0000] {logging_mixin.py:188} INFO - [2026-01-19T17:38:42.903+0000] {dagbag.py:538} INFO - Filling up the DagBag from /opt/airflow/dags/arsenal_smart_match_scraper.py
[2026-01-19T17:38:43.051+0000] {processor.py:840} INFO - DAG(s) 'arsenal_smart_match_scraper' retrieved from /opt/airflow/dags/arsenal_smart_match_scraper.py
[2026-01-19T17:38:43.073+0000] {logging_mixin.py:188} INFO - [2026-01-19T17:38:43.073+0000] {dag.py:3036} INFO - Sync 1 DAGs
[2026-01-19T17:38:43.092+0000] {logging_mixin.py:188} INFO - [2026-01-19T17:38:43.092+0000] {dag.py:3823} INFO - Setting next_dagrun for arsenal_smart_match_scraper to 2026-01-19 12:00:00+00:00, run_after=2026-01-19 18:00:00+00:00
[2026-01-19T17:38:43.206+0000] {processor.py:183} INFO - Processing /opt/airflow/dags/arsenal_smart_match_scraper.py took 0.618 seconds
[2026-01-19T17:39:16.476+0000] {processor.py:161} INFO - Started process (PID=46877) to work on /opt/airflow/dags/arsenal_smart_match_scraper.py
[2026-01-19T17:39:16.811+0000] {processor.py:830} INFO - Processing file /opt/airflow/dags/arsenal_smart_match_scraper.py for tasks to queue
[2026-01-19T17:39:16.814+0000] {logging_mixin.py:188} INFO - [2026-01-19T17:39:16.813+0000] {dagbag.py:538} INFO - Filling up the DagBag from /opt/airflow/dags/arsenal_smart_match_scraper.py
[2026-01-19T17:39:16.963+0000] {processor.py:840} INFO - DAG(s) 'arsenal_smart_match_scraper' retrieved from /opt/airflow/dags/arsenal_smart_match_scraper.py
[2026-01-19T17:39:16.989+0000] {logging_mixin.py:188} INFO - [2026-01-19T17:39:16.989+0000] {dag.py:3036} INFO - Sync 1 DAGs
[2026-01-19T17:39:17.019+0000] {logging_mixin.py:188} INFO - [2026-01-19T17:39:17.018+0000] {dag.py:3823} INFO - Setting next_dagrun for arsenal_smart_match_scraper to 2026-01-19 12:00:00+00:00, run_after=2026-01-19 18:00:00+00:00
[2026-01-19T17:39:17.353+0000] {processor.py:183} INFO - Processing /opt/airflow/dags/arsenal_smart_match_scraper.py took 0.883 seconds
[2026-01-19T17:39:52.489+0000] {processor.py:161} INFO - Started process (PID=46913) to work on /opt/airflow/dags/arsenal_smart_match_scraper.py
[2026-01-19T17:39:52.509+0000] {processor.py:830} INFO - Processing file /opt/airflow/dags/arsenal_smart_match_scraper.py for tasks to queue
[2026-01-19T17:39:52.511+0000] {logging_mixin.py:188} INFO - [2026-01-19T17:39:52.510+0000] {dagbag.py:538} INFO - Filling up the DagBag from /opt/airflow/dags/arsenal_smart_match_scraper.py
[2026-01-19T17:39:52.588+0000] {processor.py:840} INFO - DAG(s) 'arsenal_smart_match_scraper' retrieved from /opt/airflow/dags/arsenal_smart_match_scraper.py
[2026-01-19T17:39:52.621+0000] {logging_mixin.py:188} INFO - [2026-01-19T17:39:52.620+0000] {dag.py:3036} INFO - Sync 1 DAGs
[2026-01-19T17:39:52.954+0000] {logging_mixin.py:188} INFO - [2026-01-19T17:39:52.954+0000] {dag.py:3823} INFO - Setting next_dagrun for arsenal_smart_match_scraper to 2026-01-19 12:00:00+00:00, run_after=2026-01-19 18:00:00+00:00
[2026-01-19T17:39:53.077+0000] {processor.py:183} INFO - Processing /opt/airflow/dags/arsenal_smart_match_scraper.py took 0.594 seconds
[2026-01-19T17:40:27.516+0000] {processor.py:161} INFO - Started process (PID=46949) to work on /opt/airflow/dags/arsenal_smart_match_scraper.py
[2026-01-19T17:40:27.894+0000] {processor.py:830} INFO - Processing file /opt/airflow/dags/arsenal_smart_match_scraper.py for tasks to queue
[2026-01-19T17:40:27.899+0000] {logging_mixin.py:188} INFO - [2026-01-19T17:40:27.897+0000] {dagbag.py:538} INFO - Filling up the DagBag from /opt/airflow/dags/arsenal_smart_match_scraper.py
[2026-01-19T17:40:28.061+0000] {processor.py:840} INFO - DAG(s) 'arsenal_smart_match_scraper' retrieved from /opt/airflow/dags/arsenal_smart_match_scraper.py
[2026-01-19T17:40:28.089+0000] {logging_mixin.py:188} INFO - [2026-01-19T17:40:28.089+0000] {dag.py:3036} INFO - Sync 1 DAGs
[2026-01-19T17:40:28.112+0000] {logging_mixin.py:188} INFO - [2026-01-19T17:40:28.112+0000] {dag.py:3823} INFO - Setting next_dagrun for arsenal_smart_match_scraper to 2026-01-19 12:00:00+00:00, run_after=2026-01-19 18:00:00+00:00
[2026-01-19T17:40:28.216+0000] {processor.py:183} INFO - Processing /opt/airflow/dags/arsenal_smart_match_scraper.py took 0.703 seconds
[2026-01-19T17:41:04.459+0000] {processor.py:161} INFO - Started process (PID=46991) to work on /opt/airflow/dags/arsenal_smart_match_scraper.py
[2026-01-19T17:41:06.075+0000] {processor.py:830} INFO - Processing file /opt/airflow/dags/arsenal_smart_match_scraper.py for tasks to queue
[2026-01-19T17:41:06.079+0000] {logging_mixin.py:188} INFO - [2026-01-19T17:41:06.077+0000] {dagbag.py:538} INFO - Filling up the DagBag from /opt/airflow/dags/arsenal_smart_match_scraper.py
[2026-01-19T17:41:06.251+0000] {processor.py:840} INFO - DAG(s) 'arsenal_smart_match_scraper' retrieved from /opt/airflow/dags/arsenal_smart_match_scraper.py
[2026-01-19T17:41:06.288+0000] {logging_mixin.py:188} INFO - [2026-01-19T17:41:06.288+0000] {dag.py:3036} INFO - Sync 1 DAGs
[2026-01-19T17:41:06.311+0000] {logging_mixin.py:188} INFO - [2026-01-19T17:41:06.311+0000] {dag.py:3823} INFO - Setting next_dagrun for arsenal_smart_match_scraper to 2026-01-19 12:00:00+00:00, run_after=2026-01-19 18:00:00+00:00
[2026-01-19T17:41:06.632+0000] {processor.py:183} INFO - Processing /opt/airflow/dags/arsenal_smart_match_scraper.py took 2.176 seconds
[2026-01-19T17:41:39.459+0000] {processor.py:161} INFO - Started process (PID=47027) to work on /opt/airflow/dags/arsenal_smart_match_scraper.py
[2026-01-19T17:41:39.930+0000] {processor.py:830} INFO - Processing file /opt/airflow/dags/arsenal_smart_match_scraper.py for tasks to queue
[2026-01-19T17:41:39.931+0000] {logging_mixin.py:188} INFO - [2026-01-19T17:41:39.930+0000] {dagbag.py:538} INFO - Filling up the DagBag from /opt/airflow/dags/arsenal_smart_match_scraper.py
[2026-01-19T17:41:39.981+0000] {processor.py:840} INFO - DAG(s) 'arsenal_smart_match_scraper' retrieved from /opt/airflow/dags/arsenal_smart_match_scraper.py
[2026-01-19T17:41:40.011+0000] {logging_mixin.py:188} INFO - [2026-01-19T17:41:40.011+0000] {dag.py:3036} INFO - Sync 1 DAGs
[2026-01-19T17:41:40.072+0000] {logging_mixin.py:188} INFO - [2026-01-19T17:41:40.071+0000] {dag.py:3823} INFO - Setting next_dagrun for arsenal_smart_match_scraper to 2026-01-19 12:00:00+00:00, run_after=2026-01-19 18:00:00+00:00
[2026-01-19T17:41:40.171+0000] {processor.py:183} INFO - Processing /opt/airflow/dags/arsenal_smart_match_scraper.py took 0.715 seconds
[2026-01-19T17:42:14.466+0000] {processor.py:161} INFO - Started process (PID=47063) to work on /opt/airflow/dags/arsenal_smart_match_scraper.py
[2026-01-19T17:42:14.500+0000] {processor.py:830} INFO - Processing file /opt/airflow/dags/arsenal_smart_match_scraper.py for tasks to queue
[2026-01-19T17:42:14.501+0000] {logging_mixin.py:188} INFO - [2026-01-19T17:42:14.500+0000] {dagbag.py:538} INFO - Filling up the DagBag from /opt/airflow/dags/arsenal_smart_match_scraper.py
[2026-01-19T17:42:14.544+0000] {processor.py:840} INFO - DAG(s) 'arsenal_smart_match_scraper' retrieved from /opt/airflow/dags/arsenal_smart_match_scraper.py
[2026-01-19T17:42:14.566+0000] {logging_mixin.py:188} INFO - [2026-01-19T17:42:14.566+0000] {dag.py:3036} INFO - Sync 1 DAGs
[2026-01-19T17:42:14.941+0000] {logging_mixin.py:188} INFO - [2026-01-19T17:42:14.941+0000] {dag.py:3823} INFO - Setting next_dagrun for arsenal_smart_match_scraper to 2026-01-19 12:00:00+00:00, run_after=2026-01-19 18:00:00+00:00
[2026-01-19T17:42:15.053+0000] {processor.py:183} INFO - Processing /opt/airflow/dags/arsenal_smart_match_scraper.py took 0.591 seconds
[2026-01-19T17:42:49.363+0000] {processor.py:161} INFO - Started process (PID=47099) to work on /opt/airflow/dags/arsenal_smart_match_scraper.py
[2026-01-19T17:42:49.409+0000] {processor.py:830} INFO - Processing file /opt/airflow/dags/arsenal_smart_match_scraper.py for tasks to queue
[2026-01-19T17:42:49.410+0000] {logging_mixin.py:188} INFO - [2026-01-19T17:42:49.409+0000] {dagbag.py:538} INFO - Filling up the DagBag from /opt/airflow/dags/arsenal_smart_match_scraper.py
[2026-01-19T17:42:49.454+0000] {processor.py:840} INFO - DAG(s) 'arsenal_smart_match_scraper' retrieved from /opt/airflow/dags/arsenal_smart_match_scraper.py
[2026-01-19T17:42:49.476+0000] {logging_mixin.py:188} INFO - [2026-01-19T17:42:49.475+0000] {dag.py:3036} INFO - Sync 1 DAGs
[2026-01-19T17:42:49.498+0000] {logging_mixin.py:188} INFO - [2026-01-19T17:42:49.498+0000] {dag.py:3823} INFO - Setting next_dagrun for arsenal_smart_match_scraper to 2026-01-19 12:00:00+00:00, run_after=2026-01-19 18:00:00+00:00
[2026-01-19T17:42:49.842+0000] {processor.py:183} INFO - Processing /opt/airflow/dags/arsenal_smart_match_scraper.py took 0.482 seconds
[2026-01-19T17:43:26.494+0000] {processor.py:161} INFO - Started process (PID=47135) to work on /opt/airflow/dags/arsenal_smart_match_scraper.py
[2026-01-19T17:43:26.552+0000] {processor.py:830} INFO - Processing file /opt/airflow/dags/arsenal_smart_match_scraper.py for tasks to queue
[2026-01-19T17:43:26.553+0000] {logging_mixin.py:188} INFO - [2026-01-19T17:43:26.553+0000] {dagbag.py:538} INFO - Filling up the DagBag from /opt/airflow/dags/arsenal_smart_match_scraper.py
[2026-01-19T17:43:26.597+0000] {processor.py:840} INFO - DAG(s) 'arsenal_smart_match_scraper' retrieved from /opt/airflow/dags/arsenal_smart_match_scraper.py
[2026-01-19T17:43:26.619+0000] {logging_mixin.py:188} INFO - [2026-01-19T17:43:26.619+0000] {dag.py:3036} INFO - Sync 1 DAGs
[2026-01-19T17:43:26.636+0000] {logging_mixin.py:188} INFO - [2026-01-19T17:43:26.636+0000] {dag.py:3823} INFO - Setting next_dagrun for arsenal_smart_match_scraper to 2026-01-19 12:00:00+00:00, run_after=2026-01-19 18:00:00+00:00
[2026-01-19T17:43:27.020+0000] {processor.py:183} INFO - Processing /opt/airflow/dags/arsenal_smart_match_scraper.py took 0.532 seconds
[2026-01-19T17:44:01.541+0000] {processor.py:161} INFO - Started process (PID=47174) to work on /opt/airflow/dags/arsenal_smart_match_scraper.py
[2026-01-19T17:44:01.554+0000] {processor.py:830} INFO - Processing file /opt/airflow/dags/arsenal_smart_match_scraper.py for tasks to queue
[2026-01-19T17:44:01.555+0000] {logging_mixin.py:188} INFO - [2026-01-19T17:44:01.554+0000] {dagbag.py:538} INFO - Filling up the DagBag from /opt/airflow/dags/arsenal_smart_match_scraper.py
[2026-01-19T17:44:01.618+0000] {processor.py:840} INFO - DAG(s) 'arsenal_smart_match_scraper' retrieved from /opt/airflow/dags/arsenal_smart_match_scraper.py
[2026-01-19T17:44:01.970+0000] {logging_mixin.py:188} INFO - [2026-01-19T17:44:01.969+0000] {dag.py:3036} INFO - Sync 1 DAGs
[2026-01-19T17:44:02.031+0000] {logging_mixin.py:188} INFO - [2026-01-19T17:44:02.031+0000] {dag.py:3823} INFO - Setting next_dagrun for arsenal_smart_match_scraper to 2026-01-19 12:00:00+00:00, run_after=2026-01-19 18:00:00+00:00
[2026-01-19T17:44:02.081+0000] {processor.py:183} INFO - Processing /opt/airflow/dags/arsenal_smart_match_scraper.py took 0.545 seconds
[2026-01-19T17:44:36.449+0000] {processor.py:161} INFO - Started process (PID=47210) to work on /opt/airflow/dags/arsenal_smart_match_scraper.py
[2026-01-19T17:44:36.468+0000] {processor.py:830} INFO - Processing file /opt/airflow/dags/arsenal_smart_match_scraper.py for tasks to queue
[2026-01-19T17:44:36.470+0000] {logging_mixin.py:188} INFO - [2026-01-19T17:44:36.469+0000] {dagbag.py:538} INFO - Filling up the DagBag from /opt/airflow/dags/arsenal_smart_match_scraper.py
[2026-01-19T17:44:36.540+0000] {processor.py:840} INFO - DAG(s) 'arsenal_smart_match_scraper' retrieved from /opt/airflow/dags/arsenal_smart_match_scraper.py
[2026-01-19T17:44:36.562+0000] {logging_mixin.py:188} INFO - [2026-01-19T17:44:36.562+0000] {dag.py:3036} INFO - Sync 1 DAGs
[2026-01-19T17:44:36.581+0000] {logging_mixin.py:188} INFO - [2026-01-19T17:44:36.581+0000] {dag.py:3823} INFO - Setting next_dagrun for arsenal_smart_match_scraper to 2026-01-19 12:00:00+00:00, run_after=2026-01-19 18:00:00+00:00
[2026-01-19T17:44:37.012+0000] {processor.py:183} INFO - Processing /opt/airflow/dags/arsenal_smart_match_scraper.py took 0.567 seconds
[2026-01-19T17:45:12.478+0000] {processor.py:161} INFO - Started process (PID=47246) to work on /opt/airflow/dags/arsenal_smart_match_scraper.py
[2026-01-19T17:45:12.512+0000] {processor.py:830} INFO - Processing file /opt/airflow/dags/arsenal_smart_match_scraper.py for tasks to queue
[2026-01-19T17:45:12.513+0000] {logging_mixin.py:188} INFO - [2026-01-19T17:45:12.512+0000] {dagbag.py:538} INFO - Filling up the DagBag from /opt/airflow/dags/arsenal_smart_match_scraper.py
[2026-01-19T17:45:12.570+0000] {processor.py:840} INFO - DAG(s) 'arsenal_smart_match_scraper' retrieved from /opt/airflow/dags/arsenal_smart_match_scraper.py
[2026-01-19T17:45:12.594+0000] {logging_mixin.py:188} INFO - [2026-01-19T17:45:12.594+0000] {dag.py:3036} INFO - Sync 1 DAGs
[2026-01-19T17:45:12.613+0000] {logging_mixin.py:188} INFO - [2026-01-19T17:45:12.613+0000] {dag.py:3823} INFO - Setting next_dagrun for arsenal_smart_match_scraper to 2026-01-19 12:00:00+00:00, run_after=2026-01-19 18:00:00+00:00
[2026-01-19T17:45:13.024+0000] {processor.py:183} INFO - Processing /opt/airflow/dags/arsenal_smart_match_scraper.py took 0.551 seconds
[2026-01-19T17:45:48.865+0000] {processor.py:161} INFO - Started process (PID=47284) to work on /opt/airflow/dags/arsenal_smart_match_scraper.py
[2026-01-19T17:45:48.878+0000] {processor.py:830} INFO - Processing file /opt/airflow/dags/arsenal_smart_match_scraper.py for tasks to queue
[2026-01-19T17:45:48.879+0000] {logging_mixin.py:188} INFO - [2026-01-19T17:45:48.878+0000] {dagbag.py:538} INFO - Filling up the DagBag from /opt/airflow/dags/arsenal_smart_match_scraper.py
[2026-01-19T17:45:48.931+0000] {processor.py:840} INFO - DAG(s) 'arsenal_smart_match_scraper' retrieved from /opt/airflow/dags/arsenal_smart_match_scraper.py
[2026-01-19T17:45:48.954+0000] {logging_mixin.py:188} INFO - [2026-01-19T17:45:48.954+0000] {dag.py:3036} INFO - Sync 1 DAGs
[2026-01-19T17:45:48.978+0000] {logging_mixin.py:188} INFO - [2026-01-19T17:45:48.978+0000] {dag.py:3823} INFO - Setting next_dagrun for arsenal_smart_match_scraper to 2026-01-19 12:00:00+00:00, run_after=2026-01-19 18:00:00+00:00
[2026-01-19T17:45:49.066+0000] {processor.py:183} INFO - Processing /opt/airflow/dags/arsenal_smart_match_scraper.py took 0.204 seconds
[2026-01-19T17:46:23.468+0000] {processor.py:161} INFO - Started process (PID=47318) to work on /opt/airflow/dags/arsenal_smart_match_scraper.py
[2026-01-19T17:46:23.846+0000] {processor.py:830} INFO - Processing file /opt/airflow/dags/arsenal_smart_match_scraper.py for tasks to queue
[2026-01-19T17:46:23.849+0000] {logging_mixin.py:188} INFO - [2026-01-19T17:46:23.848+0000] {dagbag.py:538} INFO - Filling up the DagBag from /opt/airflow/dags/arsenal_smart_match_scraper.py
[2026-01-19T17:46:24.013+0000] {processor.py:840} INFO - DAG(s) 'arsenal_smart_match_scraper' retrieved from /opt/airflow/dags/arsenal_smart_match_scraper.py
[2026-01-19T17:46:24.036+0000] {logging_mixin.py:188} INFO - [2026-01-19T17:46:24.036+0000] {dag.py:3036} INFO - Sync 1 DAGs
[2026-01-19T17:46:24.056+0000] {logging_mixin.py:188} INFO - [2026-01-19T17:46:24.055+0000] {dag.py:3823} INFO - Setting next_dagrun for arsenal_smart_match_scraper to 2026-01-19 12:00:00+00:00, run_after=2026-01-19 18:00:00+00:00
[2026-01-19T17:46:24.152+0000] {processor.py:183} INFO - Processing /opt/airflow/dags/arsenal_smart_match_scraper.py took 0.687 seconds
[2026-01-19T17:47:00.852+0000] {processor.py:161} INFO - Started process (PID=47354) to work on /opt/airflow/dags/arsenal_smart_match_scraper.py
[2026-01-19T17:47:01.477+0000] {processor.py:830} INFO - Processing file /opt/airflow/dags/arsenal_smart_match_scraper.py for tasks to queue
[2026-01-19T17:47:01.481+0000] {logging_mixin.py:188} INFO - [2026-01-19T17:47:01.479+0000] {dagbag.py:538} INFO - Filling up the DagBag from /opt/airflow/dags/arsenal_smart_match_scraper.py
[2026-01-19T17:47:01.638+0000] {processor.py:840} INFO - DAG(s) 'arsenal_smart_match_scraper' retrieved from /opt/airflow/dags/arsenal_smart_match_scraper.py
[2026-01-19T17:47:01.702+0000] {logging_mixin.py:188} INFO - [2026-01-19T17:47:01.702+0000] {dag.py:3036} INFO - Sync 1 DAGs
[2026-01-19T17:47:01.757+0000] {logging_mixin.py:188} INFO - [2026-01-19T17:47:01.757+0000] {dag.py:3823} INFO - Setting next_dagrun for arsenal_smart_match_scraper to 2026-01-19 12:00:00+00:00, run_after=2026-01-19 18:00:00+00:00
[2026-01-19T17:47:01.887+0000] {processor.py:183} INFO - Processing /opt/airflow/dags/arsenal_smart_match_scraper.py took 1.041 seconds
[2026-01-19T17:47:35.860+0000] {processor.py:161} INFO - Started process (PID=47390) to work on /opt/airflow/dags/arsenal_smart_match_scraper.py
[2026-01-19T17:47:35.951+0000] {processor.py:830} INFO - Processing file /opt/airflow/dags/arsenal_smart_match_scraper.py for tasks to queue
[2026-01-19T17:47:35.953+0000] {logging_mixin.py:188} INFO - [2026-01-19T17:47:35.952+0000] {dagbag.py:538} INFO - Filling up the DagBag from /opt/airflow/dags/arsenal_smart_match_scraper.py
[2026-01-19T17:47:36.066+0000] {processor.py:840} INFO - DAG(s) 'arsenal_smart_match_scraper' retrieved from /opt/airflow/dags/arsenal_smart_match_scraper.py
[2026-01-19T17:47:36.107+0000] {logging_mixin.py:188} INFO - [2026-01-19T17:47:36.107+0000] {dag.py:3036} INFO - Sync 1 DAGs
[2026-01-19T17:47:36.160+0000] {logging_mixin.py:188} INFO - [2026-01-19T17:47:36.159+0000] {dag.py:3823} INFO - Setting next_dagrun for arsenal_smart_match_scraper to 2026-01-19 12:00:00+00:00, run_after=2026-01-19 18:00:00+00:00
[2026-01-19T17:47:36.252+0000] {processor.py:183} INFO - Processing /opt/airflow/dags/arsenal_smart_match_scraper.py took 0.397 seconds
[2026-01-19T17:48:14.667+0000] {processor.py:161} INFO - Started process (PID=47427) to work on /opt/airflow/dags/arsenal_smart_match_scraper.py
[2026-01-19T17:48:14.687+0000] {processor.py:830} INFO - Processing file /opt/airflow/dags/arsenal_smart_match_scraper.py for tasks to queue
[2026-01-19T17:48:14.693+0000] {logging_mixin.py:188} INFO - [2026-01-19T17:48:14.691+0000] {dagbag.py:538} INFO - Filling up the DagBag from /opt/airflow/dags/arsenal_smart_match_scraper.py
[2026-01-19T17:48:15.028+0000] {processor.py:840} INFO - DAG(s) 'arsenal_smart_match_scraper' retrieved from /opt/airflow/dags/arsenal_smart_match_scraper.py
[2026-01-19T17:48:15.152+0000] {logging_mixin.py:188} INFO - [2026-01-19T17:48:15.151+0000] {dag.py:3036} INFO - Sync 1 DAGs
[2026-01-19T17:48:15.274+0000] {logging_mixin.py:188} INFO - [2026-01-19T17:48:15.273+0000] {dag.py:3823} INFO - Setting next_dagrun for arsenal_smart_match_scraper to 2026-01-19 12:00:00+00:00, run_after=2026-01-19 18:00:00+00:00
[2026-01-19T17:48:15.377+0000] {processor.py:183} INFO - Processing /opt/airflow/dags/arsenal_smart_match_scraper.py took 0.723 seconds
[2026-01-19T17:48:47.628+0000] {processor.py:161} INFO - Started process (PID=47466) to work on /opt/airflow/dags/arsenal_smart_match_scraper.py
[2026-01-19T17:48:47.642+0000] {processor.py:830} INFO - Processing file /opt/airflow/dags/arsenal_smart_match_scraper.py for tasks to queue
[2026-01-19T17:48:47.647+0000] {logging_mixin.py:188} INFO - [2026-01-19T17:48:47.645+0000] {dagbag.py:538} INFO - Filling up the DagBag from /opt/airflow/dags/arsenal_smart_match_scraper.py
[2026-01-19T17:48:47.926+0000] {processor.py:840} INFO - DAG(s) 'arsenal_smart_match_scraper' retrieved from /opt/airflow/dags/arsenal_smart_match_scraper.py
[2026-01-19T17:48:48.037+0000] {logging_mixin.py:188} INFO - [2026-01-19T17:48:48.036+0000] {dag.py:3036} INFO - Sync 1 DAGs
[2026-01-19T17:48:48.140+0000] {logging_mixin.py:188} INFO - [2026-01-19T17:48:48.139+0000] {dag.py:3823} INFO - Setting next_dagrun for arsenal_smart_match_scraper to 2026-01-19 12:00:00+00:00, run_after=2026-01-19 18:00:00+00:00
[2026-01-19T17:48:48.269+0000] {processor.py:183} INFO - Processing /opt/airflow/dags/arsenal_smart_match_scraper.py took 0.654 seconds
[2026-01-19T17:49:25.483+0000] {processor.py:161} INFO - Started process (PID=47506) to work on /opt/airflow/dags/arsenal_smart_match_scraper.py
[2026-01-19T17:49:27.129+0000] {processor.py:830} INFO - Processing file /opt/airflow/dags/arsenal_smart_match_scraper.py for tasks to queue
[2026-01-19T17:49:27.131+0000] {logging_mixin.py:188} INFO - [2026-01-19T17:49:27.130+0000] {dagbag.py:538} INFO - Filling up the DagBag from /opt/airflow/dags/arsenal_smart_match_scraper.py
[2026-01-19T17:49:27.293+0000] {processor.py:840} INFO - DAG(s) 'arsenal_smart_match_scraper' retrieved from /opt/airflow/dags/arsenal_smart_match_scraper.py
[2026-01-19T17:49:27.365+0000] {logging_mixin.py:188} INFO - [2026-01-19T17:49:27.365+0000] {dag.py:3036} INFO - Sync 1 DAGs
[2026-01-19T17:49:27.428+0000] {logging_mixin.py:188} INFO - [2026-01-19T17:49:27.428+0000] {dag.py:3823} INFO - Setting next_dagrun for arsenal_smart_match_scraper to 2026-01-19 12:00:00+00:00, run_after=2026-01-19 18:00:00+00:00
[2026-01-19T17:49:27.860+0000] {processor.py:183} INFO - Processing /opt/airflow/dags/arsenal_smart_match_scraper.py took 2.386 seconds
[2026-01-19T17:50:02.559+0000] {processor.py:161} INFO - Started process (PID=47542) to work on /opt/airflow/dags/arsenal_smart_match_scraper.py
[2026-01-19T17:50:02.606+0000] {processor.py:830} INFO - Processing file /opt/airflow/dags/arsenal_smart_match_scraper.py for tasks to queue
[2026-01-19T17:50:02.610+0000] {logging_mixin.py:188} INFO - [2026-01-19T17:50:02.608+0000] {dagbag.py:538} INFO - Filling up the DagBag from /opt/airflow/dags/arsenal_smart_match_scraper.py
[2026-01-19T17:50:02.834+0000] {processor.py:840} INFO - DAG(s) 'arsenal_smart_match_scraper' retrieved from /opt/airflow/dags/arsenal_smart_match_scraper.py
[2026-01-19T17:50:02.932+0000] {logging_mixin.py:188} INFO - [2026-01-19T17:50:02.931+0000] {dag.py:3036} INFO - Sync 1 DAGs
[2026-01-19T17:50:03.029+0000] {logging_mixin.py:188} INFO - [2026-01-19T17:50:03.028+0000] {dag.py:3823} INFO - Setting next_dagrun for arsenal_smart_match_scraper to 2026-01-19 12:00:00+00:00, run_after=2026-01-19 18:00:00+00:00
[2026-01-19T17:50:03.111+0000] {processor.py:183} INFO - Processing /opt/airflow/dags/arsenal_smart_match_scraper.py took 0.564 seconds
[2026-01-19T17:50:37.572+0000] {processor.py:161} INFO - Started process (PID=47580) to work on /opt/airflow/dags/arsenal_smart_match_scraper.py
[2026-01-19T17:50:37.588+0000] {processor.py:830} INFO - Processing file /opt/airflow/dags/arsenal_smart_match_scraper.py for tasks to queue
[2026-01-19T17:50:37.591+0000] {logging_mixin.py:188} INFO - [2026-01-19T17:50:37.590+0000] {dagbag.py:538} INFO - Filling up the DagBag from /opt/airflow/dags/arsenal_smart_match_scraper.py
[2026-01-19T17:50:37.770+0000] {processor.py:840} INFO - DAG(s) 'arsenal_smart_match_scraper' retrieved from /opt/airflow/dags/arsenal_smart_match_scraper.py
[2026-01-19T17:50:37.883+0000] {logging_mixin.py:188} INFO - [2026-01-19T17:50:37.882+0000] {dag.py:3036} INFO - Sync 1 DAGs
[2026-01-19T17:50:37.991+0000] {logging_mixin.py:188} INFO - [2026-01-19T17:50:37.990+0000] {dag.py:3823} INFO - Setting next_dagrun for arsenal_smart_match_scraper to 2026-01-19 12:00:00+00:00, run_after=2026-01-19 18:00:00+00:00
[2026-01-19T17:50:38.079+0000] {processor.py:183} INFO - Processing /opt/airflow/dags/arsenal_smart_match_scraper.py took 0.519 seconds
[2026-01-19T17:51:12.640+0000] {processor.py:161} INFO - Started process (PID=47614) to work on /opt/airflow/dags/arsenal_smart_match_scraper.py
[2026-01-19T17:51:12.683+0000] {processor.py:830} INFO - Processing file /opt/airflow/dags/arsenal_smart_match_scraper.py for tasks to queue
[2026-01-19T17:51:12.690+0000] {logging_mixin.py:188} INFO - [2026-01-19T17:51:12.686+0000] {dagbag.py:538} INFO - Filling up the DagBag from /opt/airflow/dags/arsenal_smart_match_scraper.py
[2026-01-19T17:51:12.945+0000] {processor.py:840} INFO - DAG(s) 'arsenal_smart_match_scraper' retrieved from /opt/airflow/dags/arsenal_smart_match_scraper.py
[2026-01-19T17:51:13.060+0000] {logging_mixin.py:188} INFO - [2026-01-19T17:51:13.059+0000] {dag.py:3036} INFO - Sync 1 DAGs
[2026-01-19T17:51:13.167+0000] {logging_mixin.py:188} INFO - [2026-01-19T17:51:13.166+0000] {dag.py:3823} INFO - Setting next_dagrun for arsenal_smart_match_scraper to 2026-01-19 12:00:00+00:00, run_after=2026-01-19 18:00:00+00:00
[2026-01-19T17:51:13.292+0000] {processor.py:183} INFO - Processing /opt/airflow/dags/arsenal_smart_match_scraper.py took 0.664 seconds
[2026-01-19T17:51:48.095+0000] {processor.py:161} INFO - Started process (PID=47649) to work on /opt/airflow/dags/arsenal_smart_match_scraper.py
[2026-01-19T17:51:48.127+0000] {processor.py:830} INFO - Processing file /opt/airflow/dags/arsenal_smart_match_scraper.py for tasks to queue
[2026-01-19T17:51:48.132+0000] {logging_mixin.py:188} INFO - [2026-01-19T17:51:48.129+0000] {dagbag.py:538} INFO - Filling up the DagBag from /opt/airflow/dags/arsenal_smart_match_scraper.py
[2026-01-19T17:51:48.438+0000] {processor.py:840} INFO - DAG(s) 'arsenal_smart_match_scraper' retrieved from /opt/airflow/dags/arsenal_smart_match_scraper.py
[2026-01-19T17:51:48.565+0000] {logging_mixin.py:188} INFO - [2026-01-19T17:51:48.565+0000] {dag.py:3036} INFO - Sync 1 DAGs
[2026-01-19T17:51:48.672+0000] {logging_mixin.py:188} INFO - [2026-01-19T17:51:48.671+0000] {dag.py:3823} INFO - Setting next_dagrun for arsenal_smart_match_scraper to 2026-01-19 12:00:00+00:00, run_after=2026-01-19 18:00:00+00:00
[2026-01-19T17:51:48.796+0000] {processor.py:183} INFO - Processing /opt/airflow/dags/arsenal_smart_match_scraper.py took 0.730 seconds
[2026-01-19T17:52:25.660+0000] {processor.py:161} INFO - Started process (PID=47686) to work on /opt/airflow/dags/arsenal_smart_match_scraper.py
[2026-01-19T17:52:25.682+0000] {processor.py:830} INFO - Processing file /opt/airflow/dags/arsenal_smart_match_scraper.py for tasks to queue
[2026-01-19T17:52:25.685+0000] {logging_mixin.py:188} INFO - [2026-01-19T17:52:25.684+0000] {dagbag.py:538} INFO - Filling up the DagBag from /opt/airflow/dags/arsenal_smart_match_scraper.py
[2026-01-19T17:52:25.908+0000] {processor.py:840} INFO - DAG(s) 'arsenal_smart_match_scraper' retrieved from /opt/airflow/dags/arsenal_smart_match_scraper.py
[2026-01-19T17:52:25.993+0000] {logging_mixin.py:188} INFO - [2026-01-19T17:52:25.992+0000] {dag.py:3036} INFO - Sync 1 DAGs
[2026-01-19T17:52:26.094+0000] {logging_mixin.py:188} INFO - [2026-01-19T17:52:26.093+0000] {dag.py:3823} INFO - Setting next_dagrun for arsenal_smart_match_scraper to 2026-01-19 12:00:00+00:00, run_after=2026-01-19 18:00:00+00:00
[2026-01-19T17:52:26.189+0000] {processor.py:183} INFO - Processing /opt/airflow/dags/arsenal_smart_match_scraper.py took 0.542 seconds
[2026-01-19T17:53:00.609+0000] {processor.py:161} INFO - Started process (PID=47724) to work on /opt/airflow/dags/arsenal_smart_match_scraper.py
[2026-01-19T17:53:00.620+0000] {processor.py:830} INFO - Processing file /opt/airflow/dags/arsenal_smart_match_scraper.py for tasks to queue
[2026-01-19T17:53:00.623+0000] {logging_mixin.py:188} INFO - [2026-01-19T17:53:00.622+0000] {dagbag.py:538} INFO - Filling up the DagBag from /opt/airflow/dags/arsenal_smart_match_scraper.py
[2026-01-19T17:53:00.872+0000] {processor.py:840} INFO - DAG(s) 'arsenal_smart_match_scraper' retrieved from /opt/airflow/dags/arsenal_smart_match_scraper.py
[2026-01-19T17:53:00.993+0000] {logging_mixin.py:188} INFO - [2026-01-19T17:53:00.992+0000] {dag.py:3036} INFO - Sync 1 DAGs
[2026-01-19T17:53:01.100+0000] {logging_mixin.py:188} INFO - [2026-01-19T17:53:01.099+0000] {dag.py:3823} INFO - Setting next_dagrun for arsenal_smart_match_scraper to 2026-01-19 12:00:00+00:00, run_after=2026-01-19 18:00:00+00:00
[2026-01-19T17:53:01.188+0000] {processor.py:183} INFO - Processing /opt/airflow/dags/arsenal_smart_match_scraper.py took 0.591 seconds
[2026-01-19T17:53:36.559+0000] {processor.py:161} INFO - Started process (PID=47760) to work on /opt/airflow/dags/arsenal_smart_match_scraper.py
[2026-01-19T17:53:36.576+0000] {processor.py:830} INFO - Processing file /opt/airflow/dags/arsenal_smart_match_scraper.py for tasks to queue
[2026-01-19T17:53:36.581+0000] {logging_mixin.py:188} INFO - [2026-01-19T17:53:36.579+0000] {dagbag.py:538} INFO - Filling up the DagBag from /opt/airflow/dags/arsenal_smart_match_scraper.py
[2026-01-19T17:53:36.758+0000] {processor.py:840} INFO - DAG(s) 'arsenal_smart_match_scraper' retrieved from /opt/airflow/dags/arsenal_smart_match_scraper.py
[2026-01-19T17:53:36.852+0000] {logging_mixin.py:188} INFO - [2026-01-19T17:53:36.851+0000] {dag.py:3036} INFO - Sync 1 DAGs
[2026-01-19T17:53:36.988+0000] {logging_mixin.py:188} INFO - [2026-01-19T17:53:36.972+0000] {dag.py:3823} INFO - Setting next_dagrun for arsenal_smart_match_scraper to 2026-01-19 12:00:00+00:00, run_after=2026-01-19 18:00:00+00:00
[2026-01-19T17:53:37.079+0000] {processor.py:183} INFO - Processing /opt/airflow/dags/arsenal_smart_match_scraper.py took 0.531 seconds
[2026-01-19T17:54:12.060+0000] {processor.py:161} INFO - Started process (PID=47794) to work on /opt/airflow/dags/arsenal_smart_match_scraper.py
[2026-01-19T17:54:12.090+0000] {processor.py:830} INFO - Processing file /opt/airflow/dags/arsenal_smart_match_scraper.py for tasks to queue
[2026-01-19T17:54:12.102+0000] {logging_mixin.py:188} INFO - [2026-01-19T17:54:12.100+0000] {dagbag.py:538} INFO - Filling up the DagBag from /opt/airflow/dags/arsenal_smart_match_scraper.py
[2026-01-19T17:54:12.428+0000] {processor.py:840} INFO - DAG(s) 'arsenal_smart_match_scraper' retrieved from /opt/airflow/dags/arsenal_smart_match_scraper.py
[2026-01-19T17:54:12.555+0000] {logging_mixin.py:188} INFO - [2026-01-19T17:54:12.555+0000] {dag.py:3036} INFO - Sync 1 DAGs
[2026-01-19T17:54:12.665+0000] {logging_mixin.py:188} INFO - [2026-01-19T17:54:12.664+0000] {dag.py:3823} INFO - Setting next_dagrun for arsenal_smart_match_scraper to 2026-01-19 12:00:00+00:00, run_after=2026-01-19 18:00:00+00:00
[2026-01-19T17:54:12.783+0000] {processor.py:183} INFO - Processing /opt/airflow/dags/arsenal_smart_match_scraper.py took 0.738 seconds
[2026-01-19T17:54:48.138+0000] {processor.py:161} INFO - Started process (PID=47830) to work on /opt/airflow/dags/arsenal_smart_match_scraper.py
[2026-01-19T17:54:48.149+0000] {processor.py:830} INFO - Processing file /opt/airflow/dags/arsenal_smart_match_scraper.py for tasks to queue
[2026-01-19T17:54:48.153+0000] {logging_mixin.py:188} INFO - [2026-01-19T17:54:48.151+0000] {dagbag.py:538} INFO - Filling up the DagBag from /opt/airflow/dags/arsenal_smart_match_scraper.py
[2026-01-19T17:54:48.509+0000] {processor.py:840} INFO - DAG(s) 'arsenal_smart_match_scraper' retrieved from /opt/airflow/dags/arsenal_smart_match_scraper.py
[2026-01-19T17:54:48.628+0000] {logging_mixin.py:188} INFO - [2026-01-19T17:54:48.627+0000] {dag.py:3036} INFO - Sync 1 DAGs
[2026-01-19T17:54:48.771+0000] {logging_mixin.py:188} INFO - [2026-01-19T17:54:48.770+0000] {dag.py:3823} INFO - Setting next_dagrun for arsenal_smart_match_scraper to 2026-01-19 12:00:00+00:00, run_after=2026-01-19 18:00:00+00:00
[2026-01-19T17:54:48.909+0000] {processor.py:183} INFO - Processing /opt/airflow/dags/arsenal_smart_match_scraper.py took 0.794 seconds
[2026-01-19T17:55:27.196+0000] {processor.py:161} INFO - Started process (PID=47866) to work on /opt/airflow/dags/arsenal_smart_match_scraper.py
[2026-01-19T17:55:27.213+0000] {processor.py:830} INFO - Processing file /opt/airflow/dags/arsenal_smart_match_scraper.py for tasks to queue
[2026-01-19T17:55:27.216+0000] {logging_mixin.py:188} INFO - [2026-01-19T17:55:27.215+0000] {dagbag.py:538} INFO - Filling up the DagBag from /opt/airflow/dags/arsenal_smart_match_scraper.py
[2026-01-19T17:55:27.540+0000] {processor.py:840} INFO - DAG(s) 'arsenal_smart_match_scraper' retrieved from /opt/airflow/dags/arsenal_smart_match_scraper.py
[2026-01-19T17:55:27.659+0000] {logging_mixin.py:188} INFO - [2026-01-19T17:55:27.658+0000] {dag.py:3036} INFO - Sync 1 DAGs
[2026-01-19T17:55:27.777+0000] {logging_mixin.py:188} INFO - [2026-01-19T17:55:27.776+0000] {dag.py:3823} INFO - Setting next_dagrun for arsenal_smart_match_scraper to 2026-01-19 12:00:00+00:00, run_after=2026-01-19 18:00:00+00:00
[2026-01-19T17:55:27.899+0000] {processor.py:183} INFO - Processing /opt/airflow/dags/arsenal_smart_match_scraper.py took 0.726 seconds
[2026-01-19T17:56:04.193+0000] {processor.py:161} INFO - Started process (PID=47902) to work on /opt/airflow/dags/arsenal_smart_match_scraper.py
[2026-01-19T17:56:04.208+0000] {processor.py:830} INFO - Processing file /opt/airflow/dags/arsenal_smart_match_scraper.py for tasks to queue
[2026-01-19T17:56:04.227+0000] {logging_mixin.py:188} INFO - [2026-01-19T17:56:04.225+0000] {dagbag.py:538} INFO - Filling up the DagBag from /opt/airflow/dags/arsenal_smart_match_scraper.py
[2026-01-19T17:56:04.560+0000] {processor.py:840} INFO - DAG(s) 'arsenal_smart_match_scraper' retrieved from /opt/airflow/dags/arsenal_smart_match_scraper.py
[2026-01-19T17:56:04.684+0000] {logging_mixin.py:188} INFO - [2026-01-19T17:56:04.682+0000] {dag.py:3036} INFO - Sync 1 DAGs
[2026-01-19T17:56:04.789+0000] {logging_mixin.py:188} INFO - [2026-01-19T17:56:04.788+0000] {dag.py:3823} INFO - Setting next_dagrun for arsenal_smart_match_scraper to 2026-01-19 12:00:00+00:00, run_after=2026-01-19 18:00:00+00:00
[2026-01-19T17:56:04.869+0000] {processor.py:183} INFO - Processing /opt/airflow/dags/arsenal_smart_match_scraper.py took 0.714 seconds
[2026-01-19T17:56:40.103+0000] {processor.py:161} INFO - Started process (PID=47938) to work on /opt/airflow/dags/arsenal_smart_match_scraper.py
[2026-01-19T17:56:40.116+0000] {processor.py:830} INFO - Processing file /opt/airflow/dags/arsenal_smart_match_scraper.py for tasks to queue
[2026-01-19T17:56:40.125+0000] {logging_mixin.py:188} INFO - [2026-01-19T17:56:40.124+0000] {dagbag.py:538} INFO - Filling up the DagBag from /opt/airflow/dags/arsenal_smart_match_scraper.py
[2026-01-19T17:56:40.413+0000] {processor.py:840} INFO - DAG(s) 'arsenal_smart_match_scraper' retrieved from /opt/airflow/dags/arsenal_smart_match_scraper.py
[2026-01-19T17:56:40.548+0000] {logging_mixin.py:188} INFO - [2026-01-19T17:56:40.547+0000] {dag.py:3036} INFO - Sync 1 DAGs
[2026-01-19T17:56:40.660+0000] {logging_mixin.py:188} INFO - [2026-01-19T17:56:40.659+0000] {dag.py:3823} INFO - Setting next_dagrun for arsenal_smart_match_scraper to 2026-01-19 12:00:00+00:00, run_after=2026-01-19 18:00:00+00:00
[2026-01-19T17:56:40.772+0000] {processor.py:183} INFO - Processing /opt/airflow/dags/arsenal_smart_match_scraper.py took 0.709 seconds
[2026-01-19T17:57:15.170+0000] {processor.py:161} INFO - Started process (PID=47974) to work on /opt/airflow/dags/arsenal_smart_match_scraper.py
[2026-01-19T17:57:15.193+0000] {processor.py:830} INFO - Processing file /opt/airflow/dags/arsenal_smart_match_scraper.py for tasks to queue
[2026-01-19T17:57:15.202+0000] {logging_mixin.py:188} INFO - [2026-01-19T17:57:15.195+0000] {dagbag.py:538} INFO - Filling up the DagBag from /opt/airflow/dags/arsenal_smart_match_scraper.py
[2026-01-19T17:57:15.573+0000] {processor.py:840} INFO - DAG(s) 'arsenal_smart_match_scraper' retrieved from /opt/airflow/dags/arsenal_smart_match_scraper.py
[2026-01-19T17:57:15.686+0000] {logging_mixin.py:188} INFO - [2026-01-19T17:57:15.685+0000] {dag.py:3036} INFO - Sync 1 DAGs
[2026-01-19T17:57:15.795+0000] {logging_mixin.py:188} INFO - [2026-01-19T17:57:15.794+0000] {dag.py:3823} INFO - Setting next_dagrun for arsenal_smart_match_scraper to 2026-01-19 12:00:00+00:00, run_after=2026-01-19 18:00:00+00:00
[2026-01-19T17:57:15.888+0000] {processor.py:183} INFO - Processing /opt/airflow/dags/arsenal_smart_match_scraper.py took 0.746 seconds
[2026-01-19T17:57:52.279+0000] {processor.py:161} INFO - Started process (PID=48010) to work on /opt/airflow/dags/arsenal_smart_match_scraper.py
[2026-01-19T17:57:52.295+0000] {processor.py:830} INFO - Processing file /opt/airflow/dags/arsenal_smart_match_scraper.py for tasks to queue
[2026-01-19T17:57:52.298+0000] {logging_mixin.py:188} INFO - [2026-01-19T17:57:52.297+0000] {dagbag.py:538} INFO - Filling up the DagBag from /opt/airflow/dags/arsenal_smart_match_scraper.py
[2026-01-19T17:57:52.636+0000] {processor.py:840} INFO - DAG(s) 'arsenal_smart_match_scraper' retrieved from /opt/airflow/dags/arsenal_smart_match_scraper.py
[2026-01-19T17:57:52.772+0000] {logging_mixin.py:188} INFO - [2026-01-19T17:57:52.771+0000] {dag.py:3036} INFO - Sync 1 DAGs
[2026-01-19T17:57:52.875+0000] {logging_mixin.py:188} INFO - [2026-01-19T17:57:52.874+0000] {dag.py:3823} INFO - Setting next_dagrun for arsenal_smart_match_scraper to 2026-01-19 12:00:00+00:00, run_after=2026-01-19 18:00:00+00:00
[2026-01-19T17:57:52.971+0000] {processor.py:183} INFO - Processing /opt/airflow/dags/arsenal_smart_match_scraper.py took 0.706 seconds
[2026-01-19T17:58:25.185+0000] {processor.py:161} INFO - Started process (PID=48047) to work on /opt/airflow/dags/arsenal_smart_match_scraper.py
[2026-01-19T17:58:25.200+0000] {processor.py:830} INFO - Processing file /opt/airflow/dags/arsenal_smart_match_scraper.py for tasks to queue
[2026-01-19T17:58:25.204+0000] {logging_mixin.py:188} INFO - [2026-01-19T17:58:25.203+0000] {dagbag.py:538} INFO - Filling up the DagBag from /opt/airflow/dags/arsenal_smart_match_scraper.py
[2026-01-19T17:58:25.633+0000] {processor.py:840} INFO - DAG(s) 'arsenal_smart_match_scraper' retrieved from /opt/airflow/dags/arsenal_smart_match_scraper.py
[2026-01-19T17:58:25.750+0000] {logging_mixin.py:188} INFO - [2026-01-19T17:58:25.749+0000] {dag.py:3036} INFO - Sync 1 DAGs
[2026-01-19T17:58:25.864+0000] {logging_mixin.py:188} INFO - [2026-01-19T17:58:25.863+0000] {dag.py:3823} INFO - Setting next_dagrun for arsenal_smart_match_scraper to 2026-01-19 12:00:00+00:00, run_after=2026-01-19 18:00:00+00:00
[2026-01-19T17:58:25.995+0000] {processor.py:183} INFO - Processing /opt/airflow/dags/arsenal_smart_match_scraper.py took 0.838 seconds
[2026-01-19T17:59:00.566+0000] {processor.py:161} INFO - Started process (PID=48087) to work on /opt/airflow/dags/arsenal_smart_match_scraper.py
[2026-01-19T17:59:00.579+0000] {processor.py:830} INFO - Processing file /opt/airflow/dags/arsenal_smart_match_scraper.py for tasks to queue
[2026-01-19T17:59:00.582+0000] {logging_mixin.py:188} INFO - [2026-01-19T17:59:00.580+0000] {dagbag.py:538} INFO - Filling up the DagBag from /opt/airflow/dags/arsenal_smart_match_scraper.py
[2026-01-19T17:59:00.772+0000] {processor.py:840} INFO - DAG(s) 'arsenal_smart_match_scraper' retrieved from /opt/airflow/dags/arsenal_smart_match_scraper.py
[2026-01-19T17:59:00.867+0000] {logging_mixin.py:188} INFO - [2026-01-19T17:59:00.866+0000] {dag.py:3036} INFO - Sync 1 DAGs
[2026-01-19T17:59:00.972+0000] {logging_mixin.py:188} INFO - [2026-01-19T17:59:00.971+0000] {dag.py:3823} INFO - Setting next_dagrun for arsenal_smart_match_scraper to 2026-01-19 12:00:00+00:00, run_after=2026-01-19 18:00:00+00:00
[2026-01-19T17:59:01.115+0000] {processor.py:183} INFO - Processing /opt/airflow/dags/arsenal_smart_match_scraper.py took 0.563 seconds
[2026-01-19T18:01:57.732+0000] {processor.py:161} INFO - Started process (PID=48140) to work on /opt/airflow/dags/arsenal_smart_match_scraper.py
[2026-01-19T18:01:58.127+0000] {processor.py:830} INFO - Processing file /opt/airflow/dags/arsenal_smart_match_scraper.py for tasks to queue
[2026-01-19T18:01:58.129+0000] {logging_mixin.py:188} INFO - [2026-01-19T18:01:58.128+0000] {dagbag.py:538} INFO - Filling up the DagBag from /opt/airflow/dags/arsenal_smart_match_scraper.py
[2026-01-19T18:01:58.375+0000] {processor.py:840} INFO - DAG(s) 'arsenal_smart_match_scraper' retrieved from /opt/airflow/dags/arsenal_smart_match_scraper.py
[2026-01-19T18:01:58.427+0000] {logging_mixin.py:188} INFO - [2026-01-19T18:01:58.427+0000] {dag.py:3036} INFO - Sync 1 DAGs
[2026-01-19T18:01:58.474+0000] {logging_mixin.py:188} INFO - [2026-01-19T18:01:58.473+0000] {dag.py:3823} INFO - Setting next_dagrun for arsenal_smart_match_scraper to 2026-01-19 18:00:00+00:00, run_after=2026-01-20 00:00:00+00:00
[2026-01-19T18:01:58.629+0000] {processor.py:183} INFO - Processing /opt/airflow/dags/arsenal_smart_match_scraper.py took 0.903 seconds
[2026-01-19T18:02:29.053+0000] {processor.py:161} INFO - Started process (PID=48176) to work on /opt/airflow/dags/arsenal_smart_match_scraper.py
[2026-01-19T18:02:29.116+0000] {processor.py:830} INFO - Processing file /opt/airflow/dags/arsenal_smart_match_scraper.py for tasks to queue
[2026-01-19T18:02:29.118+0000] {logging_mixin.py:188} INFO - [2026-01-19T18:02:29.117+0000] {dagbag.py:538} INFO - Filling up the DagBag from /opt/airflow/dags/arsenal_smart_match_scraper.py
[2026-01-19T18:02:29.252+0000] {processor.py:840} INFO - DAG(s) 'arsenal_smart_match_scraper' retrieved from /opt/airflow/dags/arsenal_smart_match_scraper.py
[2026-01-19T18:02:29.324+0000] {logging_mixin.py:188} INFO - [2026-01-19T18:02:29.323+0000] {dag.py:3036} INFO - Sync 1 DAGs
[2026-01-19T18:02:29.380+0000] {logging_mixin.py:188} INFO - [2026-01-19T18:02:29.380+0000] {dag.py:3823} INFO - Setting next_dagrun for arsenal_smart_match_scraper to 2026-01-19 18:00:00+00:00, run_after=2026-01-20 00:00:00+00:00
[2026-01-19T18:02:29.628+0000] {processor.py:183} INFO - Processing /opt/airflow/dags/arsenal_smart_match_scraper.py took 0.581 seconds
[2026-01-19T18:03:00.075+0000] {processor.py:161} INFO - Started process (PID=48258) to work on /opt/airflow/dags/arsenal_smart_match_scraper.py
[2026-01-19T18:03:00.076+0000] {processor.py:830} INFO - Processing file /opt/airflow/dags/arsenal_smart_match_scraper.py for tasks to queue
[2026-01-19T18:03:00.078+0000] {logging_mixin.py:188} INFO - [2026-01-19T18:03:00.077+0000] {dagbag.py:538} INFO - Filling up the DagBag from /opt/airflow/dags/arsenal_smart_match_scraper.py
[2026-01-19T18:03:00.210+0000] {processor.py:840} INFO - DAG(s) 'arsenal_smart_match_scraper' retrieved from /opt/airflow/dags/arsenal_smart_match_scraper.py
[2026-01-19T18:03:00.281+0000] {logging_mixin.py:188} INFO - [2026-01-19T18:03:00.281+0000] {dag.py:3036} INFO - Sync 1 DAGs
[2026-01-19T18:03:00.333+0000] {logging_mixin.py:188} INFO - [2026-01-19T18:03:00.333+0000] {dag.py:3823} INFO - Setting next_dagrun for arsenal_smart_match_scraper to 2026-01-19 18:00:00+00:00, run_after=2026-01-20 00:00:00+00:00
[2026-01-19T18:03:00.464+0000] {processor.py:183} INFO - Processing /opt/airflow/dags/arsenal_smart_match_scraper.py took 0.396 seconds
[2026-01-19T18:03:58.979+0000] {processor.py:161} INFO - Started process (PID=48776) to work on /opt/airflow/dags/arsenal_smart_match_scraper.py
[2026-01-19T18:03:59.010+0000] {processor.py:830} INFO - Processing file /opt/airflow/dags/arsenal_smart_match_scraper.py for tasks to queue
[2026-01-19T18:03:59.012+0000] {logging_mixin.py:188} INFO - [2026-01-19T18:03:59.011+0000] {dagbag.py:538} INFO - Filling up the DagBag from /opt/airflow/dags/arsenal_smart_match_scraper.py
[2026-01-19T18:03:59.173+0000] {processor.py:840} INFO - DAG(s) 'arsenal_smart_match_scraper' retrieved from /opt/airflow/dags/arsenal_smart_match_scraper.py
[2026-01-19T18:03:59.247+0000] {logging_mixin.py:188} INFO - [2026-01-19T18:03:59.246+0000] {dag.py:3036} INFO - Sync 1 DAGs
[2026-01-19T18:03:59.478+0000] {logging_mixin.py:188} INFO - [2026-01-19T18:03:59.477+0000] {dag.py:3823} INFO - Setting next_dagrun for arsenal_smart_match_scraper to 2026-01-19 18:00:00+00:00, run_after=2026-01-20 00:00:00+00:00
[2026-01-19T18:03:59.657+0000] {processor.py:183} INFO - Processing /opt/airflow/dags/arsenal_smart_match_scraper.py took 0.687 seconds
[2026-01-19T18:04:30.052+0000] {processor.py:161} INFO - Started process (PID=48854) to work on /opt/airflow/dags/arsenal_smart_match_scraper.py
[2026-01-19T18:04:30.053+0000] {processor.py:830} INFO - Processing file /opt/airflow/dags/arsenal_smart_match_scraper.py for tasks to queue
[2026-01-19T18:04:30.055+0000] {logging_mixin.py:188} INFO - [2026-01-19T18:04:30.054+0000] {dagbag.py:538} INFO - Filling up the DagBag from /opt/airflow/dags/arsenal_smart_match_scraper.py
[2026-01-19T18:04:30.192+0000] {processor.py:840} INFO - DAG(s) 'arsenal_smart_match_scraper' retrieved from /opt/airflow/dags/arsenal_smart_match_scraper.py
[2026-01-19T18:04:30.258+0000] {logging_mixin.py:188} INFO - [2026-01-19T18:04:30.258+0000] {dag.py:3036} INFO - Sync 1 DAGs
[2026-01-19T18:04:30.347+0000] {logging_mixin.py:188} INFO - [2026-01-19T18:04:30.347+0000] {dag.py:3823} INFO - Setting next_dagrun for arsenal_smart_match_scraper to 2026-01-19 18:00:00+00:00, run_after=2026-01-20 00:00:00+00:00
[2026-01-19T18:04:30.646+0000] {processor.py:183} INFO - Processing /opt/airflow/dags/arsenal_smart_match_scraper.py took 0.600 seconds
[2026-01-19T18:05:21.421+0000] {processor.py:161} INFO - Started process (PID=48893) to work on /opt/airflow/dags/arsenal_smart_match_scraper.py
[2026-01-19T18:05:41.453+0000] {processor.py:830} INFO - Processing file /opt/airflow/dags/arsenal_smart_match_scraper.py for tasks to queue
[2026-01-19T18:05:41.459+0000] {logging_mixin.py:188} INFO - [2026-01-19T18:05:41.456+0000] {dagbag.py:538} INFO - Filling up the DagBag from /opt/airflow/dags/arsenal_smart_match_scraper.py
[2026-01-19T18:05:41.699+0000] {processor.py:840} INFO - DAG(s) 'arsenal_smart_match_scraper' retrieved from /opt/airflow/dags/arsenal_smart_match_scraper.py
[2026-01-19T18:05:41.773+0000] {logging_mixin.py:188} INFO - [2026-01-19T18:05:41.772+0000] {dag.py:3036} INFO - Sync 1 DAGs
[2026-01-19T18:05:41.836+0000] {logging_mixin.py:188} INFO - [2026-01-19T18:05:41.835+0000] {dag.py:3823} INFO - Setting next_dagrun for arsenal_smart_match_scraper to 2026-01-19 18:00:00+00:00, run_after=2026-01-20 00:00:00+00:00
[2026-01-19T18:05:42.299+0000] {processor.py:183} INFO - Processing /opt/airflow/dags/arsenal_smart_match_scraper.py took 20.884 seconds
[2026-01-19T18:06:12.773+0000] {processor.py:161} INFO - Started process (PID=48931) to work on /opt/airflow/dags/arsenal_smart_match_scraper.py
[2026-01-19T18:06:12.857+0000] {processor.py:830} INFO - Processing file /opt/airflow/dags/arsenal_smart_match_scraper.py for tasks to queue
[2026-01-19T18:06:12.859+0000] {logging_mixin.py:188} INFO - [2026-01-19T18:06:12.858+0000] {dagbag.py:538} INFO - Filling up the DagBag from /opt/airflow/dags/arsenal_smart_match_scraper.py
[2026-01-19T18:06:13.009+0000] {processor.py:840} INFO - DAG(s) 'arsenal_smart_match_scraper' retrieved from /opt/airflow/dags/arsenal_smart_match_scraper.py
[2026-01-19T18:06:13.072+0000] {logging_mixin.py:188} INFO - [2026-01-19T18:06:13.072+0000] {dag.py:3036} INFO - Sync 1 DAGs
[2026-01-19T18:06:13.520+0000] {logging_mixin.py:188} INFO - [2026-01-19T18:06:13.519+0000] {dag.py:3823} INFO - Setting next_dagrun for arsenal_smart_match_scraper to 2026-01-19 18:00:00+00:00, run_after=2026-01-20 00:00:00+00:00
[2026-01-19T18:06:13.742+0000] {processor.py:183} INFO - Processing /opt/airflow/dags/arsenal_smart_match_scraper.py took 0.976 seconds
[2026-01-19T18:07:04.587+0000] {processor.py:161} INFO - Started process (PID=48986) to work on /opt/airflow/dags/arsenal_smart_match_scraper.py
[2026-01-19T18:07:04.595+0000] {processor.py:830} INFO - Processing file /opt/airflow/dags/arsenal_smart_match_scraper.py for tasks to queue
[2026-01-19T18:07:04.598+0000] {logging_mixin.py:188} INFO - [2026-01-19T18:07:04.597+0000] {dagbag.py:538} INFO - Filling up the DagBag from /opt/airflow/dags/arsenal_smart_match_scraper.py
[2026-01-19T18:07:24.855+0000] {processor.py:840} INFO - DAG(s) 'arsenal_smart_match_scraper' retrieved from /opt/airflow/dags/arsenal_smart_match_scraper.py
[2026-01-19T18:07:24.944+0000] {logging_mixin.py:188} INFO - [2026-01-19T18:07:24.943+0000] {dag.py:3036} INFO - Sync 1 DAGs
[2026-01-19T18:07:26.111+0000] {logging_mixin.py:188} INFO - [2026-01-19T18:07:26.110+0000] {dag.py:3823} INFO - Setting next_dagrun for arsenal_smart_match_scraper to 2026-01-19 18:00:00+00:00, run_after=2026-01-20 00:00:00+00:00
[2026-01-19T18:07:26.446+0000] {processor.py:183} INFO - Processing /opt/airflow/dags/arsenal_smart_match_scraper.py took 21.867 seconds
[2026-01-19T18:07:56.853+0000] {processor.py:161} INFO - Started process (PID=49024) to work on /opt/airflow/dags/arsenal_smart_match_scraper.py
[2026-01-19T18:07:56.867+0000] {processor.py:830} INFO - Processing file /opt/airflow/dags/arsenal_smart_match_scraper.py for tasks to queue
[2026-01-19T18:07:56.870+0000] {logging_mixin.py:188} INFO - [2026-01-19T18:07:56.869+0000] {dagbag.py:538} INFO - Filling up the DagBag from /opt/airflow/dags/arsenal_smart_match_scraper.py
[2026-01-19T18:07:57.298+0000] {processor.py:840} INFO - DAG(s) 'arsenal_smart_match_scraper' retrieved from /opt/airflow/dags/arsenal_smart_match_scraper.py
[2026-01-19T18:07:57.354+0000] {logging_mixin.py:188} INFO - [2026-01-19T18:07:57.354+0000] {dag.py:3036} INFO - Sync 1 DAGs
[2026-01-19T18:07:57.405+0000] {logging_mixin.py:188} INFO - [2026-01-19T18:07:57.405+0000] {dag.py:3823} INFO - Setting next_dagrun for arsenal_smart_match_scraper to 2026-01-19 18:00:00+00:00, run_after=2026-01-20 00:00:00+00:00
[2026-01-19T18:07:57.479+0000] {processor.py:183} INFO - Processing /opt/airflow/dags/arsenal_smart_match_scraper.py took 0.635 seconds
[2026-01-19T18:08:28.579+0000] {processor.py:161} INFO - Started process (PID=49065) to work on /opt/airflow/dags/arsenal_smart_match_scraper.py
[2026-01-19T18:08:28.580+0000] {processor.py:830} INFO - Processing file /opt/airflow/dags/arsenal_smart_match_scraper.py for tasks to queue
[2026-01-19T18:08:28.582+0000] {logging_mixin.py:188} INFO - [2026-01-19T18:08:28.581+0000] {dagbag.py:538} INFO - Filling up the DagBag from /opt/airflow/dags/arsenal_smart_match_scraper.py
[2026-01-19T18:08:28.943+0000] {processor.py:840} INFO - DAG(s) 'arsenal_smart_match_scraper' retrieved from /opt/airflow/dags/arsenal_smart_match_scraper.py
[2026-01-19T18:08:28.999+0000] {logging_mixin.py:188} INFO - [2026-01-19T18:08:28.999+0000] {dag.py:3036} INFO - Sync 1 DAGs
[2026-01-19T18:08:29.231+0000] {logging_mixin.py:188} INFO - [2026-01-19T18:08:29.230+0000] {dag.py:3823} INFO - Setting next_dagrun for arsenal_smart_match_scraper to 2026-01-19 18:00:00+00:00, run_after=2026-01-20 00:00:00+00:00
[2026-01-19T18:08:29.478+0000] {processor.py:183} INFO - Processing /opt/airflow/dags/arsenal_smart_match_scraper.py took 0.905 seconds
