[2026-01-19T17:38:03.479+0000] {processor.py:161} INFO - Started process (PID=45631) to work on /opt/airflow/dags/epl_match_scheduler.py
[2026-01-19T17:38:03.480+0000] {processor.py:830} INFO - Processing file /opt/airflow/dags/epl_match_scheduler.py for tasks to queue
[2026-01-19T17:38:03.481+0000] {logging_mixin.py:188} INFO - [2026-01-19T17:38:03.481+0000] {dagbag.py:538} INFO - Filling up the DagBag from /opt/airflow/dags/epl_match_scheduler.py
[2026-01-19T17:38:03.540+0000] {processor.py:840} INFO - DAG(s) 'epl_match_scheduler' retrieved from /opt/airflow/dags/epl_match_scheduler.py
[2026-01-19T17:38:05.240+0000] {logging_mixin.py:188} INFO - [2026-01-19T17:38:05.240+0000] {dag.py:3036} INFO - Sync 1 DAGs
[2026-01-19T17:38:05.280+0000] {logging_mixin.py:188} INFO - [2026-01-19T17:38:05.280+0000] {dag.py:3823} INFO - Setting next_dagrun for epl_match_scheduler to 2026-01-18 06:00:00+00:00, run_after=2026-01-19 06:00:00+00:00
[2026-01-19T17:38:05.462+0000] {processor.py:183} INFO - Processing /opt/airflow/dags/epl_match_scheduler.py took 1.989 seconds
[2026-01-19T17:38:40.554+0000] {processor.py:161} INFO - Started process (PID=46563) to work on /opt/airflow/dags/epl_match_scheduler.py
[2026-01-19T17:38:42.139+0000] {processor.py:830} INFO - Processing file /opt/airflow/dags/epl_match_scheduler.py for tasks to queue
[2026-01-19T17:38:42.141+0000] {logging_mixin.py:188} INFO - [2026-01-19T17:38:42.140+0000] {dagbag.py:538} INFO - Filling up the DagBag from /opt/airflow/dags/epl_match_scheduler.py
[2026-01-19T17:38:42.217+0000] {processor.py:840} INFO - DAG(s) 'epl_match_scheduler' retrieved from /opt/airflow/dags/epl_match_scheduler.py
[2026-01-19T17:38:42.242+0000] {logging_mixin.py:188} INFO - [2026-01-19T17:38:42.241+0000] {dag.py:3036} INFO - Sync 1 DAGs
[2026-01-19T17:38:42.380+0000] {logging_mixin.py:188} INFO - [2026-01-19T17:38:42.380+0000] {dag.py:3823} INFO - Setting next_dagrun for epl_match_scheduler to 2026-01-19 06:00:00+00:00, run_after=2026-01-20 06:00:00+00:00
[2026-01-19T17:38:42.471+0000] {processor.py:183} INFO - Processing /opt/airflow/dags/epl_match_scheduler.py took 1.924 seconds
[2026-01-19T17:39:14.443+0000] {processor.py:161} INFO - Started process (PID=46867) to work on /opt/airflow/dags/epl_match_scheduler.py
[2026-01-19T17:39:16.113+0000] {processor.py:830} INFO - Processing file /opt/airflow/dags/epl_match_scheduler.py for tasks to queue
[2026-01-19T17:39:16.115+0000] {logging_mixin.py:188} INFO - [2026-01-19T17:39:16.114+0000] {dagbag.py:538} INFO - Filling up the DagBag from /opt/airflow/dags/epl_match_scheduler.py
[2026-01-19T17:39:16.191+0000] {processor.py:840} INFO - DAG(s) 'epl_match_scheduler' retrieved from /opt/airflow/dags/epl_match_scheduler.py
[2026-01-19T17:39:16.217+0000] {logging_mixin.py:188} INFO - [2026-01-19T17:39:16.216+0000] {dag.py:3036} INFO - Sync 1 DAGs
[2026-01-19T17:39:16.240+0000] {logging_mixin.py:188} INFO - [2026-01-19T17:39:16.240+0000] {dag.py:3823} INFO - Setting next_dagrun for epl_match_scheduler to 2026-01-19 06:00:00+00:00, run_after=2026-01-20 06:00:00+00:00
[2026-01-19T17:39:16.365+0000] {processor.py:183} INFO - Processing /opt/airflow/dags/epl_match_scheduler.py took 1.928 seconds
[2026-01-19T17:39:50.458+0000] {processor.py:161} INFO - Started process (PID=46903) to work on /opt/airflow/dags/epl_match_scheduler.py
[2026-01-19T17:39:52.144+0000] {processor.py:830} INFO - Processing file /opt/airflow/dags/epl_match_scheduler.py for tasks to queue
[2026-01-19T17:39:52.146+0000] {logging_mixin.py:188} INFO - [2026-01-19T17:39:52.145+0000] {dagbag.py:538} INFO - Filling up the DagBag from /opt/airflow/dags/epl_match_scheduler.py
[2026-01-19T17:39:52.221+0000] {processor.py:840} INFO - DAG(s) 'epl_match_scheduler' retrieved from /opt/airflow/dags/epl_match_scheduler.py
[2026-01-19T17:39:52.240+0000] {logging_mixin.py:188} INFO - [2026-01-19T17:39:52.240+0000] {dag.py:3036} INFO - Sync 1 DAGs
[2026-01-19T17:39:52.259+0000] {logging_mixin.py:188} INFO - [2026-01-19T17:39:52.259+0000] {dag.py:3823} INFO - Setting next_dagrun for epl_match_scheduler to 2026-01-19 06:00:00+00:00, run_after=2026-01-20 06:00:00+00:00
[2026-01-19T17:39:52.376+0000] {processor.py:183} INFO - Processing /opt/airflow/dags/epl_match_scheduler.py took 1.923 seconds
[2026-01-19T17:40:25.492+0000] {processor.py:161} INFO - Started process (PID=46939) to work on /opt/airflow/dags/epl_match_scheduler.py
[2026-01-19T17:40:27.152+0000] {processor.py:830} INFO - Processing file /opt/airflow/dags/epl_match_scheduler.py for tasks to queue
[2026-01-19T17:40:27.154+0000] {logging_mixin.py:188} INFO - [2026-01-19T17:40:27.153+0000] {dagbag.py:538} INFO - Filling up the DagBag from /opt/airflow/dags/epl_match_scheduler.py
[2026-01-19T17:40:27.229+0000] {processor.py:840} INFO - DAG(s) 'epl_match_scheduler' retrieved from /opt/airflow/dags/epl_match_scheduler.py
[2026-01-19T17:40:27.250+0000] {logging_mixin.py:188} INFO - [2026-01-19T17:40:27.250+0000] {dag.py:3036} INFO - Sync 1 DAGs
[2026-01-19T17:40:27.269+0000] {logging_mixin.py:188} INFO - [2026-01-19T17:40:27.268+0000] {dag.py:3823} INFO - Setting next_dagrun for epl_match_scheduler to 2026-01-19 06:00:00+00:00, run_after=2026-01-20 06:00:00+00:00
[2026-01-19T17:40:27.387+0000] {processor.py:183} INFO - Processing /opt/airflow/dags/epl_match_scheduler.py took 1.902 seconds
[2026-01-19T17:41:02.441+0000] {processor.py:161} INFO - Started process (PID=46975) to work on /opt/airflow/dags/epl_match_scheduler.py
[2026-01-19T17:41:04.105+0000] {processor.py:830} INFO - Processing file /opt/airflow/dags/epl_match_scheduler.py for tasks to queue
[2026-01-19T17:41:04.108+0000] {logging_mixin.py:188} INFO - [2026-01-19T17:41:04.107+0000] {dagbag.py:538} INFO - Filling up the DagBag from /opt/airflow/dags/epl_match_scheduler.py
[2026-01-19T17:41:04.186+0000] {processor.py:840} INFO - DAG(s) 'epl_match_scheduler' retrieved from /opt/airflow/dags/epl_match_scheduler.py
[2026-01-19T17:41:04.208+0000] {logging_mixin.py:188} INFO - [2026-01-19T17:41:04.208+0000] {dag.py:3036} INFO - Sync 1 DAGs
[2026-01-19T17:41:04.233+0000] {logging_mixin.py:188} INFO - [2026-01-19T17:41:04.233+0000] {dag.py:3823} INFO - Setting next_dagrun for epl_match_scheduler to 2026-01-19 06:00:00+00:00, run_after=2026-01-20 06:00:00+00:00
[2026-01-19T17:41:04.347+0000] {processor.py:183} INFO - Processing /opt/airflow/dags/epl_match_scheduler.py took 1.912 seconds
[2026-01-19T17:41:37.446+0000] {processor.py:161} INFO - Started process (PID=47011) to work on /opt/airflow/dags/epl_match_scheduler.py
[2026-01-19T17:41:39.101+0000] {processor.py:830} INFO - Processing file /opt/airflow/dags/epl_match_scheduler.py for tasks to queue
[2026-01-19T17:41:39.103+0000] {logging_mixin.py:188} INFO - [2026-01-19T17:41:39.102+0000] {dagbag.py:538} INFO - Filling up the DagBag from /opt/airflow/dags/epl_match_scheduler.py
[2026-01-19T17:41:39.181+0000] {processor.py:840} INFO - DAG(s) 'epl_match_scheduler' retrieved from /opt/airflow/dags/epl_match_scheduler.py
[2026-01-19T17:41:39.202+0000] {logging_mixin.py:188} INFO - [2026-01-19T17:41:39.202+0000] {dag.py:3036} INFO - Sync 1 DAGs
[2026-01-19T17:41:39.222+0000] {logging_mixin.py:188} INFO - [2026-01-19T17:41:39.222+0000] {dag.py:3823} INFO - Setting next_dagrun for epl_match_scheduler to 2026-01-19 06:00:00+00:00, run_after=2026-01-20 06:00:00+00:00
[2026-01-19T17:41:39.328+0000] {processor.py:183} INFO - Processing /opt/airflow/dags/epl_match_scheduler.py took 1.890 seconds
[2026-01-19T17:42:12.436+0000] {processor.py:161} INFO - Started process (PID=47047) to work on /opt/airflow/dags/epl_match_scheduler.py
[2026-01-19T17:42:14.102+0000] {processor.py:830} INFO - Processing file /opt/airflow/dags/epl_match_scheduler.py for tasks to queue
[2026-01-19T17:42:14.104+0000] {logging_mixin.py:188} INFO - [2026-01-19T17:42:14.103+0000] {dagbag.py:538} INFO - Filling up the DagBag from /opt/airflow/dags/epl_match_scheduler.py
[2026-01-19T17:42:14.182+0000] {processor.py:840} INFO - DAG(s) 'epl_match_scheduler' retrieved from /opt/airflow/dags/epl_match_scheduler.py
[2026-01-19T17:42:14.214+0000] {logging_mixin.py:188} INFO - [2026-01-19T17:42:14.213+0000] {dag.py:3036} INFO - Sync 1 DAGs
[2026-01-19T17:42:14.252+0000] {logging_mixin.py:188} INFO - [2026-01-19T17:42:14.252+0000] {dag.py:3823} INFO - Setting next_dagrun for epl_match_scheduler to 2026-01-19 06:00:00+00:00, run_after=2026-01-20 06:00:00+00:00
[2026-01-19T17:42:14.367+0000] {processor.py:183} INFO - Processing /opt/airflow/dags/epl_match_scheduler.py took 1.937 seconds
[2026-01-19T17:42:47.425+0000] {processor.py:161} INFO - Started process (PID=47083) to work on /opt/airflow/dags/epl_match_scheduler.py
[2026-01-19T17:42:49.099+0000] {processor.py:830} INFO - Processing file /opt/airflow/dags/epl_match_scheduler.py for tasks to queue
[2026-01-19T17:42:49.101+0000] {logging_mixin.py:188} INFO - [2026-01-19T17:42:49.100+0000] {dagbag.py:538} INFO - Filling up the DagBag from /opt/airflow/dags/epl_match_scheduler.py
[2026-01-19T17:42:49.181+0000] {processor.py:840} INFO - DAG(s) 'epl_match_scheduler' retrieved from /opt/airflow/dags/epl_match_scheduler.py
[2026-01-19T17:42:49.205+0000] {logging_mixin.py:188} INFO - [2026-01-19T17:42:49.205+0000] {dag.py:3036} INFO - Sync 1 DAGs
[2026-01-19T17:42:49.226+0000] {logging_mixin.py:188} INFO - [2026-01-19T17:42:49.226+0000] {dag.py:3823} INFO - Setting next_dagrun for epl_match_scheduler to 2026-01-19 06:00:00+00:00, run_after=2026-01-20 06:00:00+00:00
[2026-01-19T17:42:49.291+0000] {processor.py:183} INFO - Processing /opt/airflow/dags/epl_match_scheduler.py took 1.870 seconds
[2026-01-19T17:43:24.459+0000] {processor.py:161} INFO - Started process (PID=47125) to work on /opt/airflow/dags/epl_match_scheduler.py
[2026-01-19T17:43:26.165+0000] {processor.py:830} INFO - Processing file /opt/airflow/dags/epl_match_scheduler.py for tasks to queue
[2026-01-19T17:43:26.167+0000] {logging_mixin.py:188} INFO - [2026-01-19T17:43:26.166+0000] {dagbag.py:538} INFO - Filling up the DagBag from /opt/airflow/dags/epl_match_scheduler.py
[2026-01-19T17:43:26.243+0000] {processor.py:840} INFO - DAG(s) 'epl_match_scheduler' retrieved from /opt/airflow/dags/epl_match_scheduler.py
[2026-01-19T17:43:26.262+0000] {logging_mixin.py:188} INFO - [2026-01-19T17:43:26.262+0000] {dag.py:3036} INFO - Sync 1 DAGs
[2026-01-19T17:43:26.280+0000] {logging_mixin.py:188} INFO - [2026-01-19T17:43:26.280+0000] {dag.py:3823} INFO - Setting next_dagrun for epl_match_scheduler to 2026-01-19 06:00:00+00:00, run_after=2026-01-20 06:00:00+00:00
[2026-01-19T17:43:26.379+0000] {processor.py:183} INFO - Processing /opt/airflow/dags/epl_match_scheduler.py took 1.923 seconds
[2026-01-19T17:43:59.511+0000] {processor.py:161} INFO - Started process (PID=47164) to work on /opt/airflow/dags/epl_match_scheduler.py
[2026-01-19T17:44:01.190+0000] {processor.py:830} INFO - Processing file /opt/airflow/dags/epl_match_scheduler.py for tasks to queue
[2026-01-19T17:44:01.192+0000] {logging_mixin.py:188} INFO - [2026-01-19T17:44:01.191+0000] {dagbag.py:538} INFO - Filling up the DagBag from /opt/airflow/dags/epl_match_scheduler.py
[2026-01-19T17:44:01.269+0000] {processor.py:840} INFO - DAG(s) 'epl_match_scheduler' retrieved from /opt/airflow/dags/epl_match_scheduler.py
[2026-01-19T17:44:01.291+0000] {logging_mixin.py:188} INFO - [2026-01-19T17:44:01.291+0000] {dag.py:3036} INFO - Sync 1 DAGs
[2026-01-19T17:44:01.310+0000] {logging_mixin.py:188} INFO - [2026-01-19T17:44:01.310+0000] {dag.py:3823} INFO - Setting next_dagrun for epl_match_scheduler to 2026-01-19 06:00:00+00:00, run_after=2026-01-20 06:00:00+00:00
[2026-01-19T17:44:01.433+0000] {processor.py:183} INFO - Processing /opt/airflow/dags/epl_match_scheduler.py took 1.927 seconds
[2026-01-19T17:44:34.487+0000] {processor.py:161} INFO - Started process (PID=47200) to work on /opt/airflow/dags/epl_match_scheduler.py
[2026-01-19T17:44:36.167+0000] {processor.py:830} INFO - Processing file /opt/airflow/dags/epl_match_scheduler.py for tasks to queue
[2026-01-19T17:44:36.170+0000] {logging_mixin.py:188} INFO - [2026-01-19T17:44:36.169+0000] {dagbag.py:538} INFO - Filling up the DagBag from /opt/airflow/dags/epl_match_scheduler.py
[2026-01-19T17:44:36.244+0000] {processor.py:840} INFO - DAG(s) 'epl_match_scheduler' retrieved from /opt/airflow/dags/epl_match_scheduler.py
[2026-01-19T17:44:36.271+0000] {logging_mixin.py:188} INFO - [2026-01-19T17:44:36.270+0000] {dag.py:3036} INFO - Sync 1 DAGs
[2026-01-19T17:44:36.295+0000] {logging_mixin.py:188} INFO - [2026-01-19T17:44:36.295+0000] {dag.py:3823} INFO - Setting next_dagrun for epl_match_scheduler to 2026-01-19 06:00:00+00:00, run_after=2026-01-20 06:00:00+00:00
[2026-01-19T17:44:36.376+0000] {processor.py:183} INFO - Processing /opt/airflow/dags/epl_match_scheduler.py took 1.894 seconds
[2026-01-19T17:45:10.447+0000] {processor.py:161} INFO - Started process (PID=47236) to work on /opt/airflow/dags/epl_match_scheduler.py
[2026-01-19T17:45:12.185+0000] {processor.py:830} INFO - Processing file /opt/airflow/dags/epl_match_scheduler.py for tasks to queue
[2026-01-19T17:45:12.187+0000] {logging_mixin.py:188} INFO - [2026-01-19T17:45:12.186+0000] {dagbag.py:538} INFO - Filling up the DagBag from /opt/airflow/dags/epl_match_scheduler.py
[2026-01-19T17:45:12.266+0000] {processor.py:840} INFO - DAG(s) 'epl_match_scheduler' retrieved from /opt/airflow/dags/epl_match_scheduler.py
[2026-01-19T17:45:12.294+0000] {logging_mixin.py:188} INFO - [2026-01-19T17:45:12.294+0000] {dag.py:3036} INFO - Sync 1 DAGs
[2026-01-19T17:45:12.312+0000] {logging_mixin.py:188} INFO - [2026-01-19T17:45:12.311+0000] {dag.py:3823} INFO - Setting next_dagrun for epl_match_scheduler to 2026-01-19 06:00:00+00:00, run_after=2026-01-20 06:00:00+00:00
[2026-01-19T17:45:12.382+0000] {processor.py:183} INFO - Processing /opt/airflow/dags/epl_match_scheduler.py took 1.941 seconds
[2026-01-19T17:45:46.438+0000] {processor.py:161} INFO - Started process (PID=47272) to work on /opt/airflow/dags/epl_match_scheduler.py
[2026-01-19T17:45:48.124+0000] {processor.py:830} INFO - Processing file /opt/airflow/dags/epl_match_scheduler.py for tasks to queue
[2026-01-19T17:45:48.126+0000] {logging_mixin.py:188} INFO - [2026-01-19T17:45:48.125+0000] {dagbag.py:538} INFO - Filling up the DagBag from /opt/airflow/dags/epl_match_scheduler.py
[2026-01-19T17:45:48.201+0000] {processor.py:840} INFO - DAG(s) 'epl_match_scheduler' retrieved from /opt/airflow/dags/epl_match_scheduler.py
[2026-01-19T17:45:48.222+0000] {logging_mixin.py:188} INFO - [2026-01-19T17:45:48.222+0000] {dag.py:3036} INFO - Sync 1 DAGs
[2026-01-19T17:45:48.241+0000] {logging_mixin.py:188} INFO - [2026-01-19T17:45:48.241+0000] {dag.py:3823} INFO - Setting next_dagrun for epl_match_scheduler to 2026-01-19 06:00:00+00:00, run_after=2026-01-20 06:00:00+00:00
[2026-01-19T17:45:48.601+0000] {processor.py:183} INFO - Processing /opt/airflow/dags/epl_match_scheduler.py took 2.169 seconds
[2026-01-19T17:46:21.449+0000] {processor.py:161} INFO - Started process (PID=47308) to work on /opt/airflow/dags/epl_match_scheduler.py
[2026-01-19T17:46:23.141+0000] {processor.py:830} INFO - Processing file /opt/airflow/dags/epl_match_scheduler.py for tasks to queue
[2026-01-19T17:46:23.143+0000] {logging_mixin.py:188} INFO - [2026-01-19T17:46:23.142+0000] {dagbag.py:538} INFO - Filling up the DagBag from /opt/airflow/dags/epl_match_scheduler.py
[2026-01-19T17:46:23.223+0000] {processor.py:840} INFO - DAG(s) 'epl_match_scheduler' retrieved from /opt/airflow/dags/epl_match_scheduler.py
[2026-01-19T17:46:23.245+0000] {logging_mixin.py:188} INFO - [2026-01-19T17:46:23.245+0000] {dag.py:3036} INFO - Sync 1 DAGs
[2026-01-19T17:46:23.265+0000] {logging_mixin.py:188} INFO - [2026-01-19T17:46:23.264+0000] {dag.py:3823} INFO - Setting next_dagrun for epl_match_scheduler to 2026-01-19 06:00:00+00:00, run_after=2026-01-20 06:00:00+00:00
[2026-01-19T17:46:23.355+0000] {processor.py:183} INFO - Processing /opt/airflow/dags/epl_match_scheduler.py took 1.911 seconds
[2026-01-19T17:46:58.817+0000] {processor.py:161} INFO - Started process (PID=47339) to work on /opt/airflow/dags/epl_match_scheduler.py
[2026-01-19T17:47:00.123+0000] {processor.py:830} INFO - Processing file /opt/airflow/dags/epl_match_scheduler.py for tasks to queue
[2026-01-19T17:47:00.124+0000] {logging_mixin.py:188} INFO - [2026-01-19T17:47:00.124+0000] {dagbag.py:538} INFO - Filling up the DagBag from /opt/airflow/dags/epl_match_scheduler.py
[2026-01-19T17:47:00.212+0000] {processor.py:840} INFO - DAG(s) 'epl_match_scheduler' retrieved from /opt/airflow/dags/epl_match_scheduler.py
[2026-01-19T17:47:00.253+0000] {logging_mixin.py:188} INFO - [2026-01-19T17:47:00.252+0000] {dag.py:3036} INFO - Sync 1 DAGs
[2026-01-19T17:47:00.292+0000] {logging_mixin.py:188} INFO - [2026-01-19T17:47:00.292+0000] {dag.py:3823} INFO - Setting next_dagrun for epl_match_scheduler to 2026-01-19 06:00:00+00:00, run_after=2026-01-20 06:00:00+00:00
[2026-01-19T17:47:00.411+0000] {processor.py:183} INFO - Processing /opt/airflow/dags/epl_match_scheduler.py took 1.599 seconds
[2026-01-19T17:47:33.439+0000] {processor.py:161} INFO - Started process (PID=47374) to work on /opt/airflow/dags/epl_match_scheduler.py
[2026-01-19T17:47:35.132+0000] {processor.py:830} INFO - Processing file /opt/airflow/dags/epl_match_scheduler.py for tasks to queue
[2026-01-19T17:47:35.135+0000] {logging_mixin.py:188} INFO - [2026-01-19T17:47:35.133+0000] {dagbag.py:538} INFO - Filling up the DagBag from /opt/airflow/dags/epl_match_scheduler.py
[2026-01-19T17:47:35.231+0000] {processor.py:840} INFO - DAG(s) 'epl_match_scheduler' retrieved from /opt/airflow/dags/epl_match_scheduler.py
[2026-01-19T17:47:35.276+0000] {logging_mixin.py:188} INFO - [2026-01-19T17:47:35.275+0000] {dag.py:3036} INFO - Sync 1 DAGs
[2026-01-19T17:47:35.315+0000] {logging_mixin.py:188} INFO - [2026-01-19T17:47:35.315+0000] {dag.py:3823} INFO - Setting next_dagrun for epl_match_scheduler to 2026-01-19 06:00:00+00:00, run_after=2026-01-20 06:00:00+00:00
[2026-01-19T17:47:35.680+0000] {processor.py:183} INFO - Processing /opt/airflow/dags/epl_match_scheduler.py took 2.245 seconds
[2026-01-19T17:48:11.555+0000] {processor.py:161} INFO - Started process (PID=47416) to work on /opt/airflow/dags/epl_match_scheduler.py
[2026-01-19T17:48:13.182+0000] {processor.py:830} INFO - Processing file /opt/airflow/dags/epl_match_scheduler.py for tasks to queue
[2026-01-19T17:48:13.184+0000] {logging_mixin.py:188} INFO - [2026-01-19T17:48:13.183+0000] {dagbag.py:538} INFO - Filling up the DagBag from /opt/airflow/dags/epl_match_scheduler.py
[2026-01-19T17:48:13.334+0000] {processor.py:840} INFO - DAG(s) 'epl_match_scheduler' retrieved from /opt/airflow/dags/epl_match_scheduler.py
[2026-01-19T17:48:13.398+0000] {logging_mixin.py:188} INFO - [2026-01-19T17:48:13.397+0000] {dag.py:3036} INFO - Sync 1 DAGs
[2026-01-19T17:48:13.458+0000] {logging_mixin.py:188} INFO - [2026-01-19T17:48:13.458+0000] {dag.py:3823} INFO - Setting next_dagrun for epl_match_scheduler to 2026-01-19 06:00:00+00:00, run_after=2026-01-20 06:00:00+00:00
[2026-01-19T17:48:13.794+0000] {processor.py:183} INFO - Processing /opt/airflow/dags/epl_match_scheduler.py took 2.250 seconds
[2026-01-19T17:48:44.544+0000] {processor.py:161} INFO - Started process (PID=47454) to work on /opt/airflow/dags/epl_match_scheduler.py
[2026-01-19T17:48:46.189+0000] {processor.py:830} INFO - Processing file /opt/airflow/dags/epl_match_scheduler.py for tasks to queue
[2026-01-19T17:48:46.191+0000] {logging_mixin.py:188} INFO - [2026-01-19T17:48:46.190+0000] {dagbag.py:538} INFO - Filling up the DagBag from /opt/airflow/dags/epl_match_scheduler.py
[2026-01-19T17:48:46.341+0000] {processor.py:840} INFO - DAG(s) 'epl_match_scheduler' retrieved from /opt/airflow/dags/epl_match_scheduler.py
[2026-01-19T17:48:46.415+0000] {logging_mixin.py:188} INFO - [2026-01-19T17:48:46.415+0000] {dag.py:3036} INFO - Sync 1 DAGs
[2026-01-19T17:48:46.476+0000] {logging_mixin.py:188} INFO - [2026-01-19T17:48:46.476+0000] {dag.py:3823} INFO - Setting next_dagrun for epl_match_scheduler to 2026-01-19 06:00:00+00:00, run_after=2026-01-20 06:00:00+00:00
[2026-01-19T17:48:46.779+0000] {processor.py:183} INFO - Processing /opt/airflow/dags/epl_match_scheduler.py took 2.243 seconds
[2026-01-19T17:49:17.588+0000] {processor.py:161} INFO - Started process (PID=47496) to work on /opt/airflow/dags/epl_match_scheduler.py
[2026-01-19T17:49:17.808+0000] {processor.py:830} INFO - Processing file /opt/airflow/dags/epl_match_scheduler.py for tasks to queue
[2026-01-19T17:49:17.810+0000] {logging_mixin.py:188} INFO - [2026-01-19T17:49:17.809+0000] {dagbag.py:538} INFO - Filling up the DagBag from /opt/airflow/dags/epl_match_scheduler.py
[2026-01-19T17:49:17.910+0000] {processor.py:840} INFO - DAG(s) 'epl_match_scheduler' retrieved from /opt/airflow/dags/epl_match_scheduler.py
[2026-01-19T17:49:17.960+0000] {logging_mixin.py:188} INFO - [2026-01-19T17:49:17.959+0000] {dag.py:3036} INFO - Sync 1 DAGs
[2026-01-19T17:49:18.002+0000] {logging_mixin.py:188} INFO - [2026-01-19T17:49:18.002+0000] {dag.py:3823} INFO - Setting next_dagrun for epl_match_scheduler to 2026-01-19 06:00:00+00:00, run_after=2026-01-20 06:00:00+00:00
[2026-01-19T17:49:18.710+0000] {processor.py:183} INFO - Processing /opt/airflow/dags/epl_match_scheduler.py took 1.128 seconds
[2026-01-19T17:49:59.487+0000] {processor.py:161} INFO - Started process (PID=47532) to work on /opt/airflow/dags/epl_match_scheduler.py
[2026-01-19T17:50:01.134+0000] {processor.py:830} INFO - Processing file /opt/airflow/dags/epl_match_scheduler.py for tasks to queue
[2026-01-19T17:50:01.136+0000] {logging_mixin.py:188} INFO - [2026-01-19T17:50:01.136+0000] {dagbag.py:538} INFO - Filling up the DagBag from /opt/airflow/dags/epl_match_scheduler.py
[2026-01-19T17:50:01.297+0000] {processor.py:840} INFO - DAG(s) 'epl_match_scheduler' retrieved from /opt/airflow/dags/epl_match_scheduler.py
[2026-01-19T17:50:01.364+0000] {logging_mixin.py:188} INFO - [2026-01-19T17:50:01.363+0000] {dag.py:3036} INFO - Sync 1 DAGs
[2026-01-19T17:50:01.426+0000] {logging_mixin.py:188} INFO - [2026-01-19T17:50:01.425+0000] {dag.py:3823} INFO - Setting next_dagrun for epl_match_scheduler to 2026-01-19 06:00:00+00:00, run_after=2026-01-20 06:00:00+00:00
[2026-01-19T17:50:01.807+0000] {processor.py:183} INFO - Processing /opt/airflow/dags/epl_match_scheduler.py took 2.329 seconds
[2026-01-19T17:50:34.494+0000] {processor.py:161} INFO - Started process (PID=47568) to work on /opt/airflow/dags/epl_match_scheduler.py
[2026-01-19T17:50:36.152+0000] {processor.py:830} INFO - Processing file /opt/airflow/dags/epl_match_scheduler.py for tasks to queue
[2026-01-19T17:50:36.153+0000] {logging_mixin.py:188} INFO - [2026-01-19T17:50:36.153+0000] {dagbag.py:538} INFO - Filling up the DagBag from /opt/airflow/dags/epl_match_scheduler.py
[2026-01-19T17:50:36.306+0000] {processor.py:840} INFO - DAG(s) 'epl_match_scheduler' retrieved from /opt/airflow/dags/epl_match_scheduler.py
[2026-01-19T17:50:36.371+0000] {logging_mixin.py:188} INFO - [2026-01-19T17:50:36.370+0000] {dag.py:3036} INFO - Sync 1 DAGs
[2026-01-19T17:50:36.430+0000] {logging_mixin.py:188} INFO - [2026-01-19T17:50:36.429+0000] {dag.py:3823} INFO - Setting next_dagrun for epl_match_scheduler to 2026-01-19 06:00:00+00:00, run_after=2026-01-20 06:00:00+00:00
[2026-01-19T17:50:36.742+0000] {processor.py:183} INFO - Processing /opt/airflow/dags/epl_match_scheduler.py took 2.259 seconds
[2026-01-19T17:51:09.543+0000] {processor.py:161} INFO - Started process (PID=47604) to work on /opt/airflow/dags/epl_match_scheduler.py
[2026-01-19T17:51:11.201+0000] {processor.py:830} INFO - Processing file /opt/airflow/dags/epl_match_scheduler.py for tasks to queue
[2026-01-19T17:51:11.203+0000] {logging_mixin.py:188} INFO - [2026-01-19T17:51:11.202+0000] {dagbag.py:538} INFO - Filling up the DagBag from /opt/airflow/dags/epl_match_scheduler.py
[2026-01-19T17:51:11.350+0000] {processor.py:840} INFO - DAG(s) 'epl_match_scheduler' retrieved from /opt/airflow/dags/epl_match_scheduler.py
[2026-01-19T17:51:11.424+0000] {logging_mixin.py:188} INFO - [2026-01-19T17:51:11.424+0000] {dag.py:3036} INFO - Sync 1 DAGs
[2026-01-19T17:51:11.480+0000] {logging_mixin.py:188} INFO - [2026-01-19T17:51:11.479+0000] {dag.py:3823} INFO - Setting next_dagrun for epl_match_scheduler to 2026-01-19 06:00:00+00:00, run_after=2026-01-20 06:00:00+00:00
[2026-01-19T17:51:11.806+0000] {processor.py:183} INFO - Processing /opt/airflow/dags/epl_match_scheduler.py took 2.275 seconds
[2026-01-19T17:51:45.474+0000] {processor.py:161} INFO - Started process (PID=47640) to work on /opt/airflow/dags/epl_match_scheduler.py
[2026-01-19T17:51:47.149+0000] {processor.py:830} INFO - Processing file /opt/airflow/dags/epl_match_scheduler.py for tasks to queue
[2026-01-19T17:51:47.151+0000] {logging_mixin.py:188} INFO - [2026-01-19T17:51:47.150+0000] {dagbag.py:538} INFO - Filling up the DagBag from /opt/airflow/dags/epl_match_scheduler.py
[2026-01-19T17:51:47.300+0000] {processor.py:840} INFO - DAG(s) 'epl_match_scheduler' retrieved from /opt/airflow/dags/epl_match_scheduler.py
[2026-01-19T17:51:47.372+0000] {logging_mixin.py:188} INFO - [2026-01-19T17:51:47.371+0000] {dag.py:3036} INFO - Sync 1 DAGs
[2026-01-19T17:51:47.428+0000] {logging_mixin.py:188} INFO - [2026-01-19T17:51:47.428+0000] {dag.py:3823} INFO - Setting next_dagrun for epl_match_scheduler to 2026-01-19 06:00:00+00:00, run_after=2026-01-20 06:00:00+00:00
[2026-01-19T17:51:47.789+0000] {processor.py:183} INFO - Processing /opt/airflow/dags/epl_match_scheduler.py took 2.324 seconds
[2026-01-19T17:52:22.546+0000] {processor.py:161} INFO - Started process (PID=47676) to work on /opt/airflow/dags/epl_match_scheduler.py
[2026-01-19T17:52:24.168+0000] {processor.py:830} INFO - Processing file /opt/airflow/dags/epl_match_scheduler.py for tasks to queue
[2026-01-19T17:52:24.169+0000] {logging_mixin.py:188} INFO - [2026-01-19T17:52:24.169+0000] {dagbag.py:538} INFO - Filling up the DagBag from /opt/airflow/dags/epl_match_scheduler.py
[2026-01-19T17:52:24.313+0000] {processor.py:840} INFO - DAG(s) 'epl_match_scheduler' retrieved from /opt/airflow/dags/epl_match_scheduler.py
[2026-01-19T17:52:24.383+0000] {logging_mixin.py:188} INFO - [2026-01-19T17:52:24.382+0000] {dag.py:3036} INFO - Sync 1 DAGs
[2026-01-19T17:52:24.438+0000] {logging_mixin.py:188} INFO - [2026-01-19T17:52:24.438+0000] {dag.py:3823} INFO - Setting next_dagrun for epl_match_scheduler to 2026-01-19 06:00:00+00:00, run_after=2026-01-20 06:00:00+00:00
[2026-01-19T17:52:24.861+0000] {processor.py:183} INFO - Processing /opt/airflow/dags/epl_match_scheduler.py took 2.324 seconds
[2026-01-19T17:52:57.543+0000] {processor.py:161} INFO - Started process (PID=47712) to work on /opt/airflow/dags/epl_match_scheduler.py
[2026-01-19T17:52:59.183+0000] {processor.py:830} INFO - Processing file /opt/airflow/dags/epl_match_scheduler.py for tasks to queue
[2026-01-19T17:52:59.185+0000] {logging_mixin.py:188} INFO - [2026-01-19T17:52:59.184+0000] {dagbag.py:538} INFO - Filling up the DagBag from /opt/airflow/dags/epl_match_scheduler.py
[2026-01-19T17:52:59.333+0000] {processor.py:840} INFO - DAG(s) 'epl_match_scheduler' retrieved from /opt/airflow/dags/epl_match_scheduler.py
[2026-01-19T17:52:59.410+0000] {logging_mixin.py:188} INFO - [2026-01-19T17:52:59.410+0000] {dag.py:3036} INFO - Sync 1 DAGs
[2026-01-19T17:52:59.467+0000] {logging_mixin.py:188} INFO - [2026-01-19T17:52:59.467+0000] {dag.py:3823} INFO - Setting next_dagrun for epl_match_scheduler to 2026-01-19 06:00:00+00:00, run_after=2026-01-20 06:00:00+00:00
[2026-01-19T17:52:59.761+0000] {processor.py:183} INFO - Processing /opt/airflow/dags/epl_match_scheduler.py took 2.227 seconds
[2026-01-19T17:53:33.494+0000] {processor.py:161} INFO - Started process (PID=47748) to work on /opt/airflow/dags/epl_match_scheduler.py
[2026-01-19T17:53:35.112+0000] {processor.py:830} INFO - Processing file /opt/airflow/dags/epl_match_scheduler.py for tasks to queue
[2026-01-19T17:53:35.114+0000] {logging_mixin.py:188} INFO - [2026-01-19T17:53:35.113+0000] {dagbag.py:538} INFO - Filling up the DagBag from /opt/airflow/dags/epl_match_scheduler.py
[2026-01-19T17:53:35.268+0000] {processor.py:840} INFO - DAG(s) 'epl_match_scheduler' retrieved from /opt/airflow/dags/epl_match_scheduler.py
[2026-01-19T17:53:35.336+0000] {logging_mixin.py:188} INFO - [2026-01-19T17:53:35.335+0000] {dag.py:3036} INFO - Sync 1 DAGs
[2026-01-19T17:53:35.396+0000] {logging_mixin.py:188} INFO - [2026-01-19T17:53:35.395+0000] {dag.py:3823} INFO - Setting next_dagrun for epl_match_scheduler to 2026-01-19 06:00:00+00:00, run_after=2026-01-20 06:00:00+00:00
[2026-01-19T17:53:35.657+0000] {processor.py:183} INFO - Processing /opt/airflow/dags/epl_match_scheduler.py took 2.173 seconds
[2026-01-19T17:54:09.483+0000] {processor.py:161} INFO - Started process (PID=47784) to work on /opt/airflow/dags/epl_match_scheduler.py
[2026-01-19T17:54:11.152+0000] {processor.py:830} INFO - Processing file /opt/airflow/dags/epl_match_scheduler.py for tasks to queue
[2026-01-19T17:54:11.154+0000] {logging_mixin.py:188} INFO - [2026-01-19T17:54:11.153+0000] {dagbag.py:538} INFO - Filling up the DagBag from /opt/airflow/dags/epl_match_scheduler.py
[2026-01-19T17:54:11.303+0000] {processor.py:840} INFO - DAG(s) 'epl_match_scheduler' retrieved from /opt/airflow/dags/epl_match_scheduler.py
[2026-01-19T17:54:11.372+0000] {logging_mixin.py:188} INFO - [2026-01-19T17:54:11.372+0000] {dag.py:3036} INFO - Sync 1 DAGs
[2026-01-19T17:54:11.439+0000] {logging_mixin.py:188} INFO - [2026-01-19T17:54:11.438+0000] {dag.py:3823} INFO - Setting next_dagrun for epl_match_scheduler to 2026-01-19 06:00:00+00:00, run_after=2026-01-20 06:00:00+00:00
[2026-01-19T17:54:11.745+0000] {processor.py:183} INFO - Processing /opt/airflow/dags/epl_match_scheduler.py took 2.273 seconds
[2026-01-19T17:54:45.491+0000] {processor.py:161} INFO - Started process (PID=47820) to work on /opt/airflow/dags/epl_match_scheduler.py
[2026-01-19T17:54:47.162+0000] {processor.py:830} INFO - Processing file /opt/airflow/dags/epl_match_scheduler.py for tasks to queue
[2026-01-19T17:54:47.164+0000] {logging_mixin.py:188} INFO - [2026-01-19T17:54:47.163+0000] {dagbag.py:538} INFO - Filling up the DagBag from /opt/airflow/dags/epl_match_scheduler.py
[2026-01-19T17:54:47.319+0000] {processor.py:840} INFO - DAG(s) 'epl_match_scheduler' retrieved from /opt/airflow/dags/epl_match_scheduler.py
[2026-01-19T17:54:47.385+0000] {logging_mixin.py:188} INFO - [2026-01-19T17:54:47.384+0000] {dag.py:3036} INFO - Sync 1 DAGs
[2026-01-19T17:54:47.447+0000] {logging_mixin.py:188} INFO - [2026-01-19T17:54:47.447+0000] {dag.py:3823} INFO - Setting next_dagrun for epl_match_scheduler to 2026-01-19 06:00:00+00:00, run_after=2026-01-20 06:00:00+00:00
[2026-01-19T17:54:47.743+0000] {processor.py:183} INFO - Processing /opt/airflow/dags/epl_match_scheduler.py took 2.261 seconds
[2026-01-19T17:55:24.487+0000] {processor.py:161} INFO - Started process (PID=47856) to work on /opt/airflow/dags/epl_match_scheduler.py
[2026-01-19T17:55:26.179+0000] {processor.py:830} INFO - Processing file /opt/airflow/dags/epl_match_scheduler.py for tasks to queue
[2026-01-19T17:55:26.181+0000] {logging_mixin.py:188} INFO - [2026-01-19T17:55:26.180+0000] {dagbag.py:538} INFO - Filling up the DagBag from /opt/airflow/dags/epl_match_scheduler.py
[2026-01-19T17:55:26.338+0000] {processor.py:840} INFO - DAG(s) 'epl_match_scheduler' retrieved from /opt/airflow/dags/epl_match_scheduler.py
[2026-01-19T17:55:26.403+0000] {logging_mixin.py:188} INFO - [2026-01-19T17:55:26.403+0000] {dag.py:3036} INFO - Sync 1 DAGs
[2026-01-19T17:55:26.453+0000] {logging_mixin.py:188} INFO - [2026-01-19T17:55:26.453+0000] {dag.py:3823} INFO - Setting next_dagrun for epl_match_scheduler to 2026-01-19 06:00:00+00:00, run_after=2026-01-20 06:00:00+00:00
[2026-01-19T17:55:26.711+0000] {processor.py:183} INFO - Processing /opt/airflow/dags/epl_match_scheduler.py took 2.233 seconds
[2026-01-19T17:56:01.550+0000] {processor.py:161} INFO - Started process (PID=47892) to work on /opt/airflow/dags/epl_match_scheduler.py
[2026-01-19T17:56:03.188+0000] {processor.py:830} INFO - Processing file /opt/airflow/dags/epl_match_scheduler.py for tasks to queue
[2026-01-19T17:56:03.190+0000] {logging_mixin.py:188} INFO - [2026-01-19T17:56:03.189+0000] {dagbag.py:538} INFO - Filling up the DagBag from /opt/airflow/dags/epl_match_scheduler.py
[2026-01-19T17:56:03.341+0000] {processor.py:840} INFO - DAG(s) 'epl_match_scheduler' retrieved from /opt/airflow/dags/epl_match_scheduler.py
[2026-01-19T17:56:03.407+0000] {logging_mixin.py:188} INFO - [2026-01-19T17:56:03.406+0000] {dag.py:3036} INFO - Sync 1 DAGs
[2026-01-19T17:56:03.463+0000] {logging_mixin.py:188} INFO - [2026-01-19T17:56:03.462+0000] {dag.py:3823} INFO - Setting next_dagrun for epl_match_scheduler to 2026-01-19 06:00:00+00:00, run_after=2026-01-20 06:00:00+00:00
[2026-01-19T17:56:03.817+0000] {processor.py:183} INFO - Processing /opt/airflow/dags/epl_match_scheduler.py took 2.277 seconds
[2026-01-19T17:56:37.485+0000] {processor.py:161} INFO - Started process (PID=47928) to work on /opt/airflow/dags/epl_match_scheduler.py
[2026-01-19T17:56:39.133+0000] {processor.py:830} INFO - Processing file /opt/airflow/dags/epl_match_scheduler.py for tasks to queue
[2026-01-19T17:56:39.135+0000] {logging_mixin.py:188} INFO - [2026-01-19T17:56:39.134+0000] {dagbag.py:538} INFO - Filling up the DagBag from /opt/airflow/dags/epl_match_scheduler.py
[2026-01-19T17:56:39.288+0000] {processor.py:840} INFO - DAG(s) 'epl_match_scheduler' retrieved from /opt/airflow/dags/epl_match_scheduler.py
[2026-01-19T17:56:39.359+0000] {logging_mixin.py:188} INFO - [2026-01-19T17:56:39.358+0000] {dag.py:3036} INFO - Sync 1 DAGs
[2026-01-19T17:56:39.417+0000] {logging_mixin.py:188} INFO - [2026-01-19T17:56:39.416+0000] {dag.py:3823} INFO - Setting next_dagrun for epl_match_scheduler to 2026-01-19 06:00:00+00:00, run_after=2026-01-20 06:00:00+00:00
[2026-01-19T17:56:39.843+0000] {processor.py:183} INFO - Processing /opt/airflow/dags/epl_match_scheduler.py took 2.369 seconds
[2026-01-19T17:57:12.535+0000] {processor.py:161} INFO - Started process (PID=47964) to work on /opt/airflow/dags/epl_match_scheduler.py
[2026-01-19T17:57:14.185+0000] {processor.py:830} INFO - Processing file /opt/airflow/dags/epl_match_scheduler.py for tasks to queue
[2026-01-19T17:57:14.187+0000] {logging_mixin.py:188} INFO - [2026-01-19T17:57:14.186+0000] {dagbag.py:538} INFO - Filling up the DagBag from /opt/airflow/dags/epl_match_scheduler.py
[2026-01-19T17:57:14.325+0000] {processor.py:840} INFO - DAG(s) 'epl_match_scheduler' retrieved from /opt/airflow/dags/epl_match_scheduler.py
[2026-01-19T17:57:14.399+0000] {logging_mixin.py:188} INFO - [2026-01-19T17:57:14.399+0000] {dag.py:3036} INFO - Sync 1 DAGs
[2026-01-19T17:57:14.464+0000] {logging_mixin.py:188} INFO - [2026-01-19T17:57:14.463+0000] {dag.py:3823} INFO - Setting next_dagrun for epl_match_scheduler to 2026-01-19 06:00:00+00:00, run_after=2026-01-20 06:00:00+00:00
[2026-01-19T17:57:14.956+0000] {processor.py:183} INFO - Processing /opt/airflow/dags/epl_match_scheduler.py took 2.430 seconds
[2026-01-19T17:57:49.565+0000] {processor.py:161} INFO - Started process (PID=48000) to work on /opt/airflow/dags/epl_match_scheduler.py
[2026-01-19T17:57:51.204+0000] {processor.py:830} INFO - Processing file /opt/airflow/dags/epl_match_scheduler.py for tasks to queue
[2026-01-19T17:57:51.206+0000] {logging_mixin.py:188} INFO - [2026-01-19T17:57:51.205+0000] {dagbag.py:538} INFO - Filling up the DagBag from /opt/airflow/dags/epl_match_scheduler.py
[2026-01-19T17:57:51.340+0000] {processor.py:840} INFO - DAG(s) 'epl_match_scheduler' retrieved from /opt/airflow/dags/epl_match_scheduler.py
[2026-01-19T17:57:51.418+0000] {logging_mixin.py:188} INFO - [2026-01-19T17:57:51.417+0000] {dag.py:3036} INFO - Sync 1 DAGs
[2026-01-19T17:57:51.482+0000] {logging_mixin.py:188} INFO - [2026-01-19T17:57:51.481+0000] {dag.py:3823} INFO - Setting next_dagrun for epl_match_scheduler to 2026-01-19 06:00:00+00:00, run_after=2026-01-20 06:00:00+00:00
[2026-01-19T17:57:51.620+0000] {processor.py:183} INFO - Processing /opt/airflow/dags/epl_match_scheduler.py took 2.064 seconds
[2026-01-19T17:58:22.547+0000] {processor.py:161} INFO - Started process (PID=48036) to work on /opt/airflow/dags/epl_match_scheduler.py
[2026-01-19T17:58:24.185+0000] {processor.py:830} INFO - Processing file /opt/airflow/dags/epl_match_scheduler.py for tasks to queue
[2026-01-19T17:58:24.187+0000] {logging_mixin.py:188} INFO - [2026-01-19T17:58:24.187+0000] {dagbag.py:538} INFO - Filling up the DagBag from /opt/airflow/dags/epl_match_scheduler.py
[2026-01-19T17:58:24.343+0000] {processor.py:840} INFO - DAG(s) 'epl_match_scheduler' retrieved from /opt/airflow/dags/epl_match_scheduler.py
[2026-01-19T17:58:24.411+0000] {logging_mixin.py:188} INFO - [2026-01-19T17:58:24.410+0000] {dag.py:3036} INFO - Sync 1 DAGs
[2026-01-19T17:58:24.474+0000] {logging_mixin.py:188} INFO - [2026-01-19T17:58:24.473+0000] {dag.py:3823} INFO - Setting next_dagrun for epl_match_scheduler to 2026-01-19 06:00:00+00:00, run_after=2026-01-20 06:00:00+00:00
[2026-01-19T17:58:24.847+0000] {processor.py:183} INFO - Processing /opt/airflow/dags/epl_match_scheduler.py took 2.310 seconds
[2026-01-19T17:58:57.478+0000] {processor.py:161} INFO - Started process (PID=48074) to work on /opt/airflow/dags/epl_match_scheduler.py
[2026-01-19T17:58:59.137+0000] {processor.py:830} INFO - Processing file /opt/airflow/dags/epl_match_scheduler.py for tasks to queue
[2026-01-19T17:58:59.139+0000] {logging_mixin.py:188} INFO - [2026-01-19T17:58:59.138+0000] {dagbag.py:538} INFO - Filling up the DagBag from /opt/airflow/dags/epl_match_scheduler.py
[2026-01-19T17:58:59.307+0000] {processor.py:840} INFO - DAG(s) 'epl_match_scheduler' retrieved from /opt/airflow/dags/epl_match_scheduler.py
[2026-01-19T17:58:59.386+0000] {logging_mixin.py:188} INFO - [2026-01-19T17:58:59.385+0000] {dag.py:3036} INFO - Sync 1 DAGs
[2026-01-19T17:58:59.443+0000] {logging_mixin.py:188} INFO - [2026-01-19T17:58:59.442+0000] {dag.py:3823} INFO - Setting next_dagrun for epl_match_scheduler to 2026-01-19 06:00:00+00:00, run_after=2026-01-20 06:00:00+00:00
[2026-01-19T17:58:59.773+0000] {processor.py:183} INFO - Processing /opt/airflow/dags/epl_match_scheduler.py took 2.304 seconds
[2026-01-19T18:01:14.319+0000] {processor.py:161} INFO - Started process (PID=48112) to work on /opt/airflow/dags/epl_match_scheduler.py
[2026-01-19T18:01:15.339+0000] {processor.py:830} INFO - Processing file /opt/airflow/dags/epl_match_scheduler.py for tasks to queue
[2026-01-19T18:01:16.011+0000] {logging_mixin.py:188} INFO - [2026-01-19T18:01:15.800+0000] {dagbag.py:538} INFO - Filling up the DagBag from /opt/airflow/dags/epl_match_scheduler.py
[2026-01-19T18:01:42.803+0000] {processor.py:840} INFO - DAG(s) 'epl_match_scheduler' retrieved from /opt/airflow/dags/epl_match_scheduler.py
[2026-01-19T18:01:55.617+0000] {logging_mixin.py:188} INFO - [2026-01-19T18:01:55.616+0000] {dag.py:3036} INFO - Sync 1 DAGs
[2026-01-19T18:01:56.027+0000] {logging_mixin.py:188} INFO - [2026-01-19T18:01:56.026+0000] {dag.py:3823} INFO - Setting next_dagrun for epl_match_scheduler to 2026-01-19 06:00:00+00:00, run_after=2026-01-20 06:00:00+00:00
[2026-01-19T18:01:56.331+0000] {processor.py:183} INFO - Processing /opt/airflow/dags/epl_match_scheduler.py took 44.700 seconds
[2026-01-19T18:02:27.548+0000] {processor.py:161} INFO - Started process (PID=48168) to work on /opt/airflow/dags/epl_match_scheduler.py
[2026-01-19T18:02:27.644+0000] {processor.py:830} INFO - Processing file /opt/airflow/dags/epl_match_scheduler.py for tasks to queue
[2026-01-19T18:02:27.647+0000] {logging_mixin.py:188} INFO - [2026-01-19T18:02:27.646+0000] {dagbag.py:538} INFO - Filling up the DagBag from /opt/airflow/dags/epl_match_scheduler.py
[2026-01-19T18:02:27.779+0000] {processor.py:840} INFO - DAG(s) 'epl_match_scheduler' retrieved from /opt/airflow/dags/epl_match_scheduler.py
[2026-01-19T18:02:27.841+0000] {logging_mixin.py:188} INFO - [2026-01-19T18:02:27.841+0000] {dag.py:3036} INFO - Sync 1 DAGs
[2026-01-19T18:02:27.885+0000] {logging_mixin.py:188} INFO - [2026-01-19T18:02:27.885+0000] {dag.py:3823} INFO - Setting next_dagrun for epl_match_scheduler to 2026-01-19 06:00:00+00:00, run_after=2026-01-20 06:00:00+00:00
[2026-01-19T18:02:28.037+0000] {processor.py:183} INFO - Processing /opt/airflow/dags/epl_match_scheduler.py took 0.495 seconds
[2026-01-19T18:02:58.156+0000] {processor.py:161} INFO - Started process (PID=48228) to work on /opt/airflow/dags/epl_match_scheduler.py
[2026-01-19T18:02:58.158+0000] {processor.py:830} INFO - Processing file /opt/airflow/dags/epl_match_scheduler.py for tasks to queue
[2026-01-19T18:02:58.160+0000] {logging_mixin.py:188} INFO - [2026-01-19T18:02:58.159+0000] {dagbag.py:538} INFO - Filling up the DagBag from /opt/airflow/dags/epl_match_scheduler.py
[2026-01-19T18:02:58.297+0000] {processor.py:840} INFO - DAG(s) 'epl_match_scheduler' retrieved from /opt/airflow/dags/epl_match_scheduler.py
[2026-01-19T18:02:58.358+0000] {logging_mixin.py:188} INFO - [2026-01-19T18:02:58.358+0000] {dag.py:3036} INFO - Sync 1 DAGs
[2026-01-19T18:02:58.405+0000] {logging_mixin.py:188} INFO - [2026-01-19T18:02:58.404+0000] {dag.py:3823} INFO - Setting next_dagrun for epl_match_scheduler to 2026-01-19 06:00:00+00:00, run_after=2026-01-20 06:00:00+00:00
[2026-01-19T18:02:58.512+0000] {processor.py:183} INFO - Processing /opt/airflow/dags/epl_match_scheduler.py took 0.364 seconds
[2026-01-19T18:03:36.620+0000] {processor.py:161} INFO - Started process (PID=48756) to work on /opt/airflow/dags/epl_match_scheduler.py
[2026-01-19T18:03:37.152+0000] {processor.py:830} INFO - Processing file /opt/airflow/dags/epl_match_scheduler.py for tasks to queue
[2026-01-19T18:03:37.155+0000] {logging_mixin.py:188} INFO - [2026-01-19T18:03:37.154+0000] {dagbag.py:538} INFO - Filling up the DagBag from /opt/airflow/dags/epl_match_scheduler.py
[2026-01-19T18:03:37.324+0000] {processor.py:840} INFO - DAG(s) 'epl_match_scheduler' retrieved from /opt/airflow/dags/epl_match_scheduler.py
[2026-01-19T18:03:37.408+0000] {logging_mixin.py:188} INFO - [2026-01-19T18:03:37.408+0000] {dag.py:3036} INFO - Sync 1 DAGs
[2026-01-19T18:03:37.472+0000] {logging_mixin.py:188} INFO - [2026-01-19T18:03:37.471+0000] {dag.py:3823} INFO - Setting next_dagrun for epl_match_scheduler to 2026-01-19 06:00:00+00:00, run_after=2026-01-20 06:00:00+00:00
[2026-01-19T18:03:57.955+0000] {processor.py:183} INFO - Processing /opt/airflow/dags/epl_match_scheduler.py took 21.343 seconds
[2026-01-19T18:04:28.205+0000] {processor.py:161} INFO - Started process (PID=48839) to work on /opt/airflow/dags/epl_match_scheduler.py
[2026-01-19T18:04:28.396+0000] {processor.py:830} INFO - Processing file /opt/airflow/dags/epl_match_scheduler.py for tasks to queue
[2026-01-19T18:04:28.399+0000] {logging_mixin.py:188} INFO - [2026-01-19T18:04:28.397+0000] {dagbag.py:538} INFO - Filling up the DagBag from /opt/airflow/dags/epl_match_scheduler.py
[2026-01-19T18:04:28.538+0000] {processor.py:840} INFO - DAG(s) 'epl_match_scheduler' retrieved from /opt/airflow/dags/epl_match_scheduler.py
[2026-01-19T18:04:28.604+0000] {logging_mixin.py:188} INFO - [2026-01-19T18:04:28.604+0000] {dag.py:3036} INFO - Sync 1 DAGs
[2026-01-19T18:04:28.660+0000] {logging_mixin.py:188} INFO - [2026-01-19T18:04:28.660+0000] {dag.py:3823} INFO - Setting next_dagrun for epl_match_scheduler to 2026-01-19 06:00:00+00:00, run_after=2026-01-20 06:00:00+00:00
[2026-01-19T18:04:28.971+0000] {processor.py:183} INFO - Processing /opt/airflow/dags/epl_match_scheduler.py took 0.772 seconds
[2026-01-19T18:04:59.490+0000] {processor.py:161} INFO - Started process (PID=48875) to work on /opt/airflow/dags/epl_match_scheduler.py
[2026-01-19T18:04:59.491+0000] {processor.py:830} INFO - Processing file /opt/airflow/dags/epl_match_scheduler.py for tasks to queue
[2026-01-19T18:04:59.494+0000] {logging_mixin.py:188} INFO - [2026-01-19T18:04:59.493+0000] {dagbag.py:538} INFO - Filling up the DagBag from /opt/airflow/dags/epl_match_scheduler.py
[2026-01-19T18:04:59.622+0000] {processor.py:840} INFO - DAG(s) 'epl_match_scheduler' retrieved from /opt/airflow/dags/epl_match_scheduler.py
[2026-01-19T18:04:59.699+0000] {logging_mixin.py:188} INFO - [2026-01-19T18:04:59.698+0000] {dag.py:3036} INFO - Sync 1 DAGs
[2026-01-19T18:04:59.801+0000] {logging_mixin.py:188} INFO - [2026-01-19T18:04:59.800+0000] {dag.py:3823} INFO - Setting next_dagrun for epl_match_scheduler to 2026-01-19 06:00:00+00:00, run_after=2026-01-20 06:00:00+00:00
[2026-01-19T18:05:19.917+0000] {processor.py:183} INFO - Processing /opt/airflow/dags/epl_match_scheduler.py took 20.436 seconds
[2026-01-19T18:05:50.499+0000] {processor.py:161} INFO - Started process (PID=48916) to work on /opt/airflow/dags/epl_match_scheduler.py
[2026-01-19T18:05:50.931+0000] {processor.py:830} INFO - Processing file /opt/airflow/dags/epl_match_scheduler.py for tasks to queue
[2026-01-19T18:05:50.934+0000] {logging_mixin.py:188} INFO - [2026-01-19T18:05:50.933+0000] {dagbag.py:538} INFO - Filling up the DagBag from /opt/airflow/dags/epl_match_scheduler.py
[2026-01-19T18:05:51.058+0000] {processor.py:840} INFO - DAG(s) 'epl_match_scheduler' retrieved from /opt/airflow/dags/epl_match_scheduler.py
[2026-01-19T18:05:51.132+0000] {logging_mixin.py:188} INFO - [2026-01-19T18:05:51.131+0000] {dag.py:3036} INFO - Sync 1 DAGs
[2026-01-19T18:05:51.176+0000] {logging_mixin.py:188} INFO - [2026-01-19T18:05:51.176+0000] {dag.py:3823} INFO - Setting next_dagrun for epl_match_scheduler to 2026-01-19 06:00:00+00:00, run_after=2026-01-20 06:00:00+00:00
[2026-01-19T18:05:51.979+0000] {processor.py:183} INFO - Processing /opt/airflow/dags/epl_match_scheduler.py took 1.486 seconds
[2026-01-19T18:06:22.353+0000] {processor.py:161} INFO - Started process (PID=48952) to work on /opt/airflow/dags/epl_match_scheduler.py
[2026-01-19T18:06:22.775+0000] {processor.py:830} INFO - Processing file /opt/airflow/dags/epl_match_scheduler.py for tasks to queue
[2026-01-19T18:06:22.777+0000] {logging_mixin.py:188} INFO - [2026-01-19T18:06:22.776+0000] {dagbag.py:538} INFO - Filling up the DagBag from /opt/airflow/dags/epl_match_scheduler.py
[2026-01-19T18:06:22.926+0000] {processor.py:840} INFO - DAG(s) 'epl_match_scheduler' retrieved from /opt/airflow/dags/epl_match_scheduler.py
[2026-01-19T18:06:22.994+0000] {logging_mixin.py:188} INFO - [2026-01-19T18:06:22.994+0000] {dag.py:3036} INFO - Sync 1 DAGs
[2026-01-19T18:06:23.054+0000] {logging_mixin.py:188} INFO - [2026-01-19T18:06:23.054+0000] {dag.py:3823} INFO - Setting next_dagrun for epl_match_scheduler to 2026-01-19 06:00:00+00:00, run_after=2026-01-20 06:00:00+00:00
[2026-01-19T18:06:23.122+0000] {processor.py:183} INFO - Processing /opt/airflow/dags/epl_match_scheduler.py took 0.775 seconds
[2026-01-19T18:07:03.115+0000] {processor.py:161} INFO - Started process (PID=48970) to work on /opt/airflow/dags/epl_match_scheduler.py
[2026-01-19T18:07:03.135+0000] {processor.py:830} INFO - Processing file /opt/airflow/dags/epl_match_scheduler.py for tasks to queue
[2026-01-19T18:07:03.139+0000] {logging_mixin.py:188} INFO - [2026-01-19T18:07:03.138+0000] {dagbag.py:538} INFO - Filling up the DagBag from /opt/airflow/dags/epl_match_scheduler.py
[2026-01-19T18:07:03.330+0000] {processor.py:840} INFO - DAG(s) 'epl_match_scheduler' retrieved from /opt/airflow/dags/epl_match_scheduler.py
[2026-01-19T18:07:03.654+0000] {logging_mixin.py:188} INFO - [2026-01-19T18:07:03.653+0000] {dag.py:3036} INFO - Sync 1 DAGs
[2026-01-19T18:07:03.705+0000] {logging_mixin.py:188} INFO - [2026-01-19T18:07:03.705+0000] {dag.py:3823} INFO - Setting next_dagrun for epl_match_scheduler to 2026-01-19 06:00:00+00:00, run_after=2026-01-20 06:00:00+00:00
[2026-01-19T18:07:04.462+0000] {processor.py:183} INFO - Processing /opt/airflow/dags/epl_match_scheduler.py took 1.358 seconds
[2026-01-19T18:07:34.926+0000] {processor.py:161} INFO - Started process (PID=49014) to work on /opt/airflow/dags/epl_match_scheduler.py
[2026-01-19T18:07:34.928+0000] {processor.py:830} INFO - Processing file /opt/airflow/dags/epl_match_scheduler.py for tasks to queue
[2026-01-19T18:07:34.930+0000] {logging_mixin.py:188} INFO - [2026-01-19T18:07:34.929+0000] {dagbag.py:538} INFO - Filling up the DagBag from /opt/airflow/dags/epl_match_scheduler.py
[2026-01-19T18:07:35.052+0000] {processor.py:840} INFO - DAG(s) 'epl_match_scheduler' retrieved from /opt/airflow/dags/epl_match_scheduler.py
[2026-01-19T18:07:35.121+0000] {logging_mixin.py:188} INFO - [2026-01-19T18:07:35.120+0000] {dag.py:3036} INFO - Sync 1 DAGs
[2026-01-19T18:07:35.419+0000] {logging_mixin.py:188} INFO - [2026-01-19T18:07:35.418+0000] {dag.py:3823} INFO - Setting next_dagrun for epl_match_scheduler to 2026-01-19 06:00:00+00:00, run_after=2026-01-20 06:00:00+00:00
[2026-01-19T18:07:36.142+0000] {processor.py:183} INFO - Processing /opt/airflow/dags/epl_match_scheduler.py took 1.224 seconds
[2026-01-19T18:08:06.646+0000] {processor.py:161} INFO - Started process (PID=49050) to work on /opt/airflow/dags/epl_match_scheduler.py
[2026-01-19T18:08:06.647+0000] {processor.py:830} INFO - Processing file /opt/airflow/dags/epl_match_scheduler.py for tasks to queue
[2026-01-19T18:08:06.649+0000] {logging_mixin.py:188} INFO - [2026-01-19T18:08:06.648+0000] {dagbag.py:538} INFO - Filling up the DagBag from /opt/airflow/dags/epl_match_scheduler.py
[2026-01-19T18:08:06.771+0000] {processor.py:840} INFO - DAG(s) 'epl_match_scheduler' retrieved from /opt/airflow/dags/epl_match_scheduler.py
[2026-01-19T18:08:06.824+0000] {logging_mixin.py:188} INFO - [2026-01-19T18:08:06.823+0000] {dag.py:3036} INFO - Sync 1 DAGs
[2026-01-19T18:08:07.103+0000] {logging_mixin.py:188} INFO - [2026-01-19T18:08:07.102+0000] {dag.py:3823} INFO - Setting next_dagrun for epl_match_scheduler to 2026-01-19 06:00:00+00:00, run_after=2026-01-20 06:00:00+00:00
[2026-01-19T18:08:07.164+0000] {processor.py:183} INFO - Processing /opt/airflow/dags/epl_match_scheduler.py took 0.525 seconds
                                                                                                                                                                                                                                                                                                                                                                                                                                                                                                                                                                                                                                                                                                                                                                                                                                                                                                                                                                                                                                                                                                               