[2026-01-19T17:38:03.463+0000] {processor.py:161} INFO - Started process (PID=45628) to work on /opt/airflow/dags/epl_timed_scraper.py
[2026-01-19T17:38:03.465+0000] {processor.py:830} INFO - Processing file /opt/airflow/dags/epl_timed_scraper.py for tasks to queue
[2026-01-19T17:38:03.466+0000] {logging_mixin.py:188} INFO - [2026-01-19T17:38:03.466+0000] {dagbag.py:538} INFO - Filling up the DagBag from /opt/airflow/dags/epl_timed_scraper.py
[2026-01-19T17:38:03.541+0000] {processor.py:840} INFO - DAG(s) 'epl_timed_match_scraper' retrieved from /opt/airflow/dags/epl_timed_scraper.py
[2026-01-19T17:38:05.240+0000] {logging_mixin.py:188} INFO - [2026-01-19T17:38:05.240+0000] {dag.py:3036} INFO - Sync 1 DAGs
[2026-01-19T17:38:05.281+0000] {logging_mixin.py:188} INFO - [2026-01-19T17:38:05.281+0000] {dag.py:3823} INFO - Setting next_dagrun for epl_timed_match_scraper to 2026-01-19 00:30:00+00:00, run_after=2026-01-19 17:30:00+00:00
[2026-01-19T17:38:05.463+0000] {processor.py:183} INFO - Processing /opt/airflow/dags/epl_timed_scraper.py took 2.005 seconds
[2026-01-19T17:38:40.534+0000] {processor.py:161} INFO - Started process (PID=46546) to work on /opt/airflow/dags/epl_timed_scraper.py
[2026-01-19T17:38:42.139+0000] {processor.py:830} INFO - Processing file /opt/airflow/dags/epl_timed_scraper.py for tasks to queue
[2026-01-19T17:38:42.141+0000] {logging_mixin.py:188} INFO - [2026-01-19T17:38:42.140+0000] {dagbag.py:538} INFO - Filling up the DagBag from /opt/airflow/dags/epl_timed_scraper.py
[2026-01-19T17:38:42.219+0000] {processor.py:840} INFO - DAG(s) 'epl_timed_match_scraper' retrieved from /opt/airflow/dags/epl_timed_scraper.py
[2026-01-19T17:38:42.242+0000] {logging_mixin.py:188} INFO - [2026-01-19T17:38:42.242+0000] {dag.py:3036} INFO - Sync 1 DAGs
[2026-01-19T17:38:42.383+0000] {logging_mixin.py:188} INFO - [2026-01-19T17:38:42.383+0000] {dag.py:3823} INFO - Setting next_dagrun for epl_timed_match_scraper to 2026-01-19 17:30:00+00:00, run_after=2026-01-19 19:30:00+00:00
[2026-01-19T17:38:42.475+0000] {processor.py:183} INFO - Processing /opt/airflow/dags/epl_timed_scraper.py took 1.954 seconds
[2026-01-19T17:39:14.420+0000] {processor.py:161} INFO - Started process (PID=46864) to work on /opt/airflow/dags/epl_timed_scraper.py
[2026-01-19T17:39:16.102+0000] {processor.py:830} INFO - Processing file /opt/airflow/dags/epl_timed_scraper.py for tasks to queue
[2026-01-19T17:39:16.104+0000] {logging_mixin.py:188} INFO - [2026-01-19T17:39:16.103+0000] {dagbag.py:538} INFO - Filling up the DagBag from /opt/airflow/dags/epl_timed_scraper.py
[2026-01-19T17:39:16.187+0000] {processor.py:840} INFO - DAG(s) 'epl_timed_match_scraper' retrieved from /opt/airflow/dags/epl_timed_scraper.py
[2026-01-19T17:39:16.214+0000] {logging_mixin.py:188} INFO - [2026-01-19T17:39:16.214+0000] {dag.py:3036} INFO - Sync 1 DAGs
[2026-01-19T17:39:16.238+0000] {logging_mixin.py:188} INFO - [2026-01-19T17:39:16.238+0000] {dag.py:3823} INFO - Setting next_dagrun for epl_timed_match_scraper to 2026-01-19 17:30:00+00:00, run_after=2026-01-19 19:30:00+00:00
[2026-01-19T17:39:16.365+0000] {processor.py:183} INFO - Processing /opt/airflow/dags/epl_timed_scraper.py took 1.952 seconds
[2026-01-19T17:39:50.441+0000] {processor.py:161} INFO - Started process (PID=46900) to work on /opt/airflow/dags/epl_timed_scraper.py
[2026-01-19T17:39:52.133+0000] {processor.py:830} INFO - Processing file /opt/airflow/dags/epl_timed_scraper.py for tasks to queue
[2026-01-19T17:39:52.135+0000] {logging_mixin.py:188} INFO - [2026-01-19T17:39:52.135+0000] {dagbag.py:538} INFO - Filling up the DagBag from /opt/airflow/dags/epl_timed_scraper.py
[2026-01-19T17:39:52.218+0000] {processor.py:840} INFO - DAG(s) 'epl_timed_match_scraper' retrieved from /opt/airflow/dags/epl_timed_scraper.py
[2026-01-19T17:39:52.239+0000] {logging_mixin.py:188} INFO - [2026-01-19T17:39:52.239+0000] {dag.py:3036} INFO - Sync 1 DAGs
[2026-01-19T17:39:52.259+0000] {logging_mixin.py:188} INFO - [2026-01-19T17:39:52.258+0000] {dag.py:3823} INFO - Setting next_dagrun for epl_timed_match_scraper to 2026-01-19 17:30:00+00:00, run_after=2026-01-19 19:30:00+00:00
[2026-01-19T17:39:52.378+0000] {processor.py:183} INFO - Processing /opt/airflow/dags/epl_timed_scraper.py took 1.944 seconds
[2026-01-19T17:40:25.468+0000] {processor.py:161} INFO - Started process (PID=46936) to work on /opt/airflow/dags/epl_timed_scraper.py
[2026-01-19T17:40:27.141+0000] {processor.py:830} INFO - Processing file /opt/airflow/dags/epl_timed_scraper.py for tasks to queue
[2026-01-19T17:40:27.143+0000] {logging_mixin.py:188} INFO - [2026-01-19T17:40:27.142+0000] {dagbag.py:538} INFO - Filling up the DagBag from /opt/airflow/dags/epl_timed_scraper.py
[2026-01-19T17:40:27.226+0000] {processor.py:840} INFO - DAG(s) 'epl_timed_match_scraper' retrieved from /opt/airflow/dags/epl_timed_scraper.py
[2026-01-19T17:40:27.248+0000] {logging_mixin.py:188} INFO - [2026-01-19T17:40:27.248+0000] {dag.py:3036} INFO - Sync 1 DAGs
[2026-01-19T17:40:27.267+0000] {logging_mixin.py:188} INFO - [2026-01-19T17:40:27.267+0000] {dag.py:3823} INFO - Setting next_dagrun for epl_timed_match_scraper to 2026-01-19 17:30:00+00:00, run_after=2026-01-19 19:30:00+00:00
[2026-01-19T17:40:27.387+0000] {processor.py:183} INFO - Processing /opt/airflow/dags/epl_timed_scraper.py took 1.929 seconds
[2026-01-19T17:41:02.426+0000] {processor.py:161} INFO - Started process (PID=46972) to work on /opt/airflow/dags/epl_timed_scraper.py
[2026-01-19T17:41:04.094+0000] {processor.py:830} INFO - Processing file /opt/airflow/dags/epl_timed_scraper.py for tasks to queue
[2026-01-19T17:41:04.096+0000] {logging_mixin.py:188} INFO - [2026-01-19T17:41:04.096+0000] {dagbag.py:538} INFO - Filling up the DagBag from /opt/airflow/dags/epl_timed_scraper.py
[2026-01-19T17:41:04.182+0000] {processor.py:840} INFO - DAG(s) 'epl_timed_match_scraper' retrieved from /opt/airflow/dags/epl_timed_scraper.py
[2026-01-19T17:41:04.205+0000] {logging_mixin.py:188} INFO - [2026-01-19T17:41:04.205+0000] {dag.py:3036} INFO - Sync 1 DAGs
[2026-01-19T17:41:04.226+0000] {logging_mixin.py:188} INFO - [2026-01-19T17:41:04.226+0000] {dag.py:3823} INFO - Setting next_dagrun for epl_timed_match_scraper to 2026-01-19 17:30:00+00:00, run_after=2026-01-19 19:30:00+00:00
[2026-01-19T17:41:04.348+0000] {processor.py:183} INFO - Processing /opt/airflow/dags/epl_timed_scraper.py took 1.929 seconds
[2026-01-19T17:41:37.423+0000] {processor.py:161} INFO - Started process (PID=47008) to work on /opt/airflow/dags/epl_timed_scraper.py
[2026-01-19T17:41:39.090+0000] {processor.py:830} INFO - Processing file /opt/airflow/dags/epl_timed_scraper.py for tasks to queue
[2026-01-19T17:41:39.092+0000] {logging_mixin.py:188} INFO - [2026-01-19T17:41:39.091+0000] {dagbag.py:538} INFO - Filling up the DagBag from /opt/airflow/dags/epl_timed_scraper.py
[2026-01-19T17:41:39.176+0000] {processor.py:840} INFO - DAG(s) 'epl_timed_match_scraper' retrieved from /opt/airflow/dags/epl_timed_scraper.py
[2026-01-19T17:41:39.199+0000] {logging_mixin.py:188} INFO - [2026-01-19T17:41:39.199+0000] {dag.py:3036} INFO - Sync 1 DAGs
[2026-01-19T17:41:39.220+0000] {logging_mixin.py:188} INFO - [2026-01-19T17:41:39.220+0000] {dag.py:3823} INFO - Setting next_dagrun for epl_timed_match_scraper to 2026-01-19 17:30:00+00:00, run_after=2026-01-19 19:30:00+00:00
[2026-01-19T17:41:39.328+0000] {processor.py:183} INFO - Processing /opt/airflow/dags/epl_timed_scraper.py took 1.911 seconds
[2026-01-19T17:42:12.416+0000] {processor.py:161} INFO - Started process (PID=47044) to work on /opt/airflow/dags/epl_timed_scraper.py
[2026-01-19T17:42:14.102+0000] {processor.py:830} INFO - Processing file /opt/airflow/dags/epl_timed_scraper.py for tasks to queue
[2026-01-19T17:42:14.104+0000] {logging_mixin.py:188} INFO - [2026-01-19T17:42:14.103+0000] {dagbag.py:538} INFO - Filling up the DagBag from /opt/airflow/dags/epl_timed_scraper.py
[2026-01-19T17:42:14.183+0000] {processor.py:840} INFO - DAG(s) 'epl_timed_match_scraper' retrieved from /opt/airflow/dags/epl_timed_scraper.py
[2026-01-19T17:42:14.214+0000] {logging_mixin.py:188} INFO - [2026-01-19T17:42:14.214+0000] {dag.py:3036} INFO - Sync 1 DAGs
[2026-01-19T17:42:14.251+0000] {logging_mixin.py:188} INFO - [2026-01-19T17:42:14.251+0000] {dag.py:3823} INFO - Setting next_dagrun for epl_timed_match_scraper to 2026-01-19 17:30:00+00:00, run_after=2026-01-19 19:30:00+00:00
[2026-01-19T17:42:14.365+0000] {processor.py:183} INFO - Processing /opt/airflow/dags/epl_timed_scraper.py took 1.957 seconds
[2026-01-19T17:42:47.411+0000] {processor.py:161} INFO - Started process (PID=47080) to work on /opt/airflow/dags/epl_timed_scraper.py
[2026-01-19T17:42:49.099+0000] {processor.py:830} INFO - Processing file /opt/airflow/dags/epl_timed_scraper.py for tasks to queue
[2026-01-19T17:42:49.101+0000] {logging_mixin.py:188} INFO - [2026-01-19T17:42:49.100+0000] {dagbag.py:538} INFO - Filling up the DagBag from /opt/airflow/dags/epl_timed_scraper.py
[2026-01-19T17:42:49.181+0000] {processor.py:840} INFO - DAG(s) 'epl_timed_match_scraper' retrieved from /opt/airflow/dags/epl_timed_scraper.py
[2026-01-19T17:42:49.208+0000] {logging_mixin.py:188} INFO - [2026-01-19T17:42:49.208+0000] {dag.py:3036} INFO - Sync 1 DAGs
[2026-01-19T17:42:49.231+0000] {logging_mixin.py:188} INFO - [2026-01-19T17:42:49.231+0000] {dag.py:3823} INFO - Setting next_dagrun for epl_timed_match_scraper to 2026-01-19 17:30:00+00:00, run_after=2026-01-19 19:30:00+00:00
[2026-01-19T17:42:49.320+0000] {processor.py:183} INFO - Processing /opt/airflow/dags/epl_timed_scraper.py took 1.915 seconds
[2026-01-19T17:43:24.450+0000] {processor.py:161} INFO - Started process (PID=47116) to work on /opt/airflow/dags/epl_timed_scraper.py
[2026-01-19T17:43:26.155+0000] {processor.py:830} INFO - Processing file /opt/airflow/dags/epl_timed_scraper.py for tasks to queue
[2026-01-19T17:43:26.156+0000] {logging_mixin.py:188} INFO - [2026-01-19T17:43:26.156+0000] {dagbag.py:538} INFO - Filling up the DagBag from /opt/airflow/dags/epl_timed_scraper.py
[2026-01-19T17:43:26.238+0000] {processor.py:840} INFO - DAG(s) 'epl_timed_match_scraper' retrieved from /opt/airflow/dags/epl_timed_scraper.py
[2026-01-19T17:43:26.261+0000] {logging_mixin.py:188} INFO - [2026-01-19T17:43:26.261+0000] {dag.py:3036} INFO - Sync 1 DAGs
[2026-01-19T17:43:26.280+0000] {logging_mixin.py:188} INFO - [2026-01-19T17:43:26.280+0000] {dag.py:3823} INFO - Setting next_dagrun for epl_timed_match_scraper to 2026-01-19 17:30:00+00:00, run_after=2026-01-19 19:30:00+00:00
[2026-01-19T17:43:26.378+0000] {processor.py:183} INFO - Processing /opt/airflow/dags/epl_timed_scraper.py took 1.933 seconds
[2026-01-19T17:43:59.480+0000] {processor.py:161} INFO - Started process (PID=47155) to work on /opt/airflow/dags/epl_timed_scraper.py
[2026-01-19T17:44:01.190+0000] {processor.py:830} INFO - Processing file /opt/airflow/dags/epl_timed_scraper.py for tasks to queue
[2026-01-19T17:44:01.192+0000] {logging_mixin.py:188} INFO - [2026-01-19T17:44:01.191+0000] {dagbag.py:538} INFO - Filling up the DagBag from /opt/airflow/dags/epl_timed_scraper.py
[2026-01-19T17:44:01.271+0000] {processor.py:840} INFO - DAG(s) 'epl_timed_match_scraper' retrieved from /opt/airflow/dags/epl_timed_scraper.py
[2026-01-19T17:44:01.292+0000] {logging_mixin.py:188} INFO - [2026-01-19T17:44:01.292+0000] {dag.py:3036} INFO - Sync 1 DAGs
[2026-01-19T17:44:01.310+0000] {logging_mixin.py:188} INFO - [2026-01-19T17:44:01.310+0000] {dag.py:3823} INFO - Setting next_dagrun for epl_timed_match_scraper to 2026-01-19 17:30:00+00:00, run_after=2026-01-19 19:30:00+00:00
[2026-01-19T17:44:01.433+0000] {processor.py:183} INFO - Processing /opt/airflow/dags/epl_timed_scraper.py took 1.961 seconds
[2026-01-19T17:44:34.467+0000] {processor.py:161} INFO - Started process (PID=47191) to work on /opt/airflow/dags/epl_timed_scraper.py
[2026-01-19T17:44:36.156+0000] {processor.py:830} INFO - Processing file /opt/airflow/dags/epl_timed_scraper.py for tasks to queue
[2026-01-19T17:44:36.158+0000] {logging_mixin.py:188} INFO - [2026-01-19T17:44:36.157+0000] {dagbag.py:538} INFO - Filling up the DagBag from /opt/airflow/dags/epl_timed_scraper.py
[2026-01-19T17:44:36.243+0000] {processor.py:840} INFO - DAG(s) 'epl_timed_match_scraper' retrieved from /opt/airflow/dags/epl_timed_scraper.py
[2026-01-19T17:44:36.270+0000] {logging_mixin.py:188} INFO - [2026-01-19T17:44:36.270+0000] {dag.py:3036} INFO - Sync 1 DAGs
[2026-01-19T17:44:36.295+0000] {logging_mixin.py:188} INFO - [2026-01-19T17:44:36.295+0000] {dag.py:3823} INFO - Setting next_dagrun for epl_timed_match_scraper to 2026-01-19 17:30:00+00:00, run_after=2026-01-19 19:30:00+00:00
[2026-01-19T17:44:36.416+0000] {processor.py:183} INFO - Processing /opt/airflow/dags/epl_timed_scraper.py took 1.957 seconds
[2026-01-19T17:45:10.431+0000] {processor.py:161} INFO - Started process (PID=47227) to work on /opt/airflow/dags/epl_timed_scraper.py
[2026-01-19T17:45:12.185+0000] {processor.py:830} INFO - Processing file /opt/airflow/dags/epl_timed_scraper.py for tasks to queue
[2026-01-19T17:45:12.187+0000] {logging_mixin.py:188} INFO - [2026-01-19T17:45:12.186+0000] {dagbag.py:538} INFO - Filling up the DagBag from /opt/airflow/dags/epl_timed_scraper.py
[2026-01-19T17:45:12.268+0000] {processor.py:840} INFO - DAG(s) 'epl_timed_match_scraper' retrieved from /opt/airflow/dags/epl_timed_scraper.py
[2026-01-19T17:45:12.293+0000] {logging_mixin.py:188} INFO - [2026-01-19T17:45:12.293+0000] {dag.py:3036} INFO - Sync 1 DAGs
[2026-01-19T17:45:12.312+0000] {logging_mixin.py:188} INFO - [2026-01-19T17:45:12.312+0000] {dag.py:3823} INFO - Setting next_dagrun for epl_timed_match_scraper to 2026-01-19 17:30:00+00:00, run_after=2026-01-19 19:30:00+00:00
[2026-01-19T17:45:12.381+0000] {processor.py:183} INFO - Processing /opt/airflow/dags/epl_timed_scraper.py took 1.958 seconds
[2026-01-19T17:45:46.426+0000] {processor.py:161} INFO - Started process (PID=47263) to work on /opt/airflow/dags/epl_timed_scraper.py
[2026-01-19T17:45:48.113+0000] {processor.py:830} INFO - Processing file /opt/airflow/dags/epl_timed_scraper.py for tasks to queue
[2026-01-19T17:45:48.115+0000] {logging_mixin.py:188} INFO - [2026-01-19T17:45:48.114+0000] {dagbag.py:538} INFO - Filling up the DagBag from /opt/airflow/dags/epl_timed_scraper.py
[2026-01-19T17:45:48.200+0000] {processor.py:840} INFO - DAG(s) 'epl_timed_match_scraper' retrieved from /opt/airflow/dags/epl_timed_scraper.py
[2026-01-19T17:45:48.222+0000] {logging_mixin.py:188} INFO - [2026-01-19T17:45:48.222+0000] {dag.py:3036} INFO - Sync 1 DAGs
[2026-01-19T17:45:48.241+0000] {logging_mixin.py:188} INFO - [2026-01-19T17:45:48.241+0000] {dag.py:3823} INFO - Setting next_dagrun for epl_timed_match_scraper to 2026-01-19 17:30:00+00:00, run_after=2026-01-19 19:30:00+00:00
[2026-01-19T17:45:48.595+0000] {processor.py:183} INFO - Processing /opt/airflow/dags/epl_timed_scraper.py took 2.181 seconds
[2026-01-19T17:46:21.431+0000] {processor.py:161} INFO - Started process (PID=47300) to work on /opt/airflow/dags/epl_timed_scraper.py
[2026-01-19T17:46:23.141+0000] {processor.py:830} INFO - Processing file /opt/airflow/dags/epl_timed_scraper.py for tasks to queue
[2026-01-19T17:46:23.143+0000] {logging_mixin.py:188} INFO - [2026-01-19T17:46:23.142+0000] {dagbag.py:538} INFO - Filling up the DagBag from /opt/airflow/dags/epl_timed_scraper.py
[2026-01-19T17:46:23.225+0000] {processor.py:840} INFO - DAG(s) 'epl_timed_match_scraper' retrieved from /opt/airflow/dags/epl_timed_scraper.py
[2026-01-19T17:46:23.245+0000] {logging_mixin.py:188} INFO - [2026-01-19T17:46:23.244+0000] {dag.py:3036} INFO - Sync 1 DAGs
[2026-01-19T17:46:23.265+0000] {logging_mixin.py:188} INFO - [2026-01-19T17:46:23.264+0000] {dag.py:3823} INFO - Setting next_dagrun for epl_timed_match_scraper to 2026-01-19 17:30:00+00:00, run_after=2026-01-19 19:30:00+00:00
[2026-01-19T17:46:23.356+0000] {processor.py:183} INFO - Processing /opt/airflow/dags/epl_timed_scraper.py took 1.935 seconds
[2026-01-19T17:46:58.799+0000] {processor.py:161} INFO - Started process (PID=47335) to work on /opt/airflow/dags/epl_timed_scraper.py
[2026-01-19T17:47:00.112+0000] {processor.py:830} INFO - Processing file /opt/airflow/dags/epl_timed_scraper.py for tasks to queue
[2026-01-19T17:47:00.114+0000] {logging_mixin.py:188} INFO - [2026-01-19T17:47:00.113+0000] {dagbag.py:538} INFO - Filling up the DagBag from /opt/airflow/dags/epl_timed_scraper.py
[2026-01-19T17:47:00.208+0000] {processor.py:840} INFO - DAG(s) 'epl_timed_match_scraper' retrieved from /opt/airflow/dags/epl_timed_scraper.py
[2026-01-19T17:47:00.251+0000] {logging_mixin.py:188} INFO - [2026-01-19T17:47:00.250+0000] {dag.py:3036} INFO - Sync 1 DAGs
[2026-01-19T17:47:00.288+0000] {logging_mixin.py:188} INFO - [2026-01-19T17:47:00.288+0000] {dag.py:3823} INFO - Setting next_dagrun for epl_timed_match_scraper to 2026-01-19 17:30:00+00:00, run_after=2026-01-19 19:30:00+00:00
[2026-01-19T17:47:00.411+0000] {processor.py:183} INFO - Processing /opt/airflow/dags/epl_timed_scraper.py took 1.621 seconds
[2026-01-19T17:47:33.423+0000] {processor.py:161} INFO - Started process (PID=47371) to work on /opt/airflow/dags/epl_timed_scraper.py
[2026-01-19T17:47:35.132+0000] {processor.py:830} INFO - Processing file /opt/airflow/dags/epl_timed_scraper.py for tasks to queue
[2026-01-19T17:47:35.134+0000] {logging_mixin.py:188} INFO - [2026-01-19T17:47:35.133+0000] {dagbag.py:538} INFO - Filling up the DagBag from /opt/airflow/dags/epl_timed_scraper.py
[2026-01-19T17:47:35.234+0000] {processor.py:840} INFO - DAG(s) 'epl_timed_match_scraper' retrieved from /opt/airflow/dags/epl_timed_scraper.py
[2026-01-19T17:47:35.277+0000] {logging_mixin.py:188} INFO - [2026-01-19T17:47:35.277+0000] {dag.py:3036} INFO - Sync 1 DAGs
[2026-01-19T17:47:35.314+0000] {logging_mixin.py:188} INFO - [2026-01-19T17:47:35.313+0000] {dag.py:3823} INFO - Setting next_dagrun for epl_timed_match_scraper to 2026-01-19 17:30:00+00:00, run_after=2026-01-19 19:30:00+00:00
[2026-01-19T17:47:35.660+0000] {processor.py:183} INFO - Processing /opt/airflow/dags/epl_timed_scraper.py took 2.244 seconds
[2026-01-19T17:48:11.520+0000] {processor.py:161} INFO - Started process (PID=47413) to work on /opt/airflow/dags/epl_timed_scraper.py
[2026-01-19T17:48:13.171+0000] {processor.py:830} INFO - Processing file /opt/airflow/dags/epl_timed_scraper.py for tasks to queue
[2026-01-19T17:48:13.173+0000] {logging_mixin.py:188} INFO - [2026-01-19T17:48:13.172+0000] {dagbag.py:538} INFO - Filling up the DagBag from /opt/airflow/dags/epl_timed_scraper.py
[2026-01-19T17:48:13.333+0000] {processor.py:840} INFO - DAG(s) 'epl_timed_match_scraper' retrieved from /opt/airflow/dags/epl_timed_scraper.py
[2026-01-19T17:48:13.399+0000] {logging_mixin.py:188} INFO - [2026-01-19T17:48:13.399+0000] {dag.py:3036} INFO - Sync 1 DAGs
[2026-01-19T17:48:13.458+0000] {logging_mixin.py:188} INFO - [2026-01-19T17:48:13.457+0000] {dag.py:3823} INFO - Setting next_dagrun for epl_timed_match_scraper to 2026-01-19 17:30:00+00:00, run_after=2026-01-19 19:30:00+00:00
[2026-01-19T17:48:13.807+0000] {processor.py:183} INFO - Processing /opt/airflow/dags/epl_timed_scraper.py took 2.298 seconds
[2026-01-19T17:48:44.508+0000] {processor.py:161} INFO - Started process (PID=47445) to work on /opt/airflow/dags/epl_timed_scraper.py
[2026-01-19T17:48:46.178+0000] {processor.py:830} INFO - Processing file /opt/airflow/dags/epl_timed_scraper.py for tasks to queue
[2026-01-19T17:48:46.180+0000] {logging_mixin.py:188} INFO - [2026-01-19T17:48:46.179+0000] {dagbag.py:538} INFO - Filling up the DagBag from /opt/airflow/dags/epl_timed_scraper.py
[2026-01-19T17:48:46.345+0000] {processor.py:840} INFO - DAG(s) 'epl_timed_match_scraper' retrieved from /opt/airflow/dags/epl_timed_scraper.py
[2026-01-19T17:48:46.417+0000] {logging_mixin.py:188} INFO - [2026-01-19T17:48:46.417+0000] {dag.py:3036} INFO - Sync 1 DAGs
[2026-01-19T17:48:46.478+0000] {logging_mixin.py:188} INFO - [2026-01-19T17:48:46.477+0000] {dag.py:3823} INFO - Setting next_dagrun for epl_timed_match_scraper to 2026-01-19 17:30:00+00:00, run_after=2026-01-19 19:30:00+00:00
[2026-01-19T17:48:46.766+0000] {processor.py:183} INFO - Processing /opt/airflow/dags/epl_timed_scraper.py took 2.271 seconds
[2026-01-19T17:49:16.871+0000] {processor.py:161} INFO - Started process (PID=47493) to work on /opt/airflow/dags/epl_timed_scraper.py
[2026-01-19T17:49:17.111+0000] {processor.py:830} INFO - Processing file /opt/airflow/dags/epl_timed_scraper.py for tasks to queue
[2026-01-19T17:49:17.113+0000] {logging_mixin.py:188} INFO - [2026-01-19T17:49:17.112+0000] {dagbag.py:538} INFO - Filling up the DagBag from /opt/airflow/dags/epl_timed_scraper.py
[2026-01-19T17:49:17.252+0000] {processor.py:840} INFO - DAG(s) 'epl_timed_match_scraper' retrieved from /opt/airflow/dags/epl_timed_scraper.py
[2026-01-19T17:49:17.313+0000] {logging_mixin.py:188} INFO - [2026-01-19T17:49:17.312+0000] {dag.py:3036} INFO - Sync 1 DAGs
[2026-01-19T17:49:17.357+0000] {logging_mixin.py:188} INFO - [2026-01-19T17:49:17.356+0000] {dag.py:3823} INFO - Setting next_dagrun for epl_timed_match_scraper to 2026-01-19 17:30:00+00:00, run_after=2026-01-19 19:30:00+00:00
[2026-01-19T17:49:18.711+0000] {processor.py:183} INFO - Processing /opt/airflow/dags/epl_timed_scraper.py took 1.845 seconds
[2026-01-19T17:49:59.460+0000] {processor.py:161} INFO - Started process (PID=47529) to work on /opt/airflow/dags/epl_timed_scraper.py
[2026-01-19T17:50:01.131+0000] {processor.py:830} INFO - Processing file /opt/airflow/dags/epl_timed_scraper.py for tasks to queue
[2026-01-19T17:50:01.133+0000] {logging_mixin.py:188} INFO - [2026-01-19T17:50:01.133+0000] {dagbag.py:538} INFO - Filling up the DagBag from /opt/airflow/dags/epl_timed_scraper.py
[2026-01-19T17:50:01.299+0000] {processor.py:840} INFO - DAG(s) 'epl_timed_match_scraper' retrieved from /opt/airflow/dags/epl_timed_scraper.py
[2026-01-19T17:50:01.367+0000] {logging_mixin.py:188} INFO - [2026-01-19T17:50:01.367+0000] {dag.py:3036} INFO - Sync 1 DAGs
[2026-01-19T17:50:01.430+0000] {logging_mixin.py:188} INFO - [2026-01-19T17:50:01.430+0000] {dag.py:3823} INFO - Setting next_dagrun for epl_timed_match_scraper to 2026-01-19 17:30:00+00:00, run_after=2026-01-19 19:30:00+00:00
[2026-01-19T17:50:01.788+0000] {processor.py:183} INFO - Processing /opt/airflow/dags/epl_timed_scraper.py took 2.340 seconds
[2026-01-19T17:50:34.461+0000] {processor.py:161} INFO - Started process (PID=47565) to work on /opt/airflow/dags/epl_timed_scraper.py
[2026-01-19T17:50:36.140+0000] {processor.py:830} INFO - Processing file /opt/airflow/dags/epl_timed_scraper.py for tasks to queue
[2026-01-19T17:50:36.142+0000] {logging_mixin.py:188} INFO - [2026-01-19T17:50:36.141+0000] {dagbag.py:538} INFO - Filling up the DagBag from /opt/airflow/dags/epl_timed_scraper.py
[2026-01-19T17:50:36.294+0000] {processor.py:840} INFO - DAG(s) 'epl_timed_match_scraper' retrieved from /opt/airflow/dags/epl_timed_scraper.py
[2026-01-19T17:50:36.365+0000] {logging_mixin.py:188} INFO - [2026-01-19T17:50:36.364+0000] {dag.py:3036} INFO - Sync 1 DAGs
[2026-01-19T17:50:36.425+0000] {logging_mixin.py:188} INFO - [2026-01-19T17:50:36.425+0000] {dag.py:3823} INFO - Setting next_dagrun for epl_timed_match_scraper to 2026-01-19 17:30:00+00:00, run_after=2026-01-19 19:30:00+00:00
[2026-01-19T17:50:36.748+0000] {processor.py:183} INFO - Processing /opt/airflow/dags/epl_timed_scraper.py took 2.297 seconds
[2026-01-19T17:51:09.503+0000] {processor.py:161} INFO - Started process (PID=47601) to work on /opt/airflow/dags/epl_timed_scraper.py
[2026-01-19T17:51:11.194+0000] {processor.py:830} INFO - Processing file /opt/airflow/dags/epl_timed_scraper.py for tasks to queue
[2026-01-19T17:51:11.196+0000] {logging_mixin.py:188} INFO - [2026-01-19T17:51:11.195+0000] {dagbag.py:538} INFO - Filling up the DagBag from /opt/airflow/dags/epl_timed_scraper.py
[2026-01-19T17:51:11.349+0000] {processor.py:840} INFO - DAG(s) 'epl_timed_match_scraper' retrieved from /opt/airflow/dags/epl_timed_scraper.py
[2026-01-19T17:51:11.429+0000] {logging_mixin.py:188} INFO - [2026-01-19T17:51:11.428+0000] {dag.py:3036} INFO - Sync 1 DAGs
[2026-01-19T17:51:11.486+0000] {logging_mixin.py:188} INFO - [2026-01-19T17:51:11.486+0000] {dag.py:3823} INFO - Setting next_dagrun for epl_timed_match_scraper to 2026-01-19 17:30:00+00:00, run_after=2026-01-19 19:30:00+00:00
[2026-01-19T17:51:11.897+0000] {processor.py:183} INFO - Processing /opt/airflow/dags/epl_timed_scraper.py took 2.403 seconds
[2026-01-19T17:51:45.441+0000] {processor.py:161} INFO - Started process (PID=47637) to work on /opt/airflow/dags/epl_timed_scraper.py
[2026-01-19T17:51:47.147+0000] {processor.py:830} INFO - Processing file /opt/airflow/dags/epl_timed_scraper.py for tasks to queue
[2026-01-19T17:51:47.149+0000] {logging_mixin.py:188} INFO - [2026-01-19T17:51:47.148+0000] {dagbag.py:538} INFO - Filling up the DagBag from /opt/airflow/dags/epl_timed_scraper.py
[2026-01-19T17:51:47.325+0000] {processor.py:840} INFO - DAG(s) 'epl_timed_match_scraper' retrieved from /opt/airflow/dags/epl_timed_scraper.py
[2026-01-19T17:51:47.396+0000] {logging_mixin.py:188} INFO - [2026-01-19T17:51:47.395+0000] {dag.py:3036} INFO - Sync 1 DAGs
[2026-01-19T17:51:47.451+0000] {logging_mixin.py:188} INFO - [2026-01-19T17:51:47.451+0000] {dag.py:3823} INFO - Setting next_dagrun for epl_timed_match_scraper to 2026-01-19 17:30:00+00:00, run_after=2026-01-19 19:30:00+00:00
[2026-01-19T17:51:47.787+0000] {processor.py:183} INFO - Processing /opt/airflow/dags/epl_timed_scraper.py took 2.358 seconds
[2026-01-19T17:52:22.519+0000] {processor.py:161} INFO - Started process (PID=47673) to work on /opt/airflow/dags/epl_timed_scraper.py
[2026-01-19T17:52:24.166+0000] {processor.py:830} INFO - Processing file /opt/airflow/dags/epl_timed_scraper.py for tasks to queue
[2026-01-19T17:52:24.168+0000] {logging_mixin.py:188} INFO - [2026-01-19T17:52:24.167+0000] {dagbag.py:538} INFO - Filling up the DagBag from /opt/airflow/dags/epl_timed_scraper.py
[2026-01-19T17:52:24.324+0000] {processor.py:840} INFO - DAG(s) 'epl_timed_match_scraper' retrieved from /opt/airflow/dags/epl_timed_scraper.py
[2026-01-19T17:52:24.389+0000] {logging_mixin.py:188} INFO - [2026-01-19T17:52:24.389+0000] {dag.py:3036} INFO - Sync 1 DAGs
[2026-01-19T17:52:24.449+0000] {logging_mixin.py:188} INFO - [2026-01-19T17:52:24.449+0000] {dag.py:3823} INFO - Setting next_dagrun for epl_timed_match_scraper to 2026-01-19 17:30:00+00:00, run_after=2026-01-19 19:30:00+00:00
[2026-01-19T17:52:24.929+0000] {processor.py:183} INFO - Processing /opt/airflow/dags/epl_timed_scraper.py took 2.419 seconds
[2026-01-19T17:52:57.519+0000] {processor.py:161} INFO - Started process (PID=47709) to work on /opt/airflow/dags/epl_timed_scraper.py
[2026-01-19T17:52:59.179+0000] {processor.py:830} INFO - Processing file /opt/airflow/dags/epl_timed_scraper.py for tasks to queue
[2026-01-19T17:52:59.181+0000] {logging_mixin.py:188} INFO - [2026-01-19T17:52:59.180+0000] {dagbag.py:538} INFO - Filling up the DagBag from /opt/airflow/dags/epl_timed_scraper.py
[2026-01-19T17:52:59.333+0000] {processor.py:840} INFO - DAG(s) 'epl_timed_match_scraper' retrieved from /opt/airflow/dags/epl_timed_scraper.py
[2026-01-19T17:52:59.407+0000] {logging_mixin.py:188} INFO - [2026-01-19T17:52:59.406+0000] {dag.py:3036} INFO - Sync 1 DAGs
[2026-01-19T17:52:59.467+0000] {logging_mixin.py:188} INFO - [2026-01-19T17:52:59.467+0000] {dag.py:3823} INFO - Setting next_dagrun for epl_timed_match_scraper to 2026-01-19 17:30:00+00:00, run_after=2026-01-19 19:30:00+00:00
[2026-01-19T17:52:59.799+0000] {processor.py:183} INFO - Processing /opt/airflow/dags/epl_timed_scraper.py took 2.291 seconds
[2026-01-19T17:53:33.460+0000] {processor.py:161} INFO - Started process (PID=47745) to work on /opt/airflow/dags/epl_timed_scraper.py
[2026-01-19T17:53:35.107+0000] {processor.py:830} INFO - Processing file /opt/airflow/dags/epl_timed_scraper.py for tasks to queue
[2026-01-19T17:53:35.109+0000] {logging_mixin.py:188} INFO - [2026-01-19T17:53:35.108+0000] {dagbag.py:538} INFO - Filling up the DagBag from /opt/airflow/dags/epl_timed_scraper.py
[2026-01-19T17:53:35.268+0000] {processor.py:840} INFO - DAG(s) 'epl_timed_match_scraper' retrieved from /opt/airflow/dags/epl_timed_scraper.py
[2026-01-19T17:53:35.337+0000] {logging_mixin.py:188} INFO - [2026-01-19T17:53:35.336+0000] {dag.py:3036} INFO - Sync 1 DAGs
[2026-01-19T17:53:35.400+0000] {logging_mixin.py:188} INFO - [2026-01-19T17:53:35.400+0000] {dag.py:3823} INFO - Setting next_dagrun for epl_timed_match_scraper to 2026-01-19 17:30:00+00:00, run_after=2026-01-19 19:30:00+00:00
[2026-01-19T17:53:35.714+0000] {processor.py:183} INFO - Processing /opt/airflow/dags/epl_timed_scraper.py took 2.266 seconds
[2026-01-19T17:54:09.453+0000] {processor.py:161} INFO - Started process (PID=47781) to work on /opt/airflow/dags/epl_timed_scraper.py
[2026-01-19T17:54:11.140+0000] {processor.py:830} INFO - Processing file /opt/airflow/dags/epl_timed_scraper.py for tasks to queue
[2026-01-19T17:54:11.142+0000] {logging_mixin.py:188} INFO - [2026-01-19T17:54:11.141+0000] {dagbag.py:538} INFO - Filling up the DagBag from /opt/airflow/dags/epl_timed_scraper.py
[2026-01-19T17:54:11.302+0000] {processor.py:840} INFO - DAG(s) 'epl_timed_match_scraper' retrieved from /opt/airflow/dags/epl_timed_scraper.py
[2026-01-19T17:54:11.374+0000] {logging_mixin.py:188} INFO - [2026-01-19T17:54:11.373+0000] {dag.py:3036} INFO - Sync 1 DAGs
[2026-01-19T17:54:11.439+0000] {logging_mixin.py:188} INFO - [2026-01-19T17:54:11.438+0000] {dag.py:3823} INFO - Setting next_dagrun for epl_timed_match_scraper to 2026-01-19 17:30:00+00:00, run_after=2026-01-19 19:30:00+00:00
[2026-01-19T17:54:11.756+0000] {processor.py:183} INFO - Processing /opt/airflow/dags/epl_timed_scraper.py took 2.315 seconds
[2026-01-19T17:54:45.462+0000] {processor.py:161} INFO - Started process (PID=47817) to work on /opt/airflow/dags/epl_timed_scraper.py
[2026-01-19T17:54:47.162+0000] {processor.py:830} INFO - Processing file /opt/airflow/dags/epl_timed_scraper.py for tasks to queue
[2026-01-19T17:54:47.164+0000] {logging_mixin.py:188} INFO - [2026-01-19T17:54:47.163+0000] {dagbag.py:538} INFO - Filling up the DagBag from /opt/airflow/dags/epl_timed_scraper.py
[2026-01-19T17:54:47.331+0000] {processor.py:840} INFO - DAG(s) 'epl_timed_match_scraper' retrieved from /opt/airflow/dags/epl_timed_scraper.py
[2026-01-19T17:54:47.395+0000] {logging_mixin.py:188} INFO - [2026-01-19T17:54:47.394+0000] {dag.py:3036} INFO - Sync 1 DAGs
[2026-01-19T17:54:47.452+0000] {logging_mixin.py:188} INFO - [2026-01-19T17:54:47.452+0000] {dag.py:3823} INFO - Setting next_dagrun for epl_timed_match_scraper to 2026-01-19 17:30:00+00:00, run_after=2026-01-19 19:30:00+00:00
[2026-01-19T17:54:47.812+0000] {processor.py:183} INFO - Processing /opt/airflow/dags/epl_timed_scraper.py took 2.362 seconds
[2026-01-19T17:55:24.457+0000] {processor.py:161} INFO - Started process (PID=47853) to work on /opt/airflow/dags/epl_timed_scraper.py
[2026-01-19T17:55:26.168+0000] {processor.py:830} INFO - Processing file /opt/airflow/dags/epl_timed_scraper.py for tasks to queue
[2026-01-19T17:55:26.170+0000] {logging_mixin.py:188} INFO - [2026-01-19T17:55:26.169+0000] {dagbag.py:538} INFO - Filling up the DagBag from /opt/airflow/dags/epl_timed_scraper.py
[2026-01-19T17:55:26.328+0000] {processor.py:840} INFO - DAG(s) 'epl_timed_match_scraper' retrieved from /opt/airflow/dags/epl_timed_scraper.py
[2026-01-19T17:55:26.395+0000] {logging_mixin.py:188} INFO - [2026-01-19T17:55:26.395+0000] {dag.py:3036} INFO - Sync 1 DAGs
[2026-01-19T17:55:26.757+0000] {logging_mixin.py:188} INFO - [2026-01-19T17:55:26.756+0000] {dag.py:3823} INFO - Setting next_dagrun for epl_timed_match_scraper to 2026-01-19 17:30:00+00:00, run_after=2026-01-19 19:30:00+00:00
[2026-01-19T17:55:26.956+0000] {processor.py:183} INFO - Processing /opt/airflow/dags/epl_timed_scraper.py took 2.510 seconds
[2026-01-19T17:56:01.509+0000] {processor.py:161} INFO - Started process (PID=47889) to work on /opt/airflow/dags/epl_timed_scraper.py
[2026-01-19T17:56:03.188+0000] {processor.py:830} INFO - Processing file /opt/airflow/dags/epl_timed_scraper.py for tasks to queue
[2026-01-19T17:56:03.190+0000] {logging_mixin.py:188} INFO - [2026-01-19T17:56:03.189+0000] {dagbag.py:538} INFO - Filling up the DagBag from /opt/airflow/dags/epl_timed_scraper.py
[2026-01-19T17:56:03.347+0000] {processor.py:840} INFO - DAG(s) 'epl_timed_match_scraper' retrieved from /opt/airflow/dags/epl_timed_scraper.py
[2026-01-19T17:56:03.414+0000] {logging_mixin.py:188} INFO - [2026-01-19T17:56:03.413+0000] {dag.py:3036} INFO - Sync 1 DAGs
[2026-01-19T17:56:03.471+0000] {logging_mixin.py:188} INFO - [2026-01-19T17:56:03.471+0000] {dag.py:3823} INFO - Setting next_dagrun for epl_timed_match_scraper to 2026-01-19 17:30:00+00:00, run_after=2026-01-19 19:30:00+00:00
[2026-01-19T17:56:04.012+0000] {processor.py:183} INFO - Processing /opt/airflow/dags/epl_timed_scraper.py took 2.515 seconds
[2026-01-19T17:56:37.450+0000] {processor.py:161} INFO - Started process (PID=47925) to work on /opt/airflow/dags/epl_timed_scraper.py
[2026-01-19T17:56:39.133+0000] {processor.py:830} INFO - Processing file /opt/airflow/dags/epl_timed_scraper.py for tasks to queue
[2026-01-19T17:56:39.135+0000] {logging_mixin.py:188} INFO - [2026-01-19T17:56:39.134+0000] {dagbag.py:538} INFO - Filling up the DagBag from /opt/airflow/dags/epl_timed_scraper.py
[2026-01-19T17:56:39.297+0000] {processor.py:840} INFO - DAG(s) 'epl_timed_match_scraper' retrieved from /opt/airflow/dags/epl_timed_scraper.py
[2026-01-19T17:56:39.366+0000] {logging_mixin.py:188} INFO - [2026-01-19T17:56:39.365+0000] {dag.py:3036} INFO - Sync 1 DAGs
[2026-01-19T17:56:39.428+0000] {logging_mixin.py:188} INFO - [2026-01-19T17:56:39.427+0000] {dag.py:3823} INFO - Setting next_dagrun for epl_timed_match_scraper to 2026-01-19 17:30:00+00:00, run_after=2026-01-19 19:30:00+00:00
[2026-01-19T17:56:39.912+0000] {processor.py:183} INFO - Processing /opt/airflow/dags/epl_timed_scraper.py took 2.473 seconds
[2026-01-19T17:57:12.510+0000] {processor.py:161} INFO - Started process (PID=47961) to work on /opt/airflow/dags/epl_timed_scraper.py
[2026-01-19T17:57:14.174+0000] {processor.py:830} INFO - Processing file /opt/airflow/dags/epl_timed_scraper.py for tasks to queue
[2026-01-19T17:57:14.176+0000] {logging_mixin.py:188} INFO - [2026-01-19T17:57:14.175+0000] {dagbag.py:538} INFO - Filling up the DagBag from /opt/airflow/dags/epl_timed_scraper.py
[2026-01-19T17:57:14.316+0000] {processor.py:840} INFO - DAG(s) 'epl_timed_match_scraper' retrieved from /opt/airflow/dags/epl_timed_scraper.py
[2026-01-19T17:57:14.390+0000] {logging_mixin.py:188} INFO - [2026-01-19T17:57:14.389+0000] {dag.py:3036} INFO - Sync 1 DAGs
[2026-01-19T17:57:14.454+0000] {logging_mixin.py:188} INFO - [2026-01-19T17:57:14.453+0000] {dag.py:3823} INFO - Setting next_dagrun for epl_timed_match_scraper to 2026-01-19 17:30:00+00:00, run_after=2026-01-19 19:30:00+00:00
[2026-01-19T17:57:14.584+0000] {processor.py:183} INFO - Processing /opt/airflow/dags/epl_timed_scraper.py took 2.086 seconds
[2026-01-19T17:57:49.536+0000] {processor.py:161} INFO - Started process (PID=47997) to work on /opt/airflow/dags/epl_timed_scraper.py
[2026-01-19T17:57:51.204+0000] {processor.py:830} INFO - Processing file /opt/airflow/dags/epl_timed_scraper.py for tasks to queue
[2026-01-19T17:57:51.206+0000] {logging_mixin.py:188} INFO - [2026-01-19T17:57:51.205+0000] {dagbag.py:538} INFO - Filling up the DagBag from /opt/airflow/dags/epl_timed_scraper.py
[2026-01-19T17:57:51.349+0000] {processor.py:840} INFO - DAG(s) 'epl_timed_match_scraper' retrieved from /opt/airflow/dags/epl_timed_scraper.py
[2026-01-19T17:57:51.430+0000] {logging_mixin.py:188} INFO - [2026-01-19T17:57:51.430+0000] {dag.py:3036} INFO - Sync 1 DAGs
[2026-01-19T17:57:51.499+0000] {logging_mixin.py:188} INFO - [2026-01-19T17:57:51.499+0000] {dag.py:3823} INFO - Setting next_dagrun for epl_timed_match_scraper to 2026-01-19 17:30:00+00:00, run_after=2026-01-19 19:30:00+00:00
[2026-01-19T17:57:52.044+0000] {processor.py:183} INFO - Processing /opt/airflow/dags/epl_timed_scraper.py took 2.520 seconds
[2026-01-19T17:58:22.513+0000] {processor.py:161} INFO - Started process (PID=48033) to work on /opt/airflow/dags/epl_timed_scraper.py
[2026-01-19T17:58:24.174+0000] {processor.py:830} INFO - Processing file /opt/airflow/dags/epl_timed_scraper.py for tasks to queue
[2026-01-19T17:58:24.176+0000] {logging_mixin.py:188} INFO - [2026-01-19T17:58:24.175+0000] {dagbag.py:538} INFO - Filling up the DagBag from /opt/airflow/dags/epl_timed_scraper.py
[2026-01-19T17:58:24.334+0000] {processor.py:840} INFO - DAG(s) 'epl_timed_match_scraper' retrieved from /opt/airflow/dags/epl_timed_scraper.py
[2026-01-19T17:58:24.407+0000] {logging_mixin.py:188} INFO - [2026-01-19T17:58:24.406+0000] {dag.py:3036} INFO - Sync 1 DAGs
[2026-01-19T17:58:24.474+0000] {logging_mixin.py:188} INFO - [2026-01-19T17:58:24.474+0000] {dag.py:3823} INFO - Setting next_dagrun for epl_timed_match_scraper to 2026-01-19 17:30:00+00:00, run_after=2026-01-19 19:30:00+00:00
[2026-01-19T17:58:24.917+0000] {processor.py:183} INFO - Processing /opt/airflow/dags/epl_timed_scraper.py took 2.416 seconds
[2026-01-19T17:58:57.450+0000] {processor.py:161} INFO - Started process (PID=48071) to work on /opt/airflow/dags/epl_timed_scraper.py
[2026-01-19T17:58:59.129+0000] {processor.py:830} INFO - Processing file /opt/airflow/dags/epl_timed_scraper.py for tasks to queue
[2026-01-19T17:58:59.131+0000] {logging_mixin.py:188} INFO - [2026-01-19T17:58:59.130+0000] {dagbag.py:538} INFO - Filling up the DagBag from /opt/airflow/dags/epl_timed_scraper.py
[2026-01-19T17:58:59.301+0000] {processor.py:840} INFO - DAG(s) 'epl_timed_match_scraper' retrieved from /opt/airflow/dags/epl_timed_scraper.py
[2026-01-19T17:58:59.385+0000] {logging_mixin.py:188} INFO - [2026-01-19T17:58:59.385+0000] {dag.py:3036} INFO - Sync 1 DAGs
[2026-01-19T17:58:59.443+0000] {logging_mixin.py:188} INFO - [2026-01-19T17:58:59.443+0000] {dag.py:3823} INFO - Setting next_dagrun for epl_timed_match_scraper to 2026-01-19 17:30:00+00:00, run_after=2026-01-19 19:30:00+00:00
[2026-01-19T17:58:59.732+0000] {processor.py:183} INFO - Processing /opt/airflow/dags/epl_timed_scraper.py took 2.297 seconds
[2026-01-19T18:01:14.319+0000] {processor.py:161} INFO - Started process (PID=48111) to work on /opt/airflow/dags/epl_timed_scraper.py
[2026-01-19T18:01:15.339+0000] {processor.py:830} INFO - Processing file /opt/airflow/dags/epl_timed_scraper.py for tasks to queue
[2026-01-19T18:01:16.011+0000] {logging_mixin.py:188} INFO - [2026-01-19T18:01:15.800+0000] {dagbag.py:538} INFO - Filling up the DagBag from /opt/airflow/dags/epl_timed_scraper.py
[2026-01-19T18:01:42.801+0000] {processor.py:840} INFO - DAG(s) 'epl_timed_match_scraper' retrieved from /opt/airflow/dags/epl_timed_scraper.py
[2026-01-19T18:01:55.617+0000] {logging_mixin.py:188} INFO - [2026-01-19T18:01:55.616+0000] {dag.py:3036} INFO - Sync 1 DAGs
[2026-01-19T18:01:56.027+0000] {logging_mixin.py:188} INFO - [2026-01-19T18:01:56.027+0000] {dag.py:3823} INFO - Setting next_dagrun for epl_timed_match_scraper to 2026-01-19 17:30:00+00:00, run_after=2026-01-19 19:30:00+00:00
[2026-01-19T18:01:56.330+0000] {processor.py:183} INFO - Processing /opt/airflow/dags/epl_timed_scraper.py took 44.699 seconds
[2026-01-19T18:02:26.997+0000] {processor.py:161} INFO - Started process (PID=48163) to work on /opt/airflow/dags/epl_timed_scraper.py
[2026-01-19T18:02:27.102+0000] {processor.py:830} INFO - Processing file /opt/airflow/dags/epl_timed_scraper.py for tasks to queue
[2026-01-19T18:02:27.105+0000] {logging_mixin.py:188} INFO - [2026-01-19T18:02:27.104+0000] {dagbag.py:538} INFO - Filling up the DagBag from /opt/airflow/dags/epl_timed_scraper.py
[2026-01-19T18:02:27.229+0000] {processor.py:840} INFO - DAG(s) 'epl_timed_match_scraper' retrieved from /opt/airflow/dags/epl_timed_scraper.py
[2026-01-19T18:02:27.292+0000] {logging_mixin.py:188} INFO - [2026-01-19T18:02:27.292+0000] {dag.py:3036} INFO - Sync 1 DAGs
[2026-01-19T18:02:27.337+0000] {logging_mixin.py:188} INFO - [2026-01-19T18:02:27.337+0000] {dag.py:3823} INFO - Setting next_dagrun for epl_timed_match_scraper to 2026-01-19 17:30:00+00:00, run_after=2026-01-19 19:30:00+00:00
[2026-01-19T18:02:27.495+0000] {processor.py:183} INFO - Processing /opt/airflow/dags/epl_timed_scraper.py took 0.506 seconds
[2026-01-19T18:02:57.683+0000] {processor.py:161} INFO - Started process (PID=48217) to work on /opt/airflow/dags/epl_timed_scraper.py
[2026-01-19T18:02:57.686+0000] {processor.py:830} INFO - Processing file /opt/airflow/dags/epl_timed_scraper.py for tasks to queue
[2026-01-19T18:02:57.688+0000] {logging_mixin.py:188} INFO - [2026-01-19T18:02:57.687+0000] {dagbag.py:538} INFO - Filling up the DagBag from /opt/airflow/dags/epl_timed_scraper.py
[2026-01-19T18:02:57.850+0000] {processor.py:840} INFO - DAG(s) 'epl_timed_match_scraper' retrieved from /opt/airflow/dags/epl_timed_scraper.py
[2026-01-19T18:02:57.921+0000] {logging_mixin.py:188} INFO - [2026-01-19T18:02:57.920+0000] {dag.py:3036} INFO - Sync 1 DAGs
[2026-01-19T18:02:57.991+0000] {logging_mixin.py:188} INFO - [2026-01-19T18:02:57.991+0000] {dag.py:3823} INFO - Setting next_dagrun for epl_timed_match_scraper to 2026-01-19 17:30:00+00:00, run_after=2026-01-19 19:30:00+00:00
[2026-01-19T18:02:58.097+0000] {processor.py:183} INFO - Processing /opt/airflow/dags/epl_timed_scraper.py took 0.424 seconds
[2026-01-19T18:03:36.611+0000] {processor.py:161} INFO - Started process (PID=48753) to work on /opt/airflow/dags/epl_timed_scraper.py
[2026-01-19T18:03:37.153+0000] {processor.py:830} INFO - Processing file /opt/airflow/dags/epl_timed_scraper.py for tasks to queue
[2026-01-19T18:03:37.155+0000] {logging_mixin.py:188} INFO - [2026-01-19T18:03:37.154+0000] {dagbag.py:538} INFO - Filling up the DagBag from /opt/airflow/dags/epl_timed_scraper.py
[2026-01-19T18:03:37.328+0000] {processor.py:840} INFO - DAG(s) 'epl_timed_match_scraper' retrieved from /opt/airflow/dags/epl_timed_scraper.py
[2026-01-19T18:03:37.406+0000] {logging_mixin.py:188} INFO - [2026-01-19T18:03:37.405+0000] {dag.py:3036} INFO - Sync 1 DAGs
[2026-01-19T18:03:37.469+0000] {logging_mixin.py:188} INFO - [2026-01-19T18:03:37.469+0000] {dag.py:3823} INFO - Setting next_dagrun for epl_timed_match_scraper to 2026-01-19 17:30:00+00:00, run_after=2026-01-19 19:30:00+00:00
[2026-01-19T18:03:57.964+0000] {processor.py:183} INFO - Processing /opt/airflow/dags/epl_timed_scraper.py took 21.369 seconds
[2026-01-19T18:04:28.188+0000] {processor.py:161} INFO - Started process (PID=48836) to work on /opt/airflow/dags/epl_timed_scraper.py
[2026-01-19T18:04:28.385+0000] {processor.py:830} INFO - Processing file /opt/airflow/dags/epl_timed_scraper.py for tasks to queue
[2026-01-19T18:04:28.387+0000] {logging_mixin.py:188} INFO - [2026-01-19T18:04:28.386+0000] {dagbag.py:538} INFO - Filling up the DagBag from /opt/airflow/dags/epl_timed_scraper.py
[2026-01-19T18:04:28.536+0000] {processor.py:840} INFO - DAG(s) 'epl_timed_match_scraper' retrieved from /opt/airflow/dags/epl_timed_scraper.py
[2026-01-19T18:04:28.602+0000] {logging_mixin.py:188} INFO - [2026-01-19T18:04:28.601+0000] {dag.py:3036} INFO - Sync 1 DAGs
[2026-01-19T18:04:28.661+0000] {logging_mixin.py:188} INFO - [2026-01-19T18:04:28.661+0000] {dag.py:3823} INFO - Setting next_dagrun for epl_timed_match_scraper to 2026-01-19 17:30:00+00:00, run_after=2026-01-19 19:30:00+00:00
[2026-01-19T18:04:28.970+0000] {processor.py:183} INFO - Processing /opt/airflow/dags/epl_timed_scraper.py took 0.790 seconds
[2026-01-19T18:04:59.464+0000] {processor.py:161} INFO - Started process (PID=48872) to work on /opt/airflow/dags/epl_timed_scraper.py
[2026-01-19T18:04:59.466+0000] {processor.py:830} INFO - Processing file /opt/airflow/dags/epl_timed_scraper.py for tasks to queue
[2026-01-19T18:04:59.469+0000] {logging_mixin.py:188} INFO - [2026-01-19T18:04:59.468+0000] {dagbag.py:538} INFO - Filling up the DagBag from /opt/airflow/dags/epl_timed_scraper.py
[2026-01-19T18:04:59.606+0000] {processor.py:840} INFO - DAG(s) 'epl_timed_match_scraper' retrieved from /opt/airflow/dags/epl_timed_scraper.py
[2026-01-19T18:04:59.682+0000] {logging_mixin.py:188} INFO - [2026-01-19T18:04:59.681+0000] {dag.py:3036} INFO - Sync 1 DAGs
[2026-01-19T18:05:20.143+0000] {logging_mixin.py:188} INFO - [2026-01-19T18:05:20.142+0000] {dag.py:3823} INFO - Setting next_dagrun for epl_timed_match_scraper to 2026-01-19 17:30:00+00:00, run_after=2026-01-19 19:30:00+00:00
[2026-01-19T18:05:21.361+0000] {processor.py:183} INFO - Processing /opt/airflow/dags/epl_timed_scraper.py took 21.906 seconds
[2026-01-19T18:05:51.524+0000] {processor.py:161} INFO - Started process (PID=48919) to work on /opt/airflow/dags/epl_timed_scraper.py
[2026-01-19T18:05:51.559+0000] {processor.py:830} INFO - Processing file /opt/airflow/dags/epl_timed_scraper.py for tasks to queue
[2026-01-19T18:05:51.561+0000] {logging_mixin.py:188} INFO - [2026-01-19T18:05:51.560+0000] {dagbag.py:538} INFO - Filling up the DagBag from /opt/airflow/dags/epl_timed_scraper.py
[2026-01-19T18:05:51.675+0000] {processor.py:840} INFO - DAG(s) 'epl_timed_match_scraper' retrieved from /opt/airflow/dags/epl_timed_scraper.py
[2026-01-19T18:05:51.728+0000] {logging_mixin.py:188} INFO - [2026-01-19T18:05:51.728+0000] {dag.py:3036} INFO - Sync 1 DAGs
[2026-01-19T18:05:52.019+0000] {logging_mixin.py:188} INFO - [2026-01-19T18:05:52.018+0000] {dag.py:3823} INFO - Setting next_dagrun for epl_timed_match_scraper to 2026-01-19 17:30:00+00:00, run_after=2026-01-19 19:30:00+00:00
[2026-01-19T18:05:52.570+0000] {processor.py:183} INFO - Processing /opt/airflow/dags/epl_timed_scraper.py took 1.054 seconds
[2026-01-19T18:06:22.869+0000] {processor.py:161} INFO - Started process (PID=48955) to work on /opt/airflow/dags/epl_timed_scraper.py
[2026-01-19T18:06:22.871+0000] {processor.py:830} INFO - Processing file /opt/airflow/dags/epl_timed_scraper.py for tasks to queue
[2026-01-19T18:06:22.874+0000] {logging_mixin.py:188} INFO - [2026-01-19T18:06:22.873+0000] {dagbag.py:538} INFO - Filling up the DagBag from /opt/airflow/dags/epl_timed_scraper.py
[2026-01-19T18:06:23.025+0000] {processor.py:840} INFO - DAG(s) 'epl_timed_match_scraper' retrieved from /opt/airflow/dags/epl_timed_scraper.py
[2026-01-19T18:06:23.105+0000] {logging_mixin.py:188} INFO - [2026-01-19T18:06:23.104+0000] {dag.py:3036} INFO - Sync 1 DAGs
[2026-01-19T18:06:23.164+0000] {logging_mixin.py:188} INFO - [2026-01-19T18:06:23.164+0000] {dag.py:3823} INFO - Setting next_dagrun for epl_timed_match_scraper to 2026-01-19 17:30:00+00:00, run_after=2026-01-19 19:30:00+00:00
[2026-01-19T18:06:23.461+0000] {processor.py:183} INFO - Processing /opt/airflow/dags/epl_timed_scraper.py took 0.601 seconds
[2026-01-19T18:07:03.081+0000] {processor.py:161} INFO - Started process (PID=48967) to work on /opt/airflow/dags/epl_timed_scraper.py
[2026-01-19T18:07:03.102+0000] {processor.py:830} INFO - Processing file /opt/airflow/dags/epl_timed_scraper.py for tasks to queue
[2026-01-19T18:07:03.108+0000] {logging_mixin.py:188} INFO - [2026-01-19T18:07:03.106+0000] {dagbag.py:538} INFO - Filling up the DagBag from /opt/airflow/dags/epl_timed_scraper.py
[2026-01-19T18:07:03.347+0000] {processor.py:840} INFO - DAG(s) 'epl_timed_match_scraper' retrieved from /opt/airflow/dags/epl_timed_scraper.py
[2026-01-19T18:07:03.424+0000] {logging_mixin.py:188} INFO - [2026-01-19T18:07:03.424+0000] {dag.py:3036} INFO - Sync 1 DAGs
[2026-01-19T18:07:03.710+0000] {logging_mixin.py:188} INFO - [2026-01-19T18:07:03.709+0000] {dag.py:3823} INFO - Setting next_dagrun for epl_timed_match_scraper to 2026-01-19 17:30:00+00:00, run_after=2026-01-19 19:30:00+00:00
[2026-01-19T18:07:04.505+0000] {processor.py:183} INFO - Processing /opt/airflow/dags/epl_timed_scraper.py took 1.437 seconds
[2026-01-19T18:07:34.906+0000] {processor.py:161} INFO - Started process (PID=49011) to work on /opt/airflow/dags/epl_timed_scraper.py
[2026-01-19T18:07:34.908+0000] {processor.py:830} INFO - Processing file /opt/airflow/dags/epl_timed_scraper.py for tasks to queue
[2026-01-19T18:07:34.910+0000] {logging_mixin.py:188} INFO - [2026-01-19T18:07:34.909+0000] {dagbag.py:538} INFO - Filling up the DagBag from /opt/airflow/dags/epl_timed_scraper.py
[2026-01-19T18:07:35.041+0000] {processor.py:840} INFO - DAG(s) 'epl_timed_match_scraper' retrieved from /opt/airflow/dags/epl_timed_scraper.py
[2026-01-19T18:07:35.109+0000] {logging_mixin.py:188} INFO - [2026-01-19T18:07:35.108+0000] {dag.py:3036} INFO - Sync 1 DAGs
[2026-01-19T18:07:35.411+0000] {logging_mixin.py:188} INFO - [2026-01-19T18:07:35.410+0000] {dag.py:3823} INFO - Setting next_dagrun for epl_timed_match_scraper to 2026-01-19 17:30:00+00:00, run_after=2026-01-19 19:30:00+00:00
[2026-01-19T18:07:35.655+0000] {processor.py:183} INFO - Processing /opt/airflow/dags/epl_timed_scraper.py took 0.756 seconds
[2026-01-19T18:08:05.993+0000] {processor.py:161} INFO - Started process (PID=49047) to work on /opt/airflow/dags/epl_timed_scraper.py
[2026-01-19T18:08:05.994+0000] {processor.py:830} INFO - Processing file /opt/airflow/dags/epl_timed_scraper.py for tasks to queue
[2026-01-19T18:08:05.996+0000] {logging_mixin.py:188} INFO - [2026-01-19T18:08:05.995+0000] {dagbag.py:538} INFO - Filling up the DagBag from /opt/airflow/dags/epl_timed_scraper.py
[2026-01-19T18:08:06.096+0000] {processor.py:840} INFO - DAG(s) 'epl_timed_match_scraper' retrieved from /opt/airflow/dags/epl_timed_scraper.py
[2026-01-19T18:08:06.149+0000] {logging_mixin.py:188} INFO - [2026-01-19T18:08:06.149+0000] {dag.py:3036} INFO - Sync 1 DAGs
[2026-01-19T18:08:06.423+0000] {logging_mixin.py:188} INFO - [2026-01-19T18:08:06.423+0000] {dag.py:3823} INFO - Setting next_dagrun for epl_timed_match_scraper to 2026-01-19 17:30:00+00:00, run_after=2026-01-19 19:30:00+00:00
[2026-01-19T18:08:06.721+0000] {processor.py:183} INFO - Processing /opt/airflow/dags/epl_timed_scraper.py took 0.735 seconds
                                                                                                                                                                                                                                                                                                                                                                                                                                                                                                                                                                                                                                                                                                                                                                                                                                                                                                                                                                                                                                                                                                             