[2026-03-10T02:00:04.809+0000] {taskinstance.py:1956} INFO - Dependencies all met for dep_context=non-requeueable deps ti=<TaskInstance: epl_smart_match_scraper.scrape_manchester_city scheduled__2026-03-10T00:00:00+00:00 [queued]>
[2026-03-10T02:00:04.826+0000] {taskinstance.py:1956} INFO - Dependencies all met for dep_context=requeueable deps ti=<TaskInstance: epl_smart_match_scraper.scrape_manchester_city scheduled__2026-03-10T00:00:00+00:00 [queued]>
[2026-03-10T02:00:04.827+0000] {taskinstance.py:2170} INFO - Starting attempt 1 of 3
[2026-03-10T02:00:04.879+0000] {taskinstance.py:2191} INFO - Executing <Task(PythonOperator): scrape_manchester_city> on 2026-03-10 00:00:00+00:00
[2026-03-10T02:00:04.891+0000] {standard_task_runner.py:60} INFO - Started process 35848 to run task
[2026-03-10T02:00:04.896+0000] {standard_task_runner.py:87} INFO - Running: ['***', 'tasks', 'run', 'epl_smart_match_scraper', 'scrape_manchester_city', 'scheduled__2026-03-10T00:00:00+00:00', '--job-id', '802', '--raw', '--subdir', 'DAGS_FOLDER/epl_smart_match_scraper.py', '--cfg-path', '/tmp/tmptnalbtv8']
[2026-03-10T02:00:04.901+0000] {standard_task_runner.py:88} INFO - Job 802: Subtask scrape_manchester_city
[2026-03-10T02:00:05.027+0000] {task_command.py:423} INFO - Running <TaskInstance: epl_smart_match_scraper.scrape_manchester_city scheduled__2026-03-10T00:00:00+00:00 [running]> on host 13250c608584
[2026-03-10T02:00:05.272+0000] {taskinstance.py:2480} INFO - Exporting env vars: AIRFLOW_CTX_DAG_OWNER='epl_analytics' AIRFLOW_CTX_DAG_ID='epl_smart_match_scraper' AIRFLOW_CTX_TASK_ID='scrape_manchester_city' AIRFLOW_CTX_EXECUTION_DATE='2026-03-10T00:00:00+00:00' AIRFLOW_CTX_TRY_NUMBER='1' AIRFLOW_CTX_DAG_RUN_ID='scheduled__2026-03-10T00:00:00+00:00'
[2026-03-10T02:00:05.274+0000] {epl_smart_match_scraper.py:42} INFO - Checking Manchester City matches for 2025-26
[2026-03-10T02:00:05.275+0000] {playwright_scraper.py:87} INFO - Scraping Understat fixtures for Manchester_City: https://understat.com/team/Manchester_City/2025
[2026-03-10T02:00:13.034+0000] {playwright_scraper.py:118} INFO - Scraped 38 fixtures from Understat
[2026-03-10T02:00:13.585+0000] {playwright_scraper.py:140} INFO - Scraping match shots: https://understat.com/match/28896
[2026-03-10T02:00:23.310+0000] {playwright_scraper.py:213} INFO - Scraped 26 shots for Newcastle United vs Manchester City
[2026-03-10T02:00:23.463+0000] {db_loader.py:196} INFO - Created scrape run: epl_smart_Manchester_City_2f0405d0
[2026-03-10T02:00:23.498+0000] {db_loader.py:359} INFO - Saved match reference for Newcastle United vs Manchester City (Team: Manchester City)
[2026-03-10T02:00:23.510+0000] {db_loader.py:150} INFO - Saved Understat data for match 20251122_newcastle_united_vs_manchester_city (ID: 592, Team: Manchester City)
[2026-03-10T02:00:23.567+0000] {db_loader.py:242} INFO - Updated scrape run epl_smart_Manchester_City_2f0405d0: success
[2026-03-10T02:00:23.568+0000] {epl_smart_match_scraper.py:83} INFO - ✓ Newcastle United vs Manchester City: 26 shots
[2026-03-10T02:00:25.433+0000] {playwright_scraper.py:140} INFO - Scraping match shots: https://understat.com/match/28977
[2026-03-10T02:00:34.642+0000] {playwright_scraper.py:213} INFO - Scraped 22 shots for Manchester City vs Chelsea
[2026-03-10T02:00:34.758+0000] {db_loader.py:196} INFO - Created scrape run: epl_smart_Manchester_City_8e062986
[2026-03-10T02:00:34.787+0000] {db_loader.py:359} INFO - Saved match reference for Manchester City vs Chelsea (Team: Manchester City)
[2026-03-10T02:00:34.802+0000] {db_loader.py:150} INFO - Saved Understat data for match 20260104_manchester_city_vs_chelsea (ID: 594, Team: Manchester City)
[2026-03-10T02:00:34.843+0000] {db_loader.py:242} INFO - Updated scrape run epl_smart_Manchester_City_8e062986: success
[2026-03-10T02:00:34.844+0000] {epl_smart_match_scraper.py:83} INFO - ✓ Manchester City vs Chelsea: 22 shots
[2026-03-10T02:00:36.725+0000] {playwright_scraper.py:140} INFO - Scraping match shots: https://understat.com/match/28993
[2026-03-10T02:00:45.729+0000] {playwright_scraper.py:213} INFO - Scraped 18 shots for Manchester United vs Manchester City
[2026-03-10T02:00:45.837+0000] {db_loader.py:196} INFO - Created scrape run: epl_smart_Manchester_City_c4eb2d09
[2026-03-10T02:00:45.865+0000] {db_loader.py:359} INFO - Saved match reference for Manchester United vs Manchester City (Team: Manchester City)
[2026-03-10T02:00:45.879+0000] {db_loader.py:150} INFO - Saved Understat data for match 20260117_manchester_united_vs_manchester_city (ID: 435, Team: Manchester City)
[2026-03-10T02:00:45.922+0000] {db_loader.py:242} INFO - Updated scrape run epl_smart_Manchester_City_c4eb2d09: success
[2026-03-10T02:00:45.923+0000] {epl_smart_match_scraper.py:83} INFO - ✓ Manchester United vs Manchester City: 18 shots
[2026-03-10T02:00:45.923+0000] {python.py:201} INFO - Done. Returned value was: {'team': 'Manchester City', 'status': 'success', 'scraped': 3}
[2026-03-10T02:00:45.980+0000] {taskinstance.py:1138} INFO - Marking task as SUCCESS. dag_id=epl_smart_match_scraper, task_id=scrape_manchester_city, execution_date=20260310T000000, start_date=20260310T020004, end_date=20260310T020045
[2026-03-10T02:00:46.053+0000] {local_task_job_runner.py:234} INFO - Task exited with return code 0
[2026-03-10T02:00:46.082+0000] {taskinstance.py:3280} INFO - 1 downstream tasks scheduled from follow-on schedule check
