[2026-03-10T00:30:41.157+0000] {taskinstance.py:1956} INFO - Dependencies all met for dep_context=non-requeueable deps ti=<TaskInstance: epl_timed_match_scraper.scrape_matches scheduled__2026-03-09T22:30:00+00:00 [queued]>
[2026-03-10T00:30:41.173+0000] {taskinstance.py:1956} INFO - Dependencies all met for dep_context=requeueable deps ti=<TaskInstance: epl_timed_match_scraper.scrape_matches scheduled__2026-03-09T22:30:00+00:00 [queued]>
[2026-03-10T00:30:41.173+0000] {taskinstance.py:2170} INFO - Starting attempt 1 of 2
[2026-03-10T00:30:41.218+0000] {taskinstance.py:2191} INFO - Executing <Task(PythonOperator): scrape_matches> on 2026-03-09 22:30:00+00:00
[2026-03-10T00:30:41.226+0000] {standard_task_runner.py:60} INFO - Started process 31147 to run task
[2026-03-10T00:30:41.230+0000] {standard_task_runner.py:87} INFO - Running: ['***', 'tasks', 'run', 'epl_timed_match_scraper', 'scrape_matches', 'scheduled__2026-03-09T22:30:00+00:00', '--job-id', '799', '--raw', '--subdir', 'DAGS_FOLDER/epl_timed_match_scraper.py', '--cfg-path', '/tmp/tmplfe_qqtm']
[2026-03-10T00:30:41.233+0000] {standard_task_runner.py:88} INFO - Job 799: Subtask scrape_matches
[2026-03-10T00:30:41.326+0000] {task_command.py:423} INFO - Running <TaskInstance: epl_timed_match_scraper.scrape_matches scheduled__2026-03-09T22:30:00+00:00 [running]> on host 13250c608584
[2026-03-10T00:30:41.477+0000] {taskinstance.py:2480} INFO - Exporting env vars: AIRFLOW_CTX_DAG_OWNER='epl_analytics' AIRFLOW_CTX_DAG_ID='epl_timed_match_scraper' AIRFLOW_CTX_TASK_ID='scrape_matches' AIRFLOW_CTX_EXECUTION_DATE='2026-03-09T22:30:00+00:00' AIRFLOW_CTX_TRY_NUMBER='1' AIRFLOW_CTX_DAG_RUN_ID='scheduled__2026-03-09T22:30:00+00:00'
[2026-03-10T00:30:41.494+0000] {epl_timed_match_scraper.py:111} INFO - Scraping: Newcastle United vs Manchester City on 2025-11-22 (Manchester City)
[2026-03-10T00:30:41.494+0000] {playwright_scraper.py:140} INFO - Scraping match shots: https://understat.com/match/28896
[2026-03-10T00:32:42.213+0000] {epl_timed_match_scraper.py:133} ERROR - Error scraping Newcastle United vs Manchester City: Timeout loading https://understat.com/match/28896: Timeout 120000ms exceeded.
[2026-03-10T00:32:42.213+0000] {epl_timed_match_scraper.py:111} INFO - Scraping: Manchester City vs Chelsea on 2026-01-04 (Manchester City)
[2026-03-10T00:32:42.213+0000] {playwright_scraper.py:140} INFO - Scraping match shots: https://understat.com/match/28977
[2026-03-10T00:34:42.906+0000] {epl_timed_match_scraper.py:133} ERROR - Error scraping Manchester City vs Chelsea: Timeout loading https://understat.com/match/28977: Timeout 120000ms exceeded.
[2026-03-10T00:34:42.906+0000] {epl_timed_match_scraper.py:111} INFO - Scraping: Manchester United vs Manchester City on 2026-01-17 (Manchester City)
[2026-03-10T00:34:42.906+0000] {playwright_scraper.py:140} INFO - Scraping match shots: https://understat.com/match/28993
[2026-03-10T00:36:43.592+0000] {epl_timed_match_scraper.py:133} ERROR - Error scraping Manchester United vs Manchester City: Timeout loading https://understat.com/match/28993: Timeout 120000ms exceeded.
[2026-03-10T00:36:43.592+0000] {epl_timed_match_scraper.py:111} INFO - Scraping: Manchester City vs Fulham on 2026-02-11 (Manchester City)
[2026-03-10T00:36:43.593+0000] {playwright_scraper.py:140} INFO - Scraping match shots: https://understat.com/match/29033
[2026-03-10T00:36:55.052+0000] {playwright_scraper.py:213} INFO - Scraped 27 shots for Manchester City vs Fulham
[2026-03-10T00:36:55.154+0000] {db_loader.py:196} INFO - Created scrape run: epl_timed_Manchester_City_79d9146c
[2026-03-10T00:36:55.183+0000] {db_loader.py:359} INFO - Saved match reference for Manchester City vs Fulham (Team: Manchester City)
[2026-03-10T00:36:55.199+0000] {db_loader.py:150} INFO - Saved Understat data for match 20260211_manchester_city_vs_fulham (ID: 589, Team: Manchester City)
[2026-03-10T00:36:55.240+0000] {db_loader.py:242} INFO - Updated scrape run epl_timed_Manchester_City_79d9146c: success
[2026-03-10T00:36:55.241+0000] {epl_timed_match_scraper.py:129} INFO - ✓ Manchester City vs Fulham: 27 shots, xG 1.68-1.06
[2026-03-10T00:36:55.241+0000] {epl_timed_match_scraper.py:111} INFO - Scraping: Arsenal vs Liverpool on 2026-01-08 (Liverpool)
[2026-03-10T00:36:57.127+0000] {playwright_scraper.py:140} INFO - Scraping match shots: https://understat.com/match/28980
[2026-03-10T00:37:09.691+0000] {playwright_scraper.py:213} INFO - Scraped 17 shots for Arsenal vs Liverpool
[2026-03-10T00:37:10.693+0000] {db_loader.py:196} INFO - Created scrape run: epl_timed_Liverpool_54fd17b0
[2026-03-10T00:37:10.750+0000] {db_loader.py:359} INFO - Saved match reference for Arsenal vs Liverpool (Team: Liverpool)
[2026-03-10T00:37:10.765+0000] {db_loader.py:150} INFO - Saved Understat data for match 20260108_arsenal_vs_liverpool (ID: 433, Team: Liverpool)
[2026-03-10T00:37:10.819+0000] {db_loader.py:242} INFO - Updated scrape run epl_timed_Liverpool_54fd17b0: success
[2026-03-10T00:37:10.820+0000] {epl_timed_match_scraper.py:129} INFO - ✓ Arsenal vs Liverpool: 17 shots, xG 0.70-0.32
[2026-03-10T00:37:10.820+0000] {epl_timed_match_scraper.py:111} INFO - Scraping: Liverpool vs Manchester City on 2026-02-08 (Liverpool)
[2026-03-10T00:37:11.767+0000] {playwright_scraper.py:140} INFO - Scraping match shots: https://understat.com/match/29024
[2026-03-10T00:39:12.455+0000] {epl_timed_match_scraper.py:133} ERROR - Error scraping Liverpool vs Manchester City: Timeout loading https://understat.com/match/29024: Timeout 120000ms exceeded.
[2026-03-10T00:39:12.455+0000] {epl_timed_match_scraper.py:136} INFO - Completed: 2 matches scraped, 4 errors
[2026-03-10T00:39:12.455+0000] {python.py:201} INFO - Done. Returned value was: {'scraped': 2, 'errors': 4}
[2026-03-10T00:39:12.516+0000] {taskinstance.py:1138} INFO - Marking task as SUCCESS. dag_id=epl_timed_match_scraper, task_id=scrape_matches, execution_date=20260309T223000, start_date=20260310T003041, end_date=20260310T003912
[2026-03-10T00:39:12.591+0000] {local_task_job_runner.py:234} INFO - Task exited with return code 0
[2026-03-10T00:39:12.620+0000] {taskinstance.py:3280} INFO - 0 downstream tasks scheduled from follow-on schedule check
