[2026-03-09T16:43:48.251+0000] {taskinstance.py:1956} INFO - Dependencies all met for dep_context=non-requeueable deps ti=<TaskInstance: arsenal_auto_match_scraper.scrape_new_matches scheduled__2026-03-09T14:00:00+00:00 [queued]>
[2026-03-09T16:43:48.260+0000] {taskinstance.py:1956} INFO - Dependencies all met for dep_context=requeueable deps ti=<TaskInstance: arsenal_auto_match_scraper.scrape_new_matches scheduled__2026-03-09T14:00:00+00:00 [queued]>
[2026-03-09T16:43:48.260+0000] {taskinstance.py:2170} INFO - Starting attempt 1 of 3
[2026-03-09T16:43:48.651+0000] {taskinstance.py:2191} INFO - Executing <Task(PythonOperator): scrape_new_matches> on 2026-03-09 14:00:00+00:00
[2026-03-09T16:43:48.658+0000] {standard_task_runner.py:60} INFO - Started process 254 to run task
[2026-03-09T16:43:48.659+0000] {standard_task_runner.py:87} INFO - Running: ['***', 'tasks', 'run', 'arsenal_auto_match_scraper', 'scrape_new_matches', 'scheduled__2026-03-09T14:00:00+00:00', '--job-id', '667', '--raw', '--subdir', 'DAGS_FOLDER/arsenal_auto_match_scraper.py', '--cfg-path', '/tmp/tmpy9nzauy7']
[2026-03-09T16:43:48.661+0000] {standard_task_runner.py:88} INFO - Job 667: Subtask scrape_new_matches
[2026-03-09T16:43:49.194+0000] {task_command.py:423} INFO - Running <TaskInstance: arsenal_auto_match_scraper.scrape_new_matches scheduled__2026-03-09T14:00:00+00:00 [running]> on host 13250c608584
[2026-03-09T16:43:49.593+0000] {taskinstance.py:2480} INFO - Exporting env vars: AIRFLOW_CTX_DAG_OWNER='arsenal_analytics' AIRFLOW_CTX_DAG_ID='arsenal_auto_match_scraper' AIRFLOW_CTX_TASK_ID='scrape_new_matches' AIRFLOW_CTX_EXECUTION_DATE='2026-03-09T14:00:00+00:00' AIRFLOW_CTX_TRY_NUMBER='1' AIRFLOW_CTX_DAG_RUN_ID='scheduled__2026-03-09T14:00:00+00:00'
[2026-03-09T16:43:49.595+0000] {arsenal_auto_match_scraper.py:48} INFO - Checking for new Arsenal matches in 2025-2026 season
[2026-03-09T16:43:49.596+0000] {playwright_scraper.py:87} INFO - Scraping Understat fixtures for Arsenal: https://understat.com/team/Arsenal/2025
[2026-03-09T16:45:03.982+0000] {playwright_scraper.py:118} INFO - Scraped 38 fixtures from Understat
[2026-03-09T16:45:04.322+0000] {arsenal_auto_match_scraper.py:54} INFO - Found 30 played matches in 2025-2026
[2026-03-09T16:45:04.333+0000] {arsenal_auto_match_scraper.py:66} INFO - Found 116 existing matches in database
[2026-03-09T16:45:04.337+0000] {arsenal_auto_match_scraper.py:75} INFO - Found 8 new matches to scrape
[2026-03-09T16:45:04.338+0000] {arsenal_auto_match_scraper.py:85} INFO - Scraping 2026-01-25: Arsenal vs Manchester United
[2026-03-09T16:45:04.338+0000] {playwright_scraper.py:140} INFO - Scraping match shots: https://understat.com/match/28999
[2026-03-09T16:45:15.541+0000] {arsenal_auto_match_scraper.py:106} ERROR - Error scraping https://understat.com/match/28999: Error scraping match shots: 'NoneType' object has no attribute 'lower'
[2026-03-09T16:45:15.542+0000] {arsenal_auto_match_scraper.py:85} INFO - Scraping 2026-01-31: Leeds vs Arsenal
[2026-03-09T16:45:15.542+0000] {playwright_scraper.py:140} INFO - Scraping match shots: https://understat.com/match/29015
[2026-03-09T16:45:29.259+0000] {arsenal_auto_match_scraper.py:106} ERROR - Error scraping https://understat.com/match/29015: Error scraping match shots: 'NoneType' object has no attribute 'lower'
[2026-03-09T16:45:29.259+0000] {arsenal_auto_match_scraper.py:85} INFO - Scraping 2026-02-07: Arsenal vs Sunderland
[2026-03-09T16:45:29.259+0000] {playwright_scraper.py:140} INFO - Scraping match shots: https://understat.com/match/29019
[2026-03-09T16:46:29.580+0000] {arsenal_auto_match_scraper.py:106} ERROR - Error scraping https://understat.com/match/29019: Timeout loading https://understat.com/match/29019: Timeout 60000ms exceeded.
[2026-03-09T16:46:29.581+0000] {arsenal_auto_match_scraper.py:85} INFO - Scraping 2026-02-12: Brentford vs Arsenal
[2026-03-09T16:46:29.581+0000] {playwright_scraper.py:140} INFO - Scraping match shots: https://understat.com/match/29029
[2026-03-09T16:46:38.784+0000] {arsenal_auto_match_scraper.py:106} ERROR - Error scraping https://understat.com/match/29029: Error scraping match shots: 'NoneType' object has no attribute 'lower'
[2026-03-09T16:46:38.784+0000] {arsenal_auto_match_scraper.py:85} INFO - Scraping 2026-02-18: Wolverhampton Wanderers vs Arsenal
[2026-03-09T16:46:38.784+0000] {playwright_scraper.py:140} INFO - Scraping match shots: https://understat.com/match/29087
[2026-03-09T16:47:39.108+0000] {arsenal_auto_match_scraper.py:106} ERROR - Error scraping https://understat.com/match/29087: Timeout loading https://understat.com/match/29087: Timeout 60000ms exceeded.
[2026-03-09T16:47:39.108+0000] {arsenal_auto_match_scraper.py:85} INFO - Scraping 2026-02-22: Tottenham vs Arsenal
[2026-03-09T16:47:39.108+0000] {playwright_scraper.py:140} INFO - Scraping match shots: https://understat.com/match/29046
[2026-03-09T16:48:39.429+0000] {arsenal_auto_match_scraper.py:106} ERROR - Error scraping https://understat.com/match/29046: Timeout loading https://understat.com/match/29046: Timeout 60000ms exceeded.
[2026-03-09T16:48:39.429+0000] {arsenal_auto_match_scraper.py:85} INFO - Scraping 2026-03-01: Arsenal vs Chelsea
[2026-03-09T16:48:39.429+0000] {playwright_scraper.py:140} INFO - Scraping match shots: https://understat.com/match/29049
[2026-03-09T16:49:39.776+0000] {arsenal_auto_match_scraper.py:106} ERROR - Error scraping https://understat.com/match/29049: Timeout loading https://understat.com/match/29049: Timeout 60000ms exceeded.
[2026-03-09T16:49:39.777+0000] {arsenal_auto_match_scraper.py:85} INFO - Scraping 2026-03-04: Brighton vs Arsenal
[2026-03-09T16:49:39.777+0000] {playwright_scraper.py:140} INFO - Scraping match shots: https://understat.com/match/29060
[2026-03-09T16:49:50.632+0000] {arsenal_auto_match_scraper.py:106} ERROR - Error scraping https://understat.com/match/29060: Error scraping match shots: 'NoneType' object has no attribute 'lower'
[2026-03-09T16:49:50.632+0000] {arsenal_auto_match_scraper.py:109} INFO - Scraping complete: 0/8 matches scraped
[2026-03-09T16:49:50.632+0000] {python.py:201} INFO - Done. Returned value was: {'new_matches': 8, 'scraped': 0, 'season': '2025-2026'}
[2026-03-09T16:49:50.724+0000] {taskinstance.py:1138} INFO - Marking task as SUCCESS. dag_id=arsenal_auto_match_scraper, task_id=scrape_new_matches, execution_date=20260309T140000, start_date=20260309T164348, end_date=20260309T164950
[2026-03-09T16:49:50.803+0000] {local_task_job_runner.py:234} INFO - Task exited with return code 0
[2026-03-09T16:49:50.819+0000] {taskinstance.py:3280} INFO - 1 downstream tasks scheduled from follow-on schedule check
