[2026-01-18T12:48:46.169+0000] {taskinstance.py:1956} INFO - Dependencies all met for dep_context=non-requeueable deps ti=<TaskInstance: arsenal_smart_match_scraper.run_dbt_transformations scheduled__2026-01-16T00:00:00+00:00 [queued]>
[2026-01-18T12:48:46.181+0000] {taskinstance.py:1956} INFO - Dependencies all met for dep_context=requeueable deps ti=<TaskInstance: arsenal_smart_match_scraper.run_dbt_transformations scheduled__2026-01-16T00:00:00+00:00 [queued]>
[2026-01-18T12:48:46.182+0000] {taskinstance.py:2170} INFO - Starting attempt 1 of 3
[2026-01-18T12:48:46.275+0000] {taskinstance.py:2191} INFO - Executing <Task(BashOperator): run_dbt_transformations> on 2026-01-16 00:00:00+00:00
[2026-01-18T12:48:46.286+0000] {standard_task_runner.py:60} INFO - Started process 2042 to run task
[2026-01-18T12:48:46.291+0000] {standard_task_runner.py:87} INFO - Running: ['***', 'tasks', 'run', 'arsenal_smart_match_scraper', 'run_dbt_transformations', 'scheduled__2026-01-16T00:00:00+00:00', '--job-id', '364', '--raw', '--subdir', 'DAGS_FOLDER/arsenal_smart_match_scraper.py', '--cfg-path', '/tmp/tmp_6faqe5u']
[2026-01-18T12:48:46.295+0000] {standard_task_runner.py:88} INFO - Job 364: Subtask run_dbt_transformations
[2026-01-18T12:48:46.419+0000] {task_command.py:423} INFO - Running <TaskInstance: arsenal_smart_match_scraper.run_dbt_transformations scheduled__2026-01-16T00:00:00+00:00 [running]> on host dd03882071e2
[2026-01-18T12:48:46.785+0000] {taskinstance.py:2480} INFO - Exporting env vars: AIRFLOW_CTX_DAG_OWNER='arsenal_analytics' AIRFLOW_CTX_DAG_ID='arsenal_smart_match_scraper' AIRFLOW_CTX_TASK_ID='run_dbt_transformations' AIRFLOW_CTX_EXECUTION_DATE='2026-01-16T00:00:00+00:00' AIRFLOW_CTX_TRY_NUMBER='1' AIRFLOW_CTX_DAG_RUN_ID='scheduled__2026-01-16T00:00:00+00:00'
[2026-01-18T12:48:46.786+0000] {subprocess.py:63} INFO - Tmp dir root location: /tmp
[2026-01-18T12:48:46.787+0000] {subprocess.py:75} INFO - Running command: ['/usr/bin/bash', '-c', 'cd /opt/***/dbt && dbt run --profiles-dir .']
[2026-01-18T12:48:46.803+0000] {subprocess.py:86} INFO - Output:
[2026-01-18T12:48:46.807+0000] {subprocess.py:93} INFO - /usr/bin/bash: line 1: cd: /opt/***/dbt: No such file or directory
[2026-01-18T12:48:46.808+0000] {subprocess.py:97} INFO - Command exited with return code 1
[2026-01-18T12:48:46.833+0000] {taskinstance.py:2698} ERROR - Task failed with exception
Traceback (most recent call last):
  File "/home/airflow/.local/lib/python3.11/site-packages/airflow/models/taskinstance.py", line 433, in _execute_task
    result = execute_callable(context=context, **execute_callable_kwargs)
             ^^^^^^^^^^^^^^^^^^^^^^^^^^^^^^^^^^^^^^^^^^^^^^^^^^^^^^^^^^^^
  File "/home/airflow/.local/lib/python3.11/site-packages/airflow/operators/bash.py", line 212, in execute
    raise AirflowException(
airflow.exceptions.AirflowException: Bash command failed. The command returned a non-zero exit code 1.
[2026-01-18T12:48:46.838+0000] {taskinstance.py:1138} INFO - Marking task as UP_FOR_RETRY. dag_id=arsenal_smart_match_scraper, task_id=run_dbt_transformations, execution_date=20260116T000000, start_date=20260118T124846, end_date=20260118T124846
[2026-01-18T12:48:47.035+0000] {standard_task_runner.py:107} ERROR - Failed to execute job 364 for task run_dbt_transformations (Bash command failed. The command returned a non-zero exit code 1.; 2042)
[2026-01-18T12:48:47.065+0000] {local_task_job_runner.py:234} INFO - Task exited with return code 1
[2026-01-18T12:48:47.103+0000] {taskinstance.py:3280} INFO - 0 downstream tasks scheduled from follow-on schedule check
