[2026-03-10T00:00:07.652+0000] {taskinstance.py:1956} INFO - Dependencies all met for dep_context=non-requeueable deps ti=<TaskInstance: epl_smart_match_scraper.scrape_manchester_city scheduled__2026-03-09T22:00:00+00:00 [queued]>
[2026-03-10T00:00:07.666+0000] {taskinstance.py:1956} INFO - Dependencies all met for dep_context=requeueable deps ti=<TaskInstance: epl_smart_match_scraper.scrape_manchester_city scheduled__2026-03-09T22:00:00+00:00 [queued]>
[2026-03-10T00:00:07.667+0000] {taskinstance.py:2170} INFO - Starting attempt 1 of 3
[2026-03-10T00:00:07.877+0000] {taskinstance.py:2191} INFO - Executing <Task(PythonOperator): scrape_manchester_city> on 2026-03-09 22:00:00+00:00
[2026-03-10T00:00:07.893+0000] {standard_task_runner.py:60} INFO - Started process 14466 to run task
[2026-03-10T00:00:07.898+0000] {standard_task_runner.py:87} INFO - Running: ['***', 'tasks', 'run', 'epl_smart_match_scraper', 'scrape_manchester_city', 'scheduled__2026-03-09T22:00:00+00:00', '--job-id', '793', '--raw', '--subdir', 'DAGS_FOLDER/epl_smart_match_scraper.py', '--cfg-path', '/tmp/tmpygu664m0']
[2026-03-10T00:00:07.901+0000] {standard_task_runner.py:88} INFO - Job 793: Subtask scrape_manchester_city
[2026-03-10T00:00:08.052+0000] {task_command.py:423} INFO - Running <TaskInstance: epl_smart_match_scraper.scrape_manchester_city scheduled__2026-03-09T22:00:00+00:00 [running]> on host 13250c608584
[2026-03-10T00:00:08.291+0000] {taskinstance.py:2480} INFO - Exporting env vars: AIRFLOW_CTX_DAG_OWNER='epl_analytics' AIRFLOW_CTX_DAG_ID='epl_smart_match_scraper' AIRFLOW_CTX_TASK_ID='scrape_manchester_city' AIRFLOW_CTX_EXECUTION_DATE='2026-03-09T22:00:00+00:00' AIRFLOW_CTX_TRY_NUMBER='1' AIRFLOW_CTX_DAG_RUN_ID='scheduled__2026-03-09T22:00:00+00:00'
[2026-03-10T00:00:08.294+0000] {epl_smart_match_scraper.py:42} INFO - Checking Manchester City matches for 2025-26
[2026-03-10T00:00:08.294+0000] {playwright_scraper.py:87} INFO - Scraping Understat fixtures for Manchester_City: https://understat.com/team/Manchester_City/2025
[2026-03-10T00:00:34.019+0000] {playwright_scraper.py:118} INFO - Scraped 38 fixtures from Understat
[2026-03-10T00:00:43.313+0000] {playwright_scraper.py:140} INFO - Scraping match shots: https://understat.com/match/28896
[2026-03-10T00:02:44.428+0000] {epl_smart_match_scraper.py:86} ERROR - Error: Timeout loading https://understat.com/match/28896: Timeout 120000ms exceeded.
[2026-03-10T00:02:44.429+0000] {playwright_scraper.py:140} INFO - Scraping match shots: https://understat.com/match/28977
[2026-03-10T00:04:45.218+0000] {epl_smart_match_scraper.py:86} ERROR - Error: Timeout loading https://understat.com/match/28977: Timeout 120000ms exceeded.
[2026-03-10T00:04:45.219+0000] {playwright_scraper.py:140} INFO - Scraping match shots: https://understat.com/match/29033
[2026-03-10T00:06:45.997+0000] {epl_smart_match_scraper.py:86} ERROR - Error: Timeout loading https://understat.com/match/29033: Timeout 120000ms exceeded.
[2026-03-10T00:06:45.998+0000] {python.py:201} INFO - Done. Returned value was: {'team': 'Manchester City', 'status': 'success', 'scraped': 0}
[2026-03-10T00:06:46.060+0000] {taskinstance.py:1138} INFO - Marking task as SUCCESS. dag_id=epl_smart_match_scraper, task_id=scrape_manchester_city, execution_date=20260309T220000, start_date=20260310T000007, end_date=20260310T000646
[2026-03-10T00:06:46.108+0000] {local_task_job_runner.py:234} INFO - Task exited with return code 0
[2026-03-10T00:06:46.141+0000] {taskinstance.py:3280} INFO - 1 downstream tasks scheduled from follow-on schedule check
