[2026-03-10T06:00:40.872+0000] {taskinstance.py:1956} INFO - Dependencies all met for dep_context=non-requeueable deps ti=<TaskInstance: epl_match_scheduler.schedule_runs scheduled__2026-03-09T06:00:00+00:00 [queued]>
[2026-03-10T06:00:40.886+0000] {taskinstance.py:1956} INFO - Dependencies all met for dep_context=requeueable deps ti=<TaskInstance: epl_match_scheduler.schedule_runs scheduled__2026-03-09T06:00:00+00:00 [queued]>
[2026-03-10T06:00:40.886+0000] {taskinstance.py:2170} INFO - Starting attempt 1 of 2
[2026-03-10T06:00:40.978+0000] {taskinstance.py:2191} INFO - Executing <Task(PythonOperator): schedule_runs> on 2026-03-09 06:00:00+00:00
[2026-03-10T06:00:40.989+0000] {standard_task_runner.py:60} INFO - Started process 48820 to run task
[2026-03-10T06:00:40.994+0000] {standard_task_runner.py:87} INFO - Running: ['***', 'tasks', 'run', 'epl_match_scheduler', 'schedule_runs', 'scheduled__2026-03-09T06:00:00+00:00', '--job-id', '815', '--raw', '--subdir', 'DAGS_FOLDER/epl_match_scheduler.py', '--cfg-path', '/tmp/tmpi95rg92a']
[2026-03-10T06:00:40.998+0000] {standard_task_runner.py:88} INFO - Job 815: Subtask schedule_runs
[2026-03-10T06:00:41.100+0000] {task_command.py:423} INFO - Running <TaskInstance: epl_match_scheduler.schedule_runs scheduled__2026-03-09T06:00:00+00:00 [running]> on host 13250c608584
[2026-03-10T06:00:41.255+0000] {taskinstance.py:2480} INFO - Exporting env vars: AIRFLOW_CTX_DAG_OWNER='epl_analytics' AIRFLOW_CTX_DAG_ID='epl_match_scheduler' AIRFLOW_CTX_TASK_ID='schedule_runs' AIRFLOW_CTX_EXECUTION_DATE='2026-03-09T06:00:00+00:00' AIRFLOW_CTX_TRY_NUMBER='1' AIRFLOW_CTX_DAG_RUN_ID='scheduled__2026-03-09T06:00:00+00:00'
[2026-03-10T06:00:41.329+0000] {epl_match_scheduler.py:115} INFO - Match: West Ham vs Manchester City (Manchester City)
[2026-03-10T06:00:41.330+0000] {epl_match_scheduler.py:116} INFO -   Kickoff: 2026-03-14 15:00
[2026-03-10T06:00:41.330+0000] {epl_match_scheduler.py:117} INFO -   Scrape scheduled: 2026-03-14 19:00
[2026-03-10T06:00:41.331+0000] {epl_match_scheduler.py:115} INFO - Match: Arsenal vs Everton (Arsenal)
[2026-03-10T06:00:41.331+0000] {epl_match_scheduler.py:116} INFO -   Kickoff: 2026-03-15 15:00
[2026-03-10T06:00:41.331+0000] {epl_match_scheduler.py:117} INFO -   Scrape scheduled: 2026-03-15 19:00
[2026-03-10T06:00:41.332+0000] {epl_match_scheduler.py:115} INFO - Match: Manchester United vs Aston Villa (Manchester United)
[2026-03-10T06:00:41.332+0000] {epl_match_scheduler.py:116} INFO -   Kickoff: 2026-03-15 15:00
[2026-03-10T06:00:41.332+0000] {epl_match_scheduler.py:117} INFO -   Scrape scheduled: 2026-03-15 19:00
[2026-03-10T06:00:41.333+0000] {epl_match_scheduler.py:115} INFO - Match: Liverpool vs Tottenham (Liverpool)
[2026-03-10T06:00:41.333+0000] {epl_match_scheduler.py:116} INFO -   Kickoff: 2026-03-15 15:00
[2026-03-10T06:00:41.333+0000] {epl_match_scheduler.py:117} INFO -   Scrape scheduled: 2026-03-15 19:00
[2026-03-10T06:00:41.334+0000] {epl_match_scheduler.py:115} INFO - Match: Bournemouth vs Manchester United (Manchester United)
[2026-03-10T06:00:41.334+0000] {epl_match_scheduler.py:116} INFO -   Kickoff: 2026-03-20 15:00
[2026-03-10T06:00:41.335+0000] {epl_match_scheduler.py:117} INFO -   Scrape scheduled: 2026-03-20 19:00
[2026-03-10T06:00:41.335+0000] {epl_match_scheduler.py:115} INFO - Match: Manchester City vs Crystal Palace (Manchester City)
[2026-03-10T06:00:41.335+0000] {epl_match_scheduler.py:116} INFO -   Kickoff: 2026-03-21 15:00
[2026-03-10T06:00:41.336+0000] {epl_match_scheduler.py:117} INFO -   Scrape scheduled: 2026-03-21 19:00
[2026-03-10T06:00:41.336+0000] {epl_match_scheduler.py:115} INFO - Match: Brighton vs Liverpool (Liverpool)
[2026-03-10T06:00:41.336+0000] {epl_match_scheduler.py:116} INFO -   Kickoff: 2026-03-21 15:00
[2026-03-10T06:00:41.337+0000] {epl_match_scheduler.py:117} INFO -   Scrape scheduled: 2026-03-21 19:00
[2026-03-10T06:00:41.337+0000] {epl_match_scheduler.py:115} INFO - Match: Arsenal vs Bournemouth (Arsenal)
[2026-03-10T06:00:41.337+0000] {epl_match_scheduler.py:116} INFO -   Kickoff: 2026-04-11 15:00
[2026-03-10T06:00:41.338+0000] {epl_match_scheduler.py:117} INFO -   Scrape scheduled: 2026-04-11 19:00
[2026-03-10T06:00:41.338+0000] {epl_match_scheduler.py:115} INFO - Match: Manchester United vs Leeds (Manchester United)
[2026-03-10T06:00:41.338+0000] {epl_match_scheduler.py:116} INFO -   Kickoff: 2026-04-11 15:00
[2026-03-10T06:00:41.339+0000] {epl_match_scheduler.py:117} INFO -   Scrape scheduled: 2026-04-11 19:00
[2026-03-10T06:00:41.339+0000] {epl_match_scheduler.py:115} INFO - Match: Chelsea vs Manchester City (Manchester City)
[2026-03-10T06:00:41.339+0000] {epl_match_scheduler.py:116} INFO -   Kickoff: 2026-04-11 15:00
[2026-03-10T06:00:41.339+0000] {epl_match_scheduler.py:117} INFO -   Scrape scheduled: 2026-04-11 19:00
[2026-03-10T06:00:41.340+0000] {epl_match_scheduler.py:115} INFO - Match: Liverpool vs Fulham (Liverpool)
[2026-03-10T06:00:41.340+0000] {epl_match_scheduler.py:116} INFO -   Kickoff: 2026-04-11 15:00
[2026-03-10T06:00:41.340+0000] {epl_match_scheduler.py:117} INFO -   Scrape scheduled: 2026-04-11 19:00
[2026-03-10T06:00:41.341+0000] {epl_match_scheduler.py:115} INFO - Match: Manchester City vs Arsenal (Arsenal)
[2026-03-10T06:00:41.341+0000] {epl_match_scheduler.py:116} INFO -   Kickoff: 2026-04-18 15:00
[2026-03-10T06:00:41.341+0000] {epl_match_scheduler.py:117} INFO -   Scrape scheduled: 2026-04-18 19:00
[2026-03-10T06:00:41.341+0000] {epl_match_scheduler.py:115} INFO - Match: Chelsea vs Manchester United (Manchester United)
[2026-03-10T06:00:41.341+0000] {epl_match_scheduler.py:116} INFO -   Kickoff: 2026-04-18 15:00
[2026-03-10T06:00:41.342+0000] {epl_match_scheduler.py:117} INFO -   Scrape scheduled: 2026-04-18 19:00
[2026-03-10T06:00:41.342+0000] {epl_match_scheduler.py:115} INFO - Match: Everton vs Liverpool (Liverpool)
[2026-03-10T06:00:41.342+0000] {epl_match_scheduler.py:116} INFO -   Kickoff: 2026-04-18 15:00
[2026-03-10T06:00:41.342+0000] {epl_match_scheduler.py:117} INFO -   Scrape scheduled: 2026-04-18 19:00
[2026-03-10T06:00:41.342+0000] {epl_match_scheduler.py:115} INFO - Match: Arsenal vs Newcastle United (Arsenal)
[2026-03-10T06:00:41.343+0000] {epl_match_scheduler.py:116} INFO -   Kickoff: 2026-04-25 15:00
[2026-03-10T06:00:41.343+0000] {epl_match_scheduler.py:117} INFO -   Scrape scheduled: 2026-04-25 19:00
[2026-03-10T06:00:41.343+0000] {epl_match_scheduler.py:115} INFO - Match: Manchester United vs Brentford (Manchester United)
[2026-03-10T06:00:41.343+0000] {epl_match_scheduler.py:116} INFO -   Kickoff: 2026-04-25 15:00
[2026-03-10T06:00:41.343+0000] {epl_match_scheduler.py:117} INFO -   Scrape scheduled: 2026-04-25 19:00
[2026-03-10T06:00:41.344+0000] {epl_match_scheduler.py:115} INFO - Match: Burnley vs Manchester City (Manchester City)
[2026-03-10T06:00:41.344+0000] {epl_match_scheduler.py:116} INFO -   Kickoff: 2026-04-25 15:00
[2026-03-10T06:00:41.344+0000] {epl_match_scheduler.py:117} INFO -   Scrape scheduled: 2026-04-25 19:00
[2026-03-10T06:00:41.344+0000] {epl_match_scheduler.py:115} INFO - Match: Liverpool vs Crystal Palace (Liverpool)
[2026-03-10T06:00:41.344+0000] {epl_match_scheduler.py:116} INFO -   Kickoff: 2026-04-25 15:00
[2026-03-10T06:00:41.345+0000] {epl_match_scheduler.py:117} INFO -   Scrape scheduled: 2026-04-25 19:00
[2026-03-10T06:00:41.345+0000] {epl_match_scheduler.py:115} INFO - Match: Arsenal vs Fulham (Arsenal)
[2026-03-10T06:00:41.345+0000] {epl_match_scheduler.py:116} INFO -   Kickoff: 2026-05-02 15:00
[2026-03-10T06:00:41.345+0000] {epl_match_scheduler.py:117} INFO -   Scrape scheduled: 2026-05-02 19:00
[2026-03-10T06:00:41.345+0000] {epl_match_scheduler.py:115} INFO - Match: Manchester United vs Liverpool (Manchester United)
[2026-03-10T06:00:41.345+0000] {epl_match_scheduler.py:116} INFO -   Kickoff: 2026-05-02 15:00
[2026-03-10T06:00:41.346+0000] {epl_match_scheduler.py:117} INFO -   Scrape scheduled: 2026-05-02 19:00
[2026-03-10T06:00:41.346+0000] {epl_match_scheduler.py:121} INFO - Scheduled 20 scraping runs
[2026-03-10T06:00:41.346+0000] {python.py:201} INFO - Done. Returned value was: {'scheduled': 20}
[2026-03-10T06:00:41.417+0000] {taskinstance.py:1138} INFO - Marking task as SUCCESS. dag_id=epl_match_scheduler, task_id=schedule_runs, execution_date=20260309T060000, start_date=20260310T060040, end_date=20260310T060041
[2026-03-10T06:00:41.487+0000] {local_task_job_runner.py:234} INFO - Task exited with return code 0
[2026-03-10T06:00:41.517+0000] {taskinstance.py:3280} INFO - 1 downstream tasks scheduled from follow-on schedule check
