[2026-03-10T02:00:04.575+0000] {taskinstance.py:1956} INFO - Dependencies all met for dep_context=non-requeueable deps ti=<TaskInstance: epl_smart_match_scraper.scrape_liverpool scheduled__2026-03-10T00:00:00+00:00 [queued]>
[2026-03-10T02:00:04.590+0000] {taskinstance.py:1956} INFO - Dependencies all met for dep_context=requeueable deps ti=<TaskInstance: epl_smart_match_scraper.scrape_liverpool scheduled__2026-03-10T00:00:00+00:00 [queued]>
[2026-03-10T02:00:04.591+0000] {taskinstance.py:2170} INFO - Starting attempt 1 of 3
[2026-03-10T02:00:04.651+0000] {taskinstance.py:2191} INFO - Executing <Task(PythonOperator): scrape_liverpool> on 2026-03-10 00:00:00+00:00
[2026-03-10T02:00:04.663+0000] {standard_task_runner.py:60} INFO - Started process 35846 to run task
[2026-03-10T02:00:04.670+0000] {standard_task_runner.py:87} INFO - Running: ['***', 'tasks', 'run', 'epl_smart_match_scraper', 'scrape_liverpool', 'scheduled__2026-03-10T00:00:00+00:00', '--job-id', '800', '--raw', '--subdir', 'DAGS_FOLDER/epl_smart_match_scraper.py', '--cfg-path', '/tmp/tmpcn759tcu']
[2026-03-10T02:00:04.673+0000] {standard_task_runner.py:88} INFO - Job 800: Subtask scrape_liverpool
[2026-03-10T02:00:04.795+0000] {task_command.py:423} INFO - Running <TaskInstance: epl_smart_match_scraper.scrape_liverpool scheduled__2026-03-10T00:00:00+00:00 [running]> on host 13250c608584
[2026-03-10T02:00:05.012+0000] {taskinstance.py:2480} INFO - Exporting env vars: AIRFLOW_CTX_DAG_OWNER='epl_analytics' AIRFLOW_CTX_DAG_ID='epl_smart_match_scraper' AIRFLOW_CTX_TASK_ID='scrape_liverpool' AIRFLOW_CTX_EXECUTION_DATE='2026-03-10T00:00:00+00:00' AIRFLOW_CTX_TRY_NUMBER='1' AIRFLOW_CTX_DAG_RUN_ID='scheduled__2026-03-10T00:00:00+00:00'
[2026-03-10T02:00:05.014+0000] {epl_smart_match_scraper.py:42} INFO - Checking Liverpool matches for 2025-26
[2026-03-10T02:00:05.014+0000] {playwright_scraper.py:87} INFO - Scraping Understat fixtures for Liverpool: https://understat.com/team/Liverpool/2025
[2026-03-10T02:00:14.376+0000] {playwright_scraper.py:118} INFO - Scraped 38 fixtures from Understat
[2026-03-10T02:00:14.491+0000] {playwright_scraper.py:140} INFO - Scraping match shots: https://understat.com/match/29024
[2026-03-10T02:00:23.728+0000] {playwright_scraper.py:213} INFO - Scraped 31 shots for Liverpool vs Manchester City
[2026-03-10T02:00:23.831+0000] {db_loader.py:196} INFO - Created scrape run: epl_smart_Liverpool_913b5b9c
[2026-03-10T02:00:23.859+0000] {db_loader.py:359} INFO - Saved match reference for Liverpool vs Manchester City (Team: Liverpool)
[2026-03-10T02:00:23.876+0000] {db_loader.py:150} INFO - Saved Understat data for match 20260208_liverpool_vs_manchester_city (ID: 449, Team: Liverpool)
[2026-03-10T02:00:23.927+0000] {db_loader.py:242} INFO - Updated scrape run epl_smart_Liverpool_913b5b9c: success
[2026-03-10T02:00:23.928+0000] {epl_smart_match_scraper.py:83} INFO - ✓ Liverpool vs Manchester City: 31 shots
[2026-03-10T02:00:23.928+0000] {python.py:201} INFO - Done. Returned value was: {'team': 'Liverpool', 'status': 'success', 'scraped': 1}
[2026-03-10T02:00:23.983+0000] {taskinstance.py:1138} INFO - Marking task as SUCCESS. dag_id=epl_smart_match_scraper, task_id=scrape_liverpool, execution_date=20260310T000000, start_date=20260310T020004, end_date=20260310T020023
[2026-03-10T02:00:24.053+0000] {local_task_job_runner.py:234} INFO - Task exited with return code 0
[2026-03-10T02:00:24.090+0000] {taskinstance.py:3280} INFO - 0 downstream tasks scheduled from follow-on schedule check
