[2026-01-16T09:08:49.553+0000] {taskinstance.py:1956} INFO - Dependencies all met for dep_context=non-requeueable deps ti=<TaskInstance: arsenal_auto_match_scraper.run_dbt_transformations scheduled__2026-01-16T06:00:00+00:00 [queued]>
[2026-01-16T09:08:49.566+0000] {taskinstance.py:1956} INFO - Dependencies all met for dep_context=requeueable deps ti=<TaskInstance: arsenal_auto_match_scraper.run_dbt_transformations scheduled__2026-01-16T06:00:00+00:00 [queued]>
[2026-01-16T09:08:49.566+0000] {taskinstance.py:2170} INFO - Starting attempt 3 of 3
[2026-01-16T09:08:49.601+0000] {taskinstance.py:2191} INFO - Executing <Task(BashOperator): run_dbt_transformations> on 2026-01-16 06:00:00+00:00
[2026-01-16T09:08:49.610+0000] {standard_task_runner.py:60} INFO - Started process 28377 to run task
[2026-01-16T09:08:49.615+0000] {standard_task_runner.py:87} INFO - Running: ['***', 'tasks', 'run', 'arsenal_auto_match_scraper', 'run_dbt_transformations', 'scheduled__2026-01-16T06:00:00+00:00', '--job-id', '343', '--raw', '--subdir', 'DAGS_FOLDER/arsenal_auto_match_scraper.py', '--cfg-path', '/tmp/tmpi49_evnt']
[2026-01-16T09:08:49.619+0000] {standard_task_runner.py:88} INFO - Job 343: Subtask run_dbt_transformations
[2026-01-16T09:08:49.718+0000] {task_command.py:423} INFO - Running <TaskInstance: arsenal_auto_match_scraper.run_dbt_transformations scheduled__2026-01-16T06:00:00+00:00 [running]> on host dd03882071e2
[2026-01-16T09:08:49.870+0000] {taskinstance.py:2480} INFO - Exporting env vars: AIRFLOW_CTX_DAG_OWNER='arsenal_analytics' AIRFLOW_CTX_DAG_ID='arsenal_auto_match_scraper' AIRFLOW_CTX_TASK_ID='run_dbt_transformations' AIRFLOW_CTX_EXECUTION_DATE='2026-01-16T06:00:00+00:00' AIRFLOW_CTX_TRY_NUMBER='3' AIRFLOW_CTX_DAG_RUN_ID='scheduled__2026-01-16T06:00:00+00:00'
[2026-01-16T09:08:49.872+0000] {subprocess.py:63} INFO - Tmp dir root location: /tmp
[2026-01-16T09:08:49.873+0000] {subprocess.py:75} INFO - Running command: ['/usr/bin/bash', '-c', 'cd /opt/***/dbt && dbt run --profiles-dir .']
[2026-01-16T09:08:49.899+0000] {subprocess.py:86} INFO - Output:
[2026-01-16T09:08:49.904+0000] {subprocess.py:93} INFO - /usr/bin/bash: line 1: cd: /opt/***/dbt: No such file or directory
[2026-01-16T09:08:49.905+0000] {subprocess.py:97} INFO - Command exited with return code 1
[2026-01-16T09:08:49.929+0000] {taskinstance.py:2698} ERROR - Task failed with exception
Traceback (most recent call last):
  File "/home/airflow/.local/lib/python3.11/site-packages/airflow/models/taskinstance.py", line 433, in _execute_task
    result = execute_callable(context=context, **execute_callable_kwargs)
             ^^^^^^^^^^^^^^^^^^^^^^^^^^^^^^^^^^^^^^^^^^^^^^^^^^^^^^^^^^^^
  File "/home/airflow/.local/lib/python3.11/site-packages/airflow/operators/bash.py", line 212, in execute
    raise AirflowException(
airflow.exceptions.AirflowException: Bash command failed. The command returned a non-zero exit code 1.
[2026-01-16T09:08:49.936+0000] {taskinstance.py:1138} INFO - Marking task as FAILED. dag_id=arsenal_auto_match_scraper, task_id=run_dbt_transformations, execution_date=20260116T060000, start_date=20260116T090849, end_date=20260116T090849
[2026-01-16T09:08:49.971+0000] {standard_task_runner.py:107} ERROR - Failed to execute job 343 for task run_dbt_transformations (Bash command failed. The command returned a non-zero exit code 1.; 28377)
[2026-01-16T09:08:49.988+0000] {local_task_job_runner.py:234} INFO - Task exited with return code 1
[2026-01-16T09:08:50.037+0000] {taskinstance.py:3280} INFO - 0 downstream tasks scheduled from follow-on schedule check
