[2026-01-18T18:33:59.923+0000] {taskinstance.py:1956} INFO - Dependencies all met for dep_context=non-requeueable deps ti=<TaskInstance: epl_match_scheduler.print_schedule manual__2026-01-18T18:33:34+00:00 [queued]>
[2026-01-18T18:33:59.937+0000] {taskinstance.py:1956} INFO - Dependencies all met for dep_context=requeueable deps ti=<TaskInstance: epl_match_scheduler.print_schedule manual__2026-01-18T18:33:34+00:00 [queued]>
[2026-01-18T18:33:59.937+0000] {taskinstance.py:2170} INFO - Starting attempt 1 of 2
[2026-01-18T18:33:59.974+0000] {taskinstance.py:2191} INFO - Executing <Task(PythonOperator): print_schedule> on 2026-01-18 18:33:34+00:00
[2026-01-18T18:33:59.983+0000] {standard_task_runner.py:60} INFO - Started process 42161 to run task
[2026-01-18T18:33:59.988+0000] {standard_task_runner.py:87} INFO - Running: ['***', 'tasks', 'run', 'epl_match_scheduler', 'print_schedule', 'manual__2026-01-18T18:33:34+00:00', '--job-id', '474', '--raw', '--subdir', 'DAGS_FOLDER/epl_match_scheduler.py', '--cfg-path', '/tmp/tmp3xhi1cq1']
[2026-01-18T18:33:59.991+0000] {standard_task_runner.py:88} INFO - Job 474: Subtask print_schedule
[2026-01-18T18:34:00.087+0000] {task_command.py:423} INFO - Running <TaskInstance: epl_match_scheduler.print_schedule manual__2026-01-18T18:33:34+00:00 [running]> on host dd03882071e2
[2026-01-18T18:34:00.268+0000] {taskinstance.py:2480} INFO - Exporting env vars: AIRFLOW_CTX_DAG_OWNER='epl_analytics' AIRFLOW_CTX_DAG_ID='epl_match_scheduler' AIRFLOW_CTX_TASK_ID='print_schedule' AIRFLOW_CTX_EXECUTION_DATE='2026-01-18T18:33:34+00:00' AIRFLOW_CTX_TRY_NUMBER='1' AIRFLOW_CTX_DAG_RUN_ID='manual__2026-01-18T18:33:34+00:00'
[2026-01-18T18:34:00.289+0000] {epl_match_scheduler.py:132} INFO - ======================================================================
[2026-01-18T18:34:00.289+0000] {epl_match_scheduler.py:133} INFO - UPCOMING EPL MATCHES - SCRAPE SCHEDULE
[2026-01-18T18:34:00.289+0000] {epl_match_scheduler.py:134} INFO - ======================================================================
[2026-01-18T18:34:00.300+0000] {epl_match_scheduler.py:153} INFO -  1. 2026-01-25 | Arsenal              vs Manchester United    | Scrape: 2026-01-25 19:00
[2026-01-18T18:34:00.300+0000] {epl_match_scheduler.py:153} INFO -  2. 2026-01-31 | Leeds                vs Arsenal              | Scrape: 2026-01-31 19:00
[2026-01-18T18:34:00.300+0000] {epl_match_scheduler.py:153} INFO -  3. 2026-02-01 | Manchester United    vs Fulham               | Scrape: 2026-02-01 19:00
[2026-01-18T18:34:00.300+0000] {epl_match_scheduler.py:153} INFO -  4. 2026-02-07 | Arsenal              vs Sunderland           | Scrape: 2026-02-07 19:00
[2026-01-18T18:34:00.301+0000] {epl_match_scheduler.py:153} INFO -  5. 2026-02-07 | Manchester United    vs Tottenham            | Scrape: 2026-02-07 19:00
[2026-01-18T18:34:00.301+0000] {epl_match_scheduler.py:153} INFO -  6. 2026-02-10 | West Ham             vs Manchester United    | Scrape: 2026-02-10 19:00
[2026-01-18T18:34:00.301+0000] {epl_match_scheduler.py:153} INFO -  7. 2026-02-12 | Brentford            vs Arsenal              | Scrape: 2026-02-12 19:00
[2026-01-18T18:34:00.301+0000] {epl_match_scheduler.py:153} INFO -  8. 2026-02-22 | Tottenham            vs Arsenal              | Scrape: 2026-02-22 19:00
[2026-01-18T18:34:00.302+0000] {epl_match_scheduler.py:153} INFO -  9. 2026-02-23 | Everton              vs Manchester United    | Scrape: 2026-02-23 19:00
[2026-01-18T18:34:00.302+0000] {epl_match_scheduler.py:153} INFO - 10. 2026-02-28 | Manchester United    vs Crystal Palace       | Scrape: 2026-02-28 19:00
[2026-01-18T18:34:00.302+0000] {epl_match_scheduler.py:153} INFO - 11. 2026-03-01 | Arsenal              vs Chelsea              | Scrape: 2026-03-01 19:00
[2026-01-18T18:34:00.303+0000] {epl_match_scheduler.py:153} INFO - 12. 2026-03-04 | Brighton             vs Arsenal              | Scrape: 2026-03-04 19:00
[2026-01-18T18:34:00.303+0000] {epl_match_scheduler.py:153} INFO - 13. 2026-03-04 | Newcastle United     vs Manchester United    | Scrape: 2026-03-04 19:00
[2026-01-18T18:34:00.303+0000] {epl_match_scheduler.py:153} INFO - 14. 2026-03-14 | Arsenal              vs Everton              | Scrape: 2026-03-14 19:00
[2026-01-18T18:34:00.303+0000] {epl_match_scheduler.py:153} INFO - 15. 2026-03-14 | Manchester United    vs Aston Villa          | Scrape: 2026-03-14 19:00
[2026-01-18T18:34:00.304+0000] {epl_match_scheduler.py:155} INFO - ======================================================================
[2026-01-18T18:34:00.304+0000] {python.py:201} INFO - Done. Returned value was: {'printed': 15}
[2026-01-18T18:34:00.361+0000] {taskinstance.py:1138} INFO - Marking task as SUCCESS. dag_id=epl_match_scheduler, task_id=print_schedule, execution_date=20260118T183334, start_date=20260118T183359, end_date=20260118T183400
[2026-01-18T18:34:00.440+0000] {local_task_job_runner.py:234} INFO - Task exited with return code 0
[2026-01-18T18:34:00.490+0000] {taskinstance.py:3280} INFO - 0 downstream tasks scheduled from follow-on schedule check
