[2026-03-10T12:00:01.723+0000] {taskinstance.py:1956} INFO - Dependencies all met for dep_context=non-requeueable deps ti=<TaskInstance: epl_smart_match_scraper.scrape_arsenal scheduled__2026-03-10T10:00:00+00:00 [queued]>
[2026-03-10T12:00:01.737+0000] {taskinstance.py:1956} INFO - Dependencies all met for dep_context=requeueable deps ti=<TaskInstance: epl_smart_match_scraper.scrape_arsenal scheduled__2026-03-10T10:00:00+00:00 [queued]>
[2026-03-10T12:00:01.737+0000] {taskinstance.py:2170} INFO - Starting attempt 1 of 3
[2026-03-10T12:00:01.813+0000] {taskinstance.py:2191} INFO - Executing <Task(PythonOperator): scrape_arsenal> on 2026-03-10 10:00:00+00:00
[2026-03-10T12:00:01.827+0000] {standard_task_runner.py:60} INFO - Started process 65319 to run task
[2026-03-10T12:00:01.832+0000] {standard_task_runner.py:87} INFO - Running: ['***', 'tasks', 'run', 'epl_smart_match_scraper', 'scrape_arsenal', 'scheduled__2026-03-10T10:00:00+00:00', '--job-id', '831', '--raw', '--subdir', 'DAGS_FOLDER/epl_smart_match_scraper.py', '--cfg-path', '/tmp/tmpj6h1pa4z']
[2026-03-10T12:00:01.836+0000] {standard_task_runner.py:88} INFO - Job 831: Subtask scrape_arsenal
[2026-03-10T12:00:01.953+0000] {task_command.py:423} INFO - Running <TaskInstance: epl_smart_match_scraper.scrape_arsenal scheduled__2026-03-10T10:00:00+00:00 [running]> on host 13250c608584
[2026-03-10T12:00:02.202+0000] {taskinstance.py:2480} INFO - Exporting env vars: AIRFLOW_CTX_DAG_OWNER='epl_analytics' AIRFLOW_CTX_DAG_ID='epl_smart_match_scraper' AIRFLOW_CTX_TASK_ID='scrape_arsenal' AIRFLOW_CTX_EXECUTION_DATE='2026-03-10T10:00:00+00:00' AIRFLOW_CTX_TRY_NUMBER='1' AIRFLOW_CTX_DAG_RUN_ID='scheduled__2026-03-10T10:00:00+00:00'
[2026-03-10T12:00:02.204+0000] {epl_smart_match_scraper.py:42} INFO - Checking Arsenal matches for 2025-26
[2026-03-10T12:00:02.204+0000] {playwright_scraper.py:87} INFO - Scraping Understat fixtures for Arsenal: https://understat.com/team/Arsenal/2025
[2026-03-10T12:00:10.610+0000] {playwright_scraper.py:118} INFO - Scraped 38 fixtures from Understat
[2026-03-10T12:00:11.298+0000] {playwright_scraper.py:140} INFO - Scraping match shots: https://understat.com/match/28980
[2026-03-10T12:00:22.255+0000] {playwright_scraper.py:213} INFO - Scraped 17 shots for Arsenal vs Liverpool
[2026-03-10T12:00:22.356+0000] {db_loader.py:196} INFO - Created scrape run: epl_smart_Arsenal_5b50ef8d
[2026-03-10T12:00:22.384+0000] {db_loader.py:359} INFO - Saved match reference for Arsenal vs Liverpool (Team: Arsenal)
[2026-03-10T12:00:22.400+0000] {db_loader.py:150} INFO - Saved Understat data for match 20260108_arsenal_vs_liverpool (ID: 433, Team: Arsenal)
[2026-03-10T12:00:22.441+0000] {db_loader.py:242} INFO - Updated scrape run epl_smart_Arsenal_5b50ef8d: success
[2026-03-10T12:00:22.442+0000] {epl_smart_match_scraper.py:83} INFO - ✓ Arsenal vs Liverpool: 17 shots
[2026-03-10T12:00:22.442+0000] {python.py:201} INFO - Done. Returned value was: {'team': 'Arsenal', 'status': 'success', 'scraped': 1}
[2026-03-10T12:00:22.499+0000] {taskinstance.py:1138} INFO - Marking task as SUCCESS. dag_id=epl_smart_match_scraper, task_id=scrape_arsenal, execution_date=20260310T100000, start_date=20260310T120001, end_date=20260310T120022
[2026-03-10T12:00:22.541+0000] {local_task_job_runner.py:234} INFO - Task exited with return code 0
[2026-03-10T12:00:22.570+0000] {taskinstance.py:3280} INFO - 1 downstream tasks scheduled from follow-on schedule check
