[2026-01-16T06:03:49.240+0000] {processor.py:161} INFO - Started process (PID=27326) to work on /opt/airflow/dags/arsenal_manual_match_scraper.py
[2026-01-16T06:03:49.521+0000] {processor.py:830} INFO - Processing file /opt/airflow/dags/arsenal_manual_match_scraper.py for tasks to queue
[2026-01-16T06:03:49.523+0000] {logging_mixin.py:188} INFO - [2026-01-16T06:03:49.522+0000] {dagbag.py:538} INFO - Filling up the DagBag from /opt/airflow/dags/arsenal_manual_match_scraper.py
[2026-01-16T06:03:49.882+0000] {processor.py:840} INFO - DAG(s) 'arsenal_manual_match_scraper' retrieved from /opt/airflow/dags/arsenal_manual_match_scraper.py
[2026-01-16T06:03:49.928+0000] {logging_mixin.py:188} INFO - [2026-01-16T06:03:49.928+0000] {dag.py:3036} INFO - Sync 1 DAGs
[2026-01-16T06:03:50.050+0000] {logging_mixin.py:188} INFO - [2026-01-16T06:03:50.049+0000] {dag.py:3823} INFO - Setting next_dagrun for arsenal_manual_match_scraper to None, run_after=None
[2026-01-16T06:03:50.329+0000] {processor.py:183} INFO - Processing /opt/airflow/dags/arsenal_manual_match_scraper.py took 1.094 seconds
[2026-01-16T08:49:36.213+0000] {processor.py:161} INFO - Started process (PID=27939) to work on /opt/airflow/dags/arsenal_manual_match_scraper.py
[2026-01-16T08:49:36.536+0000] {processor.py:830} INFO - Processing file /opt/airflow/dags/arsenal_manual_match_scraper.py for tasks to queue
[2026-01-16T08:49:36.538+0000] {logging_mixin.py:188} INFO - [2026-01-16T08:49:36.537+0000] {dagbag.py:538} INFO - Filling up the DagBag from /opt/airflow/dags/arsenal_manual_match_scraper.py
[2026-01-16T08:49:37.765+0000] {processor.py:840} INFO - DAG(s) 'arsenal_manual_match_scraper' retrieved from /opt/airflow/dags/arsenal_manual_match_scraper.py
[2026-01-16T08:49:37.882+0000] {logging_mixin.py:188} INFO - [2026-01-16T08:49:37.882+0000] {dag.py:3036} INFO - Sync 1 DAGs
[2026-01-16T08:49:38.123+0000] {logging_mixin.py:188} INFO - [2026-01-16T08:49:38.122+0000] {dag.py:3823} INFO - Setting next_dagrun for arsenal_manual_match_scraper to None, run_after=None
[2026-01-16T08:49:39.707+0000] {processor.py:183} INFO - Processing /opt/airflow/dags/arsenal_manual_match_scraper.py took 3.499 seconds
[2026-01-16T08:50:36.415+0000] {processor.py:161} INFO - Started process (PID=28118) to work on /opt/airflow/dags/arsenal_manual_match_scraper.py
[2026-01-16T08:50:36.533+0000] {processor.py:830} INFO - Processing file /opt/airflow/dags/arsenal_manual_match_scraper.py for tasks to queue
[2026-01-16T08:50:36.535+0000] {logging_mixin.py:188} INFO - [2026-01-16T08:50:36.534+0000] {dagbag.py:538} INFO - Filling up the DagBag from /opt/airflow/dags/arsenal_manual_match_scraper.py
[2026-01-16T08:50:37.667+0000] {processor.py:840} INFO - DAG(s) 'arsenal_manual_match_scraper' retrieved from /opt/airflow/dags/arsenal_manual_match_scraper.py
[2026-01-16T08:50:37.730+0000] {logging_mixin.py:188} INFO - [2026-01-16T08:50:37.729+0000] {dag.py:3036} INFO - Sync 1 DAGs
[2026-01-16T08:50:37.757+0000] {logging_mixin.py:188} INFO - [2026-01-16T08:50:37.756+0000] {dag.py:3823} INFO - Setting next_dagrun for arsenal_manual_match_scraper to None, run_after=None
[2026-01-16T08:50:37.933+0000] {processor.py:183} INFO - Processing /opt/airflow/dags/arsenal_manual_match_scraper.py took 1.525 seconds
[2026-01-16T08:52:48.230+0000] {processor.py:161} INFO - Started process (PID=28144) to work on /opt/airflow/dags/arsenal_manual_match_scraper.py
[2026-01-16T08:52:48.263+0000] {processor.py:830} INFO - Processing file /opt/airflow/dags/arsenal_manual_match_scraper.py for tasks to queue
[2026-01-16T08:52:48.264+0000] {logging_mixin.py:188} INFO - [2026-01-16T08:52:48.264+0000] {dagbag.py:538} INFO - Filling up the DagBag from /opt/airflow/dags/arsenal_manual_match_scraper.py
[2026-01-16T08:52:48.368+0000] {processor.py:840} INFO - DAG(s) 'arsenal_manual_match_scraper' retrieved from /opt/airflow/dags/arsenal_manual_match_scraper.py
[2026-01-16T08:52:48.410+0000] {logging_mixin.py:188} INFO - [2026-01-16T08:52:48.410+0000] {dag.py:3036} INFO - Sync 1 DAGs
[2026-01-16T08:52:48.645+0000] {logging_mixin.py:188} INFO - [2026-01-16T08:52:48.645+0000] {dag.py:3823} INFO - Setting next_dagrun for arsenal_manual_match_scraper to None, run_after=None
[2026-01-16T08:52:48.776+0000] {processor.py:183} INFO - Processing /opt/airflow/dags/arsenal_manual_match_scraper.py took 0.552 seconds
[2026-01-16T08:55:16.203+0000] {processor.py:161} INFO - Started process (PID=28169) to work on /opt/airflow/dags/arsenal_manual_match_scraper.py
[2026-01-16T08:55:16.320+0000] {processor.py:830} INFO - Processing file /opt/airflow/dags/arsenal_manual_match_scraper.py for tasks to queue
[2026-01-16T08:55:16.321+0000] {logging_mixin.py:188} INFO - [2026-01-16T08:55:16.321+0000] {dagbag.py:538} INFO - Filling up the DagBag from /opt/airflow/dags/arsenal_manual_match_scraper.py
[2026-01-16T08:55:16.617+0000] {processor.py:840} INFO - DAG(s) 'arsenal_manual_match_scraper' retrieved from /opt/airflow/dags/arsenal_manual_match_scraper.py
[2026-01-16T08:55:16.661+0000] {logging_mixin.py:188} INFO - [2026-01-16T08:55:16.660+0000] {dag.py:3036} INFO - Sync 1 DAGs
[2026-01-16T08:55:16.680+0000] {logging_mixin.py:188} INFO - [2026-01-16T08:55:16.680+0000] {dag.py:3823} INFO - Setting next_dagrun for arsenal_manual_match_scraper to None, run_after=None
[2026-01-16T08:55:16.838+0000] {processor.py:183} INFO - Processing /opt/airflow/dags/arsenal_manual_match_scraper.py took 0.640 seconds
[2026-01-16T09:03:41.208+0000] {processor.py:161} INFO - Started process (PID=28198) to work on /opt/airflow/dags/arsenal_manual_match_scraper.py
[2026-01-16T09:03:41.246+0000] {processor.py:830} INFO - Processing file /opt/airflow/dags/arsenal_manual_match_scraper.py for tasks to queue
[2026-01-16T09:03:41.247+0000] {logging_mixin.py:188} INFO - [2026-01-16T09:03:41.246+0000] {dagbag.py:538} INFO - Filling up the DagBag from /opt/airflow/dags/arsenal_manual_match_scraper.py
[2026-01-16T09:03:41.340+0000] {processor.py:840} INFO - DAG(s) 'arsenal_manual_match_scraper' retrieved from /opt/airflow/dags/arsenal_manual_match_scraper.py
[2026-01-16T09:03:41.430+0000] {logging_mixin.py:188} INFO - [2026-01-16T09:03:41.430+0000] {dag.py:3036} INFO - Sync 1 DAGs
[2026-01-16T09:03:41.682+0000] {logging_mixin.py:188} INFO - [2026-01-16T09:03:41.681+0000] {dag.py:3823} INFO - Setting next_dagrun for arsenal_manual_match_scraper to None, run_after=None
[2026-01-16T09:03:41.774+0000] {processor.py:183} INFO - Processing /opt/airflow/dags/arsenal_manual_match_scraper.py took 0.573 seconds
[2026-01-16T09:04:12.872+0000] {processor.py:161} INFO - Started process (PID=28236) to work on /opt/airflow/dags/arsenal_manual_match_scraper.py
[2026-01-16T09:04:14.198+0000] {processor.py:830} INFO - Processing file /opt/airflow/dags/arsenal_manual_match_scraper.py for tasks to queue
[2026-01-16T09:04:14.200+0000] {logging_mixin.py:188} INFO - [2026-01-16T09:04:14.199+0000] {dagbag.py:538} INFO - Filling up the DagBag from /opt/airflow/dags/arsenal_manual_match_scraper.py
[2026-01-16T09:04:14.501+0000] {processor.py:840} INFO - DAG(s) 'arsenal_manual_match_scraper' retrieved from /opt/airflow/dags/arsenal_manual_match_scraper.py
[2026-01-16T09:04:14.549+0000] {logging_mixin.py:188} INFO - [2026-01-16T09:04:14.548+0000] {dag.py:3036} INFO - Sync 1 DAGs
[2026-01-16T09:04:14.566+0000] {logging_mixin.py:188} INFO - [2026-01-16T09:04:14.566+0000] {dag.py:3823} INFO - Setting next_dagrun for arsenal_manual_match_scraper to None, run_after=None
[2026-01-16T09:04:15.055+0000] {processor.py:183} INFO - Processing /opt/airflow/dags/arsenal_manual_match_scraper.py took 2.187 seconds
[2026-01-16T09:05:48.227+0000] {processor.py:161} INFO - Started process (PID=28257) to work on /opt/airflow/dags/arsenal_manual_match_scraper.py
[2026-01-16T09:05:48.262+0000] {processor.py:830} INFO - Processing file /opt/airflow/dags/arsenal_manual_match_scraper.py for tasks to queue
[2026-01-16T09:05:48.263+0000] {logging_mixin.py:188} INFO - [2026-01-16T09:05:48.263+0000] {dagbag.py:538} INFO - Filling up the DagBag from /opt/airflow/dags/arsenal_manual_match_scraper.py
[2026-01-16T09:05:48.359+0000] {processor.py:840} INFO - DAG(s) 'arsenal_manual_match_scraper' retrieved from /opt/airflow/dags/arsenal_manual_match_scraper.py
[2026-01-16T09:05:48.407+0000] {logging_mixin.py:188} INFO - [2026-01-16T09:05:48.407+0000] {dag.py:3036} INFO - Sync 1 DAGs
[2026-01-16T09:05:48.627+0000] {logging_mixin.py:188} INFO - [2026-01-16T09:05:48.627+0000] {dag.py:3823} INFO - Setting next_dagrun for arsenal_manual_match_scraper to None, run_after=None
[2026-01-16T09:05:48.720+0000] {processor.py:183} INFO - Processing /opt/airflow/dags/arsenal_manual_match_scraper.py took 0.499 seconds
[2026-01-16T09:06:21.840+0000] {processor.py:161} INFO - Started process (PID=28280) to work on /opt/airflow/dags/arsenal_manual_match_scraper.py
[2026-01-16T09:06:23.134+0000] {processor.py:830} INFO - Processing file /opt/airflow/dags/arsenal_manual_match_scraper.py for tasks to queue
[2026-01-16T09:06:23.136+0000] {logging_mixin.py:188} INFO - [2026-01-16T09:06:23.136+0000] {dagbag.py:538} INFO - Filling up the DagBag from /opt/airflow/dags/arsenal_manual_match_scraper.py
[2026-01-16T09:06:23.431+0000] {processor.py:840} INFO - DAG(s) 'arsenal_manual_match_scraper' retrieved from /opt/airflow/dags/arsenal_manual_match_scraper.py
[2026-01-16T09:06:23.475+0000] {logging_mixin.py:188} INFO - [2026-01-16T09:06:23.475+0000] {dag.py:3036} INFO - Sync 1 DAGs
[2026-01-16T09:06:23.500+0000] {logging_mixin.py:188} INFO - [2026-01-16T09:06:23.499+0000] {dag.py:3823} INFO - Setting next_dagrun for arsenal_manual_match_scraper to None, run_after=None
[2026-01-16T09:06:23.586+0000] {processor.py:183} INFO - Processing /opt/airflow/dags/arsenal_manual_match_scraper.py took 1.753 seconds
[2026-01-16T09:06:56.892+0000] {processor.py:161} INFO - Started process (PID=28301) to work on /opt/airflow/dags/arsenal_manual_match_scraper.py
[2026-01-16T09:06:58.168+0000] {processor.py:830} INFO - Processing file /opt/airflow/dags/arsenal_manual_match_scraper.py for tasks to queue
[2026-01-16T09:06:58.169+0000] {logging_mixin.py:188} INFO - [2026-01-16T09:06:58.169+0000] {dagbag.py:538} INFO - Filling up the DagBag from /opt/airflow/dags/arsenal_manual_match_scraper.py
[2026-01-16T09:06:58.258+0000] {processor.py:840} INFO - DAG(s) 'arsenal_manual_match_scraper' retrieved from /opt/airflow/dags/arsenal_manual_match_scraper.py
[2026-01-16T09:06:58.303+0000] {logging_mixin.py:188} INFO - [2026-01-16T09:06:58.303+0000] {dag.py:3036} INFO - Sync 1 DAGs
[2026-01-16T09:06:58.525+0000] {logging_mixin.py:188} INFO - [2026-01-16T09:06:58.525+0000] {dag.py:3823} INFO - Setting next_dagrun for arsenal_manual_match_scraper to None, run_after=None
[2026-01-16T09:06:58.623+0000] {processor.py:183} INFO - Processing /opt/airflow/dags/arsenal_manual_match_scraper.py took 1.737 seconds
[2026-01-16T09:07:31.840+0000] {processor.py:161} INFO - Started process (PID=28322) to work on /opt/airflow/dags/arsenal_manual_match_scraper.py
[2026-01-16T09:07:33.111+0000] {processor.py:830} INFO - Processing file /opt/airflow/dags/arsenal_manual_match_scraper.py for tasks to queue
[2026-01-16T09:07:33.113+0000] {logging_mixin.py:188} INFO - [2026-01-16T09:07:33.112+0000] {dagbag.py:538} INFO - Filling up the DagBag from /opt/airflow/dags/arsenal_manual_match_scraper.py
[2026-01-16T09:07:33.410+0000] {processor.py:840} INFO - DAG(s) 'arsenal_manual_match_scraper' retrieved from /opt/airflow/dags/arsenal_manual_match_scraper.py
[2026-01-16T09:07:33.453+0000] {logging_mixin.py:188} INFO - [2026-01-16T09:07:33.452+0000] {dag.py:3036} INFO - Sync 1 DAGs
[2026-01-16T09:07:33.470+0000] {logging_mixin.py:188} INFO - [2026-01-16T09:07:33.470+0000] {dag.py:3823} INFO - Setting next_dagrun for arsenal_manual_match_scraper to None, run_after=None
[2026-01-16T09:07:33.569+0000] {processor.py:183} INFO - Processing /opt/airflow/dags/arsenal_manual_match_scraper.py took 1.733 seconds
[2026-01-16T09:08:06.843+0000] {processor.py:161} INFO - Started process (PID=28343) to work on /opt/airflow/dags/arsenal_manual_match_scraper.py
[2026-01-16T09:08:08.106+0000] {processor.py:830} INFO - Processing file /opt/airflow/dags/arsenal_manual_match_scraper.py for tasks to queue
[2026-01-16T09:08:08.108+0000] {logging_mixin.py:188} INFO - [2026-01-16T09:08:08.107+0000] {dagbag.py:538} INFO - Filling up the DagBag from /opt/airflow/dags/arsenal_manual_match_scraper.py
[2026-01-16T09:08:08.196+0000] {processor.py:840} INFO - DAG(s) 'arsenal_manual_match_scraper' retrieved from /opt/airflow/dags/arsenal_manual_match_scraper.py
[2026-01-16T09:08:08.303+0000] {logging_mixin.py:188} INFO - [2026-01-16T09:08:08.302+0000] {dag.py:3036} INFO - Sync 1 DAGs
[2026-01-16T09:08:08.522+0000] {logging_mixin.py:188} INFO - [2026-01-16T09:08:08.521+0000] {dag.py:3823} INFO - Setting next_dagrun for arsenal_manual_match_scraper to None, run_after=None
[2026-01-16T09:08:08.577+0000] {processor.py:183} INFO - Processing /opt/airflow/dags/arsenal_manual_match_scraper.py took 1.742 seconds
[2026-01-16T09:08:41.845+0000] {processor.py:161} INFO - Started process (PID=28364) to work on /opt/airflow/dags/arsenal_manual_match_scraper.py
[2026-01-16T09:08:43.118+0000] {processor.py:830} INFO - Processing file /opt/airflow/dags/arsenal_manual_match_scraper.py for tasks to queue
[2026-01-16T09:08:43.120+0000] {logging_mixin.py:188} INFO - [2026-01-16T09:08:43.119+0000] {dagbag.py:538} INFO - Filling up the DagBag from /opt/airflow/dags/arsenal_manual_match_scraper.py
[2026-01-16T09:08:43.423+0000] {processor.py:840} INFO - DAG(s) 'arsenal_manual_match_scraper' retrieved from /opt/airflow/dags/arsenal_manual_match_scraper.py
[2026-01-16T09:08:43.463+0000] {logging_mixin.py:188} INFO - [2026-01-16T09:08:43.462+0000] {dag.py:3036} INFO - Sync 1 DAGs
[2026-01-16T09:08:43.480+0000] {logging_mixin.py:188} INFO - [2026-01-16T09:08:43.479+0000] {dag.py:3823} INFO - Setting next_dagrun for arsenal_manual_match_scraper to None, run_after=None
[2026-01-16T09:08:43.547+0000] {processor.py:183} INFO - Processing /opt/airflow/dags/arsenal_manual_match_scraper.py took 1.708 seconds
[2026-01-16T09:09:16.842+0000] {processor.py:161} INFO - Started process (PID=28388) to work on /opt/airflow/dags/arsenal_manual_match_scraper.py
[2026-01-16T09:09:18.174+0000] {processor.py:830} INFO - Processing file /opt/airflow/dags/arsenal_manual_match_scraper.py for tasks to queue
[2026-01-16T09:09:18.627+0000] {logging_mixin.py:188} INFO - [2026-01-16T09:09:18.175+0000] {dagbag.py:538} INFO - Filling up the DagBag from /opt/airflow/dags/arsenal_manual_match_scraper.py
[2026-01-16T09:09:18.726+0000] {processor.py:840} INFO - DAG(s) 'arsenal_manual_match_scraper' retrieved from /opt/airflow/dags/arsenal_manual_match_scraper.py
[2026-01-16T09:09:19.050+0000] {logging_mixin.py:188} INFO - [2026-01-16T09:09:19.050+0000] {dag.py:3036} INFO - Sync 1 DAGs
[2026-01-16T09:09:19.275+0000] {logging_mixin.py:188} INFO - [2026-01-16T09:09:19.274+0000] {dag.py:3823} INFO - Setting next_dagrun for arsenal_manual_match_scraper to None, run_after=None
[2026-01-16T09:09:19.675+0000] {processor.py:183} INFO - Processing /opt/airflow/dags/arsenal_manual_match_scraper.py took 2.838 seconds
[2026-01-16T09:09:51.848+0000] {processor.py:161} INFO - Started process (PID=28409) to work on /opt/airflow/dags/arsenal_manual_match_scraper.py
[2026-01-16T09:09:53.142+0000] {processor.py:830} INFO - Processing file /opt/airflow/dags/arsenal_manual_match_scraper.py for tasks to queue
[2026-01-16T09:09:53.145+0000] {logging_mixin.py:188} INFO - [2026-01-16T09:09:53.144+0000] {dagbag.py:538} INFO - Filling up the DagBag from /opt/airflow/dags/arsenal_manual_match_scraper.py
[2026-01-16T09:09:53.484+0000] {processor.py:840} INFO - DAG(s) 'arsenal_manual_match_scraper' retrieved from /opt/airflow/dags/arsenal_manual_match_scraper.py
[2026-01-16T09:09:53.523+0000] {logging_mixin.py:188} INFO - [2026-01-16T09:09:53.523+0000] {dag.py:3036} INFO - Sync 1 DAGs
[2026-01-16T09:09:53.542+0000] {logging_mixin.py:188} INFO - [2026-01-16T09:09:53.542+0000] {dag.py:3823} INFO - Setting next_dagrun for arsenal_manual_match_scraper to None, run_after=None
[2026-01-16T09:09:53.892+0000] {processor.py:183} INFO - Processing /opt/airflow/dags/arsenal_manual_match_scraper.py took 2.049 seconds
[2026-01-16T09:10:27.847+0000] {processor.py:161} INFO - Started process (PID=28430) to work on /opt/airflow/dags/arsenal_manual_match_scraper.py
[2026-01-16T09:10:29.177+0000] {processor.py:830} INFO - Processing file /opt/airflow/dags/arsenal_manual_match_scraper.py for tasks to queue
[2026-01-16T09:10:29.179+0000] {logging_mixin.py:188} INFO - [2026-01-16T09:10:29.178+0000] {dagbag.py:538} INFO - Filling up the DagBag from /opt/airflow/dags/arsenal_manual_match_scraper.py
[2026-01-16T09:10:29.487+0000] {processor.py:840} INFO - DAG(s) 'arsenal_manual_match_scraper' retrieved from /opt/airflow/dags/arsenal_manual_match_scraper.py
[2026-01-16T09:10:29.528+0000] {logging_mixin.py:188} INFO - [2026-01-16T09:10:29.527+0000] {dag.py:3036} INFO - Sync 1 DAGs
[2026-01-16T09:10:29.545+0000] {logging_mixin.py:188} INFO - [2026-01-16T09:10:29.544+0000] {dag.py:3823} INFO - Setting next_dagrun for arsenal_manual_match_scraper to None, run_after=None
[2026-01-16T09:10:30.271+0000] {processor.py:183} INFO - Processing /opt/airflow/dags/arsenal_manual_match_scraper.py took 2.431 seconds
[2026-01-16T09:11:02.862+0000] {processor.py:161} INFO - Started process (PID=28451) to work on /opt/airflow/dags/arsenal_manual_match_scraper.py
[2026-01-16T09:11:04.151+0000] {processor.py:830} INFO - Processing file /opt/airflow/dags/arsenal_manual_match_scraper.py for tasks to queue
[2026-01-16T09:11:04.152+0000] {logging_mixin.py:188} INFO - [2026-01-16T09:11:04.152+0000] {dagbag.py:538} INFO - Filling up the DagBag from /opt/airflow/dags/arsenal_manual_match_scraper.py
[2026-01-16T09:11:04.444+0000] {processor.py:840} INFO - DAG(s) 'arsenal_manual_match_scraper' retrieved from /opt/airflow/dags/arsenal_manual_match_scraper.py
[2026-01-16T09:11:04.488+0000] {logging_mixin.py:188} INFO - [2026-01-16T09:11:04.488+0000] {dag.py:3036} INFO - Sync 1 DAGs
[2026-01-16T09:11:04.506+0000] {logging_mixin.py:188} INFO - [2026-01-16T09:11:04.506+0000] {dag.py:3823} INFO - Setting next_dagrun for arsenal_manual_match_scraper to None, run_after=None
[2026-01-16T09:11:04.738+0000] {processor.py:183} INFO - Processing /opt/airflow/dags/arsenal_manual_match_scraper.py took 1.883 seconds
[2026-01-16T09:11:38.841+0000] {processor.py:161} INFO - Started process (PID=28472) to work on /opt/airflow/dags/arsenal_manual_match_scraper.py
[2026-01-16T09:11:40.142+0000] {processor.py:830} INFO - Processing file /opt/airflow/dags/arsenal_manual_match_scraper.py for tasks to queue
[2026-01-16T09:11:40.144+0000] {logging_mixin.py:188} INFO - [2026-01-16T09:11:40.143+0000] {dagbag.py:538} INFO - Filling up the DagBag from /opt/airflow/dags/arsenal_manual_match_scraper.py
[2026-01-16T09:11:40.464+0000] {processor.py:840} INFO - DAG(s) 'arsenal_manual_match_scraper' retrieved from /opt/airflow/dags/arsenal_manual_match_scraper.py
[2026-01-16T09:11:40.504+0000] {logging_mixin.py:188} INFO - [2026-01-16T09:11:40.503+0000] {dag.py:3036} INFO - Sync 1 DAGs
[2026-01-16T09:11:40.520+0000] {logging_mixin.py:188} INFO - [2026-01-16T09:11:40.519+0000] {dag.py:3823} INFO - Setting next_dagrun for arsenal_manual_match_scraper to None, run_after=None
[2026-01-16T09:11:41.258+0000] {processor.py:183} INFO - Processing /opt/airflow/dags/arsenal_manual_match_scraper.py took 2.422 seconds
[2026-01-16T09:12:11.850+0000] {processor.py:161} INFO - Started process (PID=28493) to work on /opt/airflow/dags/arsenal_manual_match_scraper.py
[2026-01-16T09:12:13.127+0000] {processor.py:830} INFO - Processing file /opt/airflow/dags/arsenal_manual_match_scraper.py for tasks to queue
[2026-01-16T09:12:13.129+0000] {logging_mixin.py:188} INFO - [2026-01-16T09:12:13.128+0000] {dagbag.py:538} INFO - Filling up the DagBag from /opt/airflow/dags/arsenal_manual_match_scraper.py
[2026-01-16T09:12:13.421+0000] {processor.py:840} INFO - DAG(s) 'arsenal_manual_match_scraper' retrieved from /opt/airflow/dags/arsenal_manual_match_scraper.py
[2026-01-16T09:12:13.461+0000] {logging_mixin.py:188} INFO - [2026-01-16T09:12:13.460+0000] {dag.py:3036} INFO - Sync 1 DAGs
[2026-01-16T09:12:13.477+0000] {logging_mixin.py:188} INFO - [2026-01-16T09:12:13.477+0000] {dag.py:3823} INFO - Setting next_dagrun for arsenal_manual_match_scraper to None, run_after=None
[2026-01-16T09:12:13.608+0000] {processor.py:183} INFO - Processing /opt/airflow/dags/arsenal_manual_match_scraper.py took 1.766 seconds
[2026-01-16T09:12:47.891+0000] {processor.py:161} INFO - Started process (PID=28514) to work on /opt/airflow/dags/arsenal_manual_match_scraper.py
[2026-01-16T09:12:49.158+0000] {processor.py:830} INFO - Processing file /opt/airflow/dags/arsenal_manual_match_scraper.py for tasks to queue
[2026-01-16T09:12:49.159+0000] {logging_mixin.py:188} INFO - [2026-01-16T09:12:49.159+0000] {dagbag.py:538} INFO - Filling up the DagBag from /opt/airflow/dags/arsenal_manual_match_scraper.py
[2026-01-16T09:12:49.473+0000] {processor.py:840} INFO - DAG(s) 'arsenal_manual_match_scraper' retrieved from /opt/airflow/dags/arsenal_manual_match_scraper.py
[2026-01-16T09:12:49.514+0000] {logging_mixin.py:188} INFO - [2026-01-16T09:12:49.514+0000] {dag.py:3036} INFO - Sync 1 DAGs
[2026-01-16T09:12:49.532+0000] {logging_mixin.py:188} INFO - [2026-01-16T09:12:49.531+0000] {dag.py:3823} INFO - Setting next_dagrun for arsenal_manual_match_scraper to None, run_after=None
[2026-01-16T09:12:49.959+0000] {processor.py:183} INFO - Processing /opt/airflow/dags/arsenal_manual_match_scraper.py took 2.073 seconds
[2026-01-16T09:13:22.062+0000] {processor.py:161} INFO - Started process (PID=28535) to work on /opt/airflow/dags/arsenal_manual_match_scraper.py
[2026-01-16T09:13:23.184+0000] {processor.py:830} INFO - Processing file /opt/airflow/dags/arsenal_manual_match_scraper.py for tasks to queue
[2026-01-16T09:13:23.185+0000] {logging_mixin.py:188} INFO - [2026-01-16T09:13:23.185+0000] {dagbag.py:538} INFO - Filling up the DagBag from /opt/airflow/dags/arsenal_manual_match_scraper.py
[2026-01-16T09:13:23.286+0000] {processor.py:840} INFO - DAG(s) 'arsenal_manual_match_scraper' retrieved from /opt/airflow/dags/arsenal_manual_match_scraper.py
[2026-01-16T09:13:23.328+0000] {logging_mixin.py:188} INFO - [2026-01-16T09:13:23.328+0000] {dag.py:3036} INFO - Sync 1 DAGs
[2026-01-16T09:13:23.346+0000] {logging_mixin.py:188} INFO - [2026-01-16T09:13:23.346+0000] {dag.py:3823} INFO - Setting next_dagrun for arsenal_manual_match_scraper to None, run_after=None
[2026-01-16T09:13:24.357+0000] {processor.py:183} INFO - Processing /opt/airflow/dags/arsenal_manual_match_scraper.py took 2.300 seconds
[2026-01-16T09:13:58.849+0000] {processor.py:161} INFO - Started process (PID=28559) to work on /opt/airflow/dags/arsenal_manual_match_scraper.py
[2026-01-16T09:14:00.146+0000] {processor.py:830} INFO - Processing file /opt/airflow/dags/arsenal_manual_match_scraper.py for tasks to queue
[2026-01-16T09:14:00.148+0000] {logging_mixin.py:188} INFO - [2026-01-16T09:14:00.147+0000] {dagbag.py:538} INFO - Filling up the DagBag from /opt/airflow/dags/arsenal_manual_match_scraper.py
[2026-01-16T09:14:00.236+0000] {processor.py:840} INFO - DAG(s) 'arsenal_manual_match_scraper' retrieved from /opt/airflow/dags/arsenal_manual_match_scraper.py
[2026-01-16T09:14:00.279+0000] {logging_mixin.py:188} INFO - [2026-01-16T09:14:00.279+0000] {dag.py:3036} INFO - Sync 1 DAGs
[2026-01-16T09:14:00.300+0000] {logging_mixin.py:188} INFO - [2026-01-16T09:14:00.299+0000] {dag.py:3823} INFO - Setting next_dagrun for arsenal_manual_match_scraper to None, run_after=None
[2026-01-16T09:14:01.501+0000] {processor.py:183} INFO - Processing /opt/airflow/dags/arsenal_manual_match_scraper.py took 2.656 seconds
[2026-01-16T09:14:32.887+0000] {processor.py:161} INFO - Started process (PID=28583) to work on /opt/airflow/dags/arsenal_manual_match_scraper.py
[2026-01-16T09:14:34.281+0000] {processor.py:830} INFO - Processing file /opt/airflow/dags/arsenal_manual_match_scraper.py for tasks to queue
[2026-01-16T09:14:34.283+0000] {logging_mixin.py:188} INFO - [2026-01-16T09:14:34.282+0000] {dagbag.py:538} INFO - Filling up the DagBag from /opt/airflow/dags/arsenal_manual_match_scraper.py
[2026-01-16T09:14:34.429+0000] {processor.py:840} INFO - DAG(s) 'arsenal_manual_match_scraper' retrieved from /opt/airflow/dags/arsenal_manual_match_scraper.py
[2026-01-16T09:14:34.479+0000] {logging_mixin.py:188} INFO - [2026-01-16T09:14:34.479+0000] {dag.py:3036} INFO - Sync 1 DAGs
[2026-01-16T09:14:34.499+0000] {logging_mixin.py:188} INFO - [2026-01-16T09:14:34.499+0000] {dag.py:3823} INFO - Setting next_dagrun for arsenal_manual_match_scraper to None, run_after=None
[2026-01-16T09:14:36.057+0000] {processor.py:183} INFO - Processing /opt/airflow/dags/arsenal_manual_match_scraper.py took 3.181 seconds
[2026-01-16T09:15:11.164+0000] {processor.py:161} INFO - Started process (PID=28604) to work on /opt/airflow/dags/arsenal_manual_match_scraper.py
[2026-01-16T09:15:11.325+0000] {processor.py:830} INFO - Processing file /opt/airflow/dags/arsenal_manual_match_scraper.py for tasks to queue
[2026-01-16T09:15:11.326+0000] {logging_mixin.py:188} INFO - [2026-01-16T09:15:11.326+0000] {dagbag.py:538} INFO - Filling up the DagBag from /opt/airflow/dags/arsenal_manual_match_scraper.py
[2026-01-16T09:15:11.582+0000] {processor.py:840} INFO - DAG(s) 'arsenal_manual_match_scraper' retrieved from /opt/airflow/dags/arsenal_manual_match_scraper.py
[2026-01-16T09:15:11.629+0000] {logging_mixin.py:188} INFO - [2026-01-16T09:15:11.629+0000] {dag.py:3036} INFO - Sync 1 DAGs
[2026-01-16T09:15:11.649+0000] {logging_mixin.py:188} INFO - [2026-01-16T09:15:11.649+0000] {dag.py:3823} INFO - Setting next_dagrun for arsenal_manual_match_scraper to None, run_after=None
[2026-01-16T09:15:13.120+0000] {processor.py:183} INFO - Processing /opt/airflow/dags/arsenal_manual_match_scraper.py took 1.963 seconds
[2026-01-16T09:15:43.846+0000] {processor.py:161} INFO - Started process (PID=28625) to work on /opt/airflow/dags/arsenal_manual_match_scraper.py
[2026-01-16T09:15:44.164+0000] {processor.py:830} INFO - Processing file /opt/airflow/dags/arsenal_manual_match_scraper.py for tasks to queue
[2026-01-16T09:15:44.165+0000] {logging_mixin.py:188} INFO - [2026-01-16T09:15:44.165+0000] {dagbag.py:538} INFO - Filling up the DagBag from /opt/airflow/dags/arsenal_manual_match_scraper.py
[2026-01-16T09:15:44.262+0000] {processor.py:840} INFO - DAG(s) 'arsenal_manual_match_scraper' retrieved from /opt/airflow/dags/arsenal_manual_match_scraper.py
[2026-01-16T09:15:44.313+0000] {logging_mixin.py:188} INFO - [2026-01-16T09:15:44.313+0000] {dag.py:3036} INFO - Sync 1 DAGs
[2026-01-16T09:15:44.336+0000] {logging_mixin.py:188} INFO - [2026-01-16T09:15:44.335+0000] {dag.py:3823} INFO - Setting next_dagrun for arsenal_manual_match_scraper to None, run_after=None
[2026-01-16T09:15:45.149+0000] {processor.py:183} INFO - Processing /opt/airflow/dags/arsenal_manual_match_scraper.py took 1.308 seconds
[2026-01-16T09:16:17.903+0000] {processor.py:161} INFO - Started process (PID=28646) to work on /opt/airflow/dags/arsenal_manual_match_scraper.py
[2026-01-16T09:16:19.187+0000] {processor.py:830} INFO - Processing file /opt/airflow/dags/arsenal_manual_match_scraper.py for tasks to queue
[2026-01-16T09:16:19.189+0000] {logging_mixin.py:188} INFO - [2026-01-16T09:16:19.188+0000] {dagbag.py:538} INFO - Filling up the DagBag from /opt/airflow/dags/arsenal_manual_match_scraper.py
[2026-01-16T09:16:19.297+0000] {processor.py:840} INFO - DAG(s) 'arsenal_manual_match_scraper' retrieved from /opt/airflow/dags/arsenal_manual_match_scraper.py
[2026-01-16T09:16:19.341+0000] {logging_mixin.py:188} INFO - [2026-01-16T09:16:19.341+0000] {dag.py:3036} INFO - Sync 1 DAGs
[2026-01-16T09:16:19.360+0000] {logging_mixin.py:188} INFO - [2026-01-16T09:16:19.360+0000] {dag.py:3823} INFO - Setting next_dagrun for arsenal_manual_match_scraper to None, run_after=None
[2026-01-16T09:16:21.244+0000] {processor.py:183} INFO - Processing /opt/airflow/dags/arsenal_manual_match_scraper.py took 3.348 seconds
[2026-01-16T09:16:52.847+0000] {processor.py:161} INFO - Started process (PID=28667) to work on /opt/airflow/dags/arsenal_manual_match_scraper.py
[2026-01-16T09:16:54.153+0000] {processor.py:830} INFO - Processing file /opt/airflow/dags/arsenal_manual_match_scraper.py for tasks to queue
[2026-01-16T09:16:54.154+0000] {logging_mixin.py:188} INFO - [2026-01-16T09:16:54.154+0000] {dagbag.py:538} INFO - Filling up the DagBag from /opt/airflow/dags/arsenal_manual_match_scraper.py
[2026-01-16T09:16:54.261+0000] {processor.py:840} INFO - DAG(s) 'arsenal_manual_match_scraper' retrieved from /opt/airflow/dags/arsenal_manual_match_scraper.py
[2026-01-16T09:16:54.310+0000] {logging_mixin.py:188} INFO - [2026-01-16T09:16:54.309+0000] {dag.py:3036} INFO - Sync 1 DAGs
[2026-01-16T09:16:54.329+0000] {logging_mixin.py:188} INFO - [2026-01-16T09:16:54.329+0000] {dag.py:3823} INFO - Setting next_dagrun for arsenal_manual_match_scraper to None, run_after=None
[2026-01-16T09:16:56.011+0000] {processor.py:183} INFO - Processing /opt/airflow/dags/arsenal_manual_match_scraper.py took 3.169 seconds
[2026-01-16T09:17:29.921+0000] {processor.py:161} INFO - Started process (PID=28688) to work on /opt/airflow/dags/arsenal_manual_match_scraper.py
[2026-01-16T09:17:31.201+0000] {processor.py:830} INFO - Processing file /opt/airflow/dags/arsenal_manual_match_scraper.py for tasks to queue
[2026-01-16T09:17:31.203+0000] {logging_mixin.py:188} INFO - [2026-01-16T09:17:31.202+0000] {dagbag.py:538} INFO - Filling up the DagBag from /opt/airflow/dags/arsenal_manual_match_scraper.py
[2026-01-16T09:17:31.299+0000] {processor.py:840} INFO - DAG(s) 'arsenal_manual_match_scraper' retrieved from /opt/airflow/dags/arsenal_manual_match_scraper.py
[2026-01-16T09:17:31.343+0000] {logging_mixin.py:188} INFO - [2026-01-16T09:17:31.343+0000] {dag.py:3036} INFO - Sync 1 DAGs
[2026-01-16T09:17:31.361+0000] {logging_mixin.py:188} INFO - [2026-01-16T09:17:31.361+0000] {dag.py:3823} INFO - Setting next_dagrun for arsenal_manual_match_scraper to None, run_after=None
[2026-01-16T09:17:33.420+0000] {processor.py:183} INFO - Processing /opt/airflow/dags/arsenal_manual_match_scraper.py took 3.505 seconds
[2026-01-16T09:18:03.838+0000] {processor.py:161} INFO - Started process (PID=28706) to work on /opt/airflow/dags/arsenal_manual_match_scraper.py
[2026-01-16T09:18:04.176+0000] {processor.py:830} INFO - Processing file /opt/airflow/dags/arsenal_manual_match_scraper.py for tasks to queue
[2026-01-16T09:18:04.178+0000] {logging_mixin.py:188} INFO - [2026-01-16T09:18:04.177+0000] {dagbag.py:538} INFO - Filling up the DagBag from /opt/airflow/dags/arsenal_manual_match_scraper.py
[2026-01-16T09:18:04.269+0000] {processor.py:840} INFO - DAG(s) 'arsenal_manual_match_scraper' retrieved from /opt/airflow/dags/arsenal_manual_match_scraper.py
[2026-01-16T09:18:04.310+0000] {logging_mixin.py:188} INFO - [2026-01-16T09:18:04.309+0000] {dag.py:3036} INFO - Sync 1 DAGs
[2026-01-16T09:18:04.333+0000] {logging_mixin.py:188} INFO - [2026-01-16T09:18:04.333+0000] {dag.py:3823} INFO - Setting next_dagrun for arsenal_manual_match_scraper to None, run_after=None
[2026-01-16T09:18:04.997+0000] {processor.py:183} INFO - Processing /opt/airflow/dags/arsenal_manual_match_scraper.py took 1.164 seconds
[2026-01-16T09:18:37.833+0000] {processor.py:161} INFO - Started process (PID=28730) to work on /opt/airflow/dags/arsenal_manual_match_scraper.py
[2026-01-16T09:18:39.128+0000] {processor.py:830} INFO - Processing file /opt/airflow/dags/arsenal_manual_match_scraper.py for tasks to queue
[2026-01-16T09:18:39.130+0000] {logging_mixin.py:188} INFO - [2026-01-16T09:18:39.129+0000] {dagbag.py:538} INFO - Filling up the DagBag from /opt/airflow/dags/arsenal_manual_match_scraper.py
[2026-01-16T09:18:39.233+0000] {processor.py:840} INFO - DAG(s) 'arsenal_manual_match_scraper' retrieved from /opt/airflow/dags/arsenal_manual_match_scraper.py
[2026-01-16T09:18:39.276+0000] {logging_mixin.py:188} INFO - [2026-01-16T09:18:39.275+0000] {dag.py:3036} INFO - Sync 1 DAGs
[2026-01-16T09:18:39.294+0000] {logging_mixin.py:188} INFO - [2026-01-16T09:18:39.294+0000] {dag.py:3823} INFO - Setting next_dagrun for arsenal_manual_match_scraper to None, run_after=None
[2026-01-16T09:18:41.089+0000] {processor.py:183} INFO - Processing /opt/airflow/dags/arsenal_manual_match_scraper.py took 3.262 seconds
[2026-01-16T09:19:11.934+0000] {processor.py:161} INFO - Started process (PID=28751) to work on /opt/airflow/dags/arsenal_manual_match_scraper.py
[2026-01-16T09:19:13.208+0000] {processor.py:830} INFO - Processing file /opt/airflow/dags/arsenal_manual_match_scraper.py for tasks to queue
[2026-01-16T09:19:13.210+0000] {logging_mixin.py:188} INFO - [2026-01-16T09:19:13.210+0000] {dagbag.py:538} INFO - Filling up the DagBag from /opt/airflow/dags/arsenal_manual_match_scraper.py
[2026-01-16T09:19:13.374+0000] {processor.py:840} INFO - DAG(s) 'arsenal_manual_match_scraper' retrieved from /opt/airflow/dags/arsenal_manual_match_scraper.py
[2026-01-16T09:19:13.444+0000] {logging_mixin.py:188} INFO - [2026-01-16T09:19:13.444+0000] {dag.py:3036} INFO - Sync 1 DAGs
[2026-01-16T09:19:13.475+0000] {logging_mixin.py:188} INFO - [2026-01-16T09:19:13.475+0000] {dag.py:3823} INFO - Setting next_dagrun for arsenal_manual_match_scraper to None, run_after=None
[2026-01-16T09:19:14.092+0000] {processor.py:183} INFO - Processing /opt/airflow/dags/arsenal_manual_match_scraper.py took 2.167 seconds
[2026-01-16T09:19:47.960+0000] {processor.py:161} INFO - Started process (PID=28772) to work on /opt/airflow/dags/arsenal_manual_match_scraper.py
[2026-01-16T09:19:49.213+0000] {processor.py:830} INFO - Processing file /opt/airflow/dags/arsenal_manual_match_scraper.py for tasks to queue
[2026-01-16T09:19:49.215+0000] {logging_mixin.py:188} INFO - [2026-01-16T09:19:49.214+0000] {dagbag.py:538} INFO - Filling up the DagBag from /opt/airflow/dags/arsenal_manual_match_scraper.py
[2026-01-16T09:19:49.369+0000] {processor.py:840} INFO - DAG(s) 'arsenal_manual_match_scraper' retrieved from /opt/airflow/dags/arsenal_manual_match_scraper.py
[2026-01-16T09:19:49.441+0000] {logging_mixin.py:188} INFO - [2026-01-16T09:19:49.440+0000] {dag.py:3036} INFO - Sync 1 DAGs
[2026-01-16T09:19:49.475+0000] {logging_mixin.py:188} INFO - [2026-01-16T09:19:49.474+0000] {dag.py:3823} INFO - Setting next_dagrun for arsenal_manual_match_scraper to None, run_after=None
[2026-01-16T09:19:50.951+0000] {processor.py:183} INFO - Processing /opt/airflow/dags/arsenal_manual_match_scraper.py took 3.000 seconds
[2026-01-16T09:20:21.860+0000] {processor.py:161} INFO - Started process (PID=28793) to work on /opt/airflow/dags/arsenal_manual_match_scraper.py
[2026-01-16T09:20:22.198+0000] {processor.py:830} INFO - Processing file /opt/airflow/dags/arsenal_manual_match_scraper.py for tasks to queue
[2026-01-16T09:20:22.200+0000] {logging_mixin.py:188} INFO - [2026-01-16T09:20:22.199+0000] {dagbag.py:538} INFO - Filling up the DagBag from /opt/airflow/dags/arsenal_manual_match_scraper.py
[2026-01-16T09:20:22.353+0000] {processor.py:840} INFO - DAG(s) 'arsenal_manual_match_scraper' retrieved from /opt/airflow/dags/arsenal_manual_match_scraper.py
[2026-01-16T09:20:22.432+0000] {logging_mixin.py:188} INFO - [2026-01-16T09:20:22.431+0000] {dag.py:3036} INFO - Sync 1 DAGs
[2026-01-16T09:20:22.473+0000] {logging_mixin.py:188} INFO - [2026-01-16T09:20:22.472+0000] {dag.py:3823} INFO - Setting next_dagrun for arsenal_manual_match_scraper to None, run_after=None
[2026-01-16T09:20:22.534+0000] {processor.py:183} INFO - Processing /opt/airflow/dags/arsenal_manual_match_scraper.py took 0.680 seconds
[2026-01-16T09:20:55.935+0000] {processor.py:161} INFO - Started process (PID=28814) to work on /opt/airflow/dags/arsenal_manual_match_scraper.py
[2026-01-16T09:20:57.189+0000] {processor.py:830} INFO - Processing file /opt/airflow/dags/arsenal_manual_match_scraper.py for tasks to queue
[2026-01-16T09:20:57.191+0000] {logging_mixin.py:188} INFO - [2026-01-16T09:20:57.190+0000] {dagbag.py:538} INFO - Filling up the DagBag from /opt/airflow/dags/arsenal_manual_match_scraper.py
[2026-01-16T09:20:57.327+0000] {processor.py:840} INFO - DAG(s) 'arsenal_manual_match_scraper' retrieved from /opt/airflow/dags/arsenal_manual_match_scraper.py
[2026-01-16T09:20:57.406+0000] {logging_mixin.py:188} INFO - [2026-01-16T09:20:57.405+0000] {dag.py:3036} INFO - Sync 1 DAGs
[2026-01-16T09:20:57.445+0000] {logging_mixin.py:188} INFO - [2026-01-16T09:20:57.444+0000] {dag.py:3823} INFO - Setting next_dagrun for arsenal_manual_match_scraper to None, run_after=None
[2026-01-16T09:20:57.512+0000] {processor.py:183} INFO - Processing /opt/airflow/dags/arsenal_manual_match_scraper.py took 1.588 seconds
[2026-01-16T09:21:32.889+0000] {processor.py:161} INFO - Started process (PID=28835) to work on /opt/airflow/dags/arsenal_manual_match_scraper.py
[2026-01-16T09:21:34.153+0000] {processor.py:830} INFO - Processing file /opt/airflow/dags/arsenal_manual_match_scraper.py for tasks to queue
[2026-01-16T09:21:34.155+0000] {logging_mixin.py:188} INFO - [2026-01-16T09:21:34.154+0000] {dagbag.py:538} INFO - Filling up the DagBag from /opt/airflow/dags/arsenal_manual_match_scraper.py
[2026-01-16T09:21:34.283+0000] {processor.py:840} INFO - DAG(s) 'arsenal_manual_match_scraper' retrieved from /opt/airflow/dags/arsenal_manual_match_scraper.py
[2026-01-16T09:21:34.348+0000] {logging_mixin.py:188} INFO - [2026-01-16T09:21:34.348+0000] {dag.py:3036} INFO - Sync 1 DAGs
[2026-01-16T09:21:34.377+0000] {logging_mixin.py:188} INFO - [2026-01-16T09:21:34.377+0000] {dag.py:3823} INFO - Setting next_dagrun for arsenal_manual_match_scraper to None, run_after=None
[2026-01-16T09:21:34.629+0000] {processor.py:183} INFO - Processing /opt/airflow/dags/arsenal_manual_match_scraper.py took 1.750 seconds
[2026-01-16T09:22:06.936+0000] {processor.py:161} INFO - Started process (PID=28856) to work on /opt/airflow/dags/arsenal_manual_match_scraper.py
[2026-01-16T09:22:08.189+0000] {processor.py:830} INFO - Processing file /opt/airflow/dags/arsenal_manual_match_scraper.py for tasks to queue
[2026-01-16T09:22:08.191+0000] {logging_mixin.py:188} INFO - [2026-01-16T09:22:08.191+0000] {dagbag.py:538} INFO - Filling up the DagBag from /opt/airflow/dags/arsenal_manual_match_scraper.py
[2026-01-16T09:22:08.327+0000] {processor.py:840} INFO - DAG(s) 'arsenal_manual_match_scraper' retrieved from /opt/airflow/dags/arsenal_manual_match_scraper.py
[2026-01-16T09:22:08.398+0000] {logging_mixin.py:188} INFO - [2026-01-16T09:22:08.398+0000] {dag.py:3036} INFO - Sync 1 DAGs
[2026-01-16T09:22:08.432+0000] {logging_mixin.py:188} INFO - [2026-01-16T09:22:08.432+0000] {dag.py:3823} INFO - Setting next_dagrun for arsenal_manual_match_scraper to None, run_after=None
[2026-01-16T09:22:08.530+0000] {processor.py:183} INFO - Processing /opt/airflow/dags/arsenal_manual_match_scraper.py took 1.604 seconds
[2026-01-16T09:22:40.948+0000] {processor.py:161} INFO - Started process (PID=28877) to work on /opt/airflow/dags/arsenal_manual_match_scraper.py
[2026-01-16T09:22:42.188+0000] {processor.py:830} INFO - Processing file /opt/airflow/dags/arsenal_manual_match_scraper.py for tasks to queue
[2026-01-16T09:22:42.190+0000] {logging_mixin.py:188} INFO - [2026-01-16T09:22:42.189+0000] {dagbag.py:538} INFO - Filling up the DagBag from /opt/airflow/dags/arsenal_manual_match_scraper.py
[2026-01-16T09:22:42.321+0000] {processor.py:840} INFO - DAG(s) 'arsenal_manual_match_scraper' retrieved from /opt/airflow/dags/arsenal_manual_match_scraper.py
[2026-01-16T09:22:42.418+0000] {logging_mixin.py:188} INFO - [2026-01-16T09:22:42.417+0000] {dag.py:3036} INFO - Sync 1 DAGs
[2026-01-16T09:22:42.447+0000] {logging_mixin.py:188} INFO - [2026-01-16T09:22:42.447+0000] {dag.py:3823} INFO - Setting next_dagrun for arsenal_manual_match_scraper to None, run_after=None
[2026-01-16T09:22:42.621+0000] {processor.py:183} INFO - Processing /opt/airflow/dags/arsenal_manual_match_scraper.py took 1.682 seconds
[2026-01-16T09:23:20.948+0000] {processor.py:161} INFO - Started process (PID=28896) to work on /opt/airflow/dags/arsenal_manual_match_scraper.py
[2026-01-16T09:23:20.982+0000] {processor.py:830} INFO - Processing file /opt/airflow/dags/arsenal_manual_match_scraper.py for tasks to queue
[2026-01-16T09:23:20.984+0000] {logging_mixin.py:188} INFO - [2026-01-16T09:23:20.984+0000] {dagbag.py:538} INFO - Filling up the DagBag from /opt/airflow/dags/arsenal_manual_match_scraper.py
[2026-01-16T09:23:21.382+0000] {processor.py:840} INFO - DAG(s) 'arsenal_manual_match_scraper' retrieved from /opt/airflow/dags/arsenal_manual_match_scraper.py
[2026-01-16T09:23:21.549+0000] {logging_mixin.py:188} INFO - [2026-01-16T09:23:21.548+0000] {dag.py:3036} INFO - Sync 1 DAGs
[2026-01-16T09:23:21.585+0000] {logging_mixin.py:188} INFO - [2026-01-16T09:23:21.585+0000] {dag.py:3823} INFO - Setting next_dagrun for arsenal_manual_match_scraper to None, run_after=None
[2026-01-16T09:23:21.950+0000] {processor.py:183} INFO - Processing /opt/airflow/dags/arsenal_manual_match_scraper.py took 1.232 seconds
[2026-01-16T09:23:53.035+0000] {processor.py:161} INFO - Started process (PID=28919) to work on /opt/airflow/dags/arsenal_manual_match_scraper.py
[2026-01-16T09:23:53.091+0000] {processor.py:830} INFO - Processing file /opt/airflow/dags/arsenal_manual_match_scraper.py for tasks to queue
[2026-01-16T09:23:53.137+0000] {logging_mixin.py:188} INFO - [2026-01-16T09:23:53.098+0000] {dagbag.py:538} INFO - Filling up the DagBag from /opt/airflow/dags/arsenal_manual_match_scraper.py
[2026-01-16T09:23:53.541+0000] {processor.py:840} INFO - DAG(s) 'arsenal_manual_match_scraper' retrieved from /opt/airflow/dags/arsenal_manual_match_scraper.py
[2026-01-16T09:23:53.752+0000] {logging_mixin.py:188} INFO - [2026-01-16T09:23:53.751+0000] {dag.py:3036} INFO - Sync 1 DAGs
[2026-01-16T09:23:53.822+0000] {logging_mixin.py:188} INFO - [2026-01-16T09:23:53.821+0000] {dag.py:3823} INFO - Setting next_dagrun for arsenal_manual_match_scraper to None, run_after=None
[2026-01-16T09:23:53.964+0000] {processor.py:183} INFO - Processing /opt/airflow/dags/arsenal_manual_match_scraper.py took 1.119 seconds
[2026-01-16T09:24:27.913+0000] {processor.py:161} INFO - Started process (PID=28943) to work on /opt/airflow/dags/arsenal_manual_match_scraper.py
[2026-01-16T09:24:29.168+0000] {processor.py:830} INFO - Processing file /opt/airflow/dags/arsenal_manual_match_scraper.py for tasks to queue
[2026-01-16T09:24:29.170+0000] {logging_mixin.py:188} INFO - [2026-01-16T09:24:29.169+0000] {dagbag.py:538} INFO - Filling up the DagBag from /opt/airflow/dags/arsenal_manual_match_scraper.py
[2026-01-16T09:24:29.293+0000] {processor.py:840} INFO - DAG(s) 'arsenal_manual_match_scraper' retrieved from /opt/airflow/dags/arsenal_manual_match_scraper.py
[2026-01-16T09:24:29.356+0000] {logging_mixin.py:188} INFO - [2026-01-16T09:24:29.356+0000] {dag.py:3036} INFO - Sync 1 DAGs
[2026-01-16T09:24:29.385+0000] {logging_mixin.py:188} INFO - [2026-01-16T09:24:29.385+0000] {dag.py:3823} INFO - Setting next_dagrun for arsenal_manual_match_scraper to None, run_after=None
[2026-01-16T09:24:29.614+0000] {processor.py:183} INFO - Processing /opt/airflow/dags/arsenal_manual_match_scraper.py took 1.710 seconds
[2026-01-16T09:25:01.936+0000] {processor.py:161} INFO - Started process (PID=28967) to work on /opt/airflow/dags/arsenal_manual_match_scraper.py
[2026-01-16T09:25:03.302+0000] {processor.py:830} INFO - Processing file /opt/airflow/dags/arsenal_manual_match_scraper.py for tasks to queue
[2026-01-16T09:25:03.305+0000] {logging_mixin.py:188} INFO - [2026-01-16T09:25:03.304+0000] {dagbag.py:538} INFO - Filling up the DagBag from /opt/airflow/dags/arsenal_manual_match_scraper.py
[2026-01-16T09:25:03.444+0000] {processor.py:840} INFO - DAG(s) 'arsenal_manual_match_scraper' retrieved from /opt/airflow/dags/arsenal_manual_match_scraper.py
[2026-01-16T09:25:03.516+0000] {logging_mixin.py:188} INFO - [2026-01-16T09:25:03.515+0000] {dag.py:3036} INFO - Sync 1 DAGs
[2026-01-16T09:25:03.547+0000] {logging_mixin.py:188} INFO - [2026-01-16T09:25:03.547+0000] {dag.py:3823} INFO - Setting next_dagrun for arsenal_manual_match_scraper to None, run_after=None
[2026-01-16T09:25:03.796+0000] {processor.py:183} INFO - Processing /opt/airflow/dags/arsenal_manual_match_scraper.py took 1.869 seconds
[2026-01-16T09:25:35.948+0000] {processor.py:161} INFO - Started process (PID=28988) to work on /opt/airflow/dags/arsenal_manual_match_scraper.py
[2026-01-16T09:25:37.241+0000] {processor.py:830} INFO - Processing file /opt/airflow/dags/arsenal_manual_match_scraper.py for tasks to queue
[2026-01-16T09:25:37.243+0000] {logging_mixin.py:188} INFO - [2026-01-16T09:25:37.242+0000] {dagbag.py:538} INFO - Filling up the DagBag from /opt/airflow/dags/arsenal_manual_match_scraper.py
[2026-01-16T09:25:37.394+0000] {processor.py:840} INFO - DAG(s) 'arsenal_manual_match_scraper' retrieved from /opt/airflow/dags/arsenal_manual_match_scraper.py
[2026-01-16T09:25:37.470+0000] {logging_mixin.py:188} INFO - [2026-01-16T09:25:37.469+0000] {dag.py:3036} INFO - Sync 1 DAGs
[2026-01-16T09:25:37.499+0000] {logging_mixin.py:188} INFO - [2026-01-16T09:25:37.498+0000] {dag.py:3823} INFO - Setting next_dagrun for arsenal_manual_match_scraper to None, run_after=None
[2026-01-16T09:25:37.585+0000] {processor.py:183} INFO - Processing /opt/airflow/dags/arsenal_manual_match_scraper.py took 1.645 seconds
[2026-01-16T09:26:10.951+0000] {processor.py:161} INFO - Started process (PID=29009) to work on /opt/airflow/dags/arsenal_manual_match_scraper.py
[2026-01-16T09:26:12.218+0000] {processor.py:830} INFO - Processing file /opt/airflow/dags/arsenal_manual_match_scraper.py for tasks to queue
[2026-01-16T09:26:12.220+0000] {logging_mixin.py:188} INFO - [2026-01-16T09:26:12.219+0000] {dagbag.py:538} INFO - Filling up the DagBag from /opt/airflow/dags/arsenal_manual_match_scraper.py
[2026-01-16T09:26:12.356+0000] {processor.py:840} INFO - DAG(s) 'arsenal_manual_match_scraper' retrieved from /opt/airflow/dags/arsenal_manual_match_scraper.py
[2026-01-16T09:26:12.427+0000] {logging_mixin.py:188} INFO - [2026-01-16T09:26:12.426+0000] {dag.py:3036} INFO - Sync 1 DAGs
[2026-01-16T09:26:12.455+0000] {logging_mixin.py:188} INFO - [2026-01-16T09:26:12.455+0000] {dag.py:3823} INFO - Setting next_dagrun for arsenal_manual_match_scraper to None, run_after=None
[2026-01-16T09:26:12.552+0000] {processor.py:183} INFO - Processing /opt/airflow/dags/arsenal_manual_match_scraper.py took 1.611 seconds
[2026-01-16T09:26:45.893+0000] {processor.py:161} INFO - Started process (PID=29030) to work on /opt/airflow/dags/arsenal_manual_match_scraper.py
[2026-01-16T09:26:47.191+0000] {processor.py:830} INFO - Processing file /opt/airflow/dags/arsenal_manual_match_scraper.py for tasks to queue
[2026-01-16T09:26:47.193+0000] {logging_mixin.py:188} INFO - [2026-01-16T09:26:47.192+0000] {dagbag.py:538} INFO - Filling up the DagBag from /opt/airflow/dags/arsenal_manual_match_scraper.py
[2026-01-16T09:26:47.348+0000] {processor.py:840} INFO - DAG(s) 'arsenal_manual_match_scraper' retrieved from /opt/airflow/dags/arsenal_manual_match_scraper.py
[2026-01-16T09:26:47.423+0000] {logging_mixin.py:188} INFO - [2026-01-16T09:26:47.422+0000] {dag.py:3036} INFO - Sync 1 DAGs
[2026-01-16T09:26:47.456+0000] {logging_mixin.py:188} INFO - [2026-01-16T09:26:47.455+0000] {dag.py:3823} INFO - Setting next_dagrun for arsenal_manual_match_scraper to None, run_after=None
[2026-01-16T09:26:47.570+0000] {processor.py:183} INFO - Processing /opt/airflow/dags/arsenal_manual_match_scraper.py took 1.685 seconds
[2026-01-16T09:27:20.956+0000] {processor.py:161} INFO - Started process (PID=29051) to work on /opt/airflow/dags/arsenal_manual_match_scraper.py
[2026-01-16T09:27:22.192+0000] {processor.py:830} INFO - Processing file /opt/airflow/dags/arsenal_manual_match_scraper.py for tasks to queue
[2026-01-16T09:27:22.194+0000] {logging_mixin.py:188} INFO - [2026-01-16T09:27:22.193+0000] {dagbag.py:538} INFO - Filling up the DagBag from /opt/airflow/dags/arsenal_manual_match_scraper.py
[2026-01-16T09:27:22.341+0000] {processor.py:840} INFO - DAG(s) 'arsenal_manual_match_scraper' retrieved from /opt/airflow/dags/arsenal_manual_match_scraper.py
[2026-01-16T09:27:22.414+0000] {logging_mixin.py:188} INFO - [2026-01-16T09:27:22.413+0000] {dag.py:3036} INFO - Sync 1 DAGs
[2026-01-16T09:27:22.449+0000] {logging_mixin.py:188} INFO - [2026-01-16T09:27:22.448+0000] {dag.py:3823} INFO - Setting next_dagrun for arsenal_manual_match_scraper to None, run_after=None
[2026-01-16T09:27:22.551+0000] {processor.py:183} INFO - Processing /opt/airflow/dags/arsenal_manual_match_scraper.py took 1.606 seconds
[2026-01-16T09:27:56.940+0000] {processor.py:161} INFO - Started process (PID=29072) to work on /opt/airflow/dags/arsenal_manual_match_scraper.py
[2026-01-16T09:27:58.234+0000] {processor.py:830} INFO - Processing file /opt/airflow/dags/arsenal_manual_match_scraper.py for tasks to queue
[2026-01-16T09:27:58.236+0000] {logging_mixin.py:188} INFO - [2026-01-16T09:27:58.235+0000] {dagbag.py:538} INFO - Filling up the DagBag from /opt/airflow/dags/arsenal_manual_match_scraper.py
[2026-01-16T09:27:58.621+0000] {processor.py:840} INFO - DAG(s) 'arsenal_manual_match_scraper' retrieved from /opt/airflow/dags/arsenal_manual_match_scraper.py
[2026-01-16T09:27:59.948+0000] {logging_mixin.py:188} INFO - [2026-01-16T09:27:59.947+0000] {dag.py:3036} INFO - Sync 1 DAGs
[2026-01-16T09:28:00.007+0000] {logging_mixin.py:188} INFO - [2026-01-16T09:28:00.006+0000] {dag.py:3823} INFO - Setting next_dagrun for arsenal_manual_match_scraper to None, run_after=None
[2026-01-16T09:28:00.214+0000] {processor.py:183} INFO - Processing /opt/airflow/dags/arsenal_manual_match_scraper.py took 3.284 seconds
[2026-01-16T09:28:30.943+0000] {processor.py:161} INFO - Started process (PID=29093) to work on /opt/airflow/dags/arsenal_manual_match_scraper.py
[2026-01-16T09:28:32.209+0000] {processor.py:830} INFO - Processing file /opt/airflow/dags/arsenal_manual_match_scraper.py for tasks to queue
[2026-01-16T09:28:32.211+0000] {logging_mixin.py:188} INFO - [2026-01-16T09:28:32.210+0000] {dagbag.py:538} INFO - Filling up the DagBag from /opt/airflow/dags/arsenal_manual_match_scraper.py
[2026-01-16T09:28:32.346+0000] {processor.py:840} INFO - DAG(s) 'arsenal_manual_match_scraper' retrieved from /opt/airflow/dags/arsenal_manual_match_scraper.py
[2026-01-16T09:28:32.420+0000] {logging_mixin.py:188} INFO - [2026-01-16T09:28:32.420+0000] {dag.py:3036} INFO - Sync 1 DAGs
[2026-01-16T09:28:32.450+0000] {logging_mixin.py:188} INFO - [2026-01-16T09:28:32.449+0000] {dag.py:3823} INFO - Setting next_dagrun for arsenal_manual_match_scraper to None, run_after=None
[2026-01-16T09:28:32.589+0000] {processor.py:183} INFO - Processing /opt/airflow/dags/arsenal_manual_match_scraper.py took 1.654 seconds
[2026-01-16T09:29:07.951+0000] {processor.py:161} INFO - Started process (PID=29114) to work on /opt/airflow/dags/arsenal_manual_match_scraper.py
[2026-01-16T09:29:09.217+0000] {processor.py:830} INFO - Processing file /opt/airflow/dags/arsenal_manual_match_scraper.py for tasks to queue
[2026-01-16T09:29:09.219+0000] {logging_mixin.py:188} INFO - [2026-01-16T09:29:09.218+0000] {dagbag.py:538} INFO - Filling up the DagBag from /opt/airflow/dags/arsenal_manual_match_scraper.py
[2026-01-16T09:29:09.352+0000] {processor.py:840} INFO - DAG(s) 'arsenal_manual_match_scraper' retrieved from /opt/airflow/dags/arsenal_manual_match_scraper.py
[2026-01-16T09:29:09.476+0000] {logging_mixin.py:188} INFO - [2026-01-16T09:29:09.475+0000] {dag.py:3036} INFO - Sync 1 DAGs
[2026-01-16T09:29:09.501+0000] {logging_mixin.py:188} INFO - [2026-01-16T09:29:09.501+0000] {dag.py:3823} INFO - Setting next_dagrun for arsenal_manual_match_scraper to None, run_after=None
[2026-01-16T09:29:09.726+0000] {processor.py:183} INFO - Processing /opt/airflow/dags/arsenal_manual_match_scraper.py took 1.786 seconds
[2026-01-16T09:29:39.969+0000] {processor.py:161} INFO - Started process (PID=29135) to work on /opt/airflow/dags/arsenal_manual_match_scraper.py
[2026-01-16T09:29:41.222+0000] {processor.py:830} INFO - Processing file /opt/airflow/dags/arsenal_manual_match_scraper.py for tasks to queue
[2026-01-16T09:29:41.224+0000] {logging_mixin.py:188} INFO - [2026-01-16T09:29:41.224+0000] {dagbag.py:538} INFO - Filling up the DagBag from /opt/airflow/dags/arsenal_manual_match_scraper.py
[2026-01-16T09:29:41.368+0000] {processor.py:840} INFO - DAG(s) 'arsenal_manual_match_scraper' retrieved from /opt/airflow/dags/arsenal_manual_match_scraper.py
[2026-01-16T09:29:41.446+0000] {logging_mixin.py:188} INFO - [2026-01-16T09:29:41.446+0000] {dag.py:3036} INFO - Sync 1 DAGs
[2026-01-16T09:29:41.475+0000] {logging_mixin.py:188} INFO - [2026-01-16T09:29:41.475+0000] {dag.py:3823} INFO - Setting next_dagrun for arsenal_manual_match_scraper to None, run_after=None
[2026-01-16T09:29:41.836+0000] {processor.py:183} INFO - Processing /opt/airflow/dags/arsenal_manual_match_scraper.py took 1.877 seconds
[2026-01-16T09:30:15.954+0000] {processor.py:161} INFO - Started process (PID=29156) to work on /opt/airflow/dags/arsenal_manual_match_scraper.py
[2026-01-16T09:30:17.201+0000] {processor.py:830} INFO - Processing file /opt/airflow/dags/arsenal_manual_match_scraper.py for tasks to queue
[2026-01-16T09:30:17.204+0000] {logging_mixin.py:188} INFO - [2026-01-16T09:30:17.203+0000] {dagbag.py:538} INFO - Filling up the DagBag from /opt/airflow/dags/arsenal_manual_match_scraper.py
[2026-01-16T09:30:17.342+0000] {processor.py:840} INFO - DAG(s) 'arsenal_manual_match_scraper' retrieved from /opt/airflow/dags/arsenal_manual_match_scraper.py
[2026-01-16T09:30:17.414+0000] {logging_mixin.py:188} INFO - [2026-01-16T09:30:17.413+0000] {dag.py:3036} INFO - Sync 1 DAGs
[2026-01-16T09:30:17.446+0000] {logging_mixin.py:188} INFO - [2026-01-16T09:30:17.446+0000] {dag.py:3823} INFO - Setting next_dagrun for arsenal_manual_match_scraper to None, run_after=None
[2026-01-16T09:30:17.579+0000] {processor.py:183} INFO - Processing /opt/airflow/dags/arsenal_manual_match_scraper.py took 1.635 seconds
[2026-01-16T09:30:50.956+0000] {processor.py:161} INFO - Started process (PID=29177) to work on /opt/airflow/dags/arsenal_manual_match_scraper.py
[2026-01-16T09:30:52.219+0000] {processor.py:830} INFO - Processing file /opt/airflow/dags/arsenal_manual_match_scraper.py for tasks to queue
[2026-01-16T09:30:52.221+0000] {logging_mixin.py:188} INFO - [2026-01-16T09:30:52.220+0000] {dagbag.py:538} INFO - Filling up the DagBag from /opt/airflow/dags/arsenal_manual_match_scraper.py
[2026-01-16T09:30:52.349+0000] {processor.py:840} INFO - DAG(s) 'arsenal_manual_match_scraper' retrieved from /opt/airflow/dags/arsenal_manual_match_scraper.py
[2026-01-16T09:30:52.421+0000] {logging_mixin.py:188} INFO - [2026-01-16T09:30:52.420+0000] {dag.py:3036} INFO - Sync 1 DAGs
[2026-01-16T09:30:52.449+0000] {logging_mixin.py:188} INFO - [2026-01-16T09:30:52.449+0000] {dag.py:3823} INFO - Setting next_dagrun for arsenal_manual_match_scraper to None, run_after=None
[2026-01-16T09:30:52.585+0000] {processor.py:183} INFO - Processing /opt/airflow/dags/arsenal_manual_match_scraper.py took 1.638 seconds
