[2026-01-16T06:03:50.374+0000] {processor.py:161} INFO - Started process (PID=27333) to work on /opt/airflow/dags/arsenal_auto_match_scraper.py
[2026-01-16T06:03:50.375+0000] {processor.py:830} INFO - Processing file /opt/airflow/dags/arsenal_auto_match_scraper.py for tasks to queue
[2026-01-16T06:03:50.377+0000] {logging_mixin.py:188} INFO - [2026-01-16T06:03:50.376+0000] {dagbag.py:538} INFO - Filling up the DagBag from /opt/airflow/dags/arsenal_auto_match_scraper.py
[2026-01-16T06:03:50.466+0000] {processor.py:840} INFO - DAG(s) 'arsenal_auto_match_scraper' retrieved from /opt/airflow/dags/arsenal_auto_match_scraper.py
[2026-01-16T06:03:50.556+0000] {logging_mixin.py:188} INFO - [2026-01-16T06:03:50.556+0000] {dag.py:3036} INFO - Sync 1 DAGs
[2026-01-16T06:03:50.594+0000] {logging_mixin.py:188} INFO - [2026-01-16T06:03:50.594+0000] {dag.py:3823} INFO - Setting next_dagrun for arsenal_auto_match_scraper to 2026-01-16 04:00:00+00:00, run_after=2026-01-16 06:00:00+00:00
[2026-01-16T06:03:50.750+0000] {processor.py:183} INFO - Processing /opt/airflow/dags/arsenal_auto_match_scraper.py took 0.382 seconds
[2026-01-16T08:49:39.757+0000] {processor.py:161} INFO - Started process (PID=27952) to work on /opt/airflow/dags/arsenal_auto_match_scraper.py
[2026-01-16T08:49:39.921+0000] {processor.py:830} INFO - Processing file /opt/airflow/dags/arsenal_auto_match_scraper.py for tasks to queue
[2026-01-16T08:49:39.923+0000] {logging_mixin.py:188} INFO - [2026-01-16T08:49:39.922+0000] {dagbag.py:538} INFO - Filling up the DagBag from /opt/airflow/dags/arsenal_auto_match_scraper.py
[2026-01-16T08:49:40.024+0000] {processor.py:840} INFO - DAG(s) 'arsenal_auto_match_scraper' retrieved from /opt/airflow/dags/arsenal_auto_match_scraper.py
[2026-01-16T08:49:40.070+0000] {logging_mixin.py:188} INFO - [2026-01-16T08:49:40.069+0000] {dag.py:3036} INFO - Sync 1 DAGs
[2026-01-16T08:49:40.327+0000] {logging_mixin.py:188} INFO - [2026-01-16T08:49:40.327+0000] {dag.py:3823} INFO - Setting next_dagrun for arsenal_auto_match_scraper to 2026-01-16 08:00:00+00:00, run_after=2026-01-16 10:00:00+00:00
[2026-01-16T08:49:40.560+0000] {processor.py:183} INFO - Processing /opt/airflow/dags/arsenal_auto_match_scraper.py took 0.810 seconds
[2026-01-16T08:50:37.945+0000] {processor.py:161} INFO - Started process (PID=28127) to work on /opt/airflow/dags/arsenal_auto_match_scraper.py
[2026-01-16T08:50:37.994+0000] {processor.py:830} INFO - Processing file /opt/airflow/dags/arsenal_auto_match_scraper.py for tasks to queue
[2026-01-16T08:50:38.002+0000] {logging_mixin.py:188} INFO - [2026-01-16T08:50:37.997+0000] {dagbag.py:538} INFO - Filling up the DagBag from /opt/airflow/dags/arsenal_auto_match_scraper.py
[2026-01-16T08:50:38.156+0000] {processor.py:840} INFO - DAG(s) 'arsenal_auto_match_scraper' retrieved from /opt/airflow/dags/arsenal_auto_match_scraper.py
[2026-01-16T08:50:38.224+0000] {logging_mixin.py:188} INFO - [2026-01-16T08:50:38.223+0000] {dag.py:3036} INFO - Sync 1 DAGs
[2026-01-16T08:50:38.283+0000] {logging_mixin.py:188} INFO - [2026-01-16T08:50:38.283+0000] {dag.py:3823} INFO - Setting next_dagrun for arsenal_auto_match_scraper to 2026-01-16 08:00:00+00:00, run_after=2026-01-16 10:00:00+00:00
[2026-01-16T08:50:38.373+0000] {processor.py:183} INFO - Processing /opt/airflow/dags/arsenal_auto_match_scraper.py took 0.443 seconds
[2026-01-16T08:52:48.772+0000] {processor.py:161} INFO - Started process (PID=28151) to work on /opt/airflow/dags/arsenal_auto_match_scraper.py
[2026-01-16T08:52:49.112+0000] {processor.py:830} INFO - Processing file /opt/airflow/dags/arsenal_auto_match_scraper.py for tasks to queue
[2026-01-16T08:52:49.117+0000] {logging_mixin.py:188} INFO - [2026-01-16T08:52:49.115+0000] {dagbag.py:538} INFO - Filling up the DagBag from /opt/airflow/dags/arsenal_auto_match_scraper.py
[2026-01-16T08:52:49.293+0000] {processor.py:840} INFO - DAG(s) 'arsenal_auto_match_scraper' retrieved from /opt/airflow/dags/arsenal_auto_match_scraper.py
[2026-01-16T08:52:49.361+0000] {logging_mixin.py:188} INFO - [2026-01-16T08:52:49.360+0000] {dag.py:3036} INFO - Sync 1 DAGs
[2026-01-16T08:52:49.931+0000] {logging_mixin.py:188} INFO - [2026-01-16T08:52:49.930+0000] {dag.py:3823} INFO - Setting next_dagrun for arsenal_auto_match_scraper to 2026-01-16 08:00:00+00:00, run_after=2026-01-16 10:00:00+00:00
[2026-01-16T08:52:49.983+0000] {processor.py:183} INFO - Processing /opt/airflow/dags/arsenal_auto_match_scraper.py took 1.216 seconds
[2026-01-16T08:55:16.833+0000] {processor.py:161} INFO - Started process (PID=28176) to work on /opt/airflow/dags/arsenal_auto_match_scraper.py
[2026-01-16T08:55:16.862+0000] {processor.py:830} INFO - Processing file /opt/airflow/dags/arsenal_auto_match_scraper.py for tasks to queue
[2026-01-16T08:55:16.864+0000] {logging_mixin.py:188} INFO - [2026-01-16T08:55:16.863+0000] {dagbag.py:538} INFO - Filling up the DagBag from /opt/airflow/dags/arsenal_auto_match_scraper.py
[2026-01-16T08:55:17.188+0000] {processor.py:840} INFO - DAG(s) 'arsenal_auto_match_scraper' retrieved from /opt/airflow/dags/arsenal_auto_match_scraper.py
[2026-01-16T08:55:17.243+0000] {logging_mixin.py:188} INFO - [2026-01-16T08:55:17.242+0000] {dag.py:3036} INFO - Sync 1 DAGs
[2026-01-16T08:55:17.306+0000] {logging_mixin.py:188} INFO - [2026-01-16T08:55:17.305+0000] {dag.py:3823} INFO - Setting next_dagrun for arsenal_auto_match_scraper to 2026-01-16 08:00:00+00:00, run_after=2026-01-16 10:00:00+00:00
[2026-01-16T08:55:17.449+0000] {processor.py:183} INFO - Processing /opt/airflow/dags/arsenal_auto_match_scraper.py took 0.623 seconds
[2026-01-16T09:03:41.822+0000] {processor.py:161} INFO - Started process (PID=28213) to work on /opt/airflow/dags/arsenal_auto_match_scraper.py
[2026-01-16T09:03:41.899+0000] {processor.py:830} INFO - Processing file /opt/airflow/dags/arsenal_auto_match_scraper.py for tasks to queue
[2026-01-16T09:03:41.900+0000] {logging_mixin.py:188} INFO - [2026-01-16T09:03:41.900+0000] {dagbag.py:538} INFO - Filling up the DagBag from /opt/airflow/dags/arsenal_auto_match_scraper.py
[2026-01-16T09:03:42.007+0000] {processor.py:840} INFO - DAG(s) 'arsenal_auto_match_scraper' retrieved from /opt/airflow/dags/arsenal_auto_match_scraper.py
[2026-01-16T09:03:42.290+0000] {logging_mixin.py:188} INFO - [2026-01-16T09:03:42.289+0000] {dag.py:3036} INFO - Sync 1 DAGs
[2026-01-16T09:03:42.506+0000] {logging_mixin.py:188} INFO - [2026-01-16T09:03:42.506+0000] {dag.py:3823} INFO - Setting next_dagrun for arsenal_auto_match_scraper to 2026-01-16 08:00:00+00:00, run_after=2026-01-16 10:00:00+00:00
[2026-01-16T09:03:42.739+0000] {processor.py:183} INFO - Processing /opt/airflow/dags/arsenal_auto_match_scraper.py took 0.923 seconds
[2026-01-16T09:04:15.173+0000] {processor.py:161} INFO - Started process (PID=28243) to work on /opt/airflow/dags/arsenal_auto_match_scraper.py
[2026-01-16T09:04:15.205+0000] {processor.py:830} INFO - Processing file /opt/airflow/dags/arsenal_auto_match_scraper.py for tasks to queue
[2026-01-16T09:04:15.209+0000] {logging_mixin.py:188} INFO - [2026-01-16T09:04:15.207+0000] {dagbag.py:538} INFO - Filling up the DagBag from /opt/airflow/dags/arsenal_auto_match_scraper.py
[2026-01-16T09:04:15.604+0000] {processor.py:840} INFO - DAG(s) 'arsenal_auto_match_scraper' retrieved from /opt/airflow/dags/arsenal_auto_match_scraper.py
[2026-01-16T09:04:15.673+0000] {logging_mixin.py:188} INFO - [2026-01-16T09:04:15.673+0000] {dag.py:3036} INFO - Sync 1 DAGs
[2026-01-16T09:04:15.734+0000] {logging_mixin.py:188} INFO - [2026-01-16T09:04:15.733+0000] {dag.py:3823} INFO - Setting next_dagrun for arsenal_auto_match_scraper to 2026-01-16 08:00:00+00:00, run_after=2026-01-16 10:00:00+00:00
[2026-01-16T09:04:15.805+0000] {processor.py:183} INFO - Processing /opt/airflow/dags/arsenal_auto_match_scraper.py took 0.639 seconds
[2026-01-16T09:05:48.769+0000] {processor.py:161} INFO - Started process (PID=28263) to work on /opt/airflow/dags/arsenal_auto_match_scraper.py
[2026-01-16T09:05:49.022+0000] {processor.py:830} INFO - Processing file /opt/airflow/dags/arsenal_auto_match_scraper.py for tasks to queue
[2026-01-16T09:05:49.024+0000] {logging_mixin.py:188} INFO - [2026-01-16T09:05:49.023+0000] {dagbag.py:538} INFO - Filling up the DagBag from /opt/airflow/dags/arsenal_auto_match_scraper.py
[2026-01-16T09:05:49.180+0000] {processor.py:840} INFO - DAG(s) 'arsenal_auto_match_scraper' retrieved from /opt/airflow/dags/arsenal_auto_match_scraper.py
[2026-01-16T09:05:49.490+0000] {logging_mixin.py:188} INFO - [2026-01-16T09:05:49.489+0000] {dag.py:3036} INFO - Sync 1 DAGs
[2026-01-16T09:05:49.539+0000] {logging_mixin.py:188} INFO - [2026-01-16T09:05:49.539+0000] {dag.py:3823} INFO - Setting next_dagrun for arsenal_auto_match_scraper to 2026-01-16 08:00:00+00:00, run_after=2026-01-16 10:00:00+00:00
[2026-01-16T09:05:49.606+0000] {processor.py:183} INFO - Processing /opt/airflow/dags/arsenal_auto_match_scraper.py took 0.843 seconds
[2026-01-16T09:06:23.634+0000] {processor.py:161} INFO - Started process (PID=28285) to work on /opt/airflow/dags/arsenal_auto_match_scraper.py
[2026-01-16T09:06:23.676+0000] {processor.py:830} INFO - Processing file /opt/airflow/dags/arsenal_auto_match_scraper.py for tasks to queue
[2026-01-16T09:06:23.678+0000] {logging_mixin.py:188} INFO - [2026-01-16T09:06:23.678+0000] {dagbag.py:538} INFO - Filling up the DagBag from /opt/airflow/dags/arsenal_auto_match_scraper.py
[2026-01-16T09:06:24.014+0000] {processor.py:840} INFO - DAG(s) 'arsenal_auto_match_scraper' retrieved from /opt/airflow/dags/arsenal_auto_match_scraper.py
[2026-01-16T09:06:24.053+0000] {logging_mixin.py:188} INFO - [2026-01-16T09:06:24.053+0000] {dag.py:3036} INFO - Sync 1 DAGs
[2026-01-16T09:06:24.245+0000] {logging_mixin.py:188} INFO - [2026-01-16T09:06:24.244+0000] {dag.py:3823} INFO - Setting next_dagrun for arsenal_auto_match_scraper to 2026-01-16 08:00:00+00:00, run_after=2026-01-16 10:00:00+00:00
[2026-01-16T09:06:24.425+0000] {processor.py:183} INFO - Processing /opt/airflow/dags/arsenal_auto_match_scraper.py took 0.796 seconds
[2026-01-16T09:06:58.671+0000] {processor.py:161} INFO - Started process (PID=28308) to work on /opt/airflow/dags/arsenal_auto_match_scraper.py
[2026-01-16T09:06:58.964+0000] {processor.py:830} INFO - Processing file /opt/airflow/dags/arsenal_auto_match_scraper.py for tasks to queue
[2026-01-16T09:06:58.968+0000] {logging_mixin.py:188} INFO - [2026-01-16T09:06:58.967+0000] {dagbag.py:538} INFO - Filling up the DagBag from /opt/airflow/dags/arsenal_auto_match_scraper.py
[2026-01-16T09:06:59.129+0000] {processor.py:840} INFO - DAG(s) 'arsenal_auto_match_scraper' retrieved from /opt/airflow/dags/arsenal_auto_match_scraper.py
[2026-01-16T09:06:59.447+0000] {logging_mixin.py:188} INFO - [2026-01-16T09:06:59.447+0000] {dag.py:3036} INFO - Sync 1 DAGs
[2026-01-16T09:06:59.493+0000] {logging_mixin.py:188} INFO - [2026-01-16T09:06:59.493+0000] {dag.py:3823} INFO - Setting next_dagrun for arsenal_auto_match_scraper to 2026-01-16 08:00:00+00:00, run_after=2026-01-16 10:00:00+00:00
[2026-01-16T09:06:59.583+0000] {processor.py:183} INFO - Processing /opt/airflow/dags/arsenal_auto_match_scraper.py took 0.917 seconds
[2026-01-16T09:07:33.620+0000] {processor.py:161} INFO - Started process (PID=28329) to work on /opt/airflow/dags/arsenal_auto_match_scraper.py
[2026-01-16T09:07:33.630+0000] {processor.py:830} INFO - Processing file /opt/airflow/dags/arsenal_auto_match_scraper.py for tasks to queue
[2026-01-16T09:07:33.631+0000] {logging_mixin.py:188} INFO - [2026-01-16T09:07:33.631+0000] {dagbag.py:538} INFO - Filling up the DagBag from /opt/airflow/dags/arsenal_auto_match_scraper.py
[2026-01-16T09:07:33.945+0000] {processor.py:840} INFO - DAG(s) 'arsenal_auto_match_scraper' retrieved from /opt/airflow/dags/arsenal_auto_match_scraper.py
[2026-01-16T09:07:33.992+0000] {logging_mixin.py:188} INFO - [2026-01-16T09:07:33.992+0000] {dag.py:3036} INFO - Sync 1 DAGs
[2026-01-16T09:07:34.054+0000] {logging_mixin.py:188} INFO - [2026-01-16T09:07:34.054+0000] {dag.py:3823} INFO - Setting next_dagrun for arsenal_auto_match_scraper to 2026-01-16 08:00:00+00:00, run_after=2026-01-16 10:00:00+00:00
[2026-01-16T09:07:34.223+0000] {processor.py:183} INFO - Processing /opt/airflow/dags/arsenal_auto_match_scraper.py took 0.608 seconds
[2026-01-16T09:08:08.614+0000] {processor.py:161} INFO - Started process (PID=28350) to work on /opt/airflow/dags/arsenal_auto_match_scraper.py
[2026-01-16T09:08:08.629+0000] {processor.py:830} INFO - Processing file /opt/airflow/dags/arsenal_auto_match_scraper.py for tasks to queue
[2026-01-16T09:08:08.631+0000] {logging_mixin.py:188} INFO - [2026-01-16T09:08:08.630+0000] {dagbag.py:538} INFO - Filling up the DagBag from /opt/airflow/dags/arsenal_auto_match_scraper.py
[2026-01-16T09:08:08.719+0000] {processor.py:840} INFO - DAG(s) 'arsenal_auto_match_scraper' retrieved from /opt/airflow/dags/arsenal_auto_match_scraper.py
[2026-01-16T09:08:08.971+0000] {logging_mixin.py:188} INFO - [2026-01-16T09:08:08.971+0000] {dag.py:3036} INFO - Sync 1 DAGs
[2026-01-16T09:08:09.085+0000] {logging_mixin.py:188} INFO - [2026-01-16T09:08:09.084+0000] {dag.py:3823} INFO - Setting next_dagrun for arsenal_auto_match_scraper to 2026-01-16 08:00:00+00:00, run_after=2026-01-16 10:00:00+00:00
[2026-01-16T09:08:09.246+0000] {processor.py:183} INFO - Processing /opt/airflow/dags/arsenal_auto_match_scraper.py took 0.638 seconds
[2026-01-16T09:08:43.591+0000] {processor.py:161} INFO - Started process (PID=28369) to work on /opt/airflow/dags/arsenal_auto_match_scraper.py
[2026-01-16T09:08:43.851+0000] {processor.py:830} INFO - Processing file /opt/airflow/dags/arsenal_auto_match_scraper.py for tasks to queue
[2026-01-16T09:08:43.853+0000] {logging_mixin.py:188} INFO - [2026-01-16T09:08:43.852+0000] {dagbag.py:538} INFO - Filling up the DagBag from /opt/airflow/dags/arsenal_auto_match_scraper.py
[2026-01-16T09:08:44.292+0000] {processor.py:840} INFO - DAG(s) 'arsenal_auto_match_scraper' retrieved from /opt/airflow/dags/arsenal_auto_match_scraper.py
[2026-01-16T09:08:44.356+0000] {logging_mixin.py:188} INFO - [2026-01-16T09:08:44.356+0000] {dag.py:3036} INFO - Sync 1 DAGs
[2026-01-16T09:08:44.412+0000] {logging_mixin.py:188} INFO - [2026-01-16T09:08:44.412+0000] {dag.py:3823} INFO - Setting next_dagrun for arsenal_auto_match_scraper to 2026-01-16 08:00:00+00:00, run_after=2026-01-16 10:00:00+00:00
[2026-01-16T09:08:45.265+0000] {processor.py:183} INFO - Processing /opt/airflow/dags/arsenal_auto_match_scraper.py took 1.680 seconds
[2026-01-16T09:09:19.217+0000] {processor.py:161} INFO - Started process (PID=28393) to work on /opt/airflow/dags/arsenal_auto_match_scraper.py
[2026-01-16T09:09:19.247+0000] {processor.py:830} INFO - Processing file /opt/airflow/dags/arsenal_auto_match_scraper.py for tasks to queue
[2026-01-16T09:09:19.249+0000] {logging_mixin.py:188} INFO - [2026-01-16T09:09:19.248+0000] {dagbag.py:538} INFO - Filling up the DagBag from /opt/airflow/dags/arsenal_auto_match_scraper.py
[2026-01-16T09:09:19.347+0000] {processor.py:840} INFO - DAG(s) 'arsenal_auto_match_scraper' retrieved from /opt/airflow/dags/arsenal_auto_match_scraper.py
[2026-01-16T09:09:19.596+0000] {logging_mixin.py:188} INFO - [2026-01-16T09:09:19.595+0000] {dag.py:3036} INFO - Sync 1 DAGs
[2026-01-16T09:09:19.729+0000] {logging_mixin.py:188} INFO - [2026-01-16T09:09:19.727+0000] {dag.py:3823} INFO - Setting next_dagrun for arsenal_auto_match_scraper to 2026-01-16 08:00:00+00:00, run_after=2026-01-16 10:00:00+00:00
[2026-01-16T09:09:19.873+0000] {processor.py:183} INFO - Processing /opt/airflow/dags/arsenal_auto_match_scraper.py took 0.662 seconds
[2026-01-16T09:09:53.940+0000] {processor.py:161} INFO - Started process (PID=28416) to work on /opt/airflow/dags/arsenal_auto_match_scraper.py
[2026-01-16T09:09:53.944+0000] {processor.py:830} INFO - Processing file /opt/airflow/dags/arsenal_auto_match_scraper.py for tasks to queue
[2026-01-16T09:09:53.946+0000] {logging_mixin.py:188} INFO - [2026-01-16T09:09:53.945+0000] {dagbag.py:538} INFO - Filling up the DagBag from /opt/airflow/dags/arsenal_auto_match_scraper.py
[2026-01-16T09:09:54.245+0000] {processor.py:840} INFO - DAG(s) 'arsenal_auto_match_scraper' retrieved from /opt/airflow/dags/arsenal_auto_match_scraper.py
[2026-01-16T09:09:54.284+0000] {logging_mixin.py:188} INFO - [2026-01-16T09:09:54.284+0000] {dag.py:3036} INFO - Sync 1 DAGs
[2026-01-16T09:09:54.318+0000] {logging_mixin.py:188} INFO - [2026-01-16T09:09:54.318+0000] {dag.py:3823} INFO - Setting next_dagrun for arsenal_auto_match_scraper to 2026-01-16 08:00:00+00:00, run_after=2026-01-16 10:00:00+00:00
[2026-01-16T09:09:54.453+0000] {processor.py:183} INFO - Processing /opt/airflow/dags/arsenal_auto_match_scraper.py took 0.517 seconds
[2026-01-16T09:10:30.320+0000] {processor.py:161} INFO - Started process (PID=28435) to work on /opt/airflow/dags/arsenal_auto_match_scraper.py
[2026-01-16T09:10:30.349+0000] {processor.py:830} INFO - Processing file /opt/airflow/dags/arsenal_auto_match_scraper.py for tasks to queue
[2026-01-16T09:10:30.351+0000] {logging_mixin.py:188} INFO - [2026-01-16T09:10:30.350+0000] {dagbag.py:538} INFO - Filling up the DagBag from /opt/airflow/dags/arsenal_auto_match_scraper.py
[2026-01-16T09:10:30.444+0000] {processor.py:840} INFO - DAG(s) 'arsenal_auto_match_scraper' retrieved from /opt/airflow/dags/arsenal_auto_match_scraper.py
[2026-01-16T09:10:30.694+0000] {logging_mixin.py:188} INFO - [2026-01-16T09:10:30.694+0000] {dag.py:3036} INFO - Sync 1 DAGs
[2026-01-16T09:10:30.734+0000] {logging_mixin.py:188} INFO - [2026-01-16T09:10:30.734+0000] {dag.py:3823} INFO - Setting next_dagrun for arsenal_auto_match_scraper to 2026-01-16 08:00:00+00:00, run_after=2026-01-16 10:00:00+00:00
[2026-01-16T09:10:30.850+0000] {processor.py:183} INFO - Processing /opt/airflow/dags/arsenal_auto_match_scraper.py took 0.535 seconds
[2026-01-16T09:11:04.796+0000] {processor.py:161} INFO - Started process (PID=28456) to work on /opt/airflow/dags/arsenal_auto_match_scraper.py
[2026-01-16T09:11:04.859+0000] {processor.py:830} INFO - Processing file /opt/airflow/dags/arsenal_auto_match_scraper.py for tasks to queue
[2026-01-16T09:11:04.860+0000] {logging_mixin.py:188} INFO - [2026-01-16T09:11:04.860+0000] {dagbag.py:538} INFO - Filling up the DagBag from /opt/airflow/dags/arsenal_auto_match_scraper.py
[2026-01-16T09:11:05.165+0000] {processor.py:840} INFO - DAG(s) 'arsenal_auto_match_scraper' retrieved from /opt/airflow/dags/arsenal_auto_match_scraper.py
[2026-01-16T09:11:05.203+0000] {logging_mixin.py:188} INFO - [2026-01-16T09:11:05.203+0000] {dag.py:3036} INFO - Sync 1 DAGs
[2026-01-16T09:11:05.238+0000] {logging_mixin.py:188} INFO - [2026-01-16T09:11:05.237+0000] {dag.py:3823} INFO - Setting next_dagrun for arsenal_auto_match_scraper to 2026-01-16 08:00:00+00:00, run_after=2026-01-16 10:00:00+00:00
[2026-01-16T09:11:05.332+0000] {processor.py:183} INFO - Processing /opt/airflow/dags/arsenal_auto_match_scraper.py took 0.542 seconds
[2026-01-16T09:11:41.310+0000] {processor.py:161} INFO - Started process (PID=28477) to work on /opt/airflow/dags/arsenal_auto_match_scraper.py
[2026-01-16T09:11:41.336+0000] {processor.py:830} INFO - Processing file /opt/airflow/dags/arsenal_auto_match_scraper.py for tasks to queue
[2026-01-16T09:11:41.338+0000] {logging_mixin.py:188} INFO - [2026-01-16T09:11:41.337+0000] {dagbag.py:538} INFO - Filling up the DagBag from /opt/airflow/dags/arsenal_auto_match_scraper.py
[2026-01-16T09:11:41.632+0000] {processor.py:840} INFO - DAG(s) 'arsenal_auto_match_scraper' retrieved from /opt/airflow/dags/arsenal_auto_match_scraper.py
[2026-01-16T09:11:41.772+0000] {logging_mixin.py:188} INFO - [2026-01-16T09:11:41.771+0000] {dag.py:3036} INFO - Sync 1 DAGs
[2026-01-16T09:11:41.838+0000] {logging_mixin.py:188} INFO - [2026-01-16T09:11:41.838+0000] {dag.py:3823} INFO - Setting next_dagrun for arsenal_auto_match_scraper to 2026-01-16 08:00:00+00:00, run_after=2026-01-16 10:00:00+00:00
[2026-01-16T09:11:42.038+0000] {processor.py:183} INFO - Processing /opt/airflow/dags/arsenal_auto_match_scraper.py took 0.734 seconds
[2026-01-16T09:12:13.656+0000] {processor.py:161} INFO - Started process (PID=28498) to work on /opt/airflow/dags/arsenal_auto_match_scraper.py
[2026-01-16T09:12:13.669+0000] {processor.py:830} INFO - Processing file /opt/airflow/dags/arsenal_auto_match_scraper.py for tasks to queue
[2026-01-16T09:12:13.670+0000] {logging_mixin.py:188} INFO - [2026-01-16T09:12:13.670+0000] {dagbag.py:538} INFO - Filling up the DagBag from /opt/airflow/dags/arsenal_auto_match_scraper.py
[2026-01-16T09:12:13.977+0000] {processor.py:840} INFO - DAG(s) 'arsenal_auto_match_scraper' retrieved from /opt/airflow/dags/arsenal_auto_match_scraper.py
[2026-01-16T09:12:14.015+0000] {logging_mixin.py:188} INFO - [2026-01-16T09:12:14.014+0000] {dag.py:3036} INFO - Sync 1 DAGs
[2026-01-16T09:12:14.048+0000] {logging_mixin.py:188} INFO - [2026-01-16T09:12:14.048+0000] {dag.py:3823} INFO - Setting next_dagrun for arsenal_auto_match_scraper to 2026-01-16 08:00:00+00:00, run_after=2026-01-16 10:00:00+00:00
[2026-01-16T09:12:14.293+0000] {processor.py:183} INFO - Processing /opt/airflow/dags/arsenal_auto_match_scraper.py took 0.643 seconds
[2026-01-16T09:12:50.012+0000] {processor.py:161} INFO - Started process (PID=28521) to work on /opt/airflow/dags/arsenal_auto_match_scraper.py
[2026-01-16T09:12:50.032+0000] {processor.py:830} INFO - Processing file /opt/airflow/dags/arsenal_auto_match_scraper.py for tasks to queue
[2026-01-16T09:12:50.033+0000] {logging_mixin.py:188} INFO - [2026-01-16T09:12:50.033+0000] {dagbag.py:538} INFO - Filling up the DagBag from /opt/airflow/dags/arsenal_auto_match_scraper.py
[2026-01-16T09:12:50.321+0000] {processor.py:840} INFO - DAG(s) 'arsenal_auto_match_scraper' retrieved from /opt/airflow/dags/arsenal_auto_match_scraper.py
[2026-01-16T09:12:50.360+0000] {logging_mixin.py:188} INFO - [2026-01-16T09:12:50.360+0000] {dag.py:3036} INFO - Sync 1 DAGs
[2026-01-16T09:12:50.393+0000] {logging_mixin.py:188} INFO - [2026-01-16T09:12:50.393+0000] {dag.py:3823} INFO - Setting next_dagrun for arsenal_auto_match_scraper to 2026-01-16 08:00:00+00:00, run_after=2026-01-16 10:00:00+00:00
[2026-01-16T09:12:50.506+0000] {processor.py:183} INFO - Processing /opt/airflow/dags/arsenal_auto_match_scraper.py took 0.499 seconds
[2026-01-16T09:13:24.402+0000] {processor.py:161} INFO - Started process (PID=28540) to work on /opt/airflow/dags/arsenal_auto_match_scraper.py
[2026-01-16T09:13:24.467+0000] {processor.py:830} INFO - Processing file /opt/airflow/dags/arsenal_auto_match_scraper.py for tasks to queue
[2026-01-16T09:13:24.468+0000] {logging_mixin.py:188} INFO - [2026-01-16T09:13:24.468+0000] {dagbag.py:538} INFO - Filling up the DagBag from /opt/airflow/dags/arsenal_auto_match_scraper.py
[2026-01-16T09:13:24.562+0000] {processor.py:840} INFO - DAG(s) 'arsenal_auto_match_scraper' retrieved from /opt/airflow/dags/arsenal_auto_match_scraper.py
[2026-01-16T09:13:24.602+0000] {logging_mixin.py:188} INFO - [2026-01-16T09:13:24.602+0000] {dag.py:3036} INFO - Sync 1 DAGs
[2026-01-16T09:13:24.645+0000] {logging_mixin.py:188} INFO - [2026-01-16T09:13:24.644+0000] {dag.py:3823} INFO - Setting next_dagrun for arsenal_auto_match_scraper to 2026-01-16 08:00:00+00:00, run_after=2026-01-16 10:00:00+00:00
[2026-01-16T09:13:25.070+0000] {processor.py:183} INFO - Processing /opt/airflow/dags/arsenal_auto_match_scraper.py took 0.674 seconds
[2026-01-16T09:14:01.547+0000] {processor.py:161} INFO - Started process (PID=28564) to work on /opt/airflow/dags/arsenal_auto_match_scraper.py
[2026-01-16T09:14:01.938+0000] {processor.py:830} INFO - Processing file /opt/airflow/dags/arsenal_auto_match_scraper.py for tasks to queue
[2026-01-16T09:14:01.940+0000] {logging_mixin.py:188} INFO - [2026-01-16T09:14:01.939+0000] {dagbag.py:538} INFO - Filling up the DagBag from /opt/airflow/dags/arsenal_auto_match_scraper.py
[2026-01-16T09:14:02.036+0000] {processor.py:840} INFO - DAG(s) 'arsenal_auto_match_scraper' retrieved from /opt/airflow/dags/arsenal_auto_match_scraper.py
[2026-01-16T09:14:02.077+0000] {logging_mixin.py:188} INFO - [2026-01-16T09:14:02.077+0000] {dag.py:3036} INFO - Sync 1 DAGs
[2026-01-16T09:14:02.112+0000] {logging_mixin.py:188} INFO - [2026-01-16T09:14:02.112+0000] {dag.py:3823} INFO - Setting next_dagrun for arsenal_auto_match_scraper to 2026-01-16 08:00:00+00:00, run_after=2026-01-16 10:00:00+00:00
[2026-01-16T09:14:02.442+0000] {processor.py:183} INFO - Processing /opt/airflow/dags/arsenal_auto_match_scraper.py took 0.901 seconds
[2026-01-16T09:14:36.534+0000] {processor.py:161} INFO - Started process (PID=28588) to work on /opt/airflow/dags/arsenal_auto_match_scraper.py
[2026-01-16T09:14:36.737+0000] {processor.py:830} INFO - Processing file /opt/airflow/dags/arsenal_auto_match_scraper.py for tasks to queue
[2026-01-16T09:14:36.738+0000] {logging_mixin.py:188} INFO - [2026-01-16T09:14:36.738+0000] {dagbag.py:538} INFO - Filling up the DagBag from /opt/airflow/dags/arsenal_auto_match_scraper.py
[2026-01-16T09:14:37.341+0000] {processor.py:840} INFO - DAG(s) 'arsenal_auto_match_scraper' retrieved from /opt/airflow/dags/arsenal_auto_match_scraper.py
[2026-01-16T09:14:37.389+0000] {logging_mixin.py:188} INFO - [2026-01-16T09:14:37.388+0000] {dag.py:3036} INFO - Sync 1 DAGs
[2026-01-16T09:14:37.448+0000] {logging_mixin.py:188} INFO - [2026-01-16T09:14:37.447+0000] {dag.py:3823} INFO - Setting next_dagrun for arsenal_auto_match_scraper to 2026-01-16 08:00:00+00:00, run_after=2026-01-16 10:00:00+00:00
[2026-01-16T09:14:41.560+0000] {processor.py:183} INFO - Processing /opt/airflow/dags/arsenal_auto_match_scraper.py took 5.033 seconds
[2026-01-16T09:15:13.162+0000] {processor.py:161} INFO - Started process (PID=28611) to work on /opt/airflow/dags/arsenal_auto_match_scraper.py
[2026-01-16T09:15:13.453+0000] {processor.py:830} INFO - Processing file /opt/airflow/dags/arsenal_auto_match_scraper.py for tasks to queue
[2026-01-16T09:15:13.457+0000] {logging_mixin.py:188} INFO - [2026-01-16T09:15:13.454+0000] {dagbag.py:538} INFO - Filling up the DagBag from /opt/airflow/dags/arsenal_auto_match_scraper.py
[2026-01-16T09:15:13.626+0000] {processor.py:840} INFO - DAG(s) 'arsenal_auto_match_scraper' retrieved from /opt/airflow/dags/arsenal_auto_match_scraper.py
[2026-01-16T09:15:13.698+0000] {logging_mixin.py:188} INFO - [2026-01-16T09:15:13.697+0000] {dag.py:3036} INFO - Sync 1 DAGs
[2026-01-16T09:15:13.767+0000] {logging_mixin.py:188} INFO - [2026-01-16T09:15:13.767+0000] {dag.py:3823} INFO - Setting next_dagrun for arsenal_auto_match_scraper to 2026-01-16 08:00:00+00:00, run_after=2026-01-16 10:00:00+00:00
[2026-01-16T09:15:13.864+0000] {processor.py:183} INFO - Processing /opt/airflow/dags/arsenal_auto_match_scraper.py took 0.707 seconds
[2026-01-16T09:15:45.196+0000] {processor.py:161} INFO - Started process (PID=28632) to work on /opt/airflow/dags/arsenal_auto_match_scraper.py
[2026-01-16T09:15:45.205+0000] {processor.py:830} INFO - Processing file /opt/airflow/dags/arsenal_auto_match_scraper.py for tasks to queue
[2026-01-16T09:15:45.206+0000] {logging_mixin.py:188} INFO - [2026-01-16T09:15:45.205+0000] {dagbag.py:538} INFO - Filling up the DagBag from /opt/airflow/dags/arsenal_auto_match_scraper.py
[2026-01-16T09:15:45.296+0000] {processor.py:840} INFO - DAG(s) 'arsenal_auto_match_scraper' retrieved from /opt/airflow/dags/arsenal_auto_match_scraper.py
[2026-01-16T09:15:45.337+0000] {logging_mixin.py:188} INFO - [2026-01-16T09:15:45.337+0000] {dag.py:3036} INFO - Sync 1 DAGs
[2026-01-16T09:15:45.374+0000] {logging_mixin.py:188} INFO - [2026-01-16T09:15:45.374+0000] {dag.py:3823} INFO - Setting next_dagrun for arsenal_auto_match_scraper to 2026-01-16 08:00:00+00:00, run_after=2026-01-16 10:00:00+00:00
[2026-01-16T09:15:45.615+0000] {processor.py:183} INFO - Processing /opt/airflow/dags/arsenal_auto_match_scraper.py took 0.425 seconds
[2026-01-16T09:16:21.291+0000] {processor.py:161} INFO - Started process (PID=28651) to work on /opt/airflow/dags/arsenal_auto_match_scraper.py
[2026-01-16T09:16:21.333+0000] {processor.py:830} INFO - Processing file /opt/airflow/dags/arsenal_auto_match_scraper.py for tasks to queue
[2026-01-16T09:16:21.335+0000] {logging_mixin.py:188} INFO - [2026-01-16T09:16:21.335+0000] {dagbag.py:538} INFO - Filling up the DagBag from /opt/airflow/dags/arsenal_auto_match_scraper.py
[2026-01-16T09:16:21.460+0000] {processor.py:840} INFO - DAG(s) 'arsenal_auto_match_scraper' retrieved from /opt/airflow/dags/arsenal_auto_match_scraper.py
[2026-01-16T09:16:21.513+0000] {logging_mixin.py:188} INFO - [2026-01-16T09:16:21.513+0000] {dag.py:3036} INFO - Sync 1 DAGs
[2026-01-16T09:16:21.565+0000] {logging_mixin.py:188} INFO - [2026-01-16T09:16:21.564+0000] {dag.py:3823} INFO - Setting next_dagrun for arsenal_auto_match_scraper to 2026-01-16 08:00:00+00:00, run_after=2026-01-16 10:00:00+00:00
[2026-01-16T09:16:21.662+0000] {processor.py:183} INFO - Processing /opt/airflow/dags/arsenal_auto_match_scraper.py took 0.377 seconds
[2026-01-16T09:16:56.119+0000] {processor.py:161} INFO - Started process (PID=28672) to work on /opt/airflow/dags/arsenal_auto_match_scraper.py
[2026-01-16T09:16:56.160+0000] {processor.py:830} INFO - Processing file /opt/airflow/dags/arsenal_auto_match_scraper.py for tasks to queue
[2026-01-16T09:16:56.163+0000] {logging_mixin.py:188} INFO - [2026-01-16T09:16:56.162+0000] {dagbag.py:538} INFO - Filling up the DagBag from /opt/airflow/dags/arsenal_auto_match_scraper.py
[2026-01-16T09:16:56.308+0000] {processor.py:840} INFO - DAG(s) 'arsenal_auto_match_scraper' retrieved from /opt/airflow/dags/arsenal_auto_match_scraper.py
[2026-01-16T09:16:56.368+0000] {logging_mixin.py:188} INFO - [2026-01-16T09:16:56.367+0000] {dag.py:3036} INFO - Sync 1 DAGs
[2026-01-16T09:16:56.418+0000] {logging_mixin.py:188} INFO - [2026-01-16T09:16:56.418+0000] {dag.py:3823} INFO - Setting next_dagrun for arsenal_auto_match_scraper to 2026-01-16 08:00:00+00:00, run_after=2026-01-16 10:00:00+00:00
[2026-01-16T09:16:56.483+0000] {processor.py:183} INFO - Processing /opt/airflow/dags/arsenal_auto_match_scraper.py took 0.371 seconds
[2026-01-16T09:17:33.539+0000] {processor.py:161} INFO - Started process (PID=28693) to work on /opt/airflow/dags/arsenal_auto_match_scraper.py
[2026-01-16T09:17:33.789+0000] {processor.py:830} INFO - Processing file /opt/airflow/dags/arsenal_auto_match_scraper.py for tasks to queue
[2026-01-16T09:17:33.790+0000] {logging_mixin.py:188} INFO - [2026-01-16T09:17:33.790+0000] {dagbag.py:538} INFO - Filling up the DagBag from /opt/airflow/dags/arsenal_auto_match_scraper.py
[2026-01-16T09:17:33.915+0000] {processor.py:840} INFO - DAG(s) 'arsenal_auto_match_scraper' retrieved from /opt/airflow/dags/arsenal_auto_match_scraper.py
[2026-01-16T09:17:33.975+0000] {logging_mixin.py:188} INFO - [2026-01-16T09:17:33.974+0000] {dag.py:3036} INFO - Sync 1 DAGs
[2026-01-16T09:17:34.027+0000] {logging_mixin.py:188} INFO - [2026-01-16T09:17:34.027+0000] {dag.py:3823} INFO - Setting next_dagrun for arsenal_auto_match_scraper to 2026-01-16 08:00:00+00:00, run_after=2026-01-16 10:00:00+00:00
[2026-01-16T09:17:34.111+0000] {processor.py:183} INFO - Processing /opt/airflow/dags/arsenal_auto_match_scraper.py took 0.577 seconds
[2026-01-16T09:18:05.041+0000] {processor.py:161} INFO - Started process (PID=28714) to work on /opt/airflow/dags/arsenal_auto_match_scraper.py
[2026-01-16T09:18:05.071+0000] {processor.py:830} INFO - Processing file /opt/airflow/dags/arsenal_auto_match_scraper.py for tasks to queue
[2026-01-16T09:18:05.072+0000] {logging_mixin.py:188} INFO - [2026-01-16T09:18:05.072+0000] {dagbag.py:538} INFO - Filling up the DagBag from /opt/airflow/dags/arsenal_auto_match_scraper.py
[2026-01-16T09:18:05.168+0000] {processor.py:840} INFO - DAG(s) 'arsenal_auto_match_scraper' retrieved from /opt/airflow/dags/arsenal_auto_match_scraper.py
[2026-01-16T09:18:05.211+0000] {logging_mixin.py:188} INFO - [2026-01-16T09:18:05.211+0000] {dag.py:3036} INFO - Sync 1 DAGs
[2026-01-16T09:18:05.250+0000] {logging_mixin.py:188} INFO - [2026-01-16T09:18:05.250+0000] {dag.py:3823} INFO - Setting next_dagrun for arsenal_auto_match_scraper to 2026-01-16 08:00:00+00:00, run_after=2026-01-16 10:00:00+00:00
[2026-01-16T09:18:05.700+0000] {processor.py:183} INFO - Processing /opt/airflow/dags/arsenal_auto_match_scraper.py took 0.665 seconds
[2026-01-16T09:18:41.133+0000] {processor.py:161} INFO - Started process (PID=28735) to work on /opt/airflow/dags/arsenal_auto_match_scraper.py
[2026-01-16T09:18:41.406+0000] {processor.py:830} INFO - Processing file /opt/airflow/dags/arsenal_auto_match_scraper.py for tasks to queue
[2026-01-16T09:18:41.412+0000] {logging_mixin.py:188} INFO - [2026-01-16T09:18:41.409+0000] {dagbag.py:538} INFO - Filling up the DagBag from /opt/airflow/dags/arsenal_auto_match_scraper.py
[2026-01-16T09:18:41.590+0000] {processor.py:840} INFO - DAG(s) 'arsenal_auto_match_scraper' retrieved from /opt/airflow/dags/arsenal_auto_match_scraper.py
[2026-01-16T09:18:41.658+0000] {logging_mixin.py:188} INFO - [2026-01-16T09:18:41.657+0000] {dag.py:3036} INFO - Sync 1 DAGs
[2026-01-16T09:18:41.717+0000] {logging_mixin.py:188} INFO - [2026-01-16T09:18:41.716+0000] {dag.py:3823} INFO - Setting next_dagrun for arsenal_auto_match_scraper to 2026-01-16 08:00:00+00:00, run_after=2026-01-16 10:00:00+00:00
[2026-01-16T09:18:41.852+0000] {processor.py:183} INFO - Processing /opt/airflow/dags/arsenal_auto_match_scraper.py took 0.724 seconds
[2026-01-16T09:19:14.144+0000] {processor.py:161} INFO - Started process (PID=28756) to work on /opt/airflow/dags/arsenal_auto_match_scraper.py
[2026-01-16T09:19:14.215+0000] {processor.py:830} INFO - Processing file /opt/airflow/dags/arsenal_auto_match_scraper.py for tasks to queue
[2026-01-16T09:19:14.216+0000] {logging_mixin.py:188} INFO - [2026-01-16T09:19:14.216+0000] {dagbag.py:538} INFO - Filling up the DagBag from /opt/airflow/dags/arsenal_auto_match_scraper.py
[2026-01-16T09:19:14.334+0000] {processor.py:840} INFO - DAG(s) 'arsenal_auto_match_scraper' retrieved from /opt/airflow/dags/arsenal_auto_match_scraper.py
[2026-01-16T09:19:14.401+0000] {logging_mixin.py:188} INFO - [2026-01-16T09:19:14.400+0000] {dag.py:3036} INFO - Sync 1 DAGs
[2026-01-16T09:19:14.451+0000] {logging_mixin.py:188} INFO - [2026-01-16T09:19:14.451+0000] {dag.py:3823} INFO - Setting next_dagrun for arsenal_auto_match_scraper to 2026-01-16 08:00:00+00:00, run_after=2026-01-16 10:00:00+00:00
[2026-01-16T09:19:14.790+0000] {processor.py:183} INFO - Processing /opt/airflow/dags/arsenal_auto_match_scraper.py took 0.653 seconds
[2026-01-16T09:19:51.017+0000] {processor.py:161} INFO - Started process (PID=28779) to work on /opt/airflow/dags/arsenal_auto_match_scraper.py
[2026-01-16T09:19:51.027+0000] {processor.py:830} INFO - Processing file /opt/airflow/dags/arsenal_auto_match_scraper.py for tasks to queue
[2026-01-16T09:19:51.029+0000] {logging_mixin.py:188} INFO - [2026-01-16T09:19:51.028+0000] {dagbag.py:538} INFO - Filling up the DagBag from /opt/airflow/dags/arsenal_auto_match_scraper.py
[2026-01-16T09:19:51.162+0000] {processor.py:840} INFO - DAG(s) 'arsenal_auto_match_scraper' retrieved from /opt/airflow/dags/arsenal_auto_match_scraper.py
[2026-01-16T09:19:51.220+0000] {logging_mixin.py:188} INFO - [2026-01-16T09:19:51.220+0000] {dag.py:3036} INFO - Sync 1 DAGs
[2026-01-16T09:19:51.262+0000] {logging_mixin.py:188} INFO - [2026-01-16T09:19:51.262+0000] {dag.py:3823} INFO - Setting next_dagrun for arsenal_auto_match_scraper to 2026-01-16 08:00:00+00:00, run_after=2026-01-16 10:00:00+00:00
[2026-01-16T09:19:51.477+0000] {processor.py:183} INFO - Processing /opt/airflow/dags/arsenal_auto_match_scraper.py took 0.468 seconds
[2026-01-16T09:20:22.604+0000] {processor.py:161} INFO - Started process (PID=28800) to work on /opt/airflow/dags/arsenal_auto_match_scraper.py
[2026-01-16T09:20:22.908+0000] {processor.py:830} INFO - Processing file /opt/airflow/dags/arsenal_auto_match_scraper.py for tasks to queue
[2026-01-16T09:20:22.910+0000] {logging_mixin.py:188} INFO - [2026-01-16T09:20:22.909+0000] {dagbag.py:538} INFO - Filling up the DagBag from /opt/airflow/dags/arsenal_auto_match_scraper.py
[2026-01-16T09:20:23.167+0000] {processor.py:840} INFO - DAG(s) 'arsenal_auto_match_scraper' retrieved from /opt/airflow/dags/arsenal_auto_match_scraper.py
[2026-01-16T09:20:23.313+0000] {logging_mixin.py:188} INFO - [2026-01-16T09:20:23.312+0000] {dag.py:3036} INFO - Sync 1 DAGs
[2026-01-16T09:20:23.433+0000] {logging_mixin.py:188} INFO - [2026-01-16T09:20:23.432+0000] {dag.py:3823} INFO - Setting next_dagrun for arsenal_auto_match_scraper to 2026-01-16 08:00:00+00:00, run_after=2026-01-16 10:00:00+00:00
[2026-01-16T09:20:23.534+0000] {processor.py:183} INFO - Processing /opt/airflow/dags/arsenal_auto_match_scraper.py took 0.937 seconds
[2026-01-16T09:20:57.588+0000] {processor.py:161} INFO - Started process (PID=28819) to work on /opt/airflow/dags/arsenal_auto_match_scraper.py
[2026-01-16T09:20:57.636+0000] {processor.py:830} INFO - Processing file /opt/airflow/dags/arsenal_auto_match_scraper.py for tasks to queue
[2026-01-16T09:20:57.638+0000] {logging_mixin.py:188} INFO - [2026-01-16T09:20:57.637+0000] {dagbag.py:538} INFO - Filling up the DagBag from /opt/airflow/dags/arsenal_auto_match_scraper.py
[2026-01-16T09:20:57.764+0000] {processor.py:840} INFO - DAG(s) 'arsenal_auto_match_scraper' retrieved from /opt/airflow/dags/arsenal_auto_match_scraper.py
[2026-01-16T09:20:57.817+0000] {logging_mixin.py:188} INFO - [2026-01-16T09:20:57.817+0000] {dag.py:3036} INFO - Sync 1 DAGs
[2026-01-16T09:20:57.865+0000] {logging_mixin.py:188} INFO - [2026-01-16T09:20:57.865+0000] {dag.py:3823} INFO - Setting next_dagrun for arsenal_auto_match_scraper to 2026-01-16 08:00:00+00:00, run_after=2026-01-16 10:00:00+00:00
[2026-01-16T09:20:58.138+0000] {processor.py:183} INFO - Processing /opt/airflow/dags/arsenal_auto_match_scraper.py took 0.562 seconds
[2026-01-16T09:21:34.690+0000] {processor.py:161} INFO - Started process (PID=28840) to work on /opt/airflow/dags/arsenal_auto_match_scraper.py
[2026-01-16T09:21:34.775+0000] {processor.py:830} INFO - Processing file /opt/airflow/dags/arsenal_auto_match_scraper.py for tasks to queue
[2026-01-16T09:21:34.777+0000] {logging_mixin.py:188} INFO - [2026-01-16T09:21:34.776+0000] {dagbag.py:538} INFO - Filling up the DagBag from /opt/airflow/dags/arsenal_auto_match_scraper.py
[2026-01-16T09:21:34.924+0000] {processor.py:840} INFO - DAG(s) 'arsenal_auto_match_scraper' retrieved from /opt/airflow/dags/arsenal_auto_match_scraper.py
[2026-01-16T09:21:34.976+0000] {logging_mixin.py:188} INFO - [2026-01-16T09:21:34.976+0000] {dag.py:3036} INFO - Sync 1 DAGs
[2026-01-16T09:21:35.019+0000] {logging_mixin.py:188} INFO - [2026-01-16T09:21:35.019+0000] {dag.py:3823} INFO - Setting next_dagrun for arsenal_auto_match_scraper to 2026-01-16 08:00:00+00:00, run_after=2026-01-16 10:00:00+00:00
[2026-01-16T09:21:35.314+0000] {processor.py:183} INFO - Processing /opt/airflow/dags/arsenal_auto_match_scraper.py took 0.631 seconds
[2026-01-16T09:22:08.587+0000] {processor.py:161} INFO - Started process (PID=28861) to work on /opt/airflow/dags/arsenal_auto_match_scraper.py
[2026-01-16T09:22:08.614+0000] {processor.py:830} INFO - Processing file /opt/airflow/dags/arsenal_auto_match_scraper.py for tasks to queue
[2026-01-16T09:22:08.616+0000] {logging_mixin.py:188} INFO - [2026-01-16T09:22:08.615+0000] {dagbag.py:538} INFO - Filling up the DagBag from /opt/airflow/dags/arsenal_auto_match_scraper.py
[2026-01-16T09:22:08.755+0000] {processor.py:840} INFO - DAG(s) 'arsenal_auto_match_scraper' retrieved from /opt/airflow/dags/arsenal_auto_match_scraper.py
[2026-01-16T09:22:08.828+0000] {logging_mixin.py:188} INFO - [2026-01-16T09:22:08.828+0000] {dag.py:3036} INFO - Sync 1 DAGs
[2026-01-16T09:22:08.891+0000] {logging_mixin.py:188} INFO - [2026-01-16T09:22:08.891+0000] {dag.py:3823} INFO - Setting next_dagrun for arsenal_auto_match_scraper to 2026-01-16 08:00:00+00:00, run_after=2026-01-16 10:00:00+00:00
[2026-01-16T09:22:09.305+0000] {processor.py:183} INFO - Processing /opt/airflow/dags/arsenal_auto_match_scraper.py took 0.726 seconds
[2026-01-16T09:22:42.674+0000] {processor.py:161} INFO - Started process (PID=28884) to work on /opt/airflow/dags/arsenal_auto_match_scraper.py
[2026-01-16T09:22:42.742+0000] {processor.py:830} INFO - Processing file /opt/airflow/dags/arsenal_auto_match_scraper.py for tasks to queue
[2026-01-16T09:22:42.744+0000] {logging_mixin.py:188} INFO - [2026-01-16T09:22:42.743+0000] {dagbag.py:538} INFO - Filling up the DagBag from /opt/airflow/dags/arsenal_auto_match_scraper.py
[2026-01-16T09:22:42.891+0000] {processor.py:840} INFO - DAG(s) 'arsenal_auto_match_scraper' retrieved from /opt/airflow/dags/arsenal_auto_match_scraper.py
[2026-01-16T09:22:42.964+0000] {logging_mixin.py:188} INFO - [2026-01-16T09:22:42.963+0000] {dag.py:3036} INFO - Sync 1 DAGs
[2026-01-16T09:22:43.015+0000] {logging_mixin.py:188} INFO - [2026-01-16T09:22:43.015+0000] {dag.py:3823} INFO - Setting next_dagrun for arsenal_auto_match_scraper to 2026-01-16 08:00:00+00:00, run_after=2026-01-16 10:00:00+00:00
[2026-01-16T09:22:43.303+0000] {processor.py:183} INFO - Processing /opt/airflow/dags/arsenal_auto_match_scraper.py took 0.635 seconds
[2026-01-16T09:23:22.165+0000] {processor.py:161} INFO - Started process (PID=28905) to work on /opt/airflow/dags/arsenal_auto_match_scraper.py
[2026-01-16T09:23:22.288+0000] {processor.py:830} INFO - Processing file /opt/airflow/dags/arsenal_auto_match_scraper.py for tasks to queue
[2026-01-16T09:23:22.292+0000] {logging_mixin.py:188} INFO - [2026-01-16T09:23:22.290+0000] {dagbag.py:538} INFO - Filling up the DagBag from /opt/airflow/dags/arsenal_auto_match_scraper.py
[2026-01-16T09:23:22.513+0000] {processor.py:840} INFO - DAG(s) 'arsenal_auto_match_scraper' retrieved from /opt/airflow/dags/arsenal_auto_match_scraper.py
[2026-01-16T09:23:22.585+0000] {logging_mixin.py:188} INFO - [2026-01-16T09:23:22.585+0000] {dag.py:3036} INFO - Sync 1 DAGs
[2026-01-16T09:23:22.650+0000] {logging_mixin.py:188} INFO - [2026-01-16T09:23:22.650+0000] {dag.py:3823} INFO - Setting next_dagrun for arsenal_auto_match_scraper to 2026-01-16 08:00:00+00:00, run_after=2026-01-16 10:00:00+00:00
[2026-01-16T09:23:22.820+0000] {processor.py:183} INFO - Processing /opt/airflow/dags/arsenal_auto_match_scraper.py took 0.668 seconds
[2026-01-16T09:23:54.072+0000] {processor.py:161} INFO - Started process (PID=28924) to work on /opt/airflow/dags/arsenal_auto_match_scraper.py
[2026-01-16T09:23:54.143+0000] {processor.py:830} INFO - Processing file /opt/airflow/dags/arsenal_auto_match_scraper.py for tasks to queue
[2026-01-16T09:23:54.149+0000] {logging_mixin.py:188} INFO - [2026-01-16T09:23:54.146+0000] {dagbag.py:538} INFO - Filling up the DagBag from /opt/airflow/dags/arsenal_auto_match_scraper.py
[2026-01-16T09:23:54.420+0000] {processor.py:840} INFO - DAG(s) 'arsenal_auto_match_scraper' retrieved from /opt/airflow/dags/arsenal_auto_match_scraper.py
[2026-01-16T09:23:54.545+0000] {logging_mixin.py:188} INFO - [2026-01-16T09:23:54.544+0000] {dag.py:3036} INFO - Sync 1 DAGs
[2026-01-16T09:23:54.649+0000] {logging_mixin.py:188} INFO - [2026-01-16T09:23:54.648+0000] {dag.py:3823} INFO - Setting next_dagrun for arsenal_auto_match_scraper to 2026-01-16 08:00:00+00:00, run_after=2026-01-16 10:00:00+00:00
[2026-01-16T09:23:55.173+0000] {processor.py:183} INFO - Processing /opt/airflow/dags/arsenal_auto_match_scraper.py took 1.114 seconds
[2026-01-16T09:24:29.672+0000] {processor.py:161} INFO - Started process (PID=28948) to work on /opt/airflow/dags/arsenal_auto_match_scraper.py
[2026-01-16T09:24:29.809+0000] {processor.py:830} INFO - Processing file /opt/airflow/dags/arsenal_auto_match_scraper.py for tasks to queue
[2026-01-16T09:24:29.810+0000] {logging_mixin.py:188} INFO - [2026-01-16T09:24:29.810+0000] {dagbag.py:538} INFO - Filling up the DagBag from /opt/airflow/dags/arsenal_auto_match_scraper.py
[2026-01-16T09:24:29.960+0000] {processor.py:840} INFO - DAG(s) 'arsenal_auto_match_scraper' retrieved from /opt/airflow/dags/arsenal_auto_match_scraper.py
[2026-01-16T09:24:30.035+0000] {logging_mixin.py:188} INFO - [2026-01-16T09:24:30.034+0000] {dag.py:3036} INFO - Sync 1 DAGs
[2026-01-16T09:24:30.100+0000] {logging_mixin.py:188} INFO - [2026-01-16T09:24:30.099+0000] {dag.py:3823} INFO - Setting next_dagrun for arsenal_auto_match_scraper to 2026-01-16 08:00:00+00:00, run_after=2026-01-16 10:00:00+00:00
[2026-01-16T09:24:30.530+0000] {processor.py:183} INFO - Processing /opt/airflow/dags/arsenal_auto_match_scraper.py took 0.866 seconds
[2026-01-16T09:25:03.853+0000] {processor.py:161} INFO - Started process (PID=28974) to work on /opt/airflow/dags/arsenal_auto_match_scraper.py
[2026-01-16T09:25:03.931+0000] {processor.py:830} INFO - Processing file /opt/airflow/dags/arsenal_auto_match_scraper.py for tasks to queue
[2026-01-16T09:25:03.933+0000] {logging_mixin.py:188} INFO - [2026-01-16T09:25:03.932+0000] {dagbag.py:538} INFO - Filling up the DagBag from /opt/airflow/dags/arsenal_auto_match_scraper.py
[2026-01-16T09:25:04.045+0000] {processor.py:840} INFO - DAG(s) 'arsenal_auto_match_scraper' retrieved from /opt/airflow/dags/arsenal_auto_match_scraper.py
[2026-01-16T09:25:04.113+0000] {logging_mixin.py:188} INFO - [2026-01-16T09:25:04.113+0000] {dag.py:3036} INFO - Sync 1 DAGs
[2026-01-16T09:25:04.167+0000] {logging_mixin.py:188} INFO - [2026-01-16T09:25:04.166+0000] {dag.py:3823} INFO - Setting next_dagrun for arsenal_auto_match_scraper to 2026-01-16 08:00:00+00:00, run_after=2026-01-16 10:00:00+00:00
[2026-01-16T09:25:04.557+0000] {processor.py:183} INFO - Processing /opt/airflow/dags/arsenal_auto_match_scraper.py took 0.711 seconds
[2026-01-16T09:25:37.643+0000] {processor.py:161} INFO - Started process (PID=28995) to work on /opt/airflow/dags/arsenal_auto_match_scraper.py
[2026-01-16T09:25:37.685+0000] {processor.py:830} INFO - Processing file /opt/airflow/dags/arsenal_auto_match_scraper.py for tasks to queue
[2026-01-16T09:25:37.687+0000] {logging_mixin.py:188} INFO - [2026-01-16T09:25:37.686+0000] {dagbag.py:538} INFO - Filling up the DagBag from /opt/airflow/dags/arsenal_auto_match_scraper.py
[2026-01-16T09:25:37.804+0000] {processor.py:840} INFO - DAG(s) 'arsenal_auto_match_scraper' retrieved from /opt/airflow/dags/arsenal_auto_match_scraper.py
[2026-01-16T09:25:37.859+0000] {logging_mixin.py:188} INFO - [2026-01-16T09:25:37.859+0000] {dag.py:3036} INFO - Sync 1 DAGs
[2026-01-16T09:25:37.903+0000] {logging_mixin.py:188} INFO - [2026-01-16T09:25:37.903+0000] {dag.py:3823} INFO - Setting next_dagrun for arsenal_auto_match_scraper to 2026-01-16 08:00:00+00:00, run_after=2026-01-16 10:00:00+00:00
[2026-01-16T09:25:38.128+0000] {processor.py:183} INFO - Processing /opt/airflow/dags/arsenal_auto_match_scraper.py took 0.492 seconds
[2026-01-16T09:26:12.612+0000] {processor.py:161} INFO - Started process (PID=29014) to work on /opt/airflow/dags/arsenal_auto_match_scraper.py
[2026-01-16T09:26:12.637+0000] {processor.py:830} INFO - Processing file /opt/airflow/dags/arsenal_auto_match_scraper.py for tasks to queue
[2026-01-16T09:26:12.640+0000] {logging_mixin.py:188} INFO - [2026-01-16T09:26:12.639+0000] {dagbag.py:538} INFO - Filling up the DagBag from /opt/airflow/dags/arsenal_auto_match_scraper.py
[2026-01-16T09:26:12.794+0000] {processor.py:840} INFO - DAG(s) 'arsenal_auto_match_scraper' retrieved from /opt/airflow/dags/arsenal_auto_match_scraper.py
[2026-01-16T09:26:12.870+0000] {logging_mixin.py:188} INFO - [2026-01-16T09:26:12.870+0000] {dag.py:3036} INFO - Sync 1 DAGs
[2026-01-16T09:26:12.932+0000] {logging_mixin.py:188} INFO - [2026-01-16T09:26:12.932+0000] {dag.py:3823} INFO - Setting next_dagrun for arsenal_auto_match_scraper to 2026-01-16 08:00:00+00:00, run_after=2026-01-16 10:00:00+00:00
[2026-01-16T09:26:13.312+0000] {processor.py:183} INFO - Processing /opt/airflow/dags/arsenal_auto_match_scraper.py took 0.708 seconds
[2026-01-16T09:26:47.618+0000] {processor.py:161} INFO - Started process (PID=29037) to work on /opt/airflow/dags/arsenal_auto_match_scraper.py
[2026-01-16T09:26:47.632+0000] {processor.py:830} INFO - Processing file /opt/airflow/dags/arsenal_auto_match_scraper.py for tasks to queue
[2026-01-16T09:26:47.633+0000] {logging_mixin.py:188} INFO - [2026-01-16T09:26:47.633+0000] {dagbag.py:538} INFO - Filling up the DagBag from /opt/airflow/dags/arsenal_auto_match_scraper.py
[2026-01-16T09:26:47.743+0000] {processor.py:840} INFO - DAG(s) 'arsenal_auto_match_scraper' retrieved from /opt/airflow/dags/arsenal_auto_match_scraper.py
[2026-01-16T09:26:47.816+0000] {logging_mixin.py:188} INFO - [2026-01-16T09:26:47.816+0000] {dag.py:3036} INFO - Sync 1 DAGs
[2026-01-16T09:26:47.877+0000] {logging_mixin.py:188} INFO - [2026-01-16T09:26:47.876+0000] {dag.py:3823} INFO - Setting next_dagrun for arsenal_auto_match_scraper to 2026-01-16 08:00:00+00:00, run_after=2026-01-16 10:00:00+00:00
[2026-01-16T09:26:48.258+0000] {processor.py:183} INFO - Processing /opt/airflow/dags/arsenal_auto_match_scraper.py took 0.648 seconds
[2026-01-16T09:27:22.609+0000] {processor.py:161} INFO - Started process (PID=29056) to work on /opt/airflow/dags/arsenal_auto_match_scraper.py
[2026-01-16T09:27:22.618+0000] {processor.py:830} INFO - Processing file /opt/airflow/dags/arsenal_auto_match_scraper.py for tasks to queue
[2026-01-16T09:27:22.621+0000] {logging_mixin.py:188} INFO - [2026-01-16T09:27:22.620+0000] {dagbag.py:538} INFO - Filling up the DagBag from /opt/airflow/dags/arsenal_auto_match_scraper.py
[2026-01-16T09:27:22.763+0000] {processor.py:840} INFO - DAG(s) 'arsenal_auto_match_scraper' retrieved from /opt/airflow/dags/arsenal_auto_match_scraper.py
[2026-01-16T09:27:22.834+0000] {logging_mixin.py:188} INFO - [2026-01-16T09:27:22.833+0000] {dag.py:3036} INFO - Sync 1 DAGs
[2026-01-16T09:27:22.898+0000] {logging_mixin.py:188} INFO - [2026-01-16T09:27:22.898+0000] {dag.py:3823} INFO - Setting next_dagrun for arsenal_auto_match_scraper to 2026-01-16 08:00:00+00:00, run_after=2026-01-16 10:00:00+00:00
[2026-01-16T09:27:23.415+0000] {processor.py:183} INFO - Processing /opt/airflow/dags/arsenal_auto_match_scraper.py took 0.815 seconds
[2026-01-16T09:28:00.357+0000] {processor.py:161} INFO - Started process (PID=29079) to work on /opt/airflow/dags/arsenal_auto_match_scraper.py
[2026-01-16T09:28:00.384+0000] {processor.py:830} INFO - Processing file /opt/airflow/dags/arsenal_auto_match_scraper.py for tasks to queue
[2026-01-16T09:28:00.388+0000] {logging_mixin.py:188} INFO - [2026-01-16T09:28:00.386+0000] {dagbag.py:538} INFO - Filling up the DagBag from /opt/airflow/dags/arsenal_auto_match_scraper.py
[2026-01-16T09:28:00.591+0000] {processor.py:840} INFO - DAG(s) 'arsenal_auto_match_scraper' retrieved from /opt/airflow/dags/arsenal_auto_match_scraper.py
[2026-01-16T09:28:00.693+0000] {logging_mixin.py:188} INFO - [2026-01-16T09:28:00.692+0000] {dag.py:3036} INFO - Sync 1 DAGs
[2026-01-16T09:28:00.801+0000] {logging_mixin.py:188} INFO - [2026-01-16T09:28:00.800+0000] {dag.py:3823} INFO - Setting next_dagrun for arsenal_auto_match_scraper to 2026-01-16 08:00:00+00:00, run_after=2026-01-16 10:00:00+00:00
[2026-01-16T09:28:00.969+0000] {processor.py:183} INFO - Processing /opt/airflow/dags/arsenal_auto_match_scraper.py took 0.625 seconds
[2026-01-16T09:28:32.642+0000] {processor.py:161} INFO - Started process (PID=29098) to work on /opt/airflow/dags/arsenal_auto_match_scraper.py
[2026-01-16T09:28:32.726+0000] {processor.py:830} INFO - Processing file /opt/airflow/dags/arsenal_auto_match_scraper.py for tasks to queue
[2026-01-16T09:28:32.728+0000] {logging_mixin.py:188} INFO - [2026-01-16T09:28:32.728+0000] {dagbag.py:538} INFO - Filling up the DagBag from /opt/airflow/dags/arsenal_auto_match_scraper.py
[2026-01-16T09:28:32.861+0000] {processor.py:840} INFO - DAG(s) 'arsenal_auto_match_scraper' retrieved from /opt/airflow/dags/arsenal_auto_match_scraper.py
[2026-01-16T09:28:32.932+0000] {logging_mixin.py:188} INFO - [2026-01-16T09:28:32.932+0000] {dag.py:3036} INFO - Sync 1 DAGs
[2026-01-16T09:28:32.978+0000] {logging_mixin.py:188} INFO - [2026-01-16T09:28:32.978+0000] {dag.py:3823} INFO - Setting next_dagrun for arsenal_auto_match_scraper to 2026-01-16 08:00:00+00:00, run_after=2026-01-16 10:00:00+00:00
[2026-01-16T09:28:33.329+0000] {processor.py:183} INFO - Processing /opt/airflow/dags/arsenal_auto_match_scraper.py took 0.693 seconds
[2026-01-16T09:29:09.691+0000] {processor.py:161} INFO - Started process (PID=29119) to work on /opt/airflow/dags/arsenal_auto_match_scraper.py
[2026-01-16T09:29:09.792+0000] {processor.py:830} INFO - Processing file /opt/airflow/dags/arsenal_auto_match_scraper.py for tasks to queue
[2026-01-16T09:29:09.794+0000] {logging_mixin.py:188} INFO - [2026-01-16T09:29:09.793+0000] {dagbag.py:538} INFO - Filling up the DagBag from /opt/airflow/dags/arsenal_auto_match_scraper.py
[2026-01-16T09:29:09.930+0000] {processor.py:840} INFO - DAG(s) 'arsenal_auto_match_scraper' retrieved from /opt/airflow/dags/arsenal_auto_match_scraper.py
[2026-01-16T09:29:09.988+0000] {logging_mixin.py:188} INFO - [2026-01-16T09:29:09.987+0000] {dag.py:3036} INFO - Sync 1 DAGs
[2026-01-16T09:29:10.051+0000] {logging_mixin.py:188} INFO - [2026-01-16T09:29:10.050+0000] {dag.py:3823} INFO - Setting next_dagrun for arsenal_auto_match_scraper to 2026-01-16 08:00:00+00:00, run_after=2026-01-16 10:00:00+00:00
[2026-01-16T09:29:10.121+0000] {processor.py:183} INFO - Processing /opt/airflow/dags/arsenal_auto_match_scraper.py took 0.437 seconds
[2026-01-16T09:29:42.025+0000] {processor.py:161} INFO - Started process (PID=29140) to work on /opt/airflow/dags/arsenal_auto_match_scraper.py
[2026-01-16T09:29:42.087+0000] {processor.py:830} INFO - Processing file /opt/airflow/dags/arsenal_auto_match_scraper.py for tasks to queue
[2026-01-16T09:29:42.098+0000] {logging_mixin.py:188} INFO - [2026-01-16T09:29:42.093+0000] {dagbag.py:538} INFO - Filling up the DagBag from /opt/airflow/dags/arsenal_auto_match_scraper.py
[2026-01-16T09:29:42.396+0000] {processor.py:840} INFO - DAG(s) 'arsenal_auto_match_scraper' retrieved from /opt/airflow/dags/arsenal_auto_match_scraper.py
[2026-01-16T09:29:42.508+0000] {logging_mixin.py:188} INFO - [2026-01-16T09:29:42.508+0000] {dag.py:3036} INFO - Sync 1 DAGs
[2026-01-16T09:29:42.629+0000] {logging_mixin.py:188} INFO - [2026-01-16T09:29:42.628+0000] {dag.py:3823} INFO - Setting next_dagrun for arsenal_auto_match_scraper to 2026-01-16 08:00:00+00:00, run_after=2026-01-16 10:00:00+00:00
[2026-01-16T09:29:42.867+0000] {processor.py:183} INFO - Processing /opt/airflow/dags/arsenal_auto_match_scraper.py took 0.877 seconds
[2026-01-16T09:30:17.644+0000] {processor.py:161} INFO - Started process (PID=29161) to work on /opt/airflow/dags/arsenal_auto_match_scraper.py
[2026-01-16T09:30:17.666+0000] {processor.py:830} INFO - Processing file /opt/airflow/dags/arsenal_auto_match_scraper.py for tasks to queue
[2026-01-16T09:30:17.668+0000] {logging_mixin.py:188} INFO - [2026-01-16T09:30:17.668+0000] {dagbag.py:538} INFO - Filling up the DagBag from /opt/airflow/dags/arsenal_auto_match_scraper.py
[2026-01-16T09:30:17.792+0000] {processor.py:840} INFO - DAG(s) 'arsenal_auto_match_scraper' retrieved from /opt/airflow/dags/arsenal_auto_match_scraper.py
[2026-01-16T09:30:17.861+0000] {logging_mixin.py:188} INFO - [2026-01-16T09:30:17.861+0000] {dag.py:3036} INFO - Sync 1 DAGs
[2026-01-16T09:30:17.913+0000] {logging_mixin.py:188} INFO - [2026-01-16T09:30:17.913+0000] {dag.py:3823} INFO - Setting next_dagrun for arsenal_auto_match_scraper to 2026-01-16 08:00:00+00:00, run_after=2026-01-16 10:00:00+00:00
[2026-01-16T09:30:18.257+0000] {processor.py:183} INFO - Processing /opt/airflow/dags/arsenal_auto_match_scraper.py took 0.621 seconds
[2026-01-16T09:30:52.642+0000] {processor.py:161} INFO - Started process (PID=29182) to work on /opt/airflow/dags/arsenal_auto_match_scraper.py
[2026-01-16T09:30:52.673+0000] {processor.py:830} INFO - Processing file /opt/airflow/dags/arsenal_auto_match_scraper.py for tasks to queue
[2026-01-16T09:30:52.676+0000] {logging_mixin.py:188} INFO - [2026-01-16T09:30:52.675+0000] {dagbag.py:538} INFO - Filling up the DagBag from /opt/airflow/dags/arsenal_auto_match_scraper.py
[2026-01-16T09:30:52.819+0000] {processor.py:840} INFO - DAG(s) 'arsenal_auto_match_scraper' retrieved from /opt/airflow/dags/arsenal_auto_match_scraper.py
[2026-01-16T09:30:52.891+0000] {logging_mixin.py:188} INFO - [2026-01-16T09:30:52.890+0000] {dag.py:3036} INFO - Sync 1 DAGs
[2026-01-16T09:30:52.955+0000] {logging_mixin.py:188} INFO - [2026-01-16T09:30:52.954+0000] {dag.py:3823} INFO - Setting next_dagrun for arsenal_auto_match_scraper to 2026-01-16 08:00:00+00:00, run_after=2026-01-16 10:00:00+00:00
[2026-01-16T09:30:53.334+0000] {processor.py:183} INFO - Processing /opt/airflow/dags/arsenal_auto_match_scraper.py took 0.700 seconds
