[2026-03-10T18:00:01.985+0000] {taskinstance.py:1956} INFO - Dependencies all met for dep_context=non-requeueable deps ti=<TaskInstance: epl_smart_match_scraper.scrape_liverpool scheduled__2026-03-10T16:00:00+00:00 [queued]>
[2026-03-10T18:00:02.001+0000] {taskinstance.py:1956} INFO - Dependencies all met for dep_context=requeueable deps ti=<TaskInstance: epl_smart_match_scraper.scrape_liverpool scheduled__2026-03-10T16:00:00+00:00 [queued]>
[2026-03-10T18:00:02.001+0000] {taskinstance.py:2170} INFO - Starting attempt 1 of 3
[2026-03-10T18:00:02.039+0000] {taskinstance.py:2191} INFO - Executing <Task(PythonOperator): scrape_liverpool> on 2026-03-10 16:00:00+00:00
[2026-03-10T18:00:02.050+0000] {standard_task_runner.py:60} INFO - Started process 83123 to run task
[2026-03-10T18:00:02.054+0000] {standard_task_runner.py:87} INFO - Running: ['***', 'tasks', 'run', 'epl_smart_match_scraper', 'scrape_liverpool', 'scheduled__2026-03-10T16:00:00+00:00', '--job-id', '848', '--raw', '--subdir', 'DAGS_FOLDER/epl_smart_match_scraper.py', '--cfg-path', '/tmp/tmp__dcol63']
[2026-03-10T18:00:02.058+0000] {standard_task_runner.py:88} INFO - Job 848: Subtask scrape_liverpool
[2026-03-10T18:00:02.184+0000] {task_command.py:423} INFO - Running <TaskInstance: epl_smart_match_scraper.scrape_liverpool scheduled__2026-03-10T16:00:00+00:00 [running]> on host 13250c608584
[2026-03-10T18:00:02.477+0000] {taskinstance.py:2480} INFO - Exporting env vars: AIRFLOW_CTX_DAG_OWNER='epl_analytics' AIRFLOW_CTX_DAG_ID='epl_smart_match_scraper' AIRFLOW_CTX_TASK_ID='scrape_liverpool' AIRFLOW_CTX_EXECUTION_DATE='2026-03-10T16:00:00+00:00' AIRFLOW_CTX_TRY_NUMBER='1' AIRFLOW_CTX_DAG_RUN_ID='scheduled__2026-03-10T16:00:00+00:00'
[2026-03-10T18:00:02.480+0000] {epl_smart_match_scraper.py:42} INFO - Checking Liverpool matches for 2025-26
[2026-03-10T18:00:02.481+0000] {playwright_scraper.py:87} INFO - Scraping Understat fixtures for Liverpool: https://understat.com/team/Liverpool/2025
[2026-03-10T18:00:28.376+0000] {playwright_scraper.py:118} INFO - Scraped 38 fixtures from Understat
[2026-03-10T18:00:32.661+0000] {playwright_scraper.py:140} INFO - Scraping match shots: https://understat.com/match/28980
[2026-03-10T18:00:44.027+0000] {playwright_scraper.py:213} INFO - Scraped 17 shots for Arsenal vs Liverpool
[2026-03-10T18:00:44.136+0000] {db_loader.py:196} INFO - Created scrape run: epl_smart_Liverpool_10d4cd59
[2026-03-10T18:00:44.164+0000] {db_loader.py:359} INFO - Saved match reference for Arsenal vs Liverpool (Team: Liverpool)
[2026-03-10T18:00:44.178+0000] {db_loader.py:150} INFO - Saved Understat data for match 20260108_arsenal_vs_liverpool (ID: 433, Team: Liverpool)
[2026-03-10T18:00:44.222+0000] {db_loader.py:242} INFO - Updated scrape run epl_smart_Liverpool_10d4cd59: success
[2026-03-10T18:00:44.222+0000] {epl_smart_match_scraper.py:83} INFO - ✓ Arsenal vs Liverpool: 17 shots
[2026-03-10T18:00:44.223+0000] {python.py:201} INFO - Done. Returned value was: {'team': 'Liverpool', 'status': 'success', 'scraped': 1}
[2026-03-10T18:00:44.279+0000] {taskinstance.py:1138} INFO - Marking task as SUCCESS. dag_id=epl_smart_match_scraper, task_id=scrape_liverpool, execution_date=20260310T160000, start_date=20260310T180001, end_date=20260310T180044
[2026-03-10T18:00:44.331+0000] {local_task_job_runner.py:234} INFO - Task exited with return code 0
[2026-03-10T18:00:44.364+0000] {taskinstance.py:3280} INFO - 1 downstream tasks scheduled from follow-on schedule check
