[2026-03-09T16:59:55.017+0000] {taskinstance.py:1956} INFO - Dependencies all met for dep_context=non-requeueable deps ti=<TaskInstance: arsenal_auto_match_scraper.run_dbt_transformations scheduled__2026-03-09T14:00:00+00:00 [queued]>
[2026-03-09T16:59:55.022+0000] {taskinstance.py:1956} INFO - Dependencies all met for dep_context=requeueable deps ti=<TaskInstance: arsenal_auto_match_scraper.run_dbt_transformations scheduled__2026-03-09T14:00:00+00:00 [queued]>
[2026-03-09T16:59:55.022+0000] {taskinstance.py:2170} INFO - Starting attempt 3 of 3
[2026-03-09T16:59:55.049+0000] {taskinstance.py:2191} INFO - Executing <Task(BashOperator): run_dbt_transformations> on 2026-03-09 14:00:00+00:00
[2026-03-09T16:59:55.054+0000] {standard_task_runner.py:60} INFO - Started process 8853 to run task
[2026-03-09T16:59:55.056+0000] {standard_task_runner.py:87} INFO - Running: ['***', 'tasks', 'run', 'arsenal_auto_match_scraper', 'run_dbt_transformations', 'scheduled__2026-03-09T14:00:00+00:00', '--job-id', '691', '--raw', '--subdir', 'DAGS_FOLDER/arsenal_auto_match_scraper.py', '--cfg-path', '/tmp/tmpoua7w2ou']
[2026-03-09T16:59:55.058+0000] {standard_task_runner.py:88} INFO - Job 691: Subtask run_dbt_transformations
[2026-03-09T16:59:55.108+0000] {task_command.py:423} INFO - Running <TaskInstance: arsenal_auto_match_scraper.run_dbt_transformations scheduled__2026-03-09T14:00:00+00:00 [running]> on host 13250c608584
[2026-03-09T16:59:56.536+0000] {taskinstance.py:2480} INFO - Exporting env vars: AIRFLOW_CTX_DAG_OWNER='arsenal_analytics' AIRFLOW_CTX_DAG_ID='arsenal_auto_match_scraper' AIRFLOW_CTX_TASK_ID='run_dbt_transformations' AIRFLOW_CTX_EXECUTION_DATE='2026-03-09T14:00:00+00:00' AIRFLOW_CTX_TRY_NUMBER='3' AIRFLOW_CTX_DAG_RUN_ID='scheduled__2026-03-09T14:00:00+00:00'
[2026-03-09T16:59:56.537+0000] {subprocess.py:63} INFO - Tmp dir root location: /tmp
[2026-03-09T16:59:56.537+0000] {subprocess.py:75} INFO - Running command: ['/usr/bin/bash', '-c', 'cd /opt/***/dbt && dbt run --profiles-dir .']
[2026-03-09T16:59:56.545+0000] {subprocess.py:86} INFO - Output:
[2026-03-09T16:59:56.546+0000] {subprocess.py:93} INFO - /usr/bin/bash: line 1: cd: /opt/***/dbt: No such file or directory
[2026-03-09T16:59:56.546+0000] {subprocess.py:97} INFO - Command exited with return code 1
[2026-03-09T16:59:56.554+0000] {taskinstance.py:2698} ERROR - Task failed with exception
Traceback (most recent call last):
  File "/home/airflow/.local/lib/python3.11/site-packages/airflow/models/taskinstance.py", line 433, in _execute_task
    result = execute_callable(context=context, **execute_callable_kwargs)
             ^^^^^^^^^^^^^^^^^^^^^^^^^^^^^^^^^^^^^^^^^^^^^^^^^^^^^^^^^^^^
  File "/home/airflow/.local/lib/python3.11/site-packages/airflow/operators/bash.py", line 212, in execute
    raise AirflowException(
airflow.exceptions.AirflowException: Bash command failed. The command returned a non-zero exit code 1.
[2026-03-09T16:59:56.556+0000] {taskinstance.py:1138} INFO - Marking task as FAILED. dag_id=arsenal_auto_match_scraper, task_id=run_dbt_transformations, execution_date=20260309T140000, start_date=20260309T165955, end_date=20260309T165956
[2026-03-09T16:59:56.574+0000] {standard_task_runner.py:107} ERROR - Failed to execute job 691 for task run_dbt_transformations (Bash command failed. The command returned a non-zero exit code 1.; 8853)
[2026-03-09T16:59:56.595+0000] {local_task_job_runner.py:234} INFO - Task exited with return code 1
[2026-03-09T16:59:56.624+0000] {taskinstance.py:3280} INFO - 0 downstream tasks scheduled from follow-on schedule check
