[2026-03-10T08:00:02.872+0000] {taskinstance.py:1956} INFO - Dependencies all met for dep_context=non-requeueable deps ti=<TaskInstance: epl_smart_match_scraper.scrape_arsenal scheduled__2026-03-10T06:00:00+00:00 [queued]>
[2026-03-10T08:00:02.886+0000] {taskinstance.py:1956} INFO - Dependencies all met for dep_context=requeueable deps ti=<TaskInstance: epl_smart_match_scraper.scrape_arsenal scheduled__2026-03-10T06:00:00+00:00 [queued]>
[2026-03-10T08:00:02.886+0000] {taskinstance.py:2170} INFO - Starting attempt 1 of 3
[2026-03-10T08:00:02.962+0000] {taskinstance.py:2191} INFO - Executing <Task(PythonOperator): scrape_arsenal> on 2026-03-10 06:00:00+00:00
[2026-03-10T08:00:02.972+0000] {standard_task_runner.py:60} INFO - Started process 54194 to run task
[2026-03-10T08:00:02.975+0000] {standard_task_runner.py:87} INFO - Running: ['***', 'tasks', 'run', 'epl_smart_match_scraper', 'scrape_arsenal', 'scheduled__2026-03-10T06:00:00+00:00', '--job-id', '820', '--raw', '--subdir', 'DAGS_FOLDER/epl_smart_match_scraper.py', '--cfg-path', '/tmp/tmpggrj58kq']
[2026-03-10T08:00:02.979+0000] {standard_task_runner.py:88} INFO - Job 820: Subtask scrape_arsenal
[2026-03-10T08:00:03.096+0000] {task_command.py:423} INFO - Running <TaskInstance: epl_smart_match_scraper.scrape_arsenal scheduled__2026-03-10T06:00:00+00:00 [running]> on host 13250c608584
[2026-03-10T08:00:03.336+0000] {taskinstance.py:2480} INFO - Exporting env vars: AIRFLOW_CTX_DAG_OWNER='epl_analytics' AIRFLOW_CTX_DAG_ID='epl_smart_match_scraper' AIRFLOW_CTX_TASK_ID='scrape_arsenal' AIRFLOW_CTX_EXECUTION_DATE='2026-03-10T06:00:00+00:00' AIRFLOW_CTX_TRY_NUMBER='1' AIRFLOW_CTX_DAG_RUN_ID='scheduled__2026-03-10T06:00:00+00:00'
[2026-03-10T08:00:03.337+0000] {epl_smart_match_scraper.py:42} INFO - Checking Arsenal matches for 2025-26
[2026-03-10T08:00:03.338+0000] {playwright_scraper.py:87} INFO - Scraping Understat fixtures for Arsenal: https://understat.com/team/Arsenal/2025
[2026-03-10T08:01:19.968+0000] {playwright_scraper.py:118} INFO - Scraped 38 fixtures from Understat
[2026-03-10T08:01:20.056+0000] {playwright_scraper.py:140} INFO - Scraping match shots: https://understat.com/match/28980
[2026-03-10T08:01:29.172+0000] {playwright_scraper.py:213} INFO - Scraped 17 shots for Arsenal vs Liverpool
[2026-03-10T08:01:29.283+0000] {db_loader.py:196} INFO - Created scrape run: epl_smart_Arsenal_b3dc2865
[2026-03-10T08:01:29.311+0000] {db_loader.py:359} INFO - Saved match reference for Arsenal vs Liverpool (Team: Arsenal)
[2026-03-10T08:01:29.323+0000] {db_loader.py:150} INFO - Saved Understat data for match 20260108_arsenal_vs_liverpool (ID: 433, Team: Arsenal)
[2026-03-10T08:01:29.368+0000] {db_loader.py:242} INFO - Updated scrape run epl_smart_Arsenal_b3dc2865: success
[2026-03-10T08:01:29.368+0000] {epl_smart_match_scraper.py:83} INFO - ✓ Arsenal vs Liverpool: 17 shots
[2026-03-10T08:01:29.368+0000] {python.py:201} INFO - Done. Returned value was: {'team': 'Arsenal', 'status': 'success', 'scraped': 1}
[2026-03-10T08:01:29.421+0000] {taskinstance.py:1138} INFO - Marking task as SUCCESS. dag_id=epl_smart_match_scraper, task_id=scrape_arsenal, execution_date=20260310T060000, start_date=20260310T080002, end_date=20260310T080129
[2026-03-10T08:01:29.482+0000] {local_task_job_runner.py:234} INFO - Task exited with return code 0
[2026-03-10T08:01:29.516+0000] {taskinstance.py:3280} INFO - 1 downstream tasks scheduled from follow-on schedule check
