[2026-01-18T18:34:58.367+0000] {taskinstance.py:1956} INFO - Dependencies all met for dep_context=non-requeueable deps ti=<TaskInstance: epl_match_scheduler.fetch_upcoming __airflow_temporary_run_2026-01-18T18:34:56.961772+00:00__ [queued]>
[2026-01-18T18:34:58.379+0000] {taskinstance.py:1956} INFO - Dependencies all met for dep_context=requeueable deps ti=<TaskInstance: epl_match_scheduler.fetch_upcoming __airflow_temporary_run_2026-01-18T18:34:56.961772+00:00__ [queued]>
[2026-01-18T18:34:58.380+0000] {taskinstance.py:2170} INFO - Starting attempt 1 of 2
[2026-01-18T18:34:59.108+0000] {taskinstance.py:2191} INFO - Executing <Task(PythonOperator): fetch_upcoming> on 2026-01-18 00:00:00+00:00
[2026-01-18T18:34:59.118+0000] {standard_task_runner.py:60} INFO - Started process 42368 to run task
[2026-01-18T18:34:59.123+0000] {standard_task_runner.py:87} INFO - Running: ['***', 'tasks', 'run', 'epl_match_scheduler', 'fetch_upcoming', '__***_temporary_run_2026-01-18T18:34:56.961772+00:00__', '--job-id', '475', '--raw', '--subdir', 'DAGS_FOLDER/epl_match_scheduler.py', '--cfg-path', '/tmp/tmpqrzazn7b']
[2026-01-18T18:34:59.127+0000] {standard_task_runner.py:88} INFO - Job 475: Subtask fetch_upcoming
[2026-01-18T18:34:59.547+0000] {task_command.py:423} INFO - Running <TaskInstance: epl_match_scheduler.fetch_upcoming __airflow_temporary_run_2026-01-18T18:34:56.961772+00:00__ [running]> on host dd03882071e2
[2026-01-18T18:34:59.810+0000] {taskinstance.py:2480} INFO - Exporting env vars: AIRFLOW_CTX_DAG_OWNER='epl_analytics' AIRFLOW_CTX_DAG_ID='epl_match_scheduler' AIRFLOW_CTX_TASK_ID='fetch_upcoming' AIRFLOW_CTX_EXECUTION_DATE='2026-01-18T00:00:00+00:00' AIRFLOW_CTX_TRY_NUMBER='1' AIRFLOW_CTX_DAG_RUN_ID='__***_temporary_run_2026-01-18T18:34:56.961772+00:00__'
[2026-01-18T18:34:59.812+0000] {epl_match_scheduler.py:43} INFO - Fetching fixtures for Arsenal
[2026-01-18T18:34:59.812+0000] {playwright_scraper.py:87} INFO - Scraping Understat fixtures for Arsenal: https://understat.com/team/Arsenal/2025
[2026-01-18T18:35:08.116+0000] {playwright_scraper.py:118} INFO - Scraped 38 fixtures from Understat
[2026-01-18T18:35:08.208+0000] {epl_match_scheduler.py:56} INFO - Found 16 upcoming matches for Arsenal
[2026-01-18T18:35:08.208+0000] {epl_match_scheduler.py:43} INFO - Fetching fixtures for Manchester United
[2026-01-18T18:35:10.208+0000] {playwright_scraper.py:87} INFO - Scraping Understat fixtures for Manchester_United: https://understat.com/team/Manchester_United/2025
[2026-01-18T18:35:18.038+0000] {playwright_scraper.py:118} INFO - Scraped 38 fixtures from Understat
[2026-01-18T18:35:18.131+0000] {epl_match_scheduler.py:56} INFO - Found 16 upcoming matches for Manchester United
[2026-01-18T18:35:18.131+0000] {epl_match_scheduler.py:72} INFO - Total unique upcoming matches: 31
[2026-01-18T18:35:18.147+0000] {taskinstance.py:2698} ERROR - Task failed with exception
Traceback (most recent call last):
  File "/home/airflow/.local/lib/python3.11/site-packages/airflow/models/taskinstance.py", line 433, in _execute_task
    result = execute_callable(context=context, **execute_callable_kwargs)
             ^^^^^^^^^^^^^^^^^^^^^^^^^^^^^^^^^^^^^^^^^^^^^^^^^^^^^^^^^^^^
  File "/home/airflow/.local/lib/python3.11/site-packages/airflow/operators/python.py", line 199, in execute
    return_value = self.execute_callable()
                   ^^^^^^^^^^^^^^^^^^^^^^^
  File "/home/airflow/.local/lib/python3.11/site-packages/airflow/operators/python.py", line 216, in execute_callable
    return self.python_callable(*self.op_args, **self.op_kwargs)
           ^^^^^^^^^^^^^^^^^^^^^^^^^^^^^^^^^^^^^^^^^^^^^^^^^^^^^
  File "/opt/airflow/dags/epl_match_scheduler.py", line 75, in fetch_upcoming_matches
    context['task_instance'].xcom_push(key='upcoming_matches', value=upcoming_list[:20])  # Next 20 matches
    ^^^^^^^^^^^^^^^^^^^^^^^^^^^^^^^^^^^^^^^^^^^^^^^^^^^^^^^^^^^^^^^^^^^^^^^^^^^^^^^^^^^^
  File "/home/airflow/.local/lib/python3.11/site-packages/airflow/utils/session.py", line 79, in wrapper
    return func(*args, session=session, **kwargs)
           ^^^^^^^^^^^^^^^^^^^^^^^^^^^^^^^^^^^^^^
  File "/home/airflow/.local/lib/python3.11/site-packages/airflow/models/taskinstance.py", line 2980, in xcom_push
    XCom.set(
  File "/home/airflow/.local/lib/python3.11/site-packages/airflow/utils/session.py", line 76, in wrapper
    return func(*args, **kwargs)
           ^^^^^^^^^^^^^^^^^^^^^
  File "/home/airflow/.local/lib/python3.11/site-packages/airflow/models/xcom.py", line 224, in set
    raise ValueError(f"DAG run not found on DAG {dag_id!r} with ID {run_id!r}")
ValueError: DAG run not found on DAG 'epl_match_scheduler' with ID '__***_temporary_run_2026-01-18T18:34:56.961772+00:00__'
[2026-01-18T18:35:18.186+0000] {taskinstance.py:1138} INFO - Marking task as FAILED. dag_id=epl_match_scheduler, task_id=fetch_upcoming, execution_date=20260118T000000, start_date=20260118T183458, end_date=20260118T183518
[2026-01-18T18:35:18.222+0000] {standard_task_runner.py:107} ERROR - Failed to execute job 475 for task fetch_upcoming ((psycopg2.errors.ForeignKeyViolation) insert or update on table "task_fail" violates foreign key constraint "task_fail_ti_fkey"
DETAIL:  Key (dag_id, task_id, run_id, map_index)=(epl_match_scheduler, fetch_upcoming, __airflow_temporary_run_2026-01-18T18:34:56.961772+00:00__, -1) is not present in table "task_instance".

[SQL: INSERT INTO task_fail (task_id, dag_id, run_id, map_index, start_date, end_date, duration) VALUES (%(task_id)s, %(dag_id)s, %(run_id)s, %(map_index)s, %(start_date)s, %(end_date)s, %(duration)s) RETURNING task_fail.id]
[parameters: {'task_id': 'fetch_upcoming', 'dag_id': 'epl_match_scheduler', 'run_id': '__airflow_temporary_run_2026-01-18T18:34:56.961772+00:00__', 'map_index': -1, 'start_date': datetime.datetime(2026, 1, 18, 18, 34, 58, 367602, tzinfo=Timezone('UTC')), 'end_date': datetime.datetime(2026, 1, 18, 18, 35, 18, 186175, tzinfo=Timezone('UTC')), 'duration': 19}]
(Background on this error at: https://sqlalche.me/e/14/gkpj); 42368)
[2026-01-18T18:35:18.261+0000] {local_task_job_runner.py:234} INFO - Task exited with return code 1
