[2026-01-19T18:02:54.525+0000] {taskinstance.py:1956} INFO - Dependencies all met for dep_context=non-requeueable deps ti=<TaskInstance: arsenal_smart_match_scraper.get_next_match scheduled__2026-01-19T12:00:00+00:00 [queued]>
[2026-01-19T18:02:54.551+0000] {taskinstance.py:1956} INFO - Dependencies all met for dep_context=requeueable deps ti=<TaskInstance: arsenal_smart_match_scraper.get_next_match scheduled__2026-01-19T12:00:00+00:00 [queued]>
[2026-01-19T18:02:54.552+0000] {taskinstance.py:2170} INFO - Starting attempt 1 of 3
[2026-01-19T18:02:55.205+0000] {taskinstance.py:2191} INFO - Executing <Task(PythonOperator): get_next_match> on 2026-01-19 12:00:00+00:00
[2026-01-19T18:02:55.221+0000] {standard_task_runner.py:60} INFO - Started process 48195 to run task
[2026-01-19T18:02:55.228+0000] {standard_task_runner.py:87} INFO - Running: ['***', 'tasks', 'run', 'arsenal_smart_match_scraper', 'get_next_match', 'scheduled__2026-01-19T12:00:00+00:00', '--job-id', '511', '--raw', '--subdir', 'DAGS_FOLDER/arsenal_smart_match_scraper.py', '--cfg-path', '/tmp/tmpe5skz6oa']
[2026-01-19T18:02:55.780+0000] {standard_task_runner.py:88} INFO - Job 511: Subtask get_next_match
[2026-01-19T18:02:56.082+0000] {task_command.py:423} INFO - Running <TaskInstance: arsenal_smart_match_scraper.get_next_match scheduled__2026-01-19T12:00:00+00:00 [running]> on host dd03882071e2
[2026-01-19T18:02:56.482+0000] {taskinstance.py:2480} INFO - Exporting env vars: AIRFLOW_CTX_DAG_OWNER='arsenal_analytics' AIRFLOW_CTX_DAG_ID='arsenal_smart_match_scraper' AIRFLOW_CTX_TASK_ID='get_next_match' AIRFLOW_CTX_EXECUTION_DATE='2026-01-19T12:00:00+00:00' AIRFLOW_CTX_TRY_NUMBER='1' AIRFLOW_CTX_DAG_RUN_ID='scheduled__2026-01-19T12:00:00+00:00'
[2026-01-19T18:02:56.485+0000] {arsenal_smart_match_scraper.py:43} INFO - Checking Arsenal fixtures for 2025-2026 season
[2026-01-19T18:02:56.486+0000] {playwright_scraper.py:87} INFO - Scraping Understat fixtures for Arsenal: https://understat.com/team/Arsenal/2025
[2026-01-19T18:04:05.568+0000] {taskinstance.py:2698} ERROR - Task failed with exception
Traceback (most recent call last):
  File "/opt/airflow/scrapers/playwright_scraper.py", line 93, in scrape_season_fixtures
    page.goto(team_url, wait_until='domcontentloaded', timeout=60000)
  File "/home/airflow/.local/lib/python3.11/site-packages/playwright/sync_api/_generated.py", line 9312, in goto
    self._sync(
  File "/home/airflow/.local/lib/python3.11/site-packages/playwright/_impl/_sync_base.py", line 115, in _sync
    return task.result()
           ^^^^^^^^^^^^^
  File "/home/airflow/.local/lib/python3.11/site-packages/playwright/_impl/_page.py", line 475, in goto
    return await self._main_frame.goto(**locals_to_params(locals()))
           ^^^^^^^^^^^^^^^^^^^^^^^^^^^^^^^^^^^^^^^^^^^^^^^^^^^^^^^^^
  File "/home/airflow/.local/lib/python3.11/site-packages/playwright/_impl/_frame.py", line 139, in goto
    await self._channel.send("goto", locals_to_params(locals()))
  File "/home/airflow/.local/lib/python3.11/site-packages/playwright/_impl/_connection.py", line 62, in send
    return await self._connection.wrap_api_call(
           ^^^^^^^^^^^^^^^^^^^^^^^^^^^^^^^^^^^^^
  File "/home/airflow/.local/lib/python3.11/site-packages/playwright/_impl/_connection.py", line 492, in wrap_api_call
    return await cb()
           ^^^^^^^^^^
  File "/home/airflow/.local/lib/python3.11/site-packages/playwright/_impl/_connection.py", line 100, in inner_send
    result = next(iter(done)).result()
             ^^^^^^^^^^^^^^^^^^^^^^^^^
playwright._impl._errors.Error: net::ERR_NAME_NOT_RESOLVED at https://understat.com/team/Arsenal/2025

During handling of the above exception, another exception occurred:

Traceback (most recent call last):
  File "/home/airflow/.local/lib/python3.11/site-packages/airflow/models/taskinstance.py", line 433, in _execute_task
    result = execute_callable(context=context, **execute_callable_kwargs)
             ^^^^^^^^^^^^^^^^^^^^^^^^^^^^^^^^^^^^^^^^^^^^^^^^^^^^^^^^^^^^
  File "/home/airflow/.local/lib/python3.11/site-packages/airflow/operators/python.py", line 199, in execute
    return_value = self.execute_callable()
                   ^^^^^^^^^^^^^^^^^^^^^^^
  File "/home/airflow/.local/lib/python3.11/site-packages/airflow/operators/python.py", line 216, in execute_callable
    return self.python_callable(*self.op_args, **self.op_kwargs)
           ^^^^^^^^^^^^^^^^^^^^^^^^^^^^^^^^^^^^^^^^^^^^^^^^^^^^^
  File "/opt/airflow/dags/arsenal_smart_match_scraper.py", line 46, in get_next_arsenal_match
    fixtures = scraper.scrape_season_fixtures(season)
               ^^^^^^^^^^^^^^^^^^^^^^^^^^^^^^^^^^^^^^
  File "/opt/airflow/scrapers/utils.py", line 73, in wrapper
    result = func(*args, **kwargs)
             ^^^^^^^^^^^^^^^^^^^^^
  File "/opt/airflow/scrapers/playwright_scraper.py", line 124, in scrape_season_fixtures
    raise ScraperException(f"Error scraping Understat fixtures: {e}")
utils.ScraperException: Error scraping Understat fixtures: net::ERR_NAME_NOT_RESOLVED at https://understat.com/team/Arsenal/2025
[2026-01-19T18:04:05.609+0000] {taskinstance.py:1138} INFO - Marking task as UP_FOR_RETRY. dag_id=arsenal_smart_match_scraper, task_id=get_next_match, execution_date=20260119T120000, start_date=20260119T180254, end_date=20260119T180405
[2026-01-19T18:04:05.761+0000] {standard_task_runner.py:107} ERROR - Failed to execute job 511 for task get_next_match (Error scraping Understat fixtures: net::ERR_NAME_NOT_RESOLVED at https://understat.com/team/Arsenal/2025; 48195)
[2026-01-19T18:04:05.791+0000] {local_task_job_runner.py:234} INFO - Task exited with return code 1
[2026-01-19T18:04:05.862+0000] {taskinstance.py:3280} INFO - 0 downstream tasks scheduled from follow-on schedule check
