[2026-03-10T16:00:01.277+0000] {taskinstance.py:1956} INFO - Dependencies all met for dep_context=non-requeueable deps ti=<TaskInstance: epl_smart_match_scraper.scrape_arsenal scheduled__2026-03-10T14:00:00+00:00 [queued]>
[2026-03-10T16:00:01.293+0000] {taskinstance.py:1956} INFO - Dependencies all met for dep_context=requeueable deps ti=<TaskInstance: epl_smart_match_scraper.scrape_arsenal scheduled__2026-03-10T14:00:00+00:00 [queued]>
[2026-03-10T16:00:01.294+0000] {taskinstance.py:2170} INFO - Starting attempt 1 of 3
[2026-03-10T16:00:01.336+0000] {taskinstance.py:2191} INFO - Executing <Task(PythonOperator): scrape_arsenal> on 2026-03-10 14:00:00+00:00
[2026-03-10T16:00:01.349+0000] {standard_task_runner.py:60} INFO - Started process 76720 to run task
[2026-03-10T16:00:01.354+0000] {standard_task_runner.py:87} INFO - Running: ['***', 'tasks', 'run', 'epl_smart_match_scraper', 'scrape_arsenal', 'scheduled__2026-03-10T14:00:00+00:00', '--job-id', '838', '--raw', '--subdir', 'DAGS_FOLDER/epl_smart_match_scraper.py', '--cfg-path', '/tmp/tmp707x4nor']
[2026-03-10T16:00:01.358+0000] {standard_task_runner.py:88} INFO - Job 838: Subtask scrape_arsenal
[2026-03-10T16:00:01.518+0000] {task_command.py:423} INFO - Running <TaskInstance: epl_smart_match_scraper.scrape_arsenal scheduled__2026-03-10T14:00:00+00:00 [running]> on host 13250c608584
[2026-03-10T16:00:01.755+0000] {taskinstance.py:2480} INFO - Exporting env vars: AIRFLOW_CTX_DAG_OWNER='epl_analytics' AIRFLOW_CTX_DAG_ID='epl_smart_match_scraper' AIRFLOW_CTX_TASK_ID='scrape_arsenal' AIRFLOW_CTX_EXECUTION_DATE='2026-03-10T14:00:00+00:00' AIRFLOW_CTX_TRY_NUMBER='1' AIRFLOW_CTX_DAG_RUN_ID='scheduled__2026-03-10T14:00:00+00:00'
[2026-03-10T16:00:01.756+0000] {epl_smart_match_scraper.py:42} INFO - Checking Arsenal matches for 2025-26
[2026-03-10T16:00:01.756+0000] {playwright_scraper.py:87} INFO - Scraping Understat fixtures for Arsenal: https://understat.com/team/Arsenal/2025
[2026-03-10T16:00:16.419+0000] {playwright_scraper.py:118} INFO - Scraped 38 fixtures from Understat
[2026-03-10T16:00:19.158+0000] {playwright_scraper.py:140} INFO - Scraping match shots: https://understat.com/match/28980
[2026-03-10T16:00:31.111+0000] {playwright_scraper.py:213} INFO - Scraped 17 shots for Arsenal vs Liverpool
[2026-03-10T16:00:31.212+0000] {db_loader.py:196} INFO - Created scrape run: epl_smart_Arsenal_e1b3be7a
[2026-03-10T16:00:31.240+0000] {db_loader.py:359} INFO - Saved match reference for Arsenal vs Liverpool (Team: Arsenal)
[2026-03-10T16:00:31.256+0000] {db_loader.py:150} INFO - Saved Understat data for match 20260108_arsenal_vs_liverpool (ID: 433, Team: Arsenal)
[2026-03-10T16:00:31.297+0000] {db_loader.py:242} INFO - Updated scrape run epl_smart_Arsenal_e1b3be7a: success
[2026-03-10T16:00:31.297+0000] {epl_smart_match_scraper.py:83} INFO - ✓ Arsenal vs Liverpool: 17 shots
[2026-03-10T16:00:31.298+0000] {python.py:201} INFO - Done. Returned value was: {'team': 'Arsenal', 'status': 'success', 'scraped': 1}
[2026-03-10T16:00:31.357+0000] {taskinstance.py:1138} INFO - Marking task as SUCCESS. dag_id=epl_smart_match_scraper, task_id=scrape_arsenal, execution_date=20260310T140000, start_date=20260310T160001, end_date=20260310T160031
[2026-03-10T16:00:31.410+0000] {local_task_job_runner.py:234} INFO - Task exited with return code 0
[2026-03-10T16:00:31.438+0000] {taskinstance.py:3280} INFO - 1 downstream tasks scheduled from follow-on schedule check
