[2026-03-09T22:00:02.808+0000] {taskinstance.py:1956} INFO - Dependencies all met for dep_context=non-requeueable deps ti=<TaskInstance: epl_smart_match_scraper.scrape_liverpool scheduled__2026-03-09T20:00:00+00:00 [queued]>
[2026-03-09T22:00:02.833+0000] {taskinstance.py:1956} INFO - Dependencies all met for dep_context=requeueable deps ti=<TaskInstance: epl_smart_match_scraper.scrape_liverpool scheduled__2026-03-09T20:00:00+00:00 [queued]>
[2026-03-09T22:00:02.833+0000] {taskinstance.py:2170} INFO - Starting attempt 1 of 3
[2026-03-09T22:00:02.898+0000] {taskinstance.py:2191} INFO - Executing <Task(PythonOperator): scrape_liverpool> on 2026-03-09 20:00:00+00:00
[2026-03-09T22:00:02.915+0000] {standard_task_runner.py:60} INFO - Started process 68399 to run task
[2026-03-09T22:00:02.923+0000] {standard_task_runner.py:87} INFO - Running: ['***', 'tasks', 'run', 'epl_smart_match_scraper', 'scrape_liverpool', 'scheduled__2026-03-09T20:00:00+00:00', '--job-id', '769', '--raw', '--subdir', 'DAGS_FOLDER/epl_smart_match_scraper.py', '--cfg-path', '/tmp/tmpa1r2dmi4']
[2026-03-09T22:00:02.929+0000] {standard_task_runner.py:88} INFO - Job 769: Subtask scrape_liverpool
[2026-03-09T22:00:03.172+0000] {task_command.py:423} INFO - Running <TaskInstance: epl_smart_match_scraper.scrape_liverpool scheduled__2026-03-09T20:00:00+00:00 [running]> on host 13250c608584
[2026-03-09T22:00:03.526+0000] {taskinstance.py:2480} INFO - Exporting env vars: AIRFLOW_CTX_DAG_OWNER='epl_analytics' AIRFLOW_CTX_DAG_ID='epl_smart_match_scraper' AIRFLOW_CTX_TASK_ID='scrape_liverpool' AIRFLOW_CTX_EXECUTION_DATE='2026-03-09T20:00:00+00:00' AIRFLOW_CTX_TRY_NUMBER='1' AIRFLOW_CTX_DAG_RUN_ID='scheduled__2026-03-09T20:00:00+00:00'
[2026-03-09T22:00:03.531+0000] {epl_smart_match_scraper.py:42} INFO - Checking Liverpool matches for 2025-26
[2026-03-09T22:00:03.533+0000] {playwright_scraper.py:87} INFO - Scraping Understat fixtures for Liverpool: https://understat.com/team/Liverpool/2025
[2026-03-09T22:00:14.986+0000] {playwright_scraper.py:118} INFO - Scraped 38 fixtures from Understat
[2026-03-09T22:00:16.969+0000] {playwright_scraper.py:140} INFO - Scraping match shots: https://understat.com/match/28806
[2026-03-09T22:00:30.287+0000] {playwright_scraper.py:213} INFO - Scraped 20 shots for Liverpool vs Arsenal
[2026-03-09T22:00:31.448+0000] {db_loader.py:196} INFO - Created scrape run: epl_smart_Liverpool_913eea5c
[2026-03-09T22:00:31.498+0000] {db_loader.py:359} INFO - Saved match reference for Liverpool vs Arsenal (Team: Liverpool)
[2026-03-09T22:00:31.538+0000] {db_loader.py:150} INFO - Saved Understat data for match 20250831_liverpool_vs_arsenal (ID: 456, Team: Liverpool)
[2026-03-09T22:00:31.614+0000] {db_loader.py:242} INFO - Updated scrape run epl_smart_Liverpool_913eea5c: success
[2026-03-09T22:00:31.616+0000] {epl_smart_match_scraper.py:83} INFO - ✓ Liverpool vs Arsenal: 20 shots
[2026-03-09T22:00:33.394+0000] {playwright_scraper.py:140} INFO - Scraping match shots: https://understat.com/match/28975
[2026-03-09T22:00:45.432+0000] {playwright_scraper.py:213} INFO - Scraped 18 shots for Fulham vs Liverpool
[2026-03-09T22:00:45.628+0000] {db_loader.py:196} INFO - Created scrape run: epl_smart_Liverpool_40346953
[2026-03-09T22:00:45.668+0000] {db_loader.py:359} INFO - Saved match reference for Fulham vs Liverpool (Team: Liverpool)
[2026-03-09T22:00:45.690+0000] {db_loader.py:150} INFO - Saved Understat data for match 20260104_fulham_vs_liverpool (ID: 457, Team: Liverpool)
[2026-03-09T22:00:45.770+0000] {db_loader.py:242} INFO - Updated scrape run epl_smart_Liverpool_40346953: success
[2026-03-09T22:00:45.771+0000] {epl_smart_match_scraper.py:83} INFO - ✓ Fulham vs Liverpool: 18 shots
[2026-03-09T22:00:47.578+0000] {playwright_scraper.py:140} INFO - Scraping match shots: https://understat.com/match/29067
[2026-03-09T22:00:59.307+0000] {playwright_scraper.py:213} INFO - Scraped 23 shots for Wolverhampton Wanderers vs Liverpool
[2026-03-09T22:00:59.491+0000] {db_loader.py:196} INFO - Created scrape run: epl_smart_Liverpool_e5fb9d9b
[2026-03-09T22:00:59.542+0000] {db_loader.py:359} INFO - Saved match reference for Wolverhampton Wanderers vs Liverpool (Team: Liverpool)
[2026-03-09T22:00:59.640+0000] {db_loader.py:150} INFO - Saved Understat data for match 20260303_wolverhampton_wanderers_vs_liverpool (ID: 458, Team: Liverpool)
[2026-03-09T22:00:59.709+0000] {db_loader.py:242} INFO - Updated scrape run epl_smart_Liverpool_e5fb9d9b: success
[2026-03-09T22:00:59.710+0000] {epl_smart_match_scraper.py:83} INFO - ✓ Wolverhampton Wanderers vs Liverpool: 23 shots
[2026-03-09T22:00:59.710+0000] {python.py:201} INFO - Done. Returned value was: {'team': 'Liverpool', 'status': 'success', 'scraped': 3}
[2026-03-09T22:00:59.840+0000] {taskinstance.py:1138} INFO - Marking task as SUCCESS. dag_id=epl_smart_match_scraper, task_id=scrape_liverpool, execution_date=20260309T200000, start_date=20260309T220002, end_date=20260309T220059
[2026-03-09T22:01:00.133+0000] {local_task_job_runner.py:234} INFO - Task exited with return code 0
[2026-03-09T22:01:00.230+0000] {taskinstance.py:3280} INFO - 0 downstream tasks scheduled from follow-on schedule check
