[2026-01-18T18:35:48.284+0000] {taskinstance.py:1956} INFO - Dependencies all met for dep_context=non-requeueable deps ti=<TaskInstance: epl_match_scheduler.schedule_runs __airflow_temporary_run_2026-01-18T18:35:26.620314+00:00__ [queued]>
[2026-01-18T18:35:48.300+0000] {taskinstance.py:1956} INFO - Dependencies all met for dep_context=requeueable deps ti=<TaskInstance: epl_match_scheduler.schedule_runs __airflow_temporary_run_2026-01-18T18:35:26.620314+00:00__ [queued]>
[2026-01-18T18:35:48.300+0000] {taskinstance.py:2170} INFO - Starting attempt 1 of 2
[2026-01-18T18:35:48.340+0000] {taskinstance.py:2191} INFO - Executing <Task(PythonOperator): schedule_runs> on 2026-01-18 00:00:00+00:00
[2026-01-18T18:35:48.352+0000] {standard_task_runner.py:60} INFO - Started process 43143 to run task
[2026-01-18T18:35:48.357+0000] {standard_task_runner.py:87} INFO - Running: ['***', 'tasks', 'run', 'epl_match_scheduler', 'schedule_runs', '__***_temporary_run_2026-01-18T18:35:26.620314+00:00__', '--job-id', '477', '--raw', '--subdir', 'DAGS_FOLDER/epl_match_scheduler.py', '--cfg-path', '/tmp/tmpwkwir09d']
[2026-01-18T18:35:48.361+0000] {standard_task_runner.py:88} INFO - Job 477: Subtask schedule_runs
[2026-01-18T18:35:48.468+0000] {task_command.py:423} INFO - Running <TaskInstance: epl_match_scheduler.schedule_runs __airflow_temporary_run_2026-01-18T18:35:26.620314+00:00__ [running]> on host dd03882071e2
[2026-01-18T18:35:48.650+0000] {taskinstance.py:2480} INFO - Exporting env vars: AIRFLOW_CTX_DAG_OWNER='epl_analytics' AIRFLOW_CTX_DAG_ID='epl_match_scheduler' AIRFLOW_CTX_TASK_ID='schedule_runs' AIRFLOW_CTX_EXECUTION_DATE='2026-01-18T00:00:00+00:00' AIRFLOW_CTX_TRY_NUMBER='1' AIRFLOW_CTX_DAG_RUN_ID='__***_temporary_run_2026-01-18T18:35:26.620314+00:00__'
[2026-01-18T18:35:48.685+0000] {epl_match_scheduler.py:118} INFO - Match: Arsenal vs Manchester United
[2026-01-18T18:35:48.685+0000] {epl_match_scheduler.py:119} INFO -   Kickoff: 2026-01-25 15:00
[2026-01-18T18:35:48.685+0000] {epl_match_scheduler.py:120} INFO -   Scrape scheduled: 2026-01-25 19:00
[2026-01-18T18:35:48.686+0000] {epl_match_scheduler.py:118} INFO - Match: Leeds vs Arsenal
[2026-01-18T18:35:48.686+0000] {epl_match_scheduler.py:119} INFO -   Kickoff: 2026-01-31 15:00
[2026-01-18T18:35:48.686+0000] {epl_match_scheduler.py:120} INFO -   Scrape scheduled: 2026-01-31 19:00
[2026-01-18T18:35:48.686+0000] {epl_match_scheduler.py:118} INFO - Match: Manchester United vs Fulham
[2026-01-18T18:35:48.687+0000] {epl_match_scheduler.py:119} INFO -   Kickoff: 2026-02-01 15:00
[2026-01-18T18:35:48.687+0000] {epl_match_scheduler.py:120} INFO -   Scrape scheduled: 2026-02-01 19:00
[2026-01-18T18:35:48.687+0000] {epl_match_scheduler.py:118} INFO - Match: Arsenal vs Sunderland
[2026-01-18T18:35:48.687+0000] {epl_match_scheduler.py:119} INFO -   Kickoff: 2026-02-07 15:00
[2026-01-18T18:35:48.688+0000] {epl_match_scheduler.py:120} INFO -   Scrape scheduled: 2026-02-07 19:00
[2026-01-18T18:35:48.688+0000] {epl_match_scheduler.py:118} INFO - Match: Manchester United vs Tottenham
[2026-01-18T18:35:48.688+0000] {epl_match_scheduler.py:119} INFO -   Kickoff: 2026-02-07 15:00
[2026-01-18T18:35:48.688+0000] {epl_match_scheduler.py:120} INFO -   Scrape scheduled: 2026-02-07 19:00
[2026-01-18T18:35:48.688+0000] {epl_match_scheduler.py:118} INFO - Match: West Ham vs Manchester United
[2026-01-18T18:35:48.689+0000] {epl_match_scheduler.py:119} INFO -   Kickoff: 2026-02-10 15:00
[2026-01-18T18:35:48.689+0000] {epl_match_scheduler.py:120} INFO -   Scrape scheduled: 2026-02-10 19:00
[2026-01-18T18:35:48.689+0000] {epl_match_scheduler.py:118} INFO - Match: Brentford vs Arsenal
[2026-01-18T18:35:48.689+0000] {epl_match_scheduler.py:119} INFO -   Kickoff: 2026-02-12 15:00
[2026-01-18T18:35:48.689+0000] {epl_match_scheduler.py:120} INFO -   Scrape scheduled: 2026-02-12 19:00
[2026-01-18T18:35:48.690+0000] {epl_match_scheduler.py:118} INFO - Match: Tottenham vs Arsenal
[2026-01-18T18:35:48.690+0000] {epl_match_scheduler.py:119} INFO -   Kickoff: 2026-02-22 15:00
[2026-01-18T18:35:48.690+0000] {epl_match_scheduler.py:120} INFO -   Scrape scheduled: 2026-02-22 19:00
[2026-01-18T18:35:48.691+0000] {epl_match_scheduler.py:118} INFO - Match: Everton vs Manchester United
[2026-01-18T18:35:48.691+0000] {epl_match_scheduler.py:119} INFO -   Kickoff: 2026-02-23 15:00
[2026-01-18T18:35:48.691+0000] {epl_match_scheduler.py:120} INFO -   Scrape scheduled: 2026-02-23 19:00
[2026-01-18T18:35:48.692+0000] {epl_match_scheduler.py:118} INFO - Match: Manchester United vs Crystal Palace
[2026-01-18T18:35:48.692+0000] {epl_match_scheduler.py:119} INFO -   Kickoff: 2026-02-28 15:00
[2026-01-18T18:35:48.692+0000] {epl_match_scheduler.py:120} INFO -   Scrape scheduled: 2026-02-28 19:00
[2026-01-18T18:35:48.692+0000] {epl_match_scheduler.py:124} INFO - Scheduled 10 scraping runs
[2026-01-18T18:35:48.693+0000] {python.py:201} INFO - Done. Returned value was: {'scheduled': 10, 'matches': ['Arsenal vs Manchester United', 'Leeds vs Arsenal', 'Manchester United vs Fulham', 'Arsenal vs Sunderland', 'Manchester United vs Tottenham', 'West Ham vs Manchester United', 'Brentford vs Arsenal', 'Tottenham vs Arsenal', 'Everton vs Manchester United', 'Manchester United vs Crystal Palace']}
[2026-01-18T18:35:48.748+0000] {taskinstance.py:1138} INFO - Marking task as SUCCESS. dag_id=epl_match_scheduler, task_id=schedule_runs, execution_date=20260118T000000, start_date=20260118T183548, end_date=20260118T183548
[2026-01-18T18:35:48.809+0000] {local_task_job_runner.py:234} INFO - Task exited with return code 0
[2026-01-18T18:35:48.880+0000] {taskinstance.py:3280} INFO - 0 downstream tasks scheduled from follow-on schedule check
