[2026-01-23T12:29:30.802+0000] {taskinstance.py:1956} INFO - Dependencies all met for dep_context=non-requeueable deps ti=<TaskInstance: epl_match_scheduler.schedule_runs scheduled__2026-01-22T06:00:00+00:00 [queued]>
[2026-01-23T12:29:30.806+0000] {taskinstance.py:1956} INFO - Dependencies all met for dep_context=requeueable deps ti=<TaskInstance: epl_match_scheduler.schedule_runs scheduled__2026-01-22T06:00:00+00:00 [queued]>
[2026-01-23T12:29:30.806+0000] {taskinstance.py:2170} INFO - Starting attempt 1 of 2
[2026-01-23T12:29:30.824+0000] {taskinstance.py:2191} INFO - Executing <Task(PythonOperator): schedule_runs> on 2026-01-22 06:00:00+00:00
[2026-01-23T12:29:30.828+0000] {standard_task_runner.py:60} INFO - Started process 2881 to run task
[2026-01-23T12:29:30.830+0000] {standard_task_runner.py:87} INFO - Running: ['***', 'tasks', 'run', 'epl_match_scheduler', 'schedule_runs', 'scheduled__2026-01-22T06:00:00+00:00', '--job-id', '573', '--raw', '--subdir', 'DAGS_FOLDER/epl_match_scheduler.py', '--cfg-path', '/tmp/tmph7rn_zi_']
[2026-01-23T12:29:30.831+0000] {standard_task_runner.py:88} INFO - Job 573: Subtask schedule_runs
[2026-01-23T12:29:30.892+0000] {task_command.py:423} INFO - Running <TaskInstance: epl_match_scheduler.schedule_runs scheduled__2026-01-22T06:00:00+00:00 [running]> on host dd03882071e2
[2026-01-23T12:29:32.479+0000] {taskinstance.py:2480} INFO - Exporting env vars: AIRFLOW_CTX_DAG_OWNER='epl_analytics' AIRFLOW_CTX_DAG_ID='epl_match_scheduler' AIRFLOW_CTX_TASK_ID='schedule_runs' AIRFLOW_CTX_EXECUTION_DATE='2026-01-22T06:00:00+00:00' AIRFLOW_CTX_TRY_NUMBER='1' AIRFLOW_CTX_DAG_RUN_ID='scheduled__2026-01-22T06:00:00+00:00'
[2026-01-23T12:29:32.501+0000] {epl_match_scheduler.py:118} INFO - Match: Arsenal vs Manchester United
[2026-01-23T12:29:32.501+0000] {epl_match_scheduler.py:119} INFO -   Kickoff: 2026-01-25 15:00
[2026-01-23T12:29:32.501+0000] {epl_match_scheduler.py:120} INFO -   Scrape scheduled: 2026-01-25 19:00
[2026-01-23T12:29:32.501+0000] {epl_match_scheduler.py:118} INFO - Match: Manchester United vs Fulham
[2026-01-23T12:29:32.501+0000] {epl_match_scheduler.py:119} INFO -   Kickoff: 2026-02-01 15:00
[2026-01-23T12:29:32.502+0000] {epl_match_scheduler.py:120} INFO -   Scrape scheduled: 2026-02-01 19:00
[2026-01-23T12:29:32.502+0000] {epl_match_scheduler.py:118} INFO - Match: Manchester United vs Tottenham
[2026-01-23T12:29:32.502+0000] {epl_match_scheduler.py:119} INFO -   Kickoff: 2026-02-07 15:00
[2026-01-23T12:29:32.502+0000] {epl_match_scheduler.py:120} INFO -   Scrape scheduled: 2026-02-07 19:00
[2026-01-23T12:29:32.502+0000] {epl_match_scheduler.py:118} INFO - Match: West Ham vs Manchester United
[2026-01-23T12:29:32.502+0000] {epl_match_scheduler.py:119} INFO -   Kickoff: 2026-02-10 15:00
[2026-01-23T12:29:32.502+0000] {epl_match_scheduler.py:120} INFO -   Scrape scheduled: 2026-02-10 19:00
[2026-01-23T12:29:32.502+0000] {epl_match_scheduler.py:118} INFO - Match: Everton vs Manchester United
[2026-01-23T12:29:32.502+0000] {epl_match_scheduler.py:119} INFO -   Kickoff: 2026-02-23 15:00
[2026-01-23T12:29:32.502+0000] {epl_match_scheduler.py:120} INFO -   Scrape scheduled: 2026-02-23 19:00
[2026-01-23T12:29:32.502+0000] {epl_match_scheduler.py:118} INFO - Match: Manchester United vs Crystal Palace
[2026-01-23T12:29:32.502+0000] {epl_match_scheduler.py:119} INFO -   Kickoff: 2026-02-28 15:00
[2026-01-23T12:29:32.502+0000] {epl_match_scheduler.py:120} INFO -   Scrape scheduled: 2026-02-28 19:00
[2026-01-23T12:29:32.502+0000] {epl_match_scheduler.py:118} INFO - Match: Newcastle United vs Manchester United
[2026-01-23T12:29:32.502+0000] {epl_match_scheduler.py:119} INFO -   Kickoff: 2026-03-04 15:00
[2026-01-23T12:29:32.502+0000] {epl_match_scheduler.py:120} INFO -   Scrape scheduled: 2026-03-04 19:00
[2026-01-23T12:29:32.502+0000] {epl_match_scheduler.py:118} INFO - Match: Manchester United vs Aston Villa
[2026-01-23T12:29:32.503+0000] {epl_match_scheduler.py:119} INFO -   Kickoff: 2026-03-14 15:00
[2026-01-23T12:29:32.503+0000] {epl_match_scheduler.py:120} INFO -   Scrape scheduled: 2026-03-14 19:00
[2026-01-23T12:29:32.503+0000] {epl_match_scheduler.py:118} INFO - Match: Bournemouth vs Manchester United
[2026-01-23T12:29:32.503+0000] {epl_match_scheduler.py:119} INFO -   Kickoff: 2026-03-21 15:00
[2026-01-23T12:29:32.503+0000] {epl_match_scheduler.py:120} INFO -   Scrape scheduled: 2026-03-21 19:00
[2026-01-23T12:29:32.503+0000] {epl_match_scheduler.py:118} INFO - Match: Manchester United vs Leeds
[2026-01-23T12:29:32.503+0000] {epl_match_scheduler.py:119} INFO -   Kickoff: 2026-04-11 15:00
[2026-01-23T12:29:32.503+0000] {epl_match_scheduler.py:120} INFO -   Scrape scheduled: 2026-04-11 19:00
[2026-01-23T12:29:32.503+0000] {epl_match_scheduler.py:124} INFO - Scheduled 10 scraping runs
[2026-01-23T12:29:32.503+0000] {python.py:201} INFO - Done. Returned value was: {'scheduled': 10, 'matches': ['Arsenal vs Manchester United', 'Manchester United vs Fulham', 'Manchester United vs Tottenham', 'West Ham vs Manchester United', 'Everton vs Manchester United', 'Manchester United vs Crystal Palace', 'Newcastle United vs Manchester United', 'Manchester United vs Aston Villa', 'Bournemouth vs Manchester United', 'Manchester United vs Leeds']}
[2026-01-23T12:29:32.551+0000] {taskinstance.py:1138} INFO - Marking task as SUCCESS. dag_id=epl_match_scheduler, task_id=schedule_runs, execution_date=20260122T060000, start_date=20260123T122930, end_date=20260123T122932
[2026-01-23T12:29:32.613+0000] {local_task_job_runner.py:234} INFO - Task exited with return code 0
[2026-01-23T12:29:32.645+0000] {taskinstance.py:3280} INFO - 1 downstream tasks scheduled from follow-on schedule check
