[2026-01-19T17:38:10.847+0000] {taskinstance.py:1956} INFO - Dependencies all met for dep_context=non-requeueable deps ti=<TaskInstance: epl_timed_match_scraper.check_recent_matches scheduled__2026-01-19T00:30:00+00:00 [queued]>
[2026-01-19T17:38:10.864+0000] {taskinstance.py:1956} INFO - Dependencies all met for dep_context=requeueable deps ti=<TaskInstance: epl_timed_match_scraper.check_recent_matches scheduled__2026-01-19T00:30:00+00:00 [queued]>
[2026-01-19T17:38:10.865+0000] {taskinstance.py:2170} INFO - Starting attempt 1 of 2
[2026-01-19T17:38:11.117+0000] {taskinstance.py:2191} INFO - Executing <Task(BranchPythonOperator): check_recent_matches> on 2026-01-19 00:30:00+00:00
[2026-01-19T17:38:11.134+0000] {standard_task_runner.py:60} INFO - Started process 45675 to run task
[2026-01-19T17:38:11.147+0000] {standard_task_runner.py:87} INFO - Running: ['***', 'tasks', 'run', 'epl_timed_match_scraper', 'check_recent_matches', 'scheduled__2026-01-19T00:30:00+00:00', '--job-id', '491', '--raw', '--subdir', 'DAGS_FOLDER/epl_timed_scraper.py', '--cfg-path', '/tmp/tmp7kq5vpe_']
[2026-01-19T17:38:11.153+0000] {standard_task_runner.py:88} INFO - Job 491: Subtask check_recent_matches
[2026-01-19T17:38:11.508+0000] {task_command.py:423} INFO - Running <TaskInstance: epl_timed_match_scraper.check_recent_matches scheduled__2026-01-19T00:30:00+00:00 [running]> on host dd03882071e2
[2026-01-19T17:38:12.711+0000] {taskinstance.py:2480} INFO - Exporting env vars: AIRFLOW_CTX_DAG_OWNER='epl_analytics' AIRFLOW_CTX_DAG_ID='epl_timed_match_scraper' AIRFLOW_CTX_TASK_ID='check_recent_matches' AIRFLOW_CTX_EXECUTION_DATE='2026-01-19T00:30:00+00:00' AIRFLOW_CTX_TRY_NUMBER='1' AIRFLOW_CTX_DAG_RUN_ID='scheduled__2026-01-19T00:30:00+00:00'
[2026-01-19T17:38:12.713+0000] {epl_timed_scraper.py:53} INFO - Checking Arsenal for recent completed matches
[2026-01-19T17:38:12.713+0000] {playwright_scraper.py:87} INFO - Scraping Understat fixtures for Arsenal: https://understat.com/team/Arsenal/2025
[2026-01-19T17:38:21.797+0000] {playwright_scraper.py:118} INFO - Scraped 38 fixtures from Understat
[2026-01-19T17:38:33.567+0000] {epl_timed_scraper.py:53} INFO - Checking Manchester United for recent completed matches
[2026-01-19T17:38:40.426+0000] {playwright_scraper.py:87} INFO - Scraping Understat fixtures for Manchester_United: https://understat.com/team/Manchester_United/2025
[2026-01-19T17:38:49.942+0000] {epl_timed_scraper.py:77} ERROR - Error checking Manchester United: Error scraping Understat fixtures: net::ERR_NAME_NOT_RESOLVED at https://understat.com/team/Manchester_United/2025
[2026-01-19T17:38:49.942+0000] {epl_timed_scraper.py:84} INFO - No new matches to scrape - all up to date!
[2026-01-19T17:38:49.942+0000] {python.py:201} INFO - Done. Returned value was: skip_scraping
[2026-01-19T17:38:49.942+0000] {branch.py:35} INFO - Branch into skip_scraping
[2026-01-19T17:38:49.942+0000] {skipmixin.py:178} INFO - Following branch skip_scraping
[2026-01-19T17:38:49.960+0000] {skipmixin.py:244} INFO - Skipping tasks [('scrape_matches', -1)]
[2026-01-19T17:38:50.094+0000] {taskinstance.py:1138} INFO - Marking task as SUCCESS. dag_id=epl_timed_match_scraper, task_id=check_recent_matches, execution_date=20260119T003000, start_date=20260119T173810, end_date=20260119T173850
[2026-01-19T17:38:50.162+0000] {local_task_job_runner.py:234} INFO - Task exited with return code 0
[2026-01-19T17:38:50.214+0000] {taskinstance.py:3280} INFO - 0 downstream tasks scheduled from follow-on schedule check
