[2026-03-09T20:00:07.618+0000] {taskinstance.py:1956} INFO - Dependencies all met for dep_context=non-requeueable deps ti=<TaskInstance: epl_smart_match_scraper.scrape_arsenal scheduled__2026-03-09T18:00:00+00:00 [queued]>
[2026-03-09T20:00:07.645+0000] {taskinstance.py:1956} INFO - Dependencies all met for dep_context=requeueable deps ti=<TaskInstance: epl_smart_match_scraper.scrape_arsenal scheduled__2026-03-09T18:00:00+00:00 [queued]>
[2026-03-09T20:00:07.646+0000] {taskinstance.py:2170} INFO - Starting attempt 1 of 3
[2026-03-09T20:00:07.721+0000] {taskinstance.py:2191} INFO - Executing <Task(PythonOperator): scrape_arsenal> on 2026-03-09 18:00:00+00:00
[2026-03-09T20:00:07.737+0000] {standard_task_runner.py:60} INFO - Started process 53885 to run task
[2026-03-09T20:00:07.774+0000] {standard_task_runner.py:87} INFO - Running: ['***', 'tasks', 'run', 'epl_smart_match_scraper', 'scrape_arsenal', 'scheduled__2026-03-09T18:00:00+00:00', '--job-id', '738', '--raw', '--subdir', 'DAGS_FOLDER/epl_smart_match_scraper.py', '--cfg-path', '/tmp/tmpywfblli6']
[2026-03-09T20:00:07.781+0000] {standard_task_runner.py:88} INFO - Job 738: Subtask scrape_arsenal
[2026-03-09T20:00:08.002+0000] {task_command.py:423} INFO - Running <TaskInstance: epl_smart_match_scraper.scrape_arsenal scheduled__2026-03-09T18:00:00+00:00 [running]> on host 13250c608584
[2026-03-09T20:00:08.427+0000] {taskinstance.py:2480} INFO - Exporting env vars: AIRFLOW_CTX_DAG_OWNER='epl_analytics' AIRFLOW_CTX_DAG_ID='epl_smart_match_scraper' AIRFLOW_CTX_TASK_ID='scrape_arsenal' AIRFLOW_CTX_EXECUTION_DATE='2026-03-09T18:00:00+00:00' AIRFLOW_CTX_TRY_NUMBER='1' AIRFLOW_CTX_DAG_RUN_ID='scheduled__2026-03-09T18:00:00+00:00'
[2026-03-09T20:00:08.431+0000] {epl_smart_match_scraper.py:42} INFO - Checking Arsenal matches for 2025-26
[2026-03-09T20:00:08.432+0000] {playwright_scraper.py:87} INFO - Scraping Understat fixtures for Arsenal: https://understat.com/team/Arsenal/2025
[2026-03-09T20:00:17.418+0000] {playwright_scraper.py:118} INFO - Scraped 38 fixtures from Understat
[2026-03-09T20:00:17.949+0000] {playwright_scraper.py:140} INFO - Scraping match shots: https://understat.com/match/28999
[2026-03-09T20:00:31.120+0000] {playwright_scraper.py:213} INFO - Scraped 26 shots for Arsenal vs Manchester United
[2026-03-09T20:00:31.352+0000] {db_loader.py:196} INFO - Created scrape run: epl_smart_Arsenal_dcc55745
[2026-03-09T20:00:31.390+0000] {db_loader.py:359} INFO - Saved match reference for Arsenal vs Manchester United (Team: Arsenal)
[2026-03-09T20:00:31.414+0000] {db_loader.py:150} INFO - Saved Understat data for match 20260125_arsenal_vs_manchester_united (ID: 326, Team: Arsenal)
[2026-03-09T20:00:31.504+0000] {db_loader.py:242} INFO - Updated scrape run epl_smart_Arsenal_dcc55745: success
[2026-03-09T20:00:31.505+0000] {epl_smart_match_scraper.py:83} INFO - ✓ Arsenal vs Manchester United: 26 shots
[2026-03-09T20:00:31.505+0000] {python.py:201} INFO - Done. Returned value was: {'team': 'Arsenal', 'status': 'success', 'scraped': 1}
[2026-03-09T20:00:31.606+0000] {taskinstance.py:1138} INFO - Marking task as SUCCESS. dag_id=epl_smart_match_scraper, task_id=scrape_arsenal, execution_date=20260309T180000, start_date=20260309T200007, end_date=20260309T200031
[2026-03-09T20:00:31.698+0000] {local_task_job_runner.py:234} INFO - Task exited with return code 0
[2026-03-09T20:00:31.769+0000] {taskinstance.py:3280} INFO - 0 downstream tasks scheduled from follow-on schedule check
