[2026-03-10T17:30:01.591+0000] {taskinstance.py:1956} INFO - Dependencies all met for dep_context=non-requeueable deps ti=<TaskInstance: epl_timed_match_scraper.check_recent_matches scheduled__2026-03-10T00:30:00+00:00 [queued]>
[2026-03-10T17:30:01.602+0000] {taskinstance.py:1956} INFO - Dependencies all met for dep_context=requeueable deps ti=<TaskInstance: epl_timed_match_scraper.check_recent_matches scheduled__2026-03-10T00:30:00+00:00 [queued]>
[2026-03-10T17:30:01.602+0000] {taskinstance.py:2170} INFO - Starting attempt 1 of 2
[2026-03-10T17:30:01.657+0000] {taskinstance.py:2191} INFO - Executing <Task(BranchPythonOperator): check_recent_matches> on 2026-03-10 00:30:00+00:00
[2026-03-10T17:30:01.668+0000] {standard_task_runner.py:60} INFO - Started process 81159 to run task
[2026-03-10T17:30:01.672+0000] {standard_task_runner.py:87} INFO - Running: ['***', 'tasks', 'run', 'epl_timed_match_scraper', 'check_recent_matches', 'scheduled__2026-03-10T00:30:00+00:00', '--job-id', '843', '--raw', '--subdir', 'DAGS_FOLDER/epl_timed_match_scraper.py', '--cfg-path', '/tmp/tmptpytb1w6']
[2026-03-10T17:30:01.675+0000] {standard_task_runner.py:88} INFO - Job 843: Subtask check_recent_matches
[2026-03-10T17:30:01.781+0000] {task_command.py:423} INFO - Running <TaskInstance: epl_timed_match_scraper.check_recent_matches scheduled__2026-03-10T00:30:00+00:00 [running]> on host 13250c608584
[2026-03-10T17:30:01.954+0000] {taskinstance.py:2480} INFO - Exporting env vars: AIRFLOW_CTX_DAG_OWNER='epl_analytics' AIRFLOW_CTX_DAG_ID='epl_timed_match_scraper' AIRFLOW_CTX_TASK_ID='check_recent_matches' AIRFLOW_CTX_EXECUTION_DATE='2026-03-10T00:30:00+00:00' AIRFLOW_CTX_TRY_NUMBER='1' AIRFLOW_CTX_DAG_RUN_ID='scheduled__2026-03-10T00:30:00+00:00'
[2026-03-10T17:30:01.955+0000] {epl_timed_match_scraper.py:54} INFO - Checking Arsenal for recent completed matches
[2026-03-10T17:30:01.956+0000] {playwright_scraper.py:87} INFO - Scraping Understat fixtures for Arsenal: https://understat.com/team/Arsenal/2025
[2026-03-10T17:30:09.223+0000] {playwright_scraper.py:118} INFO - Scraped 38 fixtures from Understat
[2026-03-10T17:30:09.314+0000] {epl_timed_match_scraper.py:54} INFO - Checking Manchester United for recent completed matches
[2026-03-10T17:30:11.302+0000] {playwright_scraper.py:87} INFO - Scraping Understat fixtures for Manchester_United: https://understat.com/team/Manchester_United/2025
[2026-03-10T17:30:18.213+0000] {playwright_scraper.py:118} INFO - Scraped 38 fixtures from Understat
[2026-03-10T17:30:18.302+0000] {epl_timed_match_scraper.py:54} INFO - Checking Manchester City for recent completed matches
[2026-03-10T17:30:20.290+0000] {playwright_scraper.py:87} INFO - Scraping Understat fixtures for Manchester_City: https://understat.com/team/Manchester_City/2025
[2026-03-10T17:30:26.996+0000] {playwright_scraper.py:118} INFO - Scraped 38 fixtures from Understat
[2026-03-10T17:30:27.091+0000] {epl_timed_match_scraper.py:54} INFO - Checking Liverpool for recent completed matches
[2026-03-10T17:30:29.080+0000] {playwright_scraper.py:87} INFO - Scraping Understat fixtures for Liverpool: https://understat.com/team/Liverpool/2025
[2026-03-10T17:30:35.721+0000] {playwright_scraper.py:118} INFO - Scraped 38 fixtures from Understat
[2026-03-10T17:30:35.810+0000] {epl_timed_match_scraper.py:75} INFO - Found new match: Arsenal vs Liverpool (Liverpool)
[2026-03-10T17:30:36.762+0000] {python.py:201} INFO - Done. Returned value was: scrape_matches
[2026-03-10T17:30:36.762+0000] {branch.py:35} INFO - Branch into scrape_matches
[2026-03-10T17:30:36.763+0000] {skipmixin.py:178} INFO - Following branch scrape_matches
[2026-03-10T17:30:36.793+0000] {skipmixin.py:244} INFO - Skipping tasks [('skip_scraping', -1)]
[2026-03-10T17:30:36.975+0000] {taskinstance.py:1138} INFO - Marking task as SUCCESS. dag_id=epl_timed_match_scraper, task_id=check_recent_matches, execution_date=20260310T003000, start_date=20260310T173001, end_date=20260310T173036
[2026-03-10T17:30:37.025+0000] {local_task_job_runner.py:234} INFO - Task exited with return code 0
[2026-03-10T17:30:37.087+0000] {taskinstance.py:3280} INFO - 1 downstream tasks scheduled from follow-on schedule check
