[2026-03-09T16:43:48.084+0000] {taskinstance.py:1956} INFO - Dependencies all met for dep_context=non-requeueable deps ti=<TaskInstance: epl_smart_match_scraper.scrape_arsenal scheduled__2026-03-09T14:00:00+00:00 [queued]>
[2026-03-09T16:43:48.097+0000] {taskinstance.py:1956} INFO - Dependencies all met for dep_context=requeueable deps ti=<TaskInstance: epl_smart_match_scraper.scrape_arsenal scheduled__2026-03-09T14:00:00+00:00 [queued]>
[2026-03-09T16:43:48.098+0000] {taskinstance.py:2170} INFO - Starting attempt 1 of 3
[2026-03-09T16:43:49.163+0000] {taskinstance.py:2191} INFO - Executing <Task(PythonOperator): scrape_arsenal> on 2026-03-09 14:00:00+00:00
[2026-03-09T16:43:49.169+0000] {standard_task_runner.py:60} INFO - Started process 260 to run task
[2026-03-09T16:43:49.171+0000] {standard_task_runner.py:87} INFO - Running: ['***', 'tasks', 'run', 'epl_smart_match_scraper', 'scrape_arsenal', 'scheduled__2026-03-09T14:00:00+00:00', '--job-id', '664', '--raw', '--subdir', 'DAGS_FOLDER/epl_smart_match_scraper.py', '--cfg-path', '/tmp/tmpkjj1y2_4']
[2026-03-09T16:43:49.173+0000] {standard_task_runner.py:88} INFO - Job 664: Subtask scrape_arsenal
[2026-03-09T16:43:49.364+0000] {task_command.py:423} INFO - Running <TaskInstance: epl_smart_match_scraper.scrape_arsenal scheduled__2026-03-09T14:00:00+00:00 [running]> on host 13250c608584
[2026-03-09T16:43:49.761+0000] {taskinstance.py:2480} INFO - Exporting env vars: AIRFLOW_CTX_DAG_OWNER='epl_analytics' AIRFLOW_CTX_DAG_ID='epl_smart_match_scraper' AIRFLOW_CTX_TASK_ID='scrape_arsenal' AIRFLOW_CTX_EXECUTION_DATE='2026-03-09T14:00:00+00:00' AIRFLOW_CTX_TRY_NUMBER='1' AIRFLOW_CTX_DAG_RUN_ID='scheduled__2026-03-09T14:00:00+00:00'
[2026-03-09T16:43:49.762+0000] {epl_smart_match_scraper.py:42} INFO - Checking Arsenal matches for 2025-26
[2026-03-09T16:43:49.762+0000] {playwright_scraper.py:87} INFO - Scraping Understat fixtures for Arsenal: https://understat.com/team/Arsenal/2025
[2026-03-09T16:45:03.994+0000] {playwright_scraper.py:118} INFO - Scraped 38 fixtures from Understat
[2026-03-09T16:45:04.278+0000] {playwright_scraper.py:140} INFO - Scraping match shots: https://understat.com/match/28999
[2026-03-09T16:45:15.421+0000] {playwright_scraper.py:213} INFO - Scraped 26 shots for Arsenal vs Manchester United
[2026-03-09T16:45:16.142+0000] {db_loader.py:196} INFO - Created scrape run: epl_smart_Arsenal_a56566cf
[2026-03-09T16:45:16.147+0000] {db_loader.py:42} ERROR - Database error: column "id" does not exist
LINE 8:                         RETURNING id
                                          ^

[2026-03-09T16:45:16.148+0000] {db_loader.py:362} ERROR - Failed to save match reference: column "id" does not exist
LINE 8:                         RETURNING id
                                          ^

[2026-03-09T16:45:16.981+0000] {db_loader.py:150} INFO - Saved Understat data for match 20260125_arsenal_vs_manchester_united (ID: 326, Team: Arsenal)
[2026-03-09T16:45:18.365+0000] {db_loader.py:242} INFO - Updated scrape run epl_smart_Arsenal_a56566cf: success
[2026-03-09T16:45:18.366+0000] {epl_smart_match_scraper.py:83} INFO - ✓ Arsenal vs Manchester United: 26 shots
[2026-03-09T16:45:18.366+0000] {playwright_scraper.py:140} INFO - Scraping match shots: https://understat.com/match/29015
[2026-03-09T16:46:18.886+0000] {epl_smart_match_scraper.py:86} ERROR - Error: Timeout loading https://understat.com/match/29015: Timeout 60000ms exceeded.
[2026-03-09T16:46:18.886+0000] {playwright_scraper.py:140} INFO - Scraping match shots: https://understat.com/match/29019
[2026-03-09T16:47:19.884+0000] {epl_smart_match_scraper.py:86} ERROR - Error: Timeout loading https://understat.com/match/29019: Timeout 60000ms exceeded.
[2026-03-09T16:47:19.884+0000] {playwright_scraper.py:140} INFO - Scraping match shots: https://understat.com/match/29029
[2026-03-09T16:47:30.389+0000] {playwright_scraper.py:213} INFO - Scraped 19 shots for Brentford vs Arsenal
[2026-03-09T16:47:30.456+0000] {db_loader.py:196} INFO - Created scrape run: epl_smart_Arsenal_8fd50a01
[2026-03-09T16:47:30.467+0000] {db_loader.py:42} ERROR - Database error: column "id" does not exist
LINE 8:                         RETURNING id
                                          ^

[2026-03-09T16:47:30.467+0000] {db_loader.py:362} ERROR - Failed to save match reference: column "id" does not exist
LINE 8:                         RETURNING id
                                          ^

[2026-03-09T16:47:30.504+0000] {db_loader.py:150} INFO - Saved Understat data for match 20260212_brentford_vs_arsenal (ID: 331, Team: Arsenal)
[2026-03-09T16:47:30.597+0000] {db_loader.py:242} INFO - Updated scrape run epl_smart_Arsenal_8fd50a01: success
[2026-03-09T16:47:30.598+0000] {epl_smart_match_scraper.py:83} INFO - ✓ Brentford vs Arsenal: 19 shots
[2026-03-09T16:47:32.426+0000] {playwright_scraper.py:140} INFO - Scraping match shots: https://understat.com/match/29087
[2026-03-09T16:47:42.842+0000] {playwright_scraper.py:213} INFO - Scraped 15 shots for Wolverhampton Wanderers vs Arsenal
[2026-03-09T16:47:42.934+0000] {db_loader.py:196} INFO - Created scrape run: epl_smart_Arsenal_dbd7ae0c
[2026-03-09T16:47:42.943+0000] {db_loader.py:42} ERROR - Database error: column "id" does not exist
LINE 8:                         RETURNING id
                                          ^

[2026-03-09T16:47:42.944+0000] {db_loader.py:362} ERROR - Failed to save match reference: column "id" does not exist
LINE 8:                         RETURNING id
                                          ^

[2026-03-09T16:47:42.950+0000] {db_loader.py:150} INFO - Saved Understat data for match 20260218_wolverhampton_wanderers_vs_arsenal (ID: 332, Team: Arsenal)
[2026-03-09T16:47:43.054+0000] {db_loader.py:242} INFO - Updated scrape run epl_smart_Arsenal_dbd7ae0c: success
[2026-03-09T16:47:43.054+0000] {epl_smart_match_scraper.py:83} INFO - ✓ Wolverhampton Wanderers vs Arsenal: 15 shots
[2026-03-09T16:47:44.878+0000] {playwright_scraper.py:140} INFO - Scraping match shots: https://understat.com/match/29046
[2026-03-09T16:48:45.261+0000] {epl_smart_match_scraper.py:86} ERROR - Error: Timeout loading https://understat.com/match/29046: Timeout 60000ms exceeded.
[2026-03-09T16:48:45.261+0000] {playwright_scraper.py:140} INFO - Scraping match shots: https://understat.com/match/29049
[2026-03-09T16:49:45.612+0000] {epl_smart_match_scraper.py:86} ERROR - Error: Timeout loading https://understat.com/match/29049: Timeout 60000ms exceeded.
[2026-03-09T16:49:45.612+0000] {playwright_scraper.py:140} INFO - Scraping match shots: https://understat.com/match/29060
[2026-03-09T16:49:54.364+0000] {playwright_scraper.py:213} INFO - Scraped 18 shots for Brighton vs Arsenal
[2026-03-09T16:49:54.734+0000] {db_loader.py:196} INFO - Created scrape run: epl_smart_Arsenal_3001f8ce
[2026-03-09T16:49:54.740+0000] {db_loader.py:42} ERROR - Database error: column "id" does not exist
LINE 8:                         RETURNING id
                                          ^

[2026-03-09T16:49:54.740+0000] {db_loader.py:362} ERROR - Failed to save match reference: column "id" does not exist
LINE 8:                         RETURNING id
                                          ^

[2026-03-09T16:49:54.745+0000] {db_loader.py:150} INFO - Saved Understat data for match 20260304_brighton_vs_arsenal (ID: 334, Team: Arsenal)
[2026-03-09T16:49:54.940+0000] {db_loader.py:242} INFO - Updated scrape run epl_smart_Arsenal_3001f8ce: success
[2026-03-09T16:49:54.940+0000] {epl_smart_match_scraper.py:83} INFO - ✓ Brighton vs Arsenal: 18 shots
[2026-03-09T16:49:54.940+0000] {python.py:201} INFO - Done. Returned value was: {'team': 'Arsenal', 'status': 'success', 'scraped': 4}
[2026-03-09T16:49:55.005+0000] {taskinstance.py:1138} INFO - Marking task as SUCCESS. dag_id=epl_smart_match_scraper, task_id=scrape_arsenal, execution_date=20260309T140000, start_date=20260309T164348, end_date=20260309T164955
[2026-03-09T16:49:55.077+0000] {local_task_job_runner.py:234} INFO - Task exited with return code 0
[2026-03-09T16:49:55.094+0000] {taskinstance.py:3280} INFO - 1 downstream tasks scheduled from follow-on schedule check
