[2026-03-09T16:43:47.811+0000] {taskinstance.py:1956} INFO - Dependencies all met for dep_context=non-requeueable deps ti=<TaskInstance: epl_timed_match_scraper.check_recent_matches scheduled__2026-03-08T22:30:00+00:00 [queued]>
[2026-03-09T16:43:47.817+0000] {taskinstance.py:1956} INFO - Dependencies all met for dep_context=requeueable deps ti=<TaskInstance: epl_timed_match_scraper.check_recent_matches scheduled__2026-03-08T22:30:00+00:00 [queued]>
[2026-03-09T16:43:47.817+0000] {taskinstance.py:2170} INFO - Starting attempt 1 of 2
[2026-03-09T16:43:47.944+0000] {taskinstance.py:2191} INFO - Executing <Task(BranchPythonOperator): check_recent_matches> on 2026-03-08 22:30:00+00:00
[2026-03-09T16:43:47.954+0000] {standard_task_runner.py:60} INFO - Started process 252 to run task
[2026-03-09T16:43:47.960+0000] {standard_task_runner.py:87} INFO - Running: ['***', 'tasks', 'run', 'epl_timed_match_scraper', 'check_recent_matches', 'scheduled__2026-03-08T22:30:00+00:00', '--job-id', '662', '--raw', '--subdir', 'DAGS_FOLDER/epl_timed_scraper.py', '--cfg-path', '/tmp/tmpi9jvb2ac']
[2026-03-09T16:43:47.965+0000] {standard_task_runner.py:88} INFO - Job 662: Subtask check_recent_matches
[2026-03-09T16:43:48.097+0000] {task_command.py:423} INFO - Running <TaskInstance: epl_timed_match_scraper.check_recent_matches scheduled__2026-03-08T22:30:00+00:00 [running]> on host 13250c608584
[2026-03-09T16:43:49.324+0000] {taskinstance.py:2480} INFO - Exporting env vars: AIRFLOW_CTX_DAG_OWNER='epl_analytics' AIRFLOW_CTX_DAG_ID='epl_timed_match_scraper' AIRFLOW_CTX_TASK_ID='check_recent_matches' AIRFLOW_CTX_EXECUTION_DATE='2026-03-08T22:30:00+00:00' AIRFLOW_CTX_TRY_NUMBER='1' AIRFLOW_CTX_DAG_RUN_ID='scheduled__2026-03-08T22:30:00+00:00'
[2026-03-09T16:43:49.327+0000] {epl_timed_scraper.py:53} INFO - Checking Arsenal for recent completed matches
[2026-03-09T16:43:49.327+0000] {playwright_scraper.py:87} INFO - Scraping Understat fixtures for Arsenal: https://understat.com/team/Arsenal/2025
[2026-03-09T16:45:03.969+0000] {playwright_scraper.py:118} INFO - Scraped 38 fixtures from Understat
[2026-03-09T16:45:04.278+0000] {epl_timed_scraper.py:74} INFO - Found new match: Arsenal vs Manchester United
[2026-03-09T16:45:04.283+0000] {epl_timed_scraper.py:74} INFO - Found new match: Leeds vs Arsenal
[2026-03-09T16:45:04.283+0000] {epl_timed_scraper.py:74} INFO - Found new match: Arsenal vs Sunderland
[2026-03-09T16:45:04.283+0000] {epl_timed_scraper.py:74} INFO - Found new match: Brentford vs Arsenal
[2026-03-09T16:45:04.284+0000] {epl_timed_scraper.py:74} INFO - Found new match: Wolverhampton Wanderers vs Arsenal
[2026-03-09T16:45:04.284+0000] {epl_timed_scraper.py:74} INFO - Found new match: Tottenham vs Arsenal
[2026-03-09T16:45:04.284+0000] {epl_timed_scraper.py:74} INFO - Found new match: Arsenal vs Chelsea
[2026-03-09T16:45:04.284+0000] {epl_timed_scraper.py:74} INFO - Found new match: Brighton vs Arsenal
[2026-03-09T16:45:04.284+0000] {epl_timed_scraper.py:53} INFO - Checking Manchester United for recent completed matches
[2026-03-09T16:45:06.269+0000] {playwright_scraper.py:87} INFO - Scraping Understat fixtures for Manchester_United: https://understat.com/team/Manchester_United/2025
[2026-03-09T16:45:13.422+0000] {playwright_scraper.py:118} INFO - Scraped 38 fixtures from Understat
[2026-03-09T16:45:16.937+0000] {epl_timed_scraper.py:74} INFO - Found new match: Arsenal vs Manchester United
[2026-03-09T16:45:16.937+0000] {epl_timed_scraper.py:74} INFO - Found new match: Manchester United vs Fulham
[2026-03-09T16:45:16.937+0000] {epl_timed_scraper.py:74} INFO - Found new match: Manchester United vs Tottenham
[2026-03-09T16:45:16.937+0000] {epl_timed_scraper.py:74} INFO - Found new match: West Ham vs Manchester United
[2026-03-09T16:45:16.937+0000] {epl_timed_scraper.py:74} INFO - Found new match: Everton vs Manchester United
[2026-03-09T16:45:16.937+0000] {epl_timed_scraper.py:74} INFO - Found new match: Manchester United vs Crystal Palace
[2026-03-09T16:45:16.937+0000] {epl_timed_scraper.py:74} INFO - Found new match: Newcastle United vs Manchester United
[2026-03-09T16:45:17.025+0000] {python.py:201} INFO - Done. Returned value was: scrape_matches
[2026-03-09T16:45:17.025+0000] {branch.py:35} INFO - Branch into scrape_matches
[2026-03-09T16:45:17.026+0000] {skipmixin.py:178} INFO - Following branch scrape_matches
[2026-03-09T16:45:17.042+0000] {skipmixin.py:244} INFO - Skipping tasks [('skip_scraping', -1)]
[2026-03-09T16:45:18.318+0000] {taskinstance.py:1138} INFO - Marking task as SUCCESS. dag_id=epl_timed_match_scraper, task_id=check_recent_matches, execution_date=20260308T223000, start_date=20260309T164347, end_date=20260309T164518
[2026-03-09T16:45:18.498+0000] {local_task_job_runner.py:234} INFO - Task exited with return code 0
[2026-03-09T16:45:18.533+0000] {taskinstance.py:3280} INFO - 1 downstream tasks scheduled from follow-on schedule check
