[2026-03-09T16:45:21.250+0000] {taskinstance.py:1956} INFO - Dependencies all met for dep_context=non-requeueable deps ti=<TaskInstance: epl_timed_match_scraper.scrape_matches scheduled__2026-03-08T22:30:00+00:00 [queued]>
[2026-03-09T16:45:21.260+0000] {taskinstance.py:1956} INFO - Dependencies all met for dep_context=requeueable deps ti=<TaskInstance: epl_timed_match_scraper.scrape_matches scheduled__2026-03-08T22:30:00+00:00 [queued]>
[2026-03-09T16:45:21.260+0000] {taskinstance.py:2170} INFO - Starting attempt 1 of 2
[2026-03-09T16:45:21.446+0000] {taskinstance.py:2191} INFO - Executing <Task(PythonOperator): scrape_matches> on 2026-03-08 22:30:00+00:00
[2026-03-09T16:45:21.457+0000] {standard_task_runner.py:60} INFO - Started process 3223 to run task
[2026-03-09T16:45:21.462+0000] {standard_task_runner.py:87} INFO - Running: ['***', 'tasks', 'run', 'epl_timed_match_scraper', 'scrape_matches', 'scheduled__2026-03-08T22:30:00+00:00', '--job-id', '677', '--raw', '--subdir', 'DAGS_FOLDER/epl_timed_scraper.py', '--cfg-path', '/tmp/tmp15ua4yin']
[2026-03-09T16:45:21.465+0000] {standard_task_runner.py:88} INFO - Job 677: Subtask scrape_matches
[2026-03-09T16:45:21.637+0000] {task_command.py:423} INFO - Running <TaskInstance: epl_timed_match_scraper.scrape_matches scheduled__2026-03-08T22:30:00+00:00 [running]> on host 13250c608584
[2026-03-09T16:45:22.066+0000] {taskinstance.py:2480} INFO - Exporting env vars: AIRFLOW_CTX_DAG_OWNER='epl_analytics' AIRFLOW_CTX_DAG_ID='epl_timed_match_scraper' AIRFLOW_CTX_TASK_ID='scrape_matches' AIRFLOW_CTX_EXECUTION_DATE='2026-03-08T22:30:00+00:00' AIRFLOW_CTX_TRY_NUMBER='1' AIRFLOW_CTX_DAG_RUN_ID='scheduled__2026-03-08T22:30:00+00:00'
[2026-03-09T16:45:22.076+0000] {epl_timed_scraper.py:110} INFO - Scraping: Arsenal vs Manchester United on 2026-01-25
[2026-03-09T16:45:22.076+0000] {playwright_scraper.py:140} INFO - Scraping match shots: https://understat.com/match/28999
[2026-03-09T16:46:22.458+0000] {epl_timed_scraper.py:132} ERROR - Error scraping Arsenal vs Manchester United: Timeout loading https://understat.com/match/28999: Timeout 60000ms exceeded.
[2026-03-09T16:46:22.459+0000] {epl_timed_scraper.py:110} INFO - Scraping: Leeds vs Arsenal on 2026-01-31
[2026-03-09T16:46:22.459+0000] {playwright_scraper.py:140} INFO - Scraping match shots: https://understat.com/match/29015
[2026-03-09T16:46:33.311+0000] {playwright_scraper.py:213} INFO - Scraped 18 shots for Leeds vs Arsenal
[2026-03-09T16:46:33.853+0000] {db_loader.py:196} INFO - Created scrape run: epl_timed_Arsenal_3b2e2f0c
[2026-03-09T16:46:33.858+0000] {db_loader.py:42} ERROR - Database error: column "id" does not exist
LINE 8:                         RETURNING id
                                          ^

[2026-03-09T16:46:33.858+0000] {db_loader.py:362} ERROR - Failed to save match reference: column "id" does not exist
LINE 8:                         RETURNING id
                                          ^

[2026-03-09T16:46:33.892+0000] {db_loader.py:150} INFO - Saved Understat data for match 20260131_leeds_vs_arsenal (ID: 330, Team: Arsenal)
[2026-03-09T16:46:34.087+0000] {db_loader.py:242} INFO - Updated scrape run epl_timed_Arsenal_3b2e2f0c: success
[2026-03-09T16:46:34.087+0000] {epl_timed_scraper.py:128} INFO - ✓ Leeds vs Arsenal: 18 shots, xG 0.18-3.55
[2026-03-09T16:46:34.088+0000] {epl_timed_scraper.py:110} INFO - Scraping: Arsenal vs Sunderland on 2026-02-07
[2026-03-09T16:46:35.351+0000] {playwright_scraper.py:140} INFO - Scraping match shots: https://understat.com/match/29019
[2026-03-09T16:47:35.668+0000] {epl_timed_scraper.py:132} ERROR - Error scraping Arsenal vs Sunderland: Timeout loading https://understat.com/match/29019: Timeout 60000ms exceeded.
[2026-03-09T16:47:35.669+0000] {epl_timed_scraper.py:110} INFO - Scraping: Brentford vs Arsenal on 2026-02-12
[2026-03-09T16:47:35.669+0000] {playwright_scraper.py:140} INFO - Scraping match shots: https://understat.com/match/29029
[2026-03-09T16:47:45.400+0000] {playwright_scraper.py:213} INFO - Scraped 19 shots for Brentford vs Arsenal
[2026-03-09T16:47:45.490+0000] {db_loader.py:196} INFO - Created scrape run: epl_timed_Arsenal_160ec5a6
[2026-03-09T16:47:45.496+0000] {db_loader.py:42} ERROR - Database error: column "id" does not exist
LINE 8:                         RETURNING id
                                          ^

[2026-03-09T16:47:45.496+0000] {db_loader.py:362} ERROR - Failed to save match reference: column "id" does not exist
LINE 8:                         RETURNING id
                                          ^

[2026-03-09T16:47:45.502+0000] {db_loader.py:150} INFO - Saved Understat data for match 20260212_brentford_vs_arsenal (ID: 331, Team: Arsenal)
[2026-03-09T16:47:45.607+0000] {db_loader.py:242} INFO - Updated scrape run epl_timed_Arsenal_160ec5a6: success
[2026-03-09T16:47:45.608+0000] {epl_timed_scraper.py:128} INFO - ✓ Brentford vs Arsenal: 19 shots, xG 1.81-0.78
[2026-03-09T16:47:45.608+0000] {epl_timed_scraper.py:110} INFO - Scraping: Wolverhampton Wanderers vs Arsenal on 2026-02-18
[2026-03-09T16:47:47.460+0000] {playwright_scraper.py:140} INFO - Scraping match shots: https://understat.com/match/29087
[2026-03-09T16:48:47.813+0000] {epl_timed_scraper.py:132} ERROR - Error scraping Wolverhampton Wanderers vs Arsenal: Timeout loading https://understat.com/match/29087: Timeout 60000ms exceeded.
[2026-03-09T16:48:47.813+0000] {epl_timed_scraper.py:110} INFO - Scraping: Tottenham vs Arsenal on 2026-02-22
[2026-03-09T16:48:47.814+0000] {playwright_scraper.py:140} INFO - Scraping match shots: https://understat.com/match/29046
[2026-03-09T16:49:48.167+0000] {epl_timed_scraper.py:132} ERROR - Error scraping Tottenham vs Arsenal: Timeout loading https://understat.com/match/29046: Timeout 60000ms exceeded.
[2026-03-09T16:49:48.168+0000] {epl_timed_scraper.py:110} INFO - Scraping: Arsenal vs Chelsea on 2026-03-01
[2026-03-09T16:49:48.168+0000] {playwright_scraper.py:140} INFO - Scraping match shots: https://understat.com/match/29049
[2026-03-09T16:50:48.489+0000] {epl_timed_scraper.py:132} ERROR - Error scraping Arsenal vs Chelsea: Timeout loading https://understat.com/match/29049: Timeout 60000ms exceeded.
[2026-03-09T16:50:48.490+0000] {epl_timed_scraper.py:110} INFO - Scraping: Brighton vs Arsenal on 2026-03-04
[2026-03-09T16:50:48.490+0000] {playwright_scraper.py:140} INFO - Scraping match shots: https://understat.com/match/29060
[2026-03-09T16:50:58.078+0000] {playwright_scraper.py:213} INFO - Scraped 18 shots for Brighton vs Arsenal
[2026-03-09T16:50:58.149+0000] {db_loader.py:196} INFO - Created scrape run: epl_timed_Arsenal_e5c49725
[2026-03-09T16:50:58.154+0000] {db_loader.py:42} ERROR - Database error: column "id" does not exist
LINE 8:                         RETURNING id
                                          ^

[2026-03-09T16:50:58.155+0000] {db_loader.py:362} ERROR - Failed to save match reference: column "id" does not exist
LINE 8:                         RETURNING id
                                          ^

[2026-03-09T16:50:58.160+0000] {db_loader.py:150} INFO - Saved Understat data for match 20260304_brighton_vs_arsenal (ID: 334, Team: Arsenal)
[2026-03-09T16:50:58.195+0000] {db_loader.py:242} INFO - Updated scrape run epl_timed_Arsenal_e5c49725: success
[2026-03-09T16:50:58.195+0000] {epl_timed_scraper.py:128} INFO - ✓ Brighton vs Arsenal: 18 shots, xG 0.92-0.51
[2026-03-09T16:50:58.195+0000] {epl_timed_scraper.py:110} INFO - Scraping: Arsenal vs Manchester United on 2026-01-25
[2026-03-09T16:51:00.122+0000] {playwright_scraper.py:140} INFO - Scraping match shots: https://understat.com/match/28999
[2026-03-09T16:51:08.906+0000] {playwright_scraper.py:213} INFO - Scraped 26 shots for Arsenal vs Manchester United
[2026-03-09T16:51:08.970+0000] {db_loader.py:196} INFO - Created scrape run: epl_timed_Manchester_United_4f8beeed
[2026-03-09T16:51:08.975+0000] {db_loader.py:42} ERROR - Database error: column "id" does not exist
LINE 8:                         RETURNING id
                                          ^

[2026-03-09T16:51:08.975+0000] {db_loader.py:362} ERROR - Failed to save match reference: column "id" does not exist
LINE 8:                         RETURNING id
                                          ^

[2026-03-09T16:51:08.981+0000] {db_loader.py:150} INFO - Saved Understat data for match 20260125_arsenal_vs_manchester_united (ID: 326, Team: Manchester United)
[2026-03-09T16:51:09.039+0000] {db_loader.py:242} INFO - Updated scrape run epl_timed_Manchester_United_4f8beeed: success
[2026-03-09T16:51:09.040+0000] {epl_timed_scraper.py:128} INFO - ✓ Arsenal vs Manchester United: 26 shots, xG 1.42-0.64
[2026-03-09T16:51:09.040+0000] {epl_timed_scraper.py:110} INFO - Scraping: Manchester United vs Fulham on 2026-02-01
[2026-03-09T16:51:10.946+0000] {playwright_scraper.py:140} INFO - Scraping match shots: https://understat.com/match/29012
[2026-03-09T16:51:19.924+0000] {playwright_scraper.py:213} INFO - Scraped 27 shots for Manchester United vs Fulham
[2026-03-09T16:51:19.990+0000] {db_loader.py:196} INFO - Created scrape run: epl_timed_Manchester_United_a05e18b5
[2026-03-09T16:51:19.994+0000] {db_loader.py:42} ERROR - Database error: column "id" does not exist
LINE 8:                         RETURNING id
                                          ^

[2026-03-09T16:51:19.995+0000] {db_loader.py:362} ERROR - Failed to save match reference: column "id" does not exist
LINE 8:                         RETURNING id
                                          ^

[2026-03-09T16:51:20.000+0000] {db_loader.py:150} INFO - Saved Understat data for match 20260201_manchester_united_vs_fulham (ID: 327, Team: Manchester United)
[2026-03-09T16:51:20.036+0000] {db_loader.py:242} INFO - Updated scrape run epl_timed_Manchester_United_a05e18b5: success
[2026-03-09T16:51:20.036+0000] {epl_timed_scraper.py:128} INFO - ✓ Manchester United vs Fulham: 27 shots, xG 1.88-1.72
[2026-03-09T16:51:20.036+0000] {epl_timed_scraper.py:110} INFO - Scraping: Manchester United vs Tottenham on 2026-02-07
[2026-03-09T16:51:21.965+0000] {playwright_scraper.py:140} INFO - Scraping match shots: https://understat.com/match/29025
[2026-03-09T16:52:22.305+0000] {epl_timed_scraper.py:132} ERROR - Error scraping Manchester United vs Tottenham: Timeout loading https://understat.com/match/29025: Timeout 60000ms exceeded.
[2026-03-09T16:52:22.306+0000] {epl_timed_scraper.py:110} INFO - Scraping: West Ham vs Manchester United on 2026-02-10
[2026-03-09T16:52:22.306+0000] {playwright_scraper.py:140} INFO - Scraping match shots: https://understat.com/match/29037
[2026-03-09T16:53:22.617+0000] {epl_timed_scraper.py:132} ERROR - Error scraping West Ham vs Manchester United: Timeout loading https://understat.com/match/29037: Timeout 60000ms exceeded.
[2026-03-09T16:53:22.617+0000] {epl_timed_scraper.py:110} INFO - Scraping: Everton vs Manchester United on 2026-02-23
[2026-03-09T16:53:22.617+0000] {playwright_scraper.py:140} INFO - Scraping match shots: https://understat.com/match/29042
[2026-03-09T16:54:22.946+0000] {epl_timed_scraper.py:132} ERROR - Error scraping Everton vs Manchester United: Timeout loading https://understat.com/match/29042: Timeout 60000ms exceeded.
[2026-03-09T16:54:22.946+0000] {epl_timed_scraper.py:110} INFO - Scraping: Manchester United vs Crystal Palace on 2026-03-01
[2026-03-09T16:54:22.946+0000] {playwright_scraper.py:140} INFO - Scraping match shots: https://understat.com/match/29055
[2026-03-09T16:55:23.254+0000] {epl_timed_scraper.py:132} ERROR - Error scraping Manchester United vs Crystal Palace: Timeout loading https://understat.com/match/29055: Timeout 60000ms exceeded.
[2026-03-09T16:55:23.254+0000] {epl_timed_scraper.py:110} INFO - Scraping: Newcastle United vs Manchester United on 2026-03-04
[2026-03-09T16:55:23.254+0000] {playwright_scraper.py:140} INFO - Scraping match shots: https://understat.com/match/29065
[2026-03-09T16:56:23.566+0000] {epl_timed_scraper.py:132} ERROR - Error scraping Newcastle United vs Manchester United: Timeout loading https://understat.com/match/29065: Timeout 60000ms exceeded.
[2026-03-09T16:56:23.567+0000] {epl_timed_scraper.py:135} INFO - Completed: 5 matches scraped, 10 errors
[2026-03-09T16:56:23.567+0000] {python.py:201} INFO - Done. Returned value was: {'scraped': 5, 'errors': 10}
[2026-03-09T16:56:23.629+0000] {taskinstance.py:1138} INFO - Marking task as SUCCESS. dag_id=epl_timed_match_scraper, task_id=scrape_matches, execution_date=20260308T223000, start_date=20260309T164521, end_date=20260309T165623
[2026-03-09T16:56:23.666+0000] {local_task_job_runner.py:234} INFO - Task exited with return code 0
[2026-03-09T16:56:23.683+0000] {taskinstance.py:3280} INFO - 0 downstream tasks scheduled from follow-on schedule check
